/home/dev/ORobotics/localization_ws/install/bag_recorder/lib/python3.10/site-packages/bag_recorder/__init__.py
/home/dev/ORobotics/localization_ws/install/bag_recorder/lib/python3.10/site-packages/bag_recorder/bag_recorder.py
/home/dev/ORobotics/localization_ws/install/bag_recorder/lib/python3.10/site-packages/bag_recorder/bag_recorder_node.py
/home/dev/ORobotics/localization_ws/install/bag_recorder/lib/python3.10/site-packages/bag_recorder/__pycache__/__init__.cpython-310.pyc
/home/dev/ORobotics/localization_ws/install/bag_recorder/lib/python3.10/site-packages/bag_recorder/__pycache__/bag_recorder.cpython-310.pyc
/home/dev/ORobotics/localization_ws/install/bag_recorder/lib/python3.10/site-packages/bag_recorder/__pycache__/bag_recorder_node.cpython-310.pyc
/home/dev/ORobotics/localization_ws/install/bag_recorder/share/ament_index/resource_index/packages/bag_recorder
/home/dev/ORobotics/localization_ws/install/bag_recorder/share/bag_recorder/package.xml
/home/dev/ORobotics/localization_ws/install/bag_recorder/share/bag_recorder/launch/bag_record.launch.py
/home/dev/ORobotics/localization_ws/install/bag_recorder/share/bag_recorder/launch/bag_record_yaml.launch.py
/home/dev/ORobotics/localization_ws/install/bag_recorder/share/bag_recorder/config/bag_config.yaml
/home/dev/ORobotics/localization_ws/install/bag_recorder/share/bag_recorder/config/compressed_config.yaml
/home/dev/ORobotics/localization_ws/install/bag_recorder/share/bag_recorder/config/extended_sensors_config.yaml
/home/dev/ORobotics/localization_ws/install/bag_recorder/lib/bag_recorder/bag_recorder_node.py
/home/dev/ORobotics/localization_ws/install/bag_recorder/lib/python3.10/site-packages/bag_recorder-0.0.0-py3.10.egg-info/PKG-INFO
/home/dev/ORobotics/localization_ws/install/bag_recorder/lib/python3.10/site-packages/bag_recorder-0.0.0-py3.10.egg-info/top_level.txt
/home/dev/ORobotics/localization_ws/install/bag_recorder/lib/python3.10/site-packages/bag_recorder-0.0.0-py3.10.egg-info/SOURCES.txt
/home/dev/ORobotics/localization_ws/install/bag_recorder/lib/python3.10/site-packages/bag_recorder-0.0.0-py3.10.egg-info/entry_points.txt
/home/dev/ORobotics/localization_ws/install/bag_recorder/lib/python3.10/site-packages/bag_recorder-0.0.0-py3.10.egg-info/requires.txt
/home/dev/ORobotics/localization_ws/install/bag_recorder/lib/python3.10/site-packages/bag_recorder-0.0.0-py3.10.egg-info/dependency_links.txt
/home/dev/ORobotics/localization_ws/install/bag_recorder/lib/python3.10/site-packages/bag_recorder-0.0.0-py3.10.egg-info/zip-safe
/home/dev/ORobotics/localization_ws/install/bag_recorder/lib/gnss_imu_bag_recorder/bag_recorder
