[0.146s] Invoking command in '/home/dev/ORobotics/localization_ws/build/rtcm_msgs': CMAKE_PREFIX_PATH=/home/dev/ORobotics/localization_ws/install/bag_recorder:/opt/ros/humble /usr/bin/cmake /home/dev/ORobotics/localization_ws/src/rtcm_msgs -DCMAKE_INSTALL_PREFIX=/home/dev/ORobotics/localization_ws/install/rtcm_msgs
[1.127s] -- The C compiler identification is GNU 11.4.0
[1.977s] -- The CXX compiler identification is GNU 11.4.0
[2.095s] -- Detecting C compiler ABI info
[2.887s] -- Detecting C compiler ABI info - done
[2.983s] -- Check for working C compiler: /usr/bin/cc - skipped
[2.984s] -- Detecting C compile features
[2.988s] -- Detecting C compile features - done
[3.033s] -- Detecting CXX compiler ABI info
[4.196s] -- Detecting CXX compiler ABI info - done
[4.298s] -- Check for working CXX compiler: /usr/bin/c++ - skipped
[4.302s] -- Detecting CXX compile features
[4.305s] -- Detecting CXX compile features - done
[4.345s] -- Found ros_environment: 3.2.2 (/opt/ros/humble/share/ros_environment/cmake)
[4.368s] -- Found std_msgs: 4.8.0 (/opt/ros/humble/share/std_msgs/cmake)
[6.270s] -- Found Python3: /usr/bin/python3 (found version "3.10.12") found components: Interpreter 
[8.055s] -- Found rosidl_generator_c: 3.1.6 (/opt/ros/humble/share/rosidl_generator_c/cmake)
[8.141s] -- Found rosidl_adapter: 3.1.6 (/opt/ros/humble/share/rosidl_adapter/cmake)
[8.302s] -- Found rosidl_generator_cpp: 3.1.6 (/opt/ros/humble/share/rosidl_generator_cpp/cmake)
[8.538s] -- Using all available rosidl_typesupport_c: rosidl_typesupport_fastrtps_c;rosidl_typesupport_introspection_c
[8.882s] -- Using all available rosidl_typesupport_cpp: rosidl_typesupport_fastrtps_cpp;rosidl_typesupport_introspection_cpp
[9.345s] -- Found rosidl_default_generators: 1.2.0 (/opt/ros/humble/share/rosidl_default_generators/cmake)
[15.286s] -- Found ament_cmake_cppcheck: 0.12.12 (/opt/ros/humble/share/ament_cmake_cppcheck/cmake)
[15.370s] -- Found ament_cmake_cpplint: 0.12.12 (/opt/ros/humble/share/ament_cmake_cpplint/cmake)
[15.453s] -- Found ament_cmake_uncrustify: 0.12.12 (/opt/ros/humble/share/ament_cmake_uncrustify/cmake)
[15.561s] -- Found ament_cmake_ros: 0.10.0 (/opt/ros/humble/share/ament_cmake_ros/cmake)
[21.655s] -- Using all available rosidl_typesupport_c: rosidl_typesupport_fastrtps_c;rosidl_typesupport_introspection_c
[23.556s] -- Using all available rosidl_typesupport_cpp: rosidl_typesupport_fastrtps_cpp;rosidl_typesupport_introspection_cpp
[23.861s] -- Found PythonInterp: /usr/bin/python3 (found suitable version "3.10.12", minimum required is "3.6") 
[23.898s] -- Found python_cmake_module: 0.10.0 (/opt/ros/humble/share/python_cmake_module/cmake)
[24.161s] -- Found PythonLibs: /usr/lib/aarch64-linux-gnu/libpython3.10.so (found suitable version "3.10.12", minimum required is "3.5") 
[24.163s] -- Using PYTHON_EXECUTABLE: /usr/bin/python3
[24.164s] -- Using PYTHON_INCLUDE_DIRS: /usr/include/python3.10
[24.165s] -- Using PYTHON_LIBRARIES: /usr/lib/aarch64-linux-gnu/libpython3.10.so
[24.505s] -- Found PythonExtra: .so  
[25.353s] -- Found ament_cmake_flake8: 0.12.12 (/opt/ros/humble/share/ament_cmake_flake8/cmake)
[25.410s] -- Found ament_cmake_pep257: 0.12.12 (/opt/ros/humble/share/ament_cmake_pep257/cmake)
[25.712s] -- Configuring done
[27.358s] -- Generating done
[27.643s] -- Build files have been written to: /home/dev/ORobotics/localization_ws/build/rtcm_msgs
[27.768s] Invoked command in '/home/dev/ORobotics/localization_ws/build/rtcm_msgs' returned '0': CMAKE_PREFIX_PATH=/home/dev/ORobotics/localization_ws/install/bag_recorder:/opt/ros/humble /usr/bin/cmake /home/dev/ORobotics/localization_ws/src/rtcm_msgs -DCMAKE_INSTALL_PREFIX=/home/dev/ORobotics/localization_ws/install/rtcm_msgs
[27.776s] Invoking command in '/home/dev/ORobotics/localization_ws/build/rtcm_msgs': CMAKE_PREFIX_PATH=/home/dev/ORobotics/localization_ws/install/bag_recorder:/opt/ros/humble /usr/bin/cmake --build /home/dev/ORobotics/localization_ws/build/rtcm_msgs -- -j4 -l4
[28.862s] [  3%] [34m[1mGenerating C++ code for ROS interfaces[0m
[33.941s] [  3%] Built target rtcm_msgs__cpp
[34.465s] [  3%] Built target ament_cmake_python_copy_rtcm_msgs
[34.653s] [  6%] [34m[1mGenerating C++ type support for eProsima Fast-RTPS[0m
[39.654s] [  9%] [32mBuilding CXX object CMakeFiles/rtcm_msgs__rosidl_typesupport_fastrtps_cpp.dir/rosidl_typesupport_fastrtps_cpp/rtcm_msgs/msg/detail/dds_fastrtps/message__type_support.cpp.o[0m
[49.968s] [ 12%] [32m[1mLinking CXX shared library librtcm_msgs__rosidl_typesupport_fastrtps_cpp.so[0m
[51.559s] [ 12%] Built target rtcm_msgs__rosidl_typesupport_fastrtps_cpp
[51.758s] [ 16%] [34m[1mGenerating C++ introspection for ROS interfaces[0m
[57.220s] [ 19%] [32mBuilding CXX object CMakeFiles/rtcm_msgs__rosidl_typesupport_introspection_cpp.dir/rosidl_typesupport_introspection_cpp/rtcm_msgs/msg/detail/message__type_support.cpp.o[0m
[69.252s] [ 22%] [32m[1mLinking CXX shared library librtcm_msgs__rosidl_typesupport_introspection_cpp.so[0m
[71.078s] [ 22%] Built target rtcm_msgs__rosidl_typesupport_introspection_cpp
[77.845s] running egg_info
[77.878s] creating rtcm_msgs.egg-info
[77.884s] writing rtcm_msgs.egg-info/PKG-INFO
[77.894s] writing dependency_links to rtcm_msgs.egg-info/dependency_links.txt
[77.903s] writing top-level names to rtcm_msgs.egg-info/top_level.txt
[77.910s] writing manifest file 'rtcm_msgs.egg-info/SOURCES.txt'
[77.931s] reading manifest file 'rtcm_msgs.egg-info/SOURCES.txt'
[77.941s] writing manifest file 'rtcm_msgs.egg-info/SOURCES.txt'
[78.691s] [ 22%] Built target ament_cmake_python_build_rtcm_msgs_egg
[79.055s] [ 25%] [34m[1mGenerating C++ type support dispatch for ROS interfaces[0m
[85.966s] [ 29%] [32mBuilding CXX object CMakeFiles/rtcm_msgs__rosidl_typesupport_cpp.dir/rosidl_typesupport_cpp/rtcm_msgs/msg/message__type_support.cpp.o[0m
[95.676s] [ 32%] [32m[1mLinking CXX shared library librtcm_msgs__rosidl_typesupport_cpp.so[0m
[96.523s] [ 32%] Built target rtcm_msgs__rosidl_typesupport_cpp
[96.756s] [ 35%] [34m[1mGenerating C code for ROS interfaces[0m
[106.268s] [ 38%] [32mBuilding C object CMakeFiles/rtcm_msgs__rosidl_generator_c.dir/rosidl_generator_c/rtcm_msgs/msg/detail/message__functions.c.o[0m
[107.991s] [ 41%] [32m[1mLinking C shared library librtcm_msgs__rosidl_generator_c.so[0m
[108.688s] [ 41%] Built target rtcm_msgs__rosidl_generator_c
[109.004s] [ 45%] [34m[1mGenerating C type support for eProsima Fast-RTPS[0m
[116.829s] [ 48%] [32mBuilding CXX object CMakeFiles/rtcm_msgs__rosidl_typesupport_fastrtps_c.dir/rosidl_typesupport_fastrtps_c/rtcm_msgs/msg/detail/message__type_support_c.cpp.o[0m
[128.501s] [ 51%] [32m[1mLinking CXX shared library librtcm_msgs__rosidl_typesupport_fastrtps_c.so[0m
[130.530s] [ 51%] Built target rtcm_msgs__rosidl_typesupport_fastrtps_c
[130.874s] [ 54%] [34m[1mGenerating C type support dispatch for ROS interfaces[0m
[139.217s] [ 58%] [32mBuilding CXX object CMakeFiles/rtcm_msgs__rosidl_typesupport_c.dir/rosidl_typesupport_c/rtcm_msgs/msg/message__type_support.cpp.o[0m
[140.162s] [ 61%] [32m[1mLinking CXX shared library librtcm_msgs__rosidl_typesupport_c.so[0m
[140.944s] [ 61%] Built target rtcm_msgs__rosidl_typesupport_c
[141.083s] [ 64%] [34m[1mGenerating C introspection for ROS interfaces[0m
[148.688s] [ 67%] [32mBuilding C object CMakeFiles/rtcm_msgs__rosidl_typesupport_introspection_c.dir/rosidl_typesupport_introspection_c/rtcm_msgs/msg/detail/message__type_support.c.o[0m
[149.910s] [ 70%] [32m[1mLinking C shared library librtcm_msgs__rosidl_typesupport_introspection_c.so[0m
[150.761s] [ 70%] Built target rtcm_msgs__rosidl_typesupport_introspection_c
[151.156s] [ 70%] Built target rtcm_msgs
[151.539s] [ 74%] [34m[1mGenerating Python code for ROS interfaces[0m
[161.479s] [ 74%] Built target rtcm_msgs__py
[162.077s] [ 77%] [32mBuilding C object CMakeFiles/rtcm_msgs__rosidl_generator_py.dir/rosidl_generator_py/rtcm_msgs/msg/_message_s.c.o[0m
[164.990s] [ 80%] [32m[1mLinking C shared library rosidl_generator_py/rtcm_msgs/librtcm_msgs__rosidl_generator_py.so[0m
[165.710s] [ 80%] Built target rtcm_msgs__rosidl_generator_py
[166.371s] [ 83%] [32mBuilding C object CMakeFiles/rtcm_msgs__rosidl_typesupport_fastrtps_c__pyext.dir/rosidl_generator_py/rtcm_msgs/_rtcm_msgs_s.ep.rosidl_typesupport_fastrtps_c.c.o[0m
[168.207s] [ 87%] [32m[1mLinking C shared library rosidl_generator_py/rtcm_msgs/rtcm_msgs_s__rosidl_typesupport_fastrtps_c.cpython-310-aarch64-linux-gnu.so[0m
[169.183s] [ 87%] Built target rtcm_msgs__rosidl_typesupport_fastrtps_c__pyext
[169.440s] [ 90%] [32mBuilding C object CMakeFiles/rtcm_msgs__rosidl_typesupport_c__pyext.dir/rosidl_generator_py/rtcm_msgs/_rtcm_msgs_s.ep.rosidl_typesupport_c.c.o[0m
[171.125s] [ 93%] [32m[1mLinking C shared library rosidl_generator_py/rtcm_msgs/rtcm_msgs_s__rosidl_typesupport_c.cpython-310-aarch64-linux-gnu.so[0m
[171.765s] [ 93%] Built target rtcm_msgs__rosidl_typesupport_c__pyext
[171.910s] [ 96%] [32mBuilding C object CMakeFiles/rtcm_msgs__rosidl_typesupport_introspection_c__pyext.dir/rosidl_generator_py/rtcm_msgs/_rtcm_msgs_s.ep.rosidl_typesupport_introspection_c.c.o[0m
[174.714s] [100%] [32m[1mLinking C shared library rosidl_generator_py/rtcm_msgs/rtcm_msgs_s__rosidl_typesupport_introspection_c.cpython-310-aarch64-linux-gnu.so[0m
[175.417s] [100%] Built target rtcm_msgs__rosidl_typesupport_introspection_c__pyext
