[3.991s] Invoking command in '/home/dev/ORobotics/localization_ws/src/bag_recorder': PYTHONPATH=/home/dev/ORobotics/localization_ws/build/bag_recorder/prefix_override:/usr/lib/python3/dist-packages/colcon_core/task/python/colcon_distutils_commands:/home/dev/ORobotics/localization_ws/install/bag_recorder/lib/python3.10/site-packages:${PYTHONPATH} /usr/bin/python3 -W ignore:setup.py install is deprecated -W ignore:easy_install command is deprecated setup.py egg_info --egg-base ../../build/bag_recorder build --build-base /home/dev/ORobotics/localization_ws/build/bag_recorder/build install --record /home/dev/ORobotics/localization_ws/build/bag_recorder/install.log --single-version-externally-managed install_data
[5.473s] running egg_info
[5.476s] writing ../../build/bag_recorder/bag_recorder.egg-info/PKG-INFO
[5.477s] writing dependency_links to ../../build/bag_recorder/bag_recorder.egg-info/dependency_links.txt
[5.479s] writing entry points to ../../build/bag_recorder/bag_recorder.egg-info/entry_points.txt
[5.480s] writing requirements to ../../build/bag_recorder/bag_recorder.egg-info/requires.txt
[5.481s] writing top-level names to ../../build/bag_recorder/bag_recorder.egg-info/top_level.txt
[5.491s] reading manifest file '../../build/bag_recorder/bag_recorder.egg-info/SOURCES.txt'
[5.496s] writing manifest file '../../build/bag_recorder/bag_recorder.egg-info/SOURCES.txt'
[5.496s] running build
[5.497s] running build_py
[5.498s] copying bag_recorder/bag_recorder.py -> /home/dev/ORobotics/localization_ws/build/bag_recorder/build/lib/bag_recorder
[5.500s] running install
[5.502s] running install_lib
[5.505s] copying /home/dev/ORobotics/localization_ws/build/bag_recorder/build/lib/bag_recorder/bag_recorder.py -> /home/dev/ORobotics/localization_ws/install/bag_recorder/lib/python3.10/site-packages/bag_recorder
[5.509s] byte-compiling /home/dev/ORobotics/localization_ws/install/bag_recorder/lib/python3.10/site-packages/bag_recorder/bag_recorder.py to bag_recorder.cpython-310.pyc
[5.515s] running install_data
[5.516s] copying launch/bag_record.launch.py -> /home/dev/ORobotics/localization_ws/install/bag_recorder/share/bag_recorder/launch
[5.519s] copying launch/bag_record_yaml.launch.py -> /home/dev/ORobotics/localization_ws/install/bag_recorder/share/bag_recorder/launch
[5.519s] creating /home/dev/ORobotics/localization_ws/install/bag_recorder/share/bag_recorder/config
[5.520s] copying config/bag_config.yaml -> /home/dev/ORobotics/localization_ws/install/bag_recorder/share/bag_recorder/config
[5.521s] copying config/compressed_config.yaml -> /home/dev/ORobotics/localization_ws/install/bag_recorder/share/bag_recorder/config
[5.522s] copying config/extended_sensors_config.yaml -> /home/dev/ORobotics/localization_ws/install/bag_recorder/share/bag_recorder/config
[5.523s] running install_egg_info
[5.532s] removing '/home/dev/ORobotics/localization_ws/install/bag_recorder/lib/python3.10/site-packages/bag_recorder-0.0.0-py3.10.egg-info' (and everything under it)
[5.534s] Copying ../../build/bag_recorder/bag_recorder.egg-info to /home/dev/ORobotics/localization_ws/install/bag_recorder/lib/python3.10/site-packages/bag_recorder-0.0.0-py3.10.egg-info
[5.548s] running install_scripts
[5.636s] Installing bag_recorder script to /home/dev/ORobotics/localization_ws/install/bag_recorder/lib/gnss_imu_bag_recorder
[5.638s] writing list of installed files to '/home/dev/ORobotics/localization_ws/build/bag_recorder/install.log'
[5.779s] Invoked command in '/home/dev/ORobotics/localization_ws/src/bag_recorder' returned '0': PYTHONPATH=/home/dev/ORobotics/localization_ws/build/bag_recorder/prefix_override:/usr/lib/python3/dist-packages/colcon_core/task/python/colcon_distutils_commands:/home/dev/ORobotics/localization_ws/install/bag_recorder/lib/python3.10/site-packages:${PYTHONPATH} /usr/bin/python3 -W ignore:setup.py install is deprecated -W ignore:easy_install command is deprecated setup.py egg_info --egg-base ../../build/bag_recorder build --build-base /home/dev/ORobotics/localization_ws/build/bag_recorder/build install --record /home/dev/ORobotics/localization_ws/build/bag_recorder/install.log --single-version-externally-managed install_data
