running egg_info
creating ../../build/gnss_imu_robot_localization/gnss_imu_robot_localization.egg-info
writing ../../build/gnss_imu_robot_localization/gnss_imu_robot_localization.egg-info/PKG-INFO
writing dependency_links to ../../build/gnss_imu_robot_localization/gnss_imu_robot_localization.egg-info/dependency_links.txt
writing requirements to ../../build/gnss_imu_robot_localization/gnss_imu_robot_localization.egg-info/requires.txt
writing top-level names to ../../build/gnss_imu_robot_localization/gnss_imu_robot_localization.egg-info/top_level.txt
writing manifest file '../../build/gnss_imu_robot_localization/gnss_imu_robot_localization.egg-info/SOURCES.txt'
reading manifest file '../../build/gnss_imu_robot_localization/gnss_imu_robot_localization.egg-info/SOURCES.txt'
adding license file 'LICENSE'
writing manifest file '../../build/gnss_imu_robot_localization/gnss_imu_robot_localization.egg-info/SOURCES.txt'
running build
running build_py
creating /home/dev/ORobotics/localization_ws/build/gnss_imu_robot_localization/build
creating /home/dev/ORobotics/localization_ws/build/gnss_imu_robot_localization/build/lib
creating /home/dev/ORobotics/localization_ws/build/gnss_imu_robot_localization/build/lib/gnss_imu_robot_localization
copying gnss_imu_robot_localization/__init__.py -> /home/dev/ORobotics/localization_ws/build/gnss_imu_robot_localization/build/lib/gnss_imu_robot_localization
running install
running install_lib
creating /home/dev/ORobotics/localization_ws/install/gnss_imu_robot_localization/lib/python3.10/site-packages/gnss_imu_robot_localization
copying /home/dev/ORobotics/localization_ws/build/gnss_imu_robot_localization/build/lib/gnss_imu_robot_localization/__init__.py -> /home/dev/ORobotics/localization_ws/install/gnss_imu_robot_localization/lib/python3.10/site-packages/gnss_imu_robot_localization
byte-compiling /home/dev/ORobotics/localization_ws/install/gnss_imu_robot_localization/lib/python3.10/site-packages/gnss_imu_robot_localization/__init__.py to __init__.cpython-310.pyc
running install_data
creating /home/dev/ORobotics/localization_ws/install/gnss_imu_robot_localization/share/ament_index
creating /home/dev/ORobotics/localization_ws/install/gnss_imu_robot_localization/share/ament_index/resource_index
creating /home/dev/ORobotics/localization_ws/install/gnss_imu_robot_localization/share/ament_index/resource_index/packages
copying resource/gnss_imu_robot_localization -> /home/dev/ORobotics/localization_ws/install/gnss_imu_robot_localization/share/ament_index/resource_index/packages
copying package.xml -> /home/dev/ORobotics/localization_ws/install/gnss_imu_robot_localization/share/gnss_imu_robot_localization
creating /home/dev/ORobotics/localization_ws/install/gnss_imu_robot_localization/share/gnss_imu_robot_localization/launch
copying launch/ekf_odm.launch.py -> /home/dev/ORobotics/localization_ws/install/gnss_imu_robot_localization/share/gnss_imu_robot_localization/launch
copying launch/ekf_map.launch.py -> /home/dev/ORobotics/localization_ws/install/gnss_imu_robot_localization/share/gnss_imu_robot_localization/launch
copying launch/navsat_transform.launch.py -> /home/dev/ORobotics/localization_ws/install/gnss_imu_robot_localization/share/gnss_imu_robot_localization/launch
copying launch/bringup.launch.py -> /home/dev/ORobotics/localization_ws/install/gnss_imu_robot_localization/share/gnss_imu_robot_localization/launch
copying launch/combo_bringup.launch.py -> /home/dev/ORobotics/localization_ws/install/gnss_imu_robot_localization/share/gnss_imu_robot_localization/launch
creating /home/dev/ORobotics/localization_ws/install/gnss_imu_robot_localization/share/gnss_imu_robot_localization/config
copying config/ekf_odm.yaml -> /home/dev/ORobotics/localization_ws/install/gnss_imu_robot_localization/share/gnss_imu_robot_localization/config
copying config/ekf_map.yaml -> /home/dev/ORobotics/localization_ws/install/gnss_imu_robot_localization/share/gnss_imu_robot_localization/config
copying config/navsat_transform.yaml -> /home/dev/ORobotics/localization_ws/install/gnss_imu_robot_localization/share/gnss_imu_robot_localization/config
running install_egg_info
Copying ../../build/gnss_imu_robot_localization/gnss_imu_robot_localization.egg-info to /home/dev/ORobotics/localization_ws/install/gnss_imu_robot_localization/lib/python3.10/site-packages/gnss_imu_robot_localization-0.0.1-py3.10.egg-info
running install_scripts
writing list of installed files to '/home/dev/ORobotics/localization_ws/build/gnss_imu_robot_localization/install.log'
