[21.810s] Invoking command in '/home/dev/ORobotics/localization_ws/src/navigation2_tutorials/nav2_gps_waypoint_follower_demo': PYTHONPATH=/home/dev/ORobotics/localization_ws/build/nav2_gps_waypoint_follower_demo/prefix_override:/usr/lib/python3/dist-packages/colcon_core/task/python/colcon_distutils_commands:/home/dev/ORobotics/localization_ws/install/nav2_gps_waypoint_follower_demo/lib/python3.10/site-packages:${PYTHONPATH} /usr/bin/python3 -W ignore:setup.py install is deprecated -W ignore:easy_install command is deprecated setup.py egg_info --egg-base ../../../build/nav2_gps_waypoint_follower_demo build --build-base /home/dev/ORobotics/localization_ws/build/nav2_gps_waypoint_follower_demo/build install --record /home/dev/ORobotics/localization_ws/build/nav2_gps_waypoint_follower_demo/install.log --single-version-externally-managed install_data
[32.380s] running egg_info
[32.391s] creating ../../../build/nav2_gps_waypoint_follower_demo/nav2_gps_waypoint_follower_demo.egg-info
[32.403s] writing ../../../build/nav2_gps_waypoint_follower_demo/nav2_gps_waypoint_follower_demo.egg-info/PKG-INFO
[32.441s] writing dependency_links to ../../../build/nav2_gps_waypoint_follower_demo/nav2_gps_waypoint_follower_demo.egg-info/dependency_links.txt
[32.442s] writing entry points to ../../../build/nav2_gps_waypoint_follower_demo/nav2_gps_waypoint_follower_demo.egg-info/entry_points.txt
[32.448s] writing requirements to ../../../build/nav2_gps_waypoint_follower_demo/nav2_gps_waypoint_follower_demo.egg-info/requires.txt
[32.451s] writing top-level names to ../../../build/nav2_gps_waypoint_follower_demo/nav2_gps_waypoint_follower_demo.egg-info/top_level.txt
[32.459s] writing manifest file '../../../build/nav2_gps_waypoint_follower_demo/nav2_gps_waypoint_follower_demo.egg-info/SOURCES.txt'
[32.498s] reading manifest file '../../../build/nav2_gps_waypoint_follower_demo/nav2_gps_waypoint_follower_demo.egg-info/SOURCES.txt'
[32.518s] writing manifest file '../../../build/nav2_gps_waypoint_follower_demo/nav2_gps_waypoint_follower_demo.egg-info/SOURCES.txt'
[32.536s] running build
[32.544s] running build_py
[32.590s] creating /home/dev/ORobotics/localization_ws/build/nav2_gps_waypoint_follower_demo/build
[32.620s] creating /home/dev/ORobotics/localization_ws/build/nav2_gps_waypoint_follower_demo/build/lib
[32.649s] creating /home/dev/ORobotics/localization_ws/build/nav2_gps_waypoint_follower_demo/build/lib/nav2_gps_waypoint_follower_demo
[32.650s] copying nav2_gps_waypoint_follower_demo/__init__.py -> /home/dev/ORobotics/localization_ws/build/nav2_gps_waypoint_follower_demo/build/lib/nav2_gps_waypoint_follower_demo
[32.650s] copying nav2_gps_waypoint_follower_demo/logged_waypoint_follower.py -> /home/dev/ORobotics/localization_ws/build/nav2_gps_waypoint_follower_demo/build/lib/nav2_gps_waypoint_follower_demo
[32.651s] copying nav2_gps_waypoint_follower_demo/gps_waypoint_logger.py -> /home/dev/ORobotics/localization_ws/build/nav2_gps_waypoint_follower_demo/build/lib/nav2_gps_waypoint_follower_demo
[32.652s] copying nav2_gps_waypoint_follower_demo/interactive_waypoint_follower.py -> /home/dev/ORobotics/localization_ws/build/nav2_gps_waypoint_follower_demo/build/lib/nav2_gps_waypoint_follower_demo
[32.653s] creating /home/dev/ORobotics/localization_ws/build/nav2_gps_waypoint_follower_demo/build/lib/nav2_gps_waypoint_follower_demo/utils
[32.653s] copying nav2_gps_waypoint_follower_demo/utils/__init__.py -> /home/dev/ORobotics/localization_ws/build/nav2_gps_waypoint_follower_demo/build/lib/nav2_gps_waypoint_follower_demo/utils
[32.654s] copying nav2_gps_waypoint_follower_demo/utils/gps_utils.py -> /home/dev/ORobotics/localization_ws/build/nav2_gps_waypoint_follower_demo/build/lib/nav2_gps_waypoint_follower_demo/utils
[32.655s] running install
[32.684s] running install_lib
[32.684s] creating /home/dev/ORobotics/localization_ws/install/nav2_gps_waypoint_follower_demo/lib/python3.10/site-packages/nav2_gps_waypoint_follower_demo
[32.685s] copying /home/dev/ORobotics/localization_ws/build/nav2_gps_waypoint_follower_demo/build/lib/nav2_gps_waypoint_follower_demo/__init__.py -> /home/dev/ORobotics/localization_ws/install/nav2_gps_waypoint_follower_demo/lib/python3.10/site-packages/nav2_gps_waypoint_follower_demo
[32.686s] copying /home/dev/ORobotics/localization_ws/build/nav2_gps_waypoint_follower_demo/build/lib/nav2_gps_waypoint_follower_demo/logged_waypoint_follower.py -> /home/dev/ORobotics/localization_ws/install/nav2_gps_waypoint_follower_demo/lib/python3.10/site-packages/nav2_gps_waypoint_follower_demo
[32.687s] copying /home/dev/ORobotics/localization_ws/build/nav2_gps_waypoint_follower_demo/build/lib/nav2_gps_waypoint_follower_demo/gps_waypoint_logger.py -> /home/dev/ORobotics/localization_ws/install/nav2_gps_waypoint_follower_demo/lib/python3.10/site-packages/nav2_gps_waypoint_follower_demo
[32.704s] creating /home/dev/ORobotics/localization_ws/install/nav2_gps_waypoint_follower_demo/lib/python3.10/site-packages/nav2_gps_waypoint_follower_demo/utils
[32.705s] copying /home/dev/ORobotics/localization_ws/build/nav2_gps_waypoint_follower_demo/build/lib/nav2_gps_waypoint_follower_demo/utils/__init__.py -> /home/dev/ORobotics/localization_ws/install/nav2_gps_waypoint_follower_demo/lib/python3.10/site-packages/nav2_gps_waypoint_follower_demo/utils
[32.705s] copying /home/dev/ORobotics/localization_ws/build/nav2_gps_waypoint_follower_demo/build/lib/nav2_gps_waypoint_follower_demo/utils/gps_utils.py -> /home/dev/ORobotics/localization_ws/install/nav2_gps_waypoint_follower_demo/lib/python3.10/site-packages/nav2_gps_waypoint_follower_demo/utils
[32.706s] copying /home/dev/ORobotics/localization_ws/build/nav2_gps_waypoint_follower_demo/build/lib/nav2_gps_waypoint_follower_demo/interactive_waypoint_follower.py -> /home/dev/ORobotics/localization_ws/install/nav2_gps_waypoint_follower_demo/lib/python3.10/site-packages/nav2_gps_waypoint_follower_demo
[32.707s] byte-compiling /home/dev/ORobotics/localization_ws/install/nav2_gps_waypoint_follower_demo/lib/python3.10/site-packages/nav2_gps_waypoint_follower_demo/__init__.py to __init__.cpython-310.pyc
[32.728s] byte-compiling /home/dev/ORobotics/localization_ws/install/nav2_gps_waypoint_follower_demo/lib/python3.10/site-packages/nav2_gps_waypoint_follower_demo/logged_waypoint_follower.py to logged_waypoint_follower.cpython-310.pyc
[32.729s] byte-compiling /home/dev/ORobotics/localization_ws/install/nav2_gps_waypoint_follower_demo/lib/python3.10/site-packages/nav2_gps_waypoint_follower_demo/gps_waypoint_logger.py to gps_waypoint_logger.cpython-310.pyc
[32.730s] byte-compiling /home/dev/ORobotics/localization_ws/install/nav2_gps_waypoint_follower_demo/lib/python3.10/site-packages/nav2_gps_waypoint_follower_demo/utils/__init__.py to __init__.cpython-310.pyc
[32.731s] byte-compiling /home/dev/ORobotics/localization_ws/install/nav2_gps_waypoint_follower_demo/lib/python3.10/site-packages/nav2_gps_waypoint_follower_demo/utils/gps_utils.py to gps_utils.cpython-310.pyc
[32.731s] byte-compiling /home/dev/ORobotics/localization_ws/install/nav2_gps_waypoint_follower_demo/lib/python3.10/site-packages/nav2_gps_waypoint_follower_demo/interactive_waypoint_follower.py to interactive_waypoint_follower.cpython-310.pyc
[32.732s] running install_data
[32.732s] creating /home/dev/ORobotics/localization_ws/install/nav2_gps_waypoint_follower_demo/share/ament_index
[32.733s] creating /home/dev/ORobotics/localization_ws/install/nav2_gps_waypoint_follower_demo/share/ament_index/resource_index
[32.733s] creating /home/dev/ORobotics/localization_ws/install/nav2_gps_waypoint_follower_demo/share/ament_index/resource_index/packages
[32.734s] copying resource/nav2_gps_waypoint_follower_demo -> /home/dev/ORobotics/localization_ws/install/nav2_gps_waypoint_follower_demo/share/ament_index/resource_index/packages
[32.735s] copying package.xml -> /home/dev/ORobotics/localization_ws/install/nav2_gps_waypoint_follower_demo/share/nav2_gps_waypoint_follower_demo
[32.761s] creating /home/dev/ORobotics/localization_ws/install/nav2_gps_waypoint_follower_demo/share/nav2_gps_waypoint_follower_demo/launch
[32.766s] copying launch/dual_ekf_navsat.launch.py -> /home/dev/ORobotics/localization_ws/install/nav2_gps_waypoint_follower_demo/share/nav2_gps_waypoint_follower_demo/launch
[32.772s] copying launch/gazebo_gps_world.launch.py -> /home/dev/ORobotics/localization_ws/install/nav2_gps_waypoint_follower_demo/share/nav2_gps_waypoint_follower_demo/launch
[32.774s] copying launch/mapviz.launch.py -> /home/dev/ORobotics/localization_ws/install/nav2_gps_waypoint_follower_demo/share/nav2_gps_waypoint_follower_demo/launch
[32.775s] copying launch/gps_waypoint_follower.launch.py -> /home/dev/ORobotics/localization_ws/install/nav2_gps_waypoint_follower_demo/share/nav2_gps_waypoint_follower_demo/launch
[32.780s] creating /home/dev/ORobotics/localization_ws/install/nav2_gps_waypoint_follower_demo/share/nav2_gps_waypoint_follower_demo/config
[32.781s] copying config/dual_ekf_navsat_params.yaml -> /home/dev/ORobotics/localization_ws/install/nav2_gps_waypoint_follower_demo/share/nav2_gps_waypoint_follower_demo/config
[32.814s] copying config/nav2_no_map_params.yaml -> /home/dev/ORobotics/localization_ws/install/nav2_gps_waypoint_follower_demo/share/nav2_gps_waypoint_follower_demo/config
[32.824s] copying config/demo_waypoints.yaml -> /home/dev/ORobotics/localization_ws/install/nav2_gps_waypoint_follower_demo/share/nav2_gps_waypoint_follower_demo/config
[32.845s] copying config/gps_wpf_demo.mvc -> /home/dev/ORobotics/localization_ws/install/nav2_gps_waypoint_follower_demo/share/nav2_gps_waypoint_follower_demo/config
[32.847s] creating /home/dev/ORobotics/localization_ws/install/nav2_gps_waypoint_follower_demo/share/nav2_gps_waypoint_follower_demo/urdf
[32.882s] copying urdf/turtlebot3_waffle_gps.urdf -> /home/dev/ORobotics/localization_ws/install/nav2_gps_waypoint_follower_demo/share/nav2_gps_waypoint_follower_demo/urdf
[32.897s] creating /home/dev/ORobotics/localization_ws/install/nav2_gps_waypoint_follower_demo/share/nav2_gps_waypoint_follower_demo/worlds
[32.905s] copying worlds/sonoma_raceway.world -> /home/dev/ORobotics/localization_ws/install/nav2_gps_waypoint_follower_demo/share/nav2_gps_waypoint_follower_demo/worlds
[32.906s] creating /home/dev/ORobotics/localization_ws/install/nav2_gps_waypoint_follower_demo/share/nav2_gps_waypoint_follower_demo/models
[32.921s] creating /home/dev/ORobotics/localization_ws/install/nav2_gps_waypoint_follower_demo/share/nav2_gps_waypoint_follower_demo/models/turtlebot_waffle_gps
[32.922s] copying models/turtlebot_waffle_gps/model.sdf -> /home/dev/ORobotics/localization_ws/install/nav2_gps_waypoint_follower_demo/share/nav2_gps_waypoint_follower_demo/models/turtlebot_waffle_gps
[32.923s] copying models/turtlebot_waffle_gps/model.config -> /home/dev/ORobotics/localization_ws/install/nav2_gps_waypoint_follower_demo/share/nav2_gps_waypoint_follower_demo/models/turtlebot_waffle_gps
[33.012s] running install_egg_info
[33.120s] Copying ../../../build/nav2_gps_waypoint_follower_demo/nav2_gps_waypoint_follower_demo.egg-info to /home/dev/ORobotics/localization_ws/install/nav2_gps_waypoint_follower_demo/lib/python3.10/site-packages/nav2_gps_waypoint_follower_demo-0.0.1-py3.10.egg-info
[33.188s] running install_scripts
[34.271s] Installing gps_waypoint_logger script to /home/dev/ORobotics/localization_ws/install/nav2_gps_waypoint_follower_demo/lib/nav2_gps_waypoint_follower_demo
[34.285s] Installing interactive_waypoint_follower script to /home/dev/ORobotics/localization_ws/install/nav2_gps_waypoint_follower_demo/lib/nav2_gps_waypoint_follower_demo
[34.293s] Installing logged_waypoint_follower script to /home/dev/ORobotics/localization_ws/install/nav2_gps_waypoint_follower_demo/lib/nav2_gps_waypoint_follower_demo
[34.327s] writing list of installed files to '/home/dev/ORobotics/localization_ws/build/nav2_gps_waypoint_follower_demo/install.log'
[35.352s] Invoked command in '/home/dev/ORobotics/localization_ws/src/navigation2_tutorials/nav2_gps_waypoint_follower_demo' returned '0': PYTHONPATH=/home/dev/ORobotics/localization_ws/build/nav2_gps_waypoint_follower_demo/prefix_override:/usr/lib/python3/dist-packages/colcon_core/task/python/colcon_distutils_commands:/home/dev/ORobotics/localization_ws/install/nav2_gps_waypoint_follower_demo/lib/python3.10/site-packages:${PYTHONPATH} /usr/bin/python3 -W ignore:setup.py install is deprecated -W ignore:easy_install command is deprecated setup.py egg_info --egg-base ../../../build/nav2_gps_waypoint_follower_demo build --build-base /home/dev/ORobotics/localization_ws/build/nav2_gps_waypoint_follower_demo/build install --record /home/dev/ORobotics/localization_ws/build/nav2_gps_waypoint_follower_demo/install.log --single-version-externally-managed install_data
