running egg_info
creating ../../build/imu_offset_calibration/imu_offset_calibration.egg-info
writing ../../build/imu_offset_calibration/imu_offset_calibration.egg-info/PKG-INFO
writing dependency_links to ../../build/imu_offset_calibration/imu_offset_calibration.egg-info/dependency_links.txt
writing entry points to ../../build/imu_offset_calibration/imu_offset_calibration.egg-info/entry_points.txt
writing requirements to ../../build/imu_offset_calibration/imu_offset_calibration.egg-info/requires.txt
writing top-level names to ../../build/imu_offset_calibration/imu_offset_calibration.egg-info/top_level.txt
writing manifest file '../../build/imu_offset_calibration/imu_offset_calibration.egg-info/SOURCES.txt'
reading manifest file '../../build/imu_offset_calibration/imu_offset_calibration.egg-info/SOURCES.txt'
writing manifest file '../../build/imu_offset_calibration/imu_offset_calibration.egg-info/SOURCES.txt'
running build
running build_py
creating /home/dev/ORobotics/localization_ws/build/imu_offset_calibration/build
creating /home/dev/ORobotics/localization_ws/build/imu_offset_calibration/build/lib
creating /home/dev/ORobotics/localization_ws/build/imu_offset_calibration/build/lib/imu_offset_calibration
copying imu_offset_calibration/__init__.py -> /home/dev/ORobotics/localization_ws/build/imu_offset_calibration/build/lib/imu_offset_calibration
copying imu_offset_calibration/imu_pitch_reader.py -> /home/dev/ORobotics/localization_ws/build/imu_offset_calibration/build/lib/imu_offset_calibration
running install
running install_lib
creating /home/dev/ORobotics/localization_ws/install/imu_offset_calibration/lib/python3.10/site-packages/imu_offset_calibration
copying /home/dev/ORobotics/localization_ws/build/imu_offset_calibration/build/lib/imu_offset_calibration/__init__.py -> /home/dev/ORobotics/localization_ws/install/imu_offset_calibration/lib/python3.10/site-packages/imu_offset_calibration
copying /home/dev/ORobotics/localization_ws/build/imu_offset_calibration/build/lib/imu_offset_calibration/imu_pitch_reader.py -> /home/dev/ORobotics/localization_ws/install/imu_offset_calibration/lib/python3.10/site-packages/imu_offset_calibration
byte-compiling /home/dev/ORobotics/localization_ws/install/imu_offset_calibration/lib/python3.10/site-packages/imu_offset_calibration/__init__.py to __init__.cpython-310.pyc
byte-compiling /home/dev/ORobotics/localization_ws/install/imu_offset_calibration/lib/python3.10/site-packages/imu_offset_calibration/imu_pitch_reader.py to imu_pitch_reader.cpython-310.pyc
running install_data
creating /home/dev/ORobotics/localization_ws/install/imu_offset_calibration/share/ament_index
creating /home/dev/ORobotics/localization_ws/install/imu_offset_calibration/share/ament_index/resource_index
creating /home/dev/ORobotics/localization_ws/install/imu_offset_calibration/share/ament_index/resource_index/packages
copying resource/imu_offset_calibration -> /home/dev/ORobotics/localization_ws/install/imu_offset_calibration/share/ament_index/resource_index/packages
copying package.xml -> /home/dev/ORobotics/localization_ws/install/imu_offset_calibration/share/imu_offset_calibration
running install_egg_info
Copying ../../build/imu_offset_calibration/imu_offset_calibration.egg-info to /home/dev/ORobotics/localization_ws/install/imu_offset_calibration/lib/python3.10/site-packages/imu_offset_calibration-0.0.0-py3.10.egg-info
running install_scripts
Installing imu_pitch_reader script to /home/dev/ORobotics/localization_ws/install/imu_offset_calibration/lib/imu_offset_calibration
writing list of installed files to '/home/dev/ORobotics/localization_ws/build/imu_offset_calibration/install.log'
