[18.475s] Invoking command in '/home/dev/ORobotics/localization_ws/src/imu_offset_calibration': PYTHONPATH=/home/dev/ORobotics/localization_ws/build/imu_offset_calibration/prefix_override:/usr/lib/python3/dist-packages/colcon_core/task/python/colcon_distutils_commands:/home/dev/ORobotics/localization_ws/install/imu_offset_calibration/lib/python3.10/site-packages:${PYTHONPATH} /usr/bin/python3 -W ignore:setup.py install is deprecated -W ignore:easy_install command is deprecated setup.py egg_info --egg-base ../../build/imu_offset_calibration build --build-base /home/dev/ORobotics/localization_ws/build/imu_offset_calibration/build install --record /home/dev/ORobotics/localization_ws/build/imu_offset_calibration/install.log --single-version-externally-managed install_data
[27.528s] running egg_info
[27.572s] creating ../../build/imu_offset_calibration/imu_offset_calibration.egg-info
[27.575s] writing ../../build/imu_offset_calibration/imu_offset_calibration.egg-info/PKG-INFO
[27.576s] writing dependency_links to ../../build/imu_offset_calibration/imu_offset_calibration.egg-info/dependency_links.txt
[27.598s] writing entry points to ../../build/imu_offset_calibration/imu_offset_calibration.egg-info/entry_points.txt
[27.600s] writing requirements to ../../build/imu_offset_calibration/imu_offset_calibration.egg-info/requires.txt
[27.611s] writing top-level names to ../../build/imu_offset_calibration/imu_offset_calibration.egg-info/top_level.txt
[27.613s] writing manifest file '../../build/imu_offset_calibration/imu_offset_calibration.egg-info/SOURCES.txt'
[27.644s] reading manifest file '../../build/imu_offset_calibration/imu_offset_calibration.egg-info/SOURCES.txt'
[27.706s] writing manifest file '../../build/imu_offset_calibration/imu_offset_calibration.egg-info/SOURCES.txt'
[27.730s] running build
[27.731s] running build_py
[27.739s] creating /home/dev/ORobotics/localization_ws/build/imu_offset_calibration/build
[27.741s] creating /home/dev/ORobotics/localization_ws/build/imu_offset_calibration/build/lib
[27.750s] creating /home/dev/ORobotics/localization_ws/build/imu_offset_calibration/build/lib/imu_offset_calibration
[27.751s] copying imu_offset_calibration/__init__.py -> /home/dev/ORobotics/localization_ws/build/imu_offset_calibration/build/lib/imu_offset_calibration
[27.779s] copying imu_offset_calibration/imu_pitch_reader.py -> /home/dev/ORobotics/localization_ws/build/imu_offset_calibration/build/lib/imu_offset_calibration
[27.793s] running install
[27.809s] running install_lib
[27.833s] creating /home/dev/ORobotics/localization_ws/install/imu_offset_calibration/lib/python3.10/site-packages/imu_offset_calibration
[27.834s] copying /home/dev/ORobotics/localization_ws/build/imu_offset_calibration/build/lib/imu_offset_calibration/__init__.py -> /home/dev/ORobotics/localization_ws/install/imu_offset_calibration/lib/python3.10/site-packages/imu_offset_calibration
[27.835s] copying /home/dev/ORobotics/localization_ws/build/imu_offset_calibration/build/lib/imu_offset_calibration/imu_pitch_reader.py -> /home/dev/ORobotics/localization_ws/install/imu_offset_calibration/lib/python3.10/site-packages/imu_offset_calibration
[27.865s] byte-compiling /home/dev/ORobotics/localization_ws/install/imu_offset_calibration/lib/python3.10/site-packages/imu_offset_calibration/__init__.py to __init__.cpython-310.pyc
[27.871s] byte-compiling /home/dev/ORobotics/localization_ws/install/imu_offset_calibration/lib/python3.10/site-packages/imu_offset_calibration/imu_pitch_reader.py to imu_pitch_reader.cpython-310.pyc
[27.885s] running install_data
[27.885s] creating /home/dev/ORobotics/localization_ws/install/imu_offset_calibration/share/ament_index
[27.886s] creating /home/dev/ORobotics/localization_ws/install/imu_offset_calibration/share/ament_index/resource_index
[27.890s] creating /home/dev/ORobotics/localization_ws/install/imu_offset_calibration/share/ament_index/resource_index/packages
[27.897s] copying resource/imu_offset_calibration -> /home/dev/ORobotics/localization_ws/install/imu_offset_calibration/share/ament_index/resource_index/packages
[27.898s] copying package.xml -> /home/dev/ORobotics/localization_ws/install/imu_offset_calibration/share/imu_offset_calibration
[27.899s] running install_egg_info
[27.985s] Copying ../../build/imu_offset_calibration/imu_offset_calibration.egg-info to /home/dev/ORobotics/localization_ws/install/imu_offset_calibration/lib/python3.10/site-packages/imu_offset_calibration-0.0.0-py3.10.egg-info
[28.017s] running install_scripts
[28.885s] Installing imu_pitch_reader script to /home/dev/ORobotics/localization_ws/install/imu_offset_calibration/lib/imu_offset_calibration
[28.911s] writing list of installed files to '/home/dev/ORobotics/localization_ws/build/imu_offset_calibration/install.log'
[29.430s] Invoked command in '/home/dev/ORobotics/localization_ws/src/imu_offset_calibration' returned '0': PYTHONPATH=/home/dev/ORobotics/localization_ws/build/imu_offset_calibration/prefix_override:/usr/lib/python3/dist-packages/colcon_core/task/python/colcon_distutils_commands:/home/dev/ORobotics/localization_ws/install/imu_offset_calibration/lib/python3.10/site-packages:${PYTHONPATH} /usr/bin/python3 -W ignore:setup.py install is deprecated -W ignore:easy_install command is deprecated setup.py egg_info --egg-base ../../build/imu_offset_calibration build --build-base /home/dev/ORobotics/localization_ws/build/imu_offset_calibration/build install --record /home/dev/ORobotics/localization_ws/build/imu_offset_calibration/install.log --single-version-externally-managed install_data
