[0.209s] Invoking command in '/home/dev/ORobotics/localization_ws/build/nav2_costmap_filters_demo': CMAKE_PREFIX_PATH=/home/dev/ORobotics/localization_ws/install/bag_recorder:/opt/ros/humble /usr/bin/cmake /home/dev/ORobotics/localization_ws/src/navigation2_tutorials/nav2_costmap_filters_demo -DCMAKE_INSTALL_PREFIX=/home/dev/ORobotics/localization_ws/install/nav2_costmap_filters_demo
[1.948s] -- The C compiler identification is GNU 11.4.0
[3.569s] -- The CXX compiler identification is GNU 11.4.0
[3.772s] -- Detecting C compiler ABI info
[5.767s] -- Detecting C compiler ABI info - done
[5.846s] -- Check for working C compiler: /usr/bin/cc - skipped
[5.848s] -- Detecting C compile features
[5.851s] -- Detecting C compile features - done
[5.878s] -- Detecting CXX compiler ABI info
[7.967s] -- Detecting CXX compiler ABI info - done
[8.037s] -- Check for working CXX compiler: /usr/bin/c++ - skipped
[8.040s] -- Detecting CXX compile features
[8.044s] -- Detecting CXX compile features - done
[8.085s] -- Found ament_cmake: 1.3.11 (/opt/ros/humble/share/ament_cmake/cmake)
[12.419s] -- Found Python3: /usr/bin/python3 (found version "3.10.12") found components: Interpreter 
[18.531s] -- Configuring done
[18.852s] -- Generating done
[18.940s] -- Build files have been written to: /home/dev/ORobotics/localization_ws/build/nav2_costmap_filters_demo
[19.007s] Invoked command in '/home/dev/ORobotics/localization_ws/build/nav2_costmap_filters_demo' returned '0': CMAKE_PREFIX_PATH=/home/dev/ORobotics/localization_ws/install/bag_recorder:/opt/ros/humble /usr/bin/cmake /home/dev/ORobotics/localization_ws/src/navigation2_tutorials/nav2_costmap_filters_demo -DCMAKE_INSTALL_PREFIX=/home/dev/ORobotics/localization_ws/install/nav2_costmap_filters_demo
[19.010s] Invoking command in '/home/dev/ORobotics/localization_ws/build/nav2_costmap_filters_demo': CMAKE_PREFIX_PATH=/home/dev/ORobotics/localization_ws/install/bag_recorder:/opt/ros/humble /usr/bin/cmake --build /home/dev/ORobotics/localization_ws/build/nav2_costmap_filters_demo -- -j4 -l4
[19.900s] Invoked command in '/home/dev/ORobotics/localization_ws/build/nav2_costmap_filters_demo' returned '0': CMAKE_PREFIX_PATH=/home/dev/ORobotics/localization_ws/install/bag_recorder:/opt/ros/humble /usr/bin/cmake --build /home/dev/ORobotics/localization_ws/build/nav2_costmap_filters_demo -- -j4 -l4
[19.902s] Invoking command in '/home/dev/ORobotics/localization_ws/build/nav2_costmap_filters_demo': CMAKE_PREFIX_PATH=/home/dev/ORobotics/localization_ws/install/bag_recorder:/opt/ros/humble /usr/bin/cmake --install /home/dev/ORobotics/localization_ws/build/nav2_costmap_filters_demo
[20.084s] -- Install configuration: ""
[20.090s] -- Installing: /home/dev/ORobotics/localization_ws/install/nav2_costmap_filters_demo/share/nav2_costmap_filters_demo/launch
[20.109s] -- Installing: /home/dev/ORobotics/localization_ws/install/nav2_costmap_filters_demo/share/nav2_costmap_filters_demo/launch/costmap_filter_info.launch.py
[20.144s] -- Installing: /home/dev/ORobotics/localization_ws/install/nav2_costmap_filters_demo/share/nav2_costmap_filters_demo/maps
[20.156s] -- Installing: /home/dev/ORobotics/localization_ws/install/nav2_costmap_filters_demo/share/nav2_costmap_filters_demo/maps/keepout_mask.yaml
[20.172s] -- Installing: /home/dev/ORobotics/localization_ws/install/nav2_costmap_filters_demo/share/nav2_costmap_filters_demo/maps/keepout_mask.pgm
[20.186s] -- Installing: /home/dev/ORobotics/localization_ws/install/nav2_costmap_filters_demo/share/nav2_costmap_filters_demo/maps/speed_mask.pgm
[20.210s] -- Installing: /home/dev/ORobotics/localization_ws/install/nav2_costmap_filters_demo/share/nav2_costmap_filters_demo/maps/speed_mask.yaml
[20.225s] -- Installing: /home/dev/ORobotics/localization_ws/install/nav2_costmap_filters_demo/share/nav2_costmap_filters_demo/params
[20.229s] -- Installing: /home/dev/ORobotics/localization_ws/install/nav2_costmap_filters_demo/share/nav2_costmap_filters_demo/params/keepout_params.yaml
[20.239s] -- Installing: /home/dev/ORobotics/localization_ws/install/nav2_costmap_filters_demo/share/nav2_costmap_filters_demo/params/speed_params.yaml
[20.249s] -- Installing: /home/dev/ORobotics/localization_ws/install/nav2_costmap_filters_demo/share/ament_index/resource_index/package_run_dependencies/nav2_costmap_filters_demo
[20.264s] -- Installing: /home/dev/ORobotics/localization_ws/install/nav2_costmap_filters_demo/share/ament_index/resource_index/parent_prefix_path/nav2_costmap_filters_demo
[20.299s] -- Installing: /home/dev/ORobotics/localization_ws/install/nav2_costmap_filters_demo/share/nav2_costmap_filters_demo/environment/ament_prefix_path.sh
[20.309s] -- Installing: /home/dev/ORobotics/localization_ws/install/nav2_costmap_filters_demo/share/nav2_costmap_filters_demo/environment/ament_prefix_path.dsv
[20.320s] -- Installing: /home/dev/ORobotics/localization_ws/install/nav2_costmap_filters_demo/share/nav2_costmap_filters_demo/environment/path.sh
[20.329s] -- Installing: /home/dev/ORobotics/localization_ws/install/nav2_costmap_filters_demo/share/nav2_costmap_filters_demo/environment/path.dsv
[20.350s] -- Installing: /home/dev/ORobotics/localization_ws/install/nav2_costmap_filters_demo/share/nav2_costmap_filters_demo/local_setup.bash
[20.357s] -- Installing: /home/dev/ORobotics/localization_ws/install/nav2_costmap_filters_demo/share/nav2_costmap_filters_demo/local_setup.sh
[20.385s] -- Installing: /home/dev/ORobotics/localization_ws/install/nav2_costmap_filters_demo/share/nav2_costmap_filters_demo/local_setup.zsh
[20.403s] -- Installing: /home/dev/ORobotics/localization_ws/install/nav2_costmap_filters_demo/share/nav2_costmap_filters_demo/local_setup.dsv
[20.419s] -- Installing: /home/dev/ORobotics/localization_ws/install/nav2_costmap_filters_demo/share/nav2_costmap_filters_demo/package.dsv
[20.452s] -- Installing: /home/dev/ORobotics/localization_ws/install/nav2_costmap_filters_demo/share/ament_index/resource_index/packages/nav2_costmap_filters_demo
[20.465s] -- Installing: /home/dev/ORobotics/localization_ws/install/nav2_costmap_filters_demo/share/nav2_costmap_filters_demo/cmake/nav2_costmap_filters_demoConfig.cmake
[20.478s] -- Installing: /home/dev/ORobotics/localization_ws/install/nav2_costmap_filters_demo/share/nav2_costmap_filters_demo/cmake/nav2_costmap_filters_demoConfig-version.cmake
[20.496s] -- Installing: /home/dev/ORobotics/localization_ws/install/nav2_costmap_filters_demo/share/nav2_costmap_filters_demo/package.xml
[20.526s] Invoked command in '/home/dev/ORobotics/localization_ws/build/nav2_costmap_filters_demo' returned '0': CMAKE_PREFIX_PATH=/home/dev/ORobotics/localization_ws/install/bag_recorder:/opt/ros/humble /usr/bin/cmake --install /home/dev/ORobotics/localization_ws/build/nav2_costmap_filters_demo
