-- The C compiler identification is GNU 11.4.0
-- The CXX compiler identification is GNU 11.4.0
-- Detecting C compiler ABI info
-- Detecting C compiler ABI info - done
-- Check for working C compiler: /usr/bin/cc - skipped
-- Detecting C compile features
-- Detecting C compile features - done
-- Detecting CXX compiler ABI info
-- Detecting CXX compiler ABI info - done
-- Check for working CXX compiler: /usr/bin/c++ - skipped
-- Detecting CXX compile features
-- Detecting CXX compile features - done
-- Found ament_cmake: 1.3.11 (/opt/ros/humble/share/ament_cmake/cmake)
-- Found Python3: /usr/bin/python3 (found version "3.10.12") found components: Interpreter 
-- Found builtin_interfaces: 1.2.1 (/opt/ros/humble/share/builtin_interfaces/cmake)
-- Found rosidl_generator_c: 3.1.6 (/opt/ros/humble/share/rosidl_generator_c/cmake)
-- Found rosidl_adapter: 3.1.6 (/opt/ros/humble/share/rosidl_adapter/cmake)
-- Found rosidl_generator_cpp: 3.1.6 (/opt/ros/humble/share/rosidl_generator_cpp/cmake)
-- Using all available rosidl_typesupport_c: rosidl_typesupport_fastrtps_c;rosidl_typesupport_introspection_c
-- Using all available rosidl_typesupport_cpp: rosidl_typesupport_fastrtps_cpp;rosidl_typesupport_introspection_cpp
-- Found std_msgs: 4.8.0 (/opt/ros/humble/share/std_msgs/cmake)
-- Found rosidl_default_generators: 1.2.0 (/opt/ros/humble/share/rosidl_default_generators/cmake)
-- Found ament_lint_auto: 0.12.12 (/opt/ros/humble/share/ament_lint_auto/cmake)
-- Found ament_cmake_ros: 0.10.0 (/opt/ros/humble/share/ament_cmake_ros/cmake)
-- Using all available rosidl_typesupport_c: rosidl_typesupport_fastrtps_c;rosidl_typesupport_introspection_c
-- Using all available rosidl_typesupport_cpp: rosidl_typesupport_fastrtps_cpp;rosidl_typesupport_introspection_cpp
-- Found PythonInterp: /usr/bin/python3 (found suitable version "3.10.12", minimum required is "3.6") 
-- Found python_cmake_module: 0.10.0 (/opt/ros/humble/share/python_cmake_module/cmake)
-- Found PythonLibs: /usr/lib/aarch64-linux-gnu/libpython3.10.so (found suitable version "3.10.12", minimum required is "3.5") 
-- Using PYTHON_EXECUTABLE: /usr/bin/python3
-- Using PYTHON_INCLUDE_DIRS: /usr/include/python3.10
-- Using PYTHON_LIBRARIES: /usr/lib/aarch64-linux-gnu/libpython3.10.so
-- Found PythonExtra: .so  
-- Added test 'lint_cmake' to check CMake code style
-- Added test 'xmllint' to check XML markup files
-- Configuring done
-- Generating done
-- Build files have been written to: /home/dev/ORobotics/localization_ws/build/ublox_ubx_msgs
[  0%] [34m[1mGenerating C++ code for ROS interfaces[0m
[  0%] Built target ublox_ubx_msgs__cpp
[  0%] Built target ament_cmake_python_copy_ublox_ubx_msgs
[  0%] [34m[1mGenerating C++ type support for eProsima Fast-RTPS[0m
[  1%] [32mBuilding CXX object CMakeFiles/ublox_ubx_msgs__rosidl_typesupport_fastrtps_cpp.dir/rosidl_typesupport_fastrtps_cpp/ublox_ubx_msgs/msg/detail/dds_fastrtps/carr_soln__type_support.cpp.o[0m
[  1%] [32mBuilding CXX object CMakeFiles/ublox_ubx_msgs__rosidl_typesupport_fastrtps_cpp.dir/rosidl_typesupport_fastrtps_cpp/ublox_ubx_msgs/msg/detail/dds_fastrtps/esf_meas_data_item__type_support.cpp.o[0m
[  1%] [32mBuilding CXX object CMakeFiles/ublox_ubx_msgs__rosidl_typesupport_fastrtps_cpp.dir/rosidl_typesupport_fastrtps_cpp/ublox_ubx_msgs/msg/detail/dds_fastrtps/esf_sensor_status__type_support.cpp.o[0m
[  1%] [32mBuilding CXX object CMakeFiles/ublox_ubx_msgs__rosidl_typesupport_fastrtps_cpp.dir/rosidl_typesupport_fastrtps_cpp/ublox_ubx_msgs/msg/detail/dds_fastrtps/gps_fix__type_support.cpp.o[0m
[  1%] [32mBuilding CXX object CMakeFiles/ublox_ubx_msgs__rosidl_typesupport_fastrtps_cpp.dir/rosidl_typesupport_fastrtps_cpp/ublox_ubx_msgs/msg/detail/dds_fastrtps/map_matching__type_support.cpp.o[0m
[  2%] [32mBuilding CXX object CMakeFiles/ublox_ubx_msgs__rosidl_typesupport_fastrtps_cpp.dir/rosidl_typesupport_fastrtps_cpp/ublox_ubx_msgs/msg/detail/dds_fastrtps/measx_data__type_support.cpp.o[0m
[  2%] [32mBuilding CXX object CMakeFiles/ublox_ubx_msgs__rosidl_typesupport_fastrtps_cpp.dir/rosidl_typesupport_fastrtps_cpp/ublox_ubx_msgs/msg/detail/dds_fastrtps/orb_alm_info__type_support.cpp.o[0m
[  2%] [32mBuilding CXX object CMakeFiles/ublox_ubx_msgs__rosidl_typesupport_fastrtps_cpp.dir/rosidl_typesupport_fastrtps_cpp/ublox_ubx_msgs/msg/detail/dds_fastrtps/orb_eph_info__type_support.cpp.o[0m
[  2%] [32mBuilding CXX object CMakeFiles/ublox_ubx_msgs__rosidl_typesupport_fastrtps_cpp.dir/rosidl_typesupport_fastrtps_cpp/ublox_ubx_msgs/msg/detail/dds_fastrtps/orb_sv_flag__type_support.cpp.o[0m
[  3%] [32mBuilding CXX object CMakeFiles/ublox_ubx_msgs__rosidl_typesupport_fastrtps_cpp.dir/rosidl_typesupport_fastrtps_cpp/ublox_ubx_msgs/msg/detail/dds_fastrtps/orb_sv_info__type_support.cpp.o[0m
[  3%] [32mBuilding CXX object CMakeFiles/ublox_ubx_msgs__rosidl_typesupport_fastrtps_cpp.dir/rosidl_typesupport_fastrtps_cpp/ublox_ubx_msgs/msg/detail/dds_fastrtps/other_orb_info__type_support.cpp.o[0m
[  3%] [32mBuilding CXX object CMakeFiles/ublox_ubx_msgs__rosidl_typesupport_fastrtps_cpp.dir/rosidl_typesupport_fastrtps_cpp/ublox_ubx_msgs/msg/detail/dds_fastrtps/psmpvt__type_support.cpp.o[0m
[  3%] [32mBuilding CXX object CMakeFiles/ublox_ubx_msgs__rosidl_typesupport_fastrtps_cpp.dir/rosidl_typesupport_fastrtps_cpp/ublox_ubx_msgs/msg/detail/dds_fastrtps/psm_status__type_support.cpp.o[0m
[  3%] [32mBuilding CXX object CMakeFiles/ublox_ubx_msgs__rosidl_typesupport_fastrtps_cpp.dir/rosidl_typesupport_fastrtps_cpp/ublox_ubx_msgs/msg/detail/dds_fastrtps/rawx_data__type_support.cpp.o[0m
[  4%] [32mBuilding CXX object CMakeFiles/ublox_ubx_msgs__rosidl_typesupport_fastrtps_cpp.dir/rosidl_typesupport_fastrtps_cpp/ublox_ubx_msgs/msg/detail/dds_fastrtps/rec_stat__type_support.cpp.o[0m
[  4%] [32mBuilding CXX object CMakeFiles/ublox_ubx_msgs__rosidl_typesupport_fastrtps_cpp.dir/rosidl_typesupport_fastrtps_cpp/ublox_ubx_msgs/msg/detail/dds_fastrtps/sat_flags__type_support.cpp.o[0m
[  4%] [32mBuilding CXX object CMakeFiles/ublox_ubx_msgs__rosidl_typesupport_fastrtps_cpp.dir/rosidl_typesupport_fastrtps_cpp/ublox_ubx_msgs/msg/detail/dds_fastrtps/sat_info__type_support.cpp.o[0m
[  4%] [32mBuilding CXX object CMakeFiles/ublox_ubx_msgs__rosidl_typesupport_fastrtps_cpp.dir/rosidl_typesupport_fastrtps_cpp/ublox_ubx_msgs/msg/detail/dds_fastrtps/sbas_service__type_support.cpp.o[0m
[  5%] [32mBuilding CXX object CMakeFiles/ublox_ubx_msgs__rosidl_typesupport_fastrtps_cpp.dir/rosidl_typesupport_fastrtps_cpp/ublox_ubx_msgs/msg/detail/dds_fastrtps/sbas_status_flags__type_support.cpp.o[0m
[  5%] [32mBuilding CXX object CMakeFiles/ublox_ubx_msgs__rosidl_typesupport_fastrtps_cpp.dir/rosidl_typesupport_fastrtps_cpp/ublox_ubx_msgs/msg/detail/dds_fastrtps/sbas_sv_data__type_support.cpp.o[0m
[  5%] [32mBuilding CXX object CMakeFiles/ublox_ubx_msgs__rosidl_typesupport_fastrtps_cpp.dir/rosidl_typesupport_fastrtps_cpp/ublox_ubx_msgs/msg/detail/dds_fastrtps/sig_data__type_support.cpp.o[0m
[  5%] [32mBuilding CXX object CMakeFiles/ublox_ubx_msgs__rosidl_typesupport_fastrtps_cpp.dir/rosidl_typesupport_fastrtps_cpp/ublox_ubx_msgs/msg/detail/dds_fastrtps/sig_flags__type_support.cpp.o[0m
[  6%] [32mBuilding CXX object CMakeFiles/ublox_ubx_msgs__rosidl_typesupport_fastrtps_cpp.dir/rosidl_typesupport_fastrtps_cpp/ublox_ubx_msgs/msg/detail/dds_fastrtps/sig_log_event__type_support.cpp.o[0m
[  6%] [32mBuilding CXX object CMakeFiles/ublox_ubx_msgs__rosidl_typesupport_fastrtps_cpp.dir/rosidl_typesupport_fastrtps_cpp/ublox_ubx_msgs/msg/detail/dds_fastrtps/spoof_det__type_support.cpp.o[0m
[  6%] [32mBuilding CXX object CMakeFiles/ublox_ubx_msgs__rosidl_typesupport_fastrtps_cpp.dir/rosidl_typesupport_fastrtps_cpp/ublox_ubx_msgs/msg/detail/dds_fastrtps/trk_stat__type_support.cpp.o[0m
[  6%] [32mBuilding CXX object CMakeFiles/ublox_ubx_msgs__rosidl_typesupport_fastrtps_cpp.dir/rosidl_typesupport_fastrtps_cpp/ublox_ubx_msgs/msg/detail/dds_fastrtps/ubx_esf_meas__type_support.cpp.o[0m
[  6%] [32mBuilding CXX object CMakeFiles/ublox_ubx_msgs__rosidl_typesupport_fastrtps_cpp.dir/rosidl_typesupport_fastrtps_cpp/ublox_ubx_msgs/msg/detail/dds_fastrtps/ubx_esf_status__type_support.cpp.o[0m
[  7%] [32mBuilding CXX object CMakeFiles/ublox_ubx_msgs__rosidl_typesupport_fastrtps_cpp.dir/rosidl_typesupport_fastrtps_cpp/ublox_ubx_msgs/msg/detail/dds_fastrtps/ubx_nav_eoe__type_support.cpp.o[0m
[  7%] [32mBuilding CXX object CMakeFiles/ublox_ubx_msgs__rosidl_typesupport_fastrtps_cpp.dir/rosidl_typesupport_fastrtps_cpp/ublox_ubx_msgs/msg/detail/dds_fastrtps/ubx_nav_clock__type_support.cpp.o[0m
[  7%] [32mBuilding CXX object CMakeFiles/ublox_ubx_msgs__rosidl_typesupport_fastrtps_cpp.dir/rosidl_typesupport_fastrtps_cpp/ublox_ubx_msgs/msg/detail/dds_fastrtps/ubx_nav_cov__type_support.cpp.o[0m
[  7%] [32mBuilding CXX object CMakeFiles/ublox_ubx_msgs__rosidl_typesupport_fastrtps_cpp.dir/rosidl_typesupport_fastrtps_cpp/ublox_ubx_msgs/msg/detail/dds_fastrtps/ubx_nav_dop__type_support.cpp.o[0m
[  8%] [32mBuilding CXX object CMakeFiles/ublox_ubx_msgs__rosidl_typesupport_fastrtps_cpp.dir/rosidl_typesupport_fastrtps_cpp/ublox_ubx_msgs/msg/detail/dds_fastrtps/ubx_nav_hp_pos_ecef__type_support.cpp.o[0m
[  8%] [32mBuilding CXX object CMakeFiles/ublox_ubx_msgs__rosidl_typesupport_fastrtps_cpp.dir/rosidl_typesupport_fastrtps_cpp/ublox_ubx_msgs/msg/detail/dds_fastrtps/ubx_nav_hp_pos_llh__type_support.cpp.o[0m
[  8%] [32mBuilding CXX object CMakeFiles/ublox_ubx_msgs__rosidl_typesupport_fastrtps_cpp.dir/rosidl_typesupport_fastrtps_cpp/ublox_ubx_msgs/msg/detail/dds_fastrtps/ubx_nav_odo__type_support.cpp.o[0m
[  8%] [32mBuilding CXX object CMakeFiles/ublox_ubx_msgs__rosidl_typesupport_fastrtps_cpp.dir/rosidl_typesupport_fastrtps_cpp/ublox_ubx_msgs/msg/detail/dds_fastrtps/ubx_nav_orb__type_support.cpp.o[0m
[  8%] [32mBuilding CXX object CMakeFiles/ublox_ubx_msgs__rosidl_typesupport_fastrtps_cpp.dir/rosidl_typesupport_fastrtps_cpp/ublox_ubx_msgs/msg/detail/dds_fastrtps/ubx_nav_pos_ecef__type_support.cpp.o[0m
[  9%] [32mBuilding CXX object CMakeFiles/ublox_ubx_msgs__rosidl_typesupport_fastrtps_cpp.dir/rosidl_typesupport_fastrtps_cpp/ublox_ubx_msgs/msg/detail/dds_fastrtps/ubx_nav_pos_llh__type_support.cpp.o[0m
[  9%] [32mBuilding CXX object CMakeFiles/ublox_ubx_msgs__rosidl_typesupport_fastrtps_cpp.dir/rosidl_typesupport_fastrtps_cpp/ublox_ubx_msgs/msg/detail/dds_fastrtps/ubx_nav_pvt__type_support.cpp.o[0m
[  9%] [34m[1mGenerating C++ introspection for ROS interfaces[0m
[  9%] [32mBuilding CXX object CMakeFiles/ublox_ubx_msgs__rosidl_typesupport_fastrtps_cpp.dir/rosidl_typesupport_fastrtps_cpp/ublox_ubx_msgs/msg/detail/dds_fastrtps/ubx_nav_rel_pos_ned__type_support.cpp.o[0m
[  9%] [34m[1mGenerating C++ type support dispatch for ROS interfaces[0m
[  9%] [34m[1mGenerating C code for ROS interfaces[0m
[  9%] [32mBuilding CXX object CMakeFiles/ublox_ubx_msgs__rosidl_typesupport_fastrtps_cpp.dir/rosidl_typesupport_fastrtps_cpp/ublox_ubx_msgs/msg/detail/dds_fastrtps/ubx_nav_sat__type_support.cpp.o[0m
[ 10%] [32mBuilding CXX object CMakeFiles/ublox_ubx_msgs__rosidl_typesupport_fastrtps_cpp.dir/rosidl_typesupport_fastrtps_cpp/ublox_ubx_msgs/msg/detail/dds_fastrtps/ubx_nav_sbas__type_support.cpp.o[0m
[ 10%] [32mBuilding CXX object CMakeFiles/ublox_ubx_msgs__rosidl_typesupport_fastrtps_cpp.dir/rosidl_typesupport_fastrtps_cpp/ublox_ubx_msgs/msg/detail/dds_fastrtps/ubx_nav_sig__type_support.cpp.o[0m
[ 10%] [32mBuilding CXX object CMakeFiles/ublox_ubx_msgs__rosidl_typesupport_fastrtps_cpp.dir/rosidl_typesupport_fastrtps_cpp/ublox_ubx_msgs/msg/detail/dds_fastrtps/ubx_nav_status__type_support.cpp.o[0m
[ 10%] [32mBuilding CXX object CMakeFiles/ublox_ubx_msgs__rosidl_typesupport_fastrtps_cpp.dir/rosidl_typesupport_fastrtps_cpp/ublox_ubx_msgs/msg/detail/dds_fastrtps/ubx_nav_time_utc__type_support.cpp.o[0m
[ 10%] [32mBuilding CXX object CMakeFiles/ublox_ubx_msgs__rosidl_typesupport_fastrtps_cpp.dir/rosidl_typesupport_fastrtps_cpp/ublox_ubx_msgs/msg/detail/dds_fastrtps/ubx_nav_vel_ecef__type_support.cpp.o[0m
[ 11%] [32mBuilding CXX object CMakeFiles/ublox_ubx_msgs__rosidl_typesupport_fastrtps_cpp.dir/rosidl_typesupport_fastrtps_cpp/ublox_ubx_msgs/msg/detail/dds_fastrtps/ubx_nav_vel_ned__type_support.cpp.o[0m
[ 11%] [32mBuilding CXX object CMakeFiles/ublox_ubx_msgs__rosidl_typesupport_fastrtps_cpp.dir/rosidl_typesupport_fastrtps_cpp/ublox_ubx_msgs/msg/detail/dds_fastrtps/ubx_rxm_measx__type_support.cpp.o[0m
[ 11%] [32mBuilding CXX object CMakeFiles/ublox_ubx_msgs__rosidl_typesupport_fastrtps_cpp.dir/rosidl_typesupport_fastrtps_cpp/ublox_ubx_msgs/msg/detail/dds_fastrtps/ubx_rxm_rawx__type_support.cpp.o[0m
[ 11%] [32mBuilding CXX object CMakeFiles/ublox_ubx_msgs__rosidl_typesupport_fastrtps_cpp.dir/rosidl_typesupport_fastrtps_cpp/ublox_ubx_msgs/msg/detail/dds_fastrtps/ubx_rxm_rtcm__type_support.cpp.o[0m
[ 12%] [32mBuilding CXX object CMakeFiles/ublox_ubx_msgs__rosidl_typesupport_fastrtps_cpp.dir/rosidl_typesupport_fastrtps_cpp/ublox_ubx_msgs/msg/detail/dds_fastrtps/ubx_sec_sig__type_support.cpp.o[0m
[ 12%] [32mBuilding CXX object CMakeFiles/ublox_ubx_msgs__rosidl_typesupport_fastrtps_cpp.dir/rosidl_typesupport_fastrtps_cpp/ublox_ubx_msgs/msg/detail/dds_fastrtps/ubx_sec_sig_log__type_support.cpp.o[0m
[ 12%] [32mBuilding CXX object CMakeFiles/ublox_ubx_msgs__rosidl_typesupport_fastrtps_cpp.dir/rosidl_typesupport_fastrtps_cpp/ublox_ubx_msgs/msg/detail/dds_fastrtps/ubx_sec_uniqid__type_support.cpp.o[0m
[ 12%] [32mBuilding CXX object CMakeFiles/ublox_ubx_msgs__rosidl_typesupport_fastrtps_cpp.dir/rosidl_typesupport_fastrtps_cpp/ublox_ubx_msgs/msg/detail/dds_fastrtps/utc_std__type_support.cpp.o[0m
[ 13%] [32mBuilding CXX object CMakeFiles/ublox_ubx_msgs__rosidl_typesupport_cpp.dir/rosidl_typesupport_cpp/ublox_ubx_msgs/msg/carr_soln__type_support.cpp.o[0m
[ 13%] [32m[1mLinking CXX shared library libublox_ubx_msgs__rosidl_typesupport_fastrtps_cpp.so[0m
[ 14%] [32mBuilding CXX object CMakeFiles/ublox_ubx_msgs__rosidl_typesupport_introspection_cpp.dir/rosidl_typesupport_introspection_cpp/ublox_ubx_msgs/msg/detail/carr_soln__type_support.cpp.o[0m
[ 14%] Built target ublox_ubx_msgs__rosidl_typesupport_fastrtps_cpp
[ 14%] [32mBuilding CXX object CMakeFiles/ublox_ubx_msgs__rosidl_typesupport_cpp.dir/rosidl_typesupport_cpp/ublox_ubx_msgs/msg/esf_meas_data_item__type_support.cpp.o[0m
[ 14%] [32mBuilding CXX object CMakeFiles/ublox_ubx_msgs__rosidl_typesupport_cpp.dir/rosidl_typesupport_cpp/ublox_ubx_msgs/msg/esf_sensor_status__type_support.cpp.o[0m
[ 14%] [32mBuilding CXX object CMakeFiles/ublox_ubx_msgs__rosidl_typesupport_introspection_cpp.dir/rosidl_typesupport_introspection_cpp/ublox_ubx_msgs/msg/detail/esf_meas_data_item__type_support.cpp.o[0m
[ 14%] [32mBuilding CXX object CMakeFiles/ublox_ubx_msgs__rosidl_typesupport_cpp.dir/rosidl_typesupport_cpp/ublox_ubx_msgs/msg/gps_fix__type_support.cpp.o[0m
[ 14%] [32mBuilding CXX object CMakeFiles/ublox_ubx_msgs__rosidl_typesupport_introspection_cpp.dir/rosidl_typesupport_introspection_cpp/ublox_ubx_msgs/msg/detail/esf_sensor_status__type_support.cpp.o[0m
[ 14%] [32mBuilding CXX object CMakeFiles/ublox_ubx_msgs__rosidl_typesupport_cpp.dir/rosidl_typesupport_cpp/ublox_ubx_msgs/msg/map_matching__type_support.cpp.o[0m
[ 15%] [32mBuilding CXX object CMakeFiles/ublox_ubx_msgs__rosidl_typesupport_cpp.dir/rosidl_typesupport_cpp/ublox_ubx_msgs/msg/measx_data__type_support.cpp.o[0m
[ 15%] [32mBuilding CXX object CMakeFiles/ublox_ubx_msgs__rosidl_typesupport_introspection_cpp.dir/rosidl_typesupport_introspection_cpp/ublox_ubx_msgs/msg/detail/gps_fix__type_support.cpp.o[0m
[ 15%] [32mBuilding CXX object CMakeFiles/ublox_ubx_msgs__rosidl_typesupport_cpp.dir/rosidl_typesupport_cpp/ublox_ubx_msgs/msg/orb_alm_info__type_support.cpp.o[0m
[ 16%] [32mBuilding CXX object CMakeFiles/ublox_ubx_msgs__rosidl_typesupport_introspection_cpp.dir/rosidl_typesupport_introspection_cpp/ublox_ubx_msgs/msg/detail/map_matching__type_support.cpp.o[0m
[ 16%] [32mBuilding CXX object CMakeFiles/ublox_ubx_msgs__rosidl_typesupport_cpp.dir/rosidl_typesupport_cpp/ublox_ubx_msgs/msg/orb_eph_info__type_support.cpp.o[0m
[ 16%] [32mBuilding CXX object CMakeFiles/ublox_ubx_msgs__rosidl_typesupport_introspection_cpp.dir/rosidl_typesupport_introspection_cpp/ublox_ubx_msgs/msg/detail/measx_data__type_support.cpp.o[0m
[ 16%] [32mBuilding CXX object CMakeFiles/ublox_ubx_msgs__rosidl_typesupport_cpp.dir/rosidl_typesupport_cpp/ublox_ubx_msgs/msg/orb_sv_flag__type_support.cpp.o[0m
[ 17%] [32mBuilding CXX object CMakeFiles/ublox_ubx_msgs__rosidl_typesupport_cpp.dir/rosidl_typesupport_cpp/ublox_ubx_msgs/msg/orb_sv_info__type_support.cpp.o[0m
[ 17%] [32mBuilding CXX object CMakeFiles/ublox_ubx_msgs__rosidl_typesupport_introspection_cpp.dir/rosidl_typesupport_introspection_cpp/ublox_ubx_msgs/msg/detail/orb_alm_info__type_support.cpp.o[0m
[ 17%] [32mBuilding C object CMakeFiles/ublox_ubx_msgs__rosidl_generator_c.dir/rosidl_generator_c/ublox_ubx_msgs/msg/detail/carr_soln__functions.c.o[0m
[ 17%] [32mBuilding CXX object CMakeFiles/ublox_ubx_msgs__rosidl_typesupport_cpp.dir/rosidl_typesupport_cpp/ublox_ubx_msgs/msg/other_orb_info__type_support.cpp.o[0m
[ 18%] [32mBuilding C object CMakeFiles/ublox_ubx_msgs__rosidl_generator_c.dir/rosidl_generator_c/ublox_ubx_msgs/msg/detail/esf_meas_data_item__functions.c.o[0m
[ 18%] [32mBuilding C object CMakeFiles/ublox_ubx_msgs__rosidl_generator_c.dir/rosidl_generator_c/ublox_ubx_msgs/msg/detail/esf_sensor_status__functions.c.o[0m
[ 18%] [32mBuilding C object CMakeFiles/ublox_ubx_msgs__rosidl_generator_c.dir/rosidl_generator_c/ublox_ubx_msgs/msg/detail/gps_fix__functions.c.o[0m
[ 18%] [32mBuilding C object CMakeFiles/ublox_ubx_msgs__rosidl_generator_c.dir/rosidl_generator_c/ublox_ubx_msgs/msg/detail/map_matching__functions.c.o[0m
[ 18%] [32mBuilding CXX object CMakeFiles/ublox_ubx_msgs__rosidl_typesupport_introspection_cpp.dir/rosidl_typesupport_introspection_cpp/ublox_ubx_msgs/msg/detail/orb_eph_info__type_support.cpp.o[0m
[ 19%] [32mBuilding C object CMakeFiles/ublox_ubx_msgs__rosidl_generator_c.dir/rosidl_generator_c/ublox_ubx_msgs/msg/detail/measx_data__functions.c.o[0m
[ 19%] [32mBuilding C object CMakeFiles/ublox_ubx_msgs__rosidl_generator_c.dir/rosidl_generator_c/ublox_ubx_msgs/msg/detail/orb_alm_info__functions.c.o[0m
[ 19%] [32mBuilding CXX object CMakeFiles/ublox_ubx_msgs__rosidl_typesupport_cpp.dir/rosidl_typesupport_cpp/ublox_ubx_msgs/msg/psmpvt__type_support.cpp.o[0m
[ 19%] [32mBuilding C object CMakeFiles/ublox_ubx_msgs__rosidl_generator_c.dir/rosidl_generator_c/ublox_ubx_msgs/msg/detail/orb_eph_info__functions.c.o[0m
[ 19%] [32mBuilding C object CMakeFiles/ublox_ubx_msgs__rosidl_generator_c.dir/rosidl_generator_c/ublox_ubx_msgs/msg/detail/orb_sv_flag__functions.c.o[0m
[ 19%] [32mBuilding C object CMakeFiles/ublox_ubx_msgs__rosidl_generator_c.dir/rosidl_generator_c/ublox_ubx_msgs/msg/detail/orb_sv_info__functions.c.o[0m
[ 20%] [32mBuilding C object CMakeFiles/ublox_ubx_msgs__rosidl_generator_c.dir/rosidl_generator_c/ublox_ubx_msgs/msg/detail/other_orb_info__functions.c.o[0m
[ 20%] [32mBuilding C object CMakeFiles/ublox_ubx_msgs__rosidl_generator_c.dir/rosidl_generator_c/ublox_ubx_msgs/msg/detail/psmpvt__functions.c.o[0m
[ 20%] [32mBuilding C object CMakeFiles/ublox_ubx_msgs__rosidl_generator_c.dir/rosidl_generator_c/ublox_ubx_msgs/msg/detail/psm_status__functions.c.o[0m
[ 20%] [32mBuilding CXX object CMakeFiles/ublox_ubx_msgs__rosidl_typesupport_cpp.dir/rosidl_typesupport_cpp/ublox_ubx_msgs/msg/psm_status__type_support.cpp.o[0m
[ 20%] [32mBuilding CXX object CMakeFiles/ublox_ubx_msgs__rosidl_typesupport_introspection_cpp.dir/rosidl_typesupport_introspection_cpp/ublox_ubx_msgs/msg/detail/orb_sv_flag__type_support.cpp.o[0m
[ 20%] [32mBuilding C object CMakeFiles/ublox_ubx_msgs__rosidl_generator_c.dir/rosidl_generator_c/ublox_ubx_msgs/msg/detail/rawx_data__functions.c.o[0m
[ 21%] [32mBuilding C object CMakeFiles/ublox_ubx_msgs__rosidl_generator_c.dir/rosidl_generator_c/ublox_ubx_msgs/msg/detail/rec_stat__functions.c.o[0m
[ 21%] [32mBuilding C object CMakeFiles/ublox_ubx_msgs__rosidl_generator_c.dir/rosidl_generator_c/ublox_ubx_msgs/msg/detail/sat_flags__functions.c.o[0m
[ 21%] [32mBuilding C object CMakeFiles/ublox_ubx_msgs__rosidl_generator_c.dir/rosidl_generator_c/ublox_ubx_msgs/msg/detail/sat_info__functions.c.o[0m
[ 21%] [32mBuilding C object CMakeFiles/ublox_ubx_msgs__rosidl_generator_c.dir/rosidl_generator_c/ublox_ubx_msgs/msg/detail/sbas_service__functions.c.o[0m
[ 21%] [32mBuilding C object CMakeFiles/ublox_ubx_msgs__rosidl_generator_c.dir/rosidl_generator_c/ublox_ubx_msgs/msg/detail/sbas_status_flags__functions.c.o[0m
[ 21%] [32mBuilding CXX object CMakeFiles/ublox_ubx_msgs__rosidl_typesupport_cpp.dir/rosidl_typesupport_cpp/ublox_ubx_msgs/msg/rawx_data__type_support.cpp.o[0m
[ 22%] [32mBuilding C object CMakeFiles/ublox_ubx_msgs__rosidl_generator_c.dir/rosidl_generator_c/ublox_ubx_msgs/msg/detail/sbas_sv_data__functions.c.o[0m
[ 22%] [32mBuilding C object CMakeFiles/ublox_ubx_msgs__rosidl_generator_c.dir/rosidl_generator_c/ublox_ubx_msgs/msg/detail/sig_data__functions.c.o[0m
[ 22%] [32mBuilding C object CMakeFiles/ublox_ubx_msgs__rosidl_generator_c.dir/rosidl_generator_c/ublox_ubx_msgs/msg/detail/sig_flags__functions.c.o[0m
[ 23%] [32mBuilding CXX object CMakeFiles/ublox_ubx_msgs__rosidl_typesupport_introspection_cpp.dir/rosidl_typesupport_introspection_cpp/ublox_ubx_msgs/msg/detail/orb_sv_info__type_support.cpp.o[0m
[ 23%] [32mBuilding C object CMakeFiles/ublox_ubx_msgs__rosidl_generator_c.dir/rosidl_generator_c/ublox_ubx_msgs/msg/detail/sig_log_event__functions.c.o[0m
[ 24%] [32mBuilding C object CMakeFiles/ublox_ubx_msgs__rosidl_generator_c.dir/rosidl_generator_c/ublox_ubx_msgs/msg/detail/spoof_det__functions.c.o[0m
[ 24%] [32mBuilding C object CMakeFiles/ublox_ubx_msgs__rosidl_generator_c.dir/rosidl_generator_c/ublox_ubx_msgs/msg/detail/trk_stat__functions.c.o[0m
[ 25%] [32mBuilding CXX object CMakeFiles/ublox_ubx_msgs__rosidl_typesupport_cpp.dir/rosidl_typesupport_cpp/ublox_ubx_msgs/msg/rec_stat__type_support.cpp.o[0m
[ 25%] [32mBuilding C object CMakeFiles/ublox_ubx_msgs__rosidl_generator_c.dir/rosidl_generator_c/ublox_ubx_msgs/msg/detail/ubx_esf_meas__functions.c.o[0m
[ 25%] [32mBuilding C object CMakeFiles/ublox_ubx_msgs__rosidl_generator_c.dir/rosidl_generator_c/ublox_ubx_msgs/msg/detail/ubx_esf_status__functions.c.o[0m
[ 25%] [32mBuilding C object CMakeFiles/ublox_ubx_msgs__rosidl_generator_c.dir/rosidl_generator_c/ublox_ubx_msgs/msg/detail/ubx_nav_eoe__functions.c.o[0m
[ 26%] [32mBuilding C object CMakeFiles/ublox_ubx_msgs__rosidl_generator_c.dir/rosidl_generator_c/ublox_ubx_msgs/msg/detail/ubx_nav_clock__functions.c.o[0m
[ 26%] [32mBuilding CXX object CMakeFiles/ublox_ubx_msgs__rosidl_typesupport_introspection_cpp.dir/rosidl_typesupport_introspection_cpp/ublox_ubx_msgs/msg/detail/other_orb_info__type_support.cpp.o[0m
[ 26%] [32mBuilding C object CMakeFiles/ublox_ubx_msgs__rosidl_generator_c.dir/rosidl_generator_c/ublox_ubx_msgs/msg/detail/ubx_nav_cov__functions.c.o[0m
[ 26%] [32mBuilding CXX object CMakeFiles/ublox_ubx_msgs__rosidl_typesupport_cpp.dir/rosidl_typesupport_cpp/ublox_ubx_msgs/msg/sat_flags__type_support.cpp.o[0m
[ 26%] [32mBuilding C object CMakeFiles/ublox_ubx_msgs__rosidl_generator_c.dir/rosidl_generator_c/ublox_ubx_msgs/msg/detail/ubx_nav_dop__functions.c.o[0m
[ 26%] [32mBuilding C object CMakeFiles/ublox_ubx_msgs__rosidl_generator_c.dir/rosidl_generator_c/ublox_ubx_msgs/msg/detail/ubx_nav_hp_pos_ecef__functions.c.o[0m
[ 27%] [32mBuilding C object CMakeFiles/ublox_ubx_msgs__rosidl_generator_c.dir/rosidl_generator_c/ublox_ubx_msgs/msg/detail/ubx_nav_hp_pos_llh__functions.c.o[0m
[ 27%] [32mBuilding C object CMakeFiles/ublox_ubx_msgs__rosidl_generator_c.dir/rosidl_generator_c/ublox_ubx_msgs/msg/detail/ubx_nav_odo__functions.c.o[0m
[ 27%] [32mBuilding CXX object CMakeFiles/ublox_ubx_msgs__rosidl_typesupport_cpp.dir/rosidl_typesupport_cpp/ublox_ubx_msgs/msg/sat_info__type_support.cpp.o[0m
[ 27%] [32mBuilding C object CMakeFiles/ublox_ubx_msgs__rosidl_generator_c.dir/rosidl_generator_c/ublox_ubx_msgs/msg/detail/ubx_nav_orb__functions.c.o[0m
[ 27%] [32mBuilding C object CMakeFiles/ublox_ubx_msgs__rosidl_generator_c.dir/rosidl_generator_c/ublox_ubx_msgs/msg/detail/ubx_nav_pos_ecef__functions.c.o[0m
[ 27%] [32mBuilding C object CMakeFiles/ublox_ubx_msgs__rosidl_generator_c.dir/rosidl_generator_c/ublox_ubx_msgs/msg/detail/ubx_nav_pos_llh__functions.c.o[0m
[ 27%] [32mBuilding CXX object CMakeFiles/ublox_ubx_msgs__rosidl_typesupport_introspection_cpp.dir/rosidl_typesupport_introspection_cpp/ublox_ubx_msgs/msg/detail/psmpvt__type_support.cpp.o[0m
[ 28%] [32mBuilding C object CMakeFiles/ublox_ubx_msgs__rosidl_generator_c.dir/rosidl_generator_c/ublox_ubx_msgs/msg/detail/ubx_nav_pvt__functions.c.o[0m
[ 28%] [32mBuilding C object CMakeFiles/ublox_ubx_msgs__rosidl_generator_c.dir/rosidl_generator_c/ublox_ubx_msgs/msg/detail/ubx_nav_rel_pos_ned__functions.c.o[0m
[ 28%] [32mBuilding C object CMakeFiles/ublox_ubx_msgs__rosidl_generator_c.dir/rosidl_generator_c/ublox_ubx_msgs/msg/detail/ubx_nav_sat__functions.c.o[0m
[ 28%] [32mBuilding CXX object CMakeFiles/ublox_ubx_msgs__rosidl_typesupport_cpp.dir/rosidl_typesupport_cpp/ublox_ubx_msgs/msg/sbas_service__type_support.cpp.o[0m
[ 28%] [32mBuilding C object CMakeFiles/ublox_ubx_msgs__rosidl_generator_c.dir/rosidl_generator_c/ublox_ubx_msgs/msg/detail/ubx_nav_sbas__functions.c.o[0m
[ 29%] [32mBuilding C object CMakeFiles/ublox_ubx_msgs__rosidl_generator_c.dir/rosidl_generator_c/ublox_ubx_msgs/msg/detail/ubx_nav_sig__functions.c.o[0m
[ 29%] [32mBuilding C object CMakeFiles/ublox_ubx_msgs__rosidl_generator_c.dir/rosidl_generator_c/ublox_ubx_msgs/msg/detail/ubx_nav_status__functions.c.o[0m
[ 29%] [32mBuilding C object CMakeFiles/ublox_ubx_msgs__rosidl_generator_c.dir/rosidl_generator_c/ublox_ubx_msgs/msg/detail/ubx_nav_time_utc__functions.c.o[0m
[ 29%] [32mBuilding CXX object CMakeFiles/ublox_ubx_msgs__rosidl_typesupport_introspection_cpp.dir/rosidl_typesupport_introspection_cpp/ublox_ubx_msgs/msg/detail/psm_status__type_support.cpp.o[0m
[ 29%] [32mBuilding C object CMakeFiles/ublox_ubx_msgs__rosidl_generator_c.dir/rosidl_generator_c/ublox_ubx_msgs/msg/detail/ubx_nav_vel_ecef__functions.c.o[0m
[ 30%] [32mBuilding CXX object CMakeFiles/ublox_ubx_msgs__rosidl_typesupport_cpp.dir/rosidl_typesupport_cpp/ublox_ubx_msgs/msg/sbas_status_flags__type_support.cpp.o[0m
[ 30%] [32mBuilding C object CMakeFiles/ublox_ubx_msgs__rosidl_generator_c.dir/rosidl_generator_c/ublox_ubx_msgs/msg/detail/ubx_nav_vel_ned__functions.c.o[0m
[ 31%] [32mBuilding C object CMakeFiles/ublox_ubx_msgs__rosidl_generator_c.dir/rosidl_generator_c/ublox_ubx_msgs/msg/detail/ubx_rxm_measx__functions.c.o[0m
[ 31%] [32mBuilding C object CMakeFiles/ublox_ubx_msgs__rosidl_generator_c.dir/rosidl_generator_c/ublox_ubx_msgs/msg/detail/ubx_rxm_rawx__functions.c.o[0m
[ 31%] [32mBuilding C object CMakeFiles/ublox_ubx_msgs__rosidl_generator_c.dir/rosidl_generator_c/ublox_ubx_msgs/msg/detail/ubx_rxm_rtcm__functions.c.o[0m
[ 31%] [32mBuilding C object CMakeFiles/ublox_ubx_msgs__rosidl_generator_c.dir/rosidl_generator_c/ublox_ubx_msgs/msg/detail/ubx_sec_sig__functions.c.o[0m
[ 31%] [32mBuilding CXX object CMakeFiles/ublox_ubx_msgs__rosidl_typesupport_cpp.dir/rosidl_typesupport_cpp/ublox_ubx_msgs/msg/sbas_sv_data__type_support.cpp.o[0m
[ 32%] [32mBuilding C object CMakeFiles/ublox_ubx_msgs__rosidl_generator_c.dir/rosidl_generator_c/ublox_ubx_msgs/msg/detail/ubx_sec_sig_log__functions.c.o[0m
[ 33%] [32mBuilding CXX object CMakeFiles/ublox_ubx_msgs__rosidl_typesupport_introspection_cpp.dir/rosidl_typesupport_introspection_cpp/ublox_ubx_msgs/msg/detail/rawx_data__type_support.cpp.o[0m
[ 33%] [32mBuilding C object CMakeFiles/ublox_ubx_msgs__rosidl_generator_c.dir/rosidl_generator_c/ublox_ubx_msgs/msg/detail/ubx_sec_uniqid__functions.c.o[0m
[ 33%] [32mBuilding C object CMakeFiles/ublox_ubx_msgs__rosidl_generator_c.dir/rosidl_generator_c/ublox_ubx_msgs/msg/detail/utc_std__functions.c.o[0m
[ 33%] [32m[1mLinking C shared library libublox_ubx_msgs__rosidl_generator_c.so[0m
[ 33%] Built target ublox_ubx_msgs__rosidl_generator_c
[ 33%] [32mBuilding CXX object CMakeFiles/ublox_ubx_msgs__rosidl_typesupport_cpp.dir/rosidl_typesupport_cpp/ublox_ubx_msgs/msg/sig_data__type_support.cpp.o[0m
[ 33%] [32mBuilding CXX object CMakeFiles/ublox_ubx_msgs__rosidl_typesupport_introspection_cpp.dir/rosidl_typesupport_introspection_cpp/ublox_ubx_msgs/msg/detail/rec_stat__type_support.cpp.o[0m
[ 33%] [32mBuilding CXX object CMakeFiles/ublox_ubx_msgs__rosidl_typesupport_cpp.dir/rosidl_typesupport_cpp/ublox_ubx_msgs/msg/sig_flags__type_support.cpp.o[0m
[ 33%] [32mBuilding CXX object CMakeFiles/ublox_ubx_msgs__rosidl_typesupport_introspection_cpp.dir/rosidl_typesupport_introspection_cpp/ublox_ubx_msgs/msg/detail/sat_flags__type_support.cpp.o[0m
[ 33%] [32mBuilding CXX object CMakeFiles/ublox_ubx_msgs__rosidl_typesupport_cpp.dir/rosidl_typesupport_cpp/ublox_ubx_msgs/msg/sig_log_event__type_support.cpp.o[0m
[ 34%] [32mBuilding CXX object CMakeFiles/ublox_ubx_msgs__rosidl_typesupport_cpp.dir/rosidl_typesupport_cpp/ublox_ubx_msgs/msg/spoof_det__type_support.cpp.o[0m
[ 34%] [32mBuilding CXX object CMakeFiles/ublox_ubx_msgs__rosidl_typesupport_introspection_cpp.dir/rosidl_typesupport_introspection_cpp/ublox_ubx_msgs/msg/detail/sat_info__type_support.cpp.o[0m
[ 34%] [32mBuilding CXX object CMakeFiles/ublox_ubx_msgs__rosidl_typesupport_cpp.dir/rosidl_typesupport_cpp/ublox_ubx_msgs/msg/trk_stat__type_support.cpp.o[0m
[ 34%] [32mBuilding CXX object CMakeFiles/ublox_ubx_msgs__rosidl_typesupport_introspection_cpp.dir/rosidl_typesupport_introspection_cpp/ublox_ubx_msgs/msg/detail/sbas_service__type_support.cpp.o[0m
[ 34%] [32mBuilding CXX object CMakeFiles/ublox_ubx_msgs__rosidl_typesupport_cpp.dir/rosidl_typesupport_cpp/ublox_ubx_msgs/msg/ubx_esf_meas__type_support.cpp.o[0m
[ 35%] [32mBuilding CXX object CMakeFiles/ublox_ubx_msgs__rosidl_typesupport_introspection_cpp.dir/rosidl_typesupport_introspection_cpp/ublox_ubx_msgs/msg/detail/sbas_status_flags__type_support.cpp.o[0m
[ 35%] [32mBuilding CXX object CMakeFiles/ublox_ubx_msgs__rosidl_typesupport_cpp.dir/rosidl_typesupport_cpp/ublox_ubx_msgs/msg/ubx_esf_status__type_support.cpp.o[0m
[ 36%] [32mBuilding CXX object CMakeFiles/ublox_ubx_msgs__rosidl_typesupport_cpp.dir/rosidl_typesupport_cpp/ublox_ubx_msgs/msg/ubx_nav_eoe__type_support.cpp.o[0m
[ 36%] [32mBuilding CXX object CMakeFiles/ublox_ubx_msgs__rosidl_typesupport_introspection_cpp.dir/rosidl_typesupport_introspection_cpp/ublox_ubx_msgs/msg/detail/sbas_sv_data__type_support.cpp.o[0m
[ 36%] [32mBuilding CXX object CMakeFiles/ublox_ubx_msgs__rosidl_typesupport_cpp.dir/rosidl_typesupport_cpp/ublox_ubx_msgs/msg/ubx_nav_clock__type_support.cpp.o[0m
[ 36%] [32mBuilding CXX object CMakeFiles/ublox_ubx_msgs__rosidl_typesupport_introspection_cpp.dir/rosidl_typesupport_introspection_cpp/ublox_ubx_msgs/msg/detail/sig_data__type_support.cpp.o[0m
[ 36%] [32mBuilding CXX object CMakeFiles/ublox_ubx_msgs__rosidl_typesupport_cpp.dir/rosidl_typesupport_cpp/ublox_ubx_msgs/msg/ubx_nav_cov__type_support.cpp.o[0m
[ 36%] [32mBuilding CXX object CMakeFiles/ublox_ubx_msgs__rosidl_typesupport_cpp.dir/rosidl_typesupport_cpp/ublox_ubx_msgs/msg/ubx_nav_dop__type_support.cpp.o[0m
[ 36%] [32mBuilding CXX object CMakeFiles/ublox_ubx_msgs__rosidl_typesupport_introspection_cpp.dir/rosidl_typesupport_introspection_cpp/ublox_ubx_msgs/msg/detail/sig_flags__type_support.cpp.o[0m
[ 36%] [32mBuilding CXX object CMakeFiles/ublox_ubx_msgs__rosidl_typesupport_cpp.dir/rosidl_typesupport_cpp/ublox_ubx_msgs/msg/ubx_nav_hp_pos_ecef__type_support.cpp.o[0m
[ 37%] [32mBuilding CXX object CMakeFiles/ublox_ubx_msgs__rosidl_typesupport_introspection_cpp.dir/rosidl_typesupport_introspection_cpp/ublox_ubx_msgs/msg/detail/sig_log_event__type_support.cpp.o[0m
[ 38%] [32mBuilding CXX object CMakeFiles/ublox_ubx_msgs__rosidl_typesupport_cpp.dir/rosidl_typesupport_cpp/ublox_ubx_msgs/msg/ubx_nav_hp_pos_llh__type_support.cpp.o[0m
[ 38%] [32mBuilding CXX object CMakeFiles/ublox_ubx_msgs__rosidl_typesupport_cpp.dir/rosidl_typesupport_cpp/ublox_ubx_msgs/msg/ubx_nav_odo__type_support.cpp.o[0m
[ 38%] [32mBuilding CXX object CMakeFiles/ublox_ubx_msgs__rosidl_typesupport_introspection_cpp.dir/rosidl_typesupport_introspection_cpp/ublox_ubx_msgs/msg/detail/spoof_det__type_support.cpp.o[0m
[ 38%] [32mBuilding CXX object CMakeFiles/ublox_ubx_msgs__rosidl_typesupport_cpp.dir/rosidl_typesupport_cpp/ublox_ubx_msgs/msg/ubx_nav_orb__type_support.cpp.o[0m
[ 38%] [32mBuilding CXX object CMakeFiles/ublox_ubx_msgs__rosidl_typesupport_introspection_cpp.dir/rosidl_typesupport_introspection_cpp/ublox_ubx_msgs/msg/detail/trk_stat__type_support.cpp.o[0m
[ 38%] [32mBuilding CXX object CMakeFiles/ublox_ubx_msgs__rosidl_typesupport_cpp.dir/rosidl_typesupport_cpp/ublox_ubx_msgs/msg/ubx_nav_pos_ecef__type_support.cpp.o[0m
[ 38%] [32mBuilding CXX object CMakeFiles/ublox_ubx_msgs__rosidl_typesupport_introspection_cpp.dir/rosidl_typesupport_introspection_cpp/ublox_ubx_msgs/msg/detail/ubx_esf_meas__type_support.cpp.o[0m
[ 39%] [32mBuilding CXX object CMakeFiles/ublox_ubx_msgs__rosidl_typesupport_cpp.dir/rosidl_typesupport_cpp/ublox_ubx_msgs/msg/ubx_nav_pos_llh__type_support.cpp.o[0m
[ 39%] [32mBuilding CXX object CMakeFiles/ublox_ubx_msgs__rosidl_typesupport_cpp.dir/rosidl_typesupport_cpp/ublox_ubx_msgs/msg/ubx_nav_pvt__type_support.cpp.o[0m
[ 39%] [32mBuilding CXX object CMakeFiles/ublox_ubx_msgs__rosidl_typesupport_introspection_cpp.dir/rosidl_typesupport_introspection_cpp/ublox_ubx_msgs/msg/detail/ubx_esf_status__type_support.cpp.o[0m
[ 39%] [32mBuilding CXX object CMakeFiles/ublox_ubx_msgs__rosidl_typesupport_cpp.dir/rosidl_typesupport_cpp/ublox_ubx_msgs/msg/ubx_nav_rel_pos_ned__type_support.cpp.o[0m
[ 40%] [32mBuilding CXX object CMakeFiles/ublox_ubx_msgs__rosidl_typesupport_introspection_cpp.dir/rosidl_typesupport_introspection_cpp/ublox_ubx_msgs/msg/detail/ubx_nav_eoe__type_support.cpp.o[0m
[ 40%] [32mBuilding CXX object CMakeFiles/ublox_ubx_msgs__rosidl_typesupport_cpp.dir/rosidl_typesupport_cpp/ublox_ubx_msgs/msg/ubx_nav_sat__type_support.cpp.o[0m
[ 40%] [32mBuilding CXX object CMakeFiles/ublox_ubx_msgs__rosidl_typesupport_cpp.dir/rosidl_typesupport_cpp/ublox_ubx_msgs/msg/ubx_nav_sbas__type_support.cpp.o[0m
[ 40%] [32mBuilding CXX object CMakeFiles/ublox_ubx_msgs__rosidl_typesupport_introspection_cpp.dir/rosidl_typesupport_introspection_cpp/ublox_ubx_msgs/msg/detail/ubx_nav_clock__type_support.cpp.o[0m
[ 41%] [32mBuilding CXX object CMakeFiles/ublox_ubx_msgs__rosidl_typesupport_cpp.dir/rosidl_typesupport_cpp/ublox_ubx_msgs/msg/ubx_nav_sig__type_support.cpp.o[0m
[ 41%] [32mBuilding CXX object CMakeFiles/ublox_ubx_msgs__rosidl_typesupport_introspection_cpp.dir/rosidl_typesupport_introspection_cpp/ublox_ubx_msgs/msg/detail/ubx_nav_cov__type_support.cpp.o[0m
[ 41%] [32mBuilding CXX object CMakeFiles/ublox_ubx_msgs__rosidl_typesupport_cpp.dir/rosidl_typesupport_cpp/ublox_ubx_msgs/msg/ubx_nav_status__type_support.cpp.o[0m
[ 41%] [32mBuilding CXX object CMakeFiles/ublox_ubx_msgs__rosidl_typesupport_cpp.dir/rosidl_typesupport_cpp/ublox_ubx_msgs/msg/ubx_nav_time_utc__type_support.cpp.o[0m
[ 41%] [32mBuilding CXX object CMakeFiles/ublox_ubx_msgs__rosidl_typesupport_introspection_cpp.dir/rosidl_typesupport_introspection_cpp/ublox_ubx_msgs/msg/detail/ubx_nav_dop__type_support.cpp.o[0m
[ 41%] [32mBuilding CXX object CMakeFiles/ublox_ubx_msgs__rosidl_typesupport_cpp.dir/rosidl_typesupport_cpp/ublox_ubx_msgs/msg/ubx_nav_vel_ecef__type_support.cpp.o[0m
[ 42%] [32mBuilding CXX object CMakeFiles/ublox_ubx_msgs__rosidl_typesupport_introspection_cpp.dir/rosidl_typesupport_introspection_cpp/ublox_ubx_msgs/msg/detail/ubx_nav_hp_pos_ecef__type_support.cpp.o[0m
[ 43%] [32mBuilding CXX object CMakeFiles/ublox_ubx_msgs__rosidl_typesupport_cpp.dir/rosidl_typesupport_cpp/ublox_ubx_msgs/msg/ubx_nav_vel_ned__type_support.cpp.o[0m
[ 43%] [32mBuilding CXX object CMakeFiles/ublox_ubx_msgs__rosidl_typesupport_introspection_cpp.dir/rosidl_typesupport_introspection_cpp/ublox_ubx_msgs/msg/detail/ubx_nav_hp_pos_llh__type_support.cpp.o[0m
[ 43%] [32mBuilding CXX object CMakeFiles/ublox_ubx_msgs__rosidl_typesupport_cpp.dir/rosidl_typesupport_cpp/ublox_ubx_msgs/msg/ubx_rxm_measx__type_support.cpp.o[0m
[ 43%] [32mBuilding CXX object CMakeFiles/ublox_ubx_msgs__rosidl_typesupport_cpp.dir/rosidl_typesupport_cpp/ublox_ubx_msgs/msg/ubx_rxm_rawx__type_support.cpp.o[0m
[ 43%] [32mBuilding CXX object CMakeFiles/ublox_ubx_msgs__rosidl_typesupport_introspection_cpp.dir/rosidl_typesupport_introspection_cpp/ublox_ubx_msgs/msg/detail/ubx_nav_odo__type_support.cpp.o[0m
[ 43%] [32mBuilding CXX object CMakeFiles/ublox_ubx_msgs__rosidl_typesupport_cpp.dir/rosidl_typesupport_cpp/ublox_ubx_msgs/msg/ubx_rxm_rtcm__type_support.cpp.o[0m
[ 43%] [32mBuilding CXX object CMakeFiles/ublox_ubx_msgs__rosidl_typesupport_introspection_cpp.dir/rosidl_typesupport_introspection_cpp/ublox_ubx_msgs/msg/detail/ubx_nav_orb__type_support.cpp.o[0m
[ 43%] [32mBuilding CXX object CMakeFiles/ublox_ubx_msgs__rosidl_typesupport_cpp.dir/rosidl_typesupport_cpp/ublox_ubx_msgs/msg/ubx_sec_sig__type_support.cpp.o[0m
[ 44%] [32mBuilding CXX object CMakeFiles/ublox_ubx_msgs__rosidl_typesupport_cpp.dir/rosidl_typesupport_cpp/ublox_ubx_msgs/msg/ubx_sec_sig_log__type_support.cpp.o[0m
[ 44%] [32mBuilding CXX object CMakeFiles/ublox_ubx_msgs__rosidl_typesupport_introspection_cpp.dir/rosidl_typesupport_introspection_cpp/ublox_ubx_msgs/msg/detail/ubx_nav_pos_ecef__type_support.cpp.o[0m
[ 44%] [32mBuilding CXX object CMakeFiles/ublox_ubx_msgs__rosidl_typesupport_cpp.dir/rosidl_typesupport_cpp/ublox_ubx_msgs/msg/ubx_sec_uniqid__type_support.cpp.o[0m
[ 45%] [32mBuilding CXX object CMakeFiles/ublox_ubx_msgs__rosidl_typesupport_introspection_cpp.dir/rosidl_typesupport_introspection_cpp/ublox_ubx_msgs/msg/detail/ubx_nav_pos_llh__type_support.cpp.o[0m
[ 45%] [32mBuilding CXX object CMakeFiles/ublox_ubx_msgs__rosidl_typesupport_cpp.dir/rosidl_typesupport_cpp/ublox_ubx_msgs/msg/utc_std__type_support.cpp.o[0m
[ 45%] [32mBuilding CXX object CMakeFiles/ublox_ubx_msgs__rosidl_typesupport_introspection_cpp.dir/rosidl_typesupport_introspection_cpp/ublox_ubx_msgs/msg/detail/ubx_nav_pvt__type_support.cpp.o[0m
[ 45%] [32m[1mLinking CXX shared library libublox_ubx_msgs__rosidl_typesupport_cpp.so[0m
[ 45%] Built target ublox_ubx_msgs__rosidl_typesupport_cpp
[ 45%] [32mBuilding CXX object CMakeFiles/ublox_ubx_msgs__rosidl_typesupport_introspection_cpp.dir/rosidl_typesupport_introspection_cpp/ublox_ubx_msgs/msg/detail/ubx_nav_rel_pos_ned__type_support.cpp.o[0m
[ 45%] [32mBuilding CXX object CMakeFiles/ublox_ubx_msgs__rosidl_typesupport_introspection_cpp.dir/rosidl_typesupport_introspection_cpp/ublox_ubx_msgs/msg/detail/ubx_nav_sat__type_support.cpp.o[0m
[ 46%] [32mBuilding CXX object CMakeFiles/ublox_ubx_msgs__rosidl_typesupport_introspection_cpp.dir/rosidl_typesupport_introspection_cpp/ublox_ubx_msgs/msg/detail/ubx_nav_sbas__type_support.cpp.o[0m
[ 46%] [32mBuilding CXX object CMakeFiles/ublox_ubx_msgs__rosidl_typesupport_introspection_cpp.dir/rosidl_typesupport_introspection_cpp/ublox_ubx_msgs/msg/detail/ubx_nav_sig__type_support.cpp.o[0m
[ 46%] [32mBuilding CXX object CMakeFiles/ublox_ubx_msgs__rosidl_typesupport_introspection_cpp.dir/rosidl_typesupport_introspection_cpp/ublox_ubx_msgs/msg/detail/ubx_nav_status__type_support.cpp.o[0m
[ 46%] [32mBuilding CXX object CMakeFiles/ublox_ubx_msgs__rosidl_typesupport_introspection_cpp.dir/rosidl_typesupport_introspection_cpp/ublox_ubx_msgs/msg/detail/ubx_nav_time_utc__type_support.cpp.o[0m
[ 46%] [32mBuilding CXX object CMakeFiles/ublox_ubx_msgs__rosidl_typesupport_introspection_cpp.dir/rosidl_typesupport_introspection_cpp/ublox_ubx_msgs/msg/detail/ubx_nav_vel_ecef__type_support.cpp.o[0m
[ 47%] [32mBuilding CXX object CMakeFiles/ublox_ubx_msgs__rosidl_typesupport_introspection_cpp.dir/rosidl_typesupport_introspection_cpp/ublox_ubx_msgs/msg/detail/ubx_nav_vel_ned__type_support.cpp.o[0m
[ 47%] [32mBuilding CXX object CMakeFiles/ublox_ubx_msgs__rosidl_typesupport_introspection_cpp.dir/rosidl_typesupport_introspection_cpp/ublox_ubx_msgs/msg/detail/ubx_rxm_measx__type_support.cpp.o[0m
[ 47%] [32mBuilding CXX object CMakeFiles/ublox_ubx_msgs__rosidl_typesupport_introspection_cpp.dir/rosidl_typesupport_introspection_cpp/ublox_ubx_msgs/msg/detail/ubx_rxm_rawx__type_support.cpp.o[0m
[ 47%] [32mBuilding CXX object CMakeFiles/ublox_ubx_msgs__rosidl_typesupport_introspection_cpp.dir/rosidl_typesupport_introspection_cpp/ublox_ubx_msgs/msg/detail/ubx_rxm_rtcm__type_support.cpp.o[0m
[ 48%] [32mBuilding CXX object CMakeFiles/ublox_ubx_msgs__rosidl_typesupport_introspection_cpp.dir/rosidl_typesupport_introspection_cpp/ublox_ubx_msgs/msg/detail/ubx_sec_sig__type_support.cpp.o[0m
[ 48%] [32mBuilding CXX object CMakeFiles/ublox_ubx_msgs__rosidl_typesupport_introspection_cpp.dir/rosidl_typesupport_introspection_cpp/ublox_ubx_msgs/msg/detail/ubx_sec_sig_log__type_support.cpp.o[0m
[ 48%] [32mBuilding CXX object CMakeFiles/ublox_ubx_msgs__rosidl_typesupport_introspection_cpp.dir/rosidl_typesupport_introspection_cpp/ublox_ubx_msgs/msg/detail/ubx_sec_uniqid__type_support.cpp.o[0m
[ 48%] [32mBuilding CXX object CMakeFiles/ublox_ubx_msgs__rosidl_typesupport_introspection_cpp.dir/rosidl_typesupport_introspection_cpp/ublox_ubx_msgs/msg/detail/utc_std__type_support.cpp.o[0m
[ 49%] [32m[1mLinking CXX shared library libublox_ubx_msgs__rosidl_typesupport_introspection_cpp.so[0m
[ 49%] Built target ublox_ubx_msgs__rosidl_typesupport_introspection_cpp
[ 50%] [34m[1mGenerating C introspection for ROS interfaces[0m
[ 50%] [32mBuilding C object CMakeFiles/ublox_ubx_msgs__rosidl_typesupport_introspection_c.dir/rosidl_typesupport_introspection_c/ublox_ubx_msgs/msg/detail/carr_soln__type_support.c.o[0m
[ 50%] [32mBuilding C object CMakeFiles/ublox_ubx_msgs__rosidl_typesupport_introspection_c.dir/rosidl_typesupport_introspection_c/ublox_ubx_msgs/msg/detail/esf_meas_data_item__type_support.c.o[0m
[ 50%] [32mBuilding C object CMakeFiles/ublox_ubx_msgs__rosidl_typesupport_introspection_c.dir/rosidl_typesupport_introspection_c/ublox_ubx_msgs/msg/detail/esf_sensor_status__type_support.c.o[0m
[ 51%] [32mBuilding C object CMakeFiles/ublox_ubx_msgs__rosidl_typesupport_introspection_c.dir/rosidl_typesupport_introspection_c/ublox_ubx_msgs/msg/detail/gps_fix__type_support.c.o[0m
[ 51%] [32mBuilding C object CMakeFiles/ublox_ubx_msgs__rosidl_typesupport_introspection_c.dir/rosidl_typesupport_introspection_c/ublox_ubx_msgs/msg/detail/map_matching__type_support.c.o[0m
[ 51%] [32mBuilding C object CMakeFiles/ublox_ubx_msgs__rosidl_typesupport_introspection_c.dir/rosidl_typesupport_introspection_c/ublox_ubx_msgs/msg/detail/measx_data__type_support.c.o[0m
[ 51%] [32mBuilding C object CMakeFiles/ublox_ubx_msgs__rosidl_typesupport_introspection_c.dir/rosidl_typesupport_introspection_c/ublox_ubx_msgs/msg/detail/orb_alm_info__type_support.c.o[0m
[ 51%] [32mBuilding C object CMakeFiles/ublox_ubx_msgs__rosidl_typesupport_introspection_c.dir/rosidl_typesupport_introspection_c/ublox_ubx_msgs/msg/detail/orb_eph_info__type_support.c.o[0m
[ 52%] [32mBuilding C object CMakeFiles/ublox_ubx_msgs__rosidl_typesupport_introspection_c.dir/rosidl_typesupport_introspection_c/ublox_ubx_msgs/msg/detail/orb_sv_flag__type_support.c.o[0m
[ 52%] [32mBuilding C object CMakeFiles/ublox_ubx_msgs__rosidl_typesupport_introspection_c.dir/rosidl_typesupport_introspection_c/ublox_ubx_msgs/msg/detail/orb_sv_info__type_support.c.o[0m
[ 52%] [32mBuilding C object CMakeFiles/ublox_ubx_msgs__rosidl_typesupport_introspection_c.dir/rosidl_typesupport_introspection_c/ublox_ubx_msgs/msg/detail/other_orb_info__type_support.c.o[0m
[ 52%] [32mBuilding C object CMakeFiles/ublox_ubx_msgs__rosidl_typesupport_introspection_c.dir/rosidl_typesupport_introspection_c/ublox_ubx_msgs/msg/detail/psmpvt__type_support.c.o[0m
[ 53%] [32mBuilding C object CMakeFiles/ublox_ubx_msgs__rosidl_typesupport_introspection_c.dir/rosidl_typesupport_introspection_c/ublox_ubx_msgs/msg/detail/psm_status__type_support.c.o[0m
[ 53%] [32mBuilding C object CMakeFiles/ublox_ubx_msgs__rosidl_typesupport_introspection_c.dir/rosidl_typesupport_introspection_c/ublox_ubx_msgs/msg/detail/rawx_data__type_support.c.o[0m
[ 53%] [32mBuilding C object CMakeFiles/ublox_ubx_msgs__rosidl_typesupport_introspection_c.dir/rosidl_typesupport_introspection_c/ublox_ubx_msgs/msg/detail/rec_stat__type_support.c.o[0m
[ 53%] [32mBuilding C object CMakeFiles/ublox_ubx_msgs__rosidl_typesupport_introspection_c.dir/rosidl_typesupport_introspection_c/ublox_ubx_msgs/msg/detail/sat_flags__type_support.c.o[0m
[ 53%] [32mBuilding C object CMakeFiles/ublox_ubx_msgs__rosidl_typesupport_introspection_c.dir/rosidl_typesupport_introspection_c/ublox_ubx_msgs/msg/detail/sat_info__type_support.c.o[0m
[ 54%] [32mBuilding C object CMakeFiles/ublox_ubx_msgs__rosidl_typesupport_introspection_c.dir/rosidl_typesupport_introspection_c/ublox_ubx_msgs/msg/detail/sbas_service__type_support.c.o[0m
[ 54%] [32mBuilding C object CMakeFiles/ublox_ubx_msgs__rosidl_typesupport_introspection_c.dir/rosidl_typesupport_introspection_c/ublox_ubx_msgs/msg/detail/sbas_status_flags__type_support.c.o[0m
[ 54%] [32mBuilding C object CMakeFiles/ublox_ubx_msgs__rosidl_typesupport_introspection_c.dir/rosidl_typesupport_introspection_c/ublox_ubx_msgs/msg/detail/sbas_sv_data__type_support.c.o[0m
[ 54%] [32mBuilding C object CMakeFiles/ublox_ubx_msgs__rosidl_typesupport_introspection_c.dir/rosidl_typesupport_introspection_c/ublox_ubx_msgs/msg/detail/sig_data__type_support.c.o[0m
[ 55%] [32mBuilding C object CMakeFiles/ublox_ubx_msgs__rosidl_typesupport_introspection_c.dir/rosidl_typesupport_introspection_c/ublox_ubx_msgs/msg/detail/sig_flags__type_support.c.o[0m
[ 55%] [32mBuilding C object CMakeFiles/ublox_ubx_msgs__rosidl_typesupport_introspection_c.dir/rosidl_typesupport_introspection_c/ublox_ubx_msgs/msg/detail/sig_log_event__type_support.c.o[0m
[ 55%] [32mBuilding C object CMakeFiles/ublox_ubx_msgs__rosidl_typesupport_introspection_c.dir/rosidl_typesupport_introspection_c/ublox_ubx_msgs/msg/detail/spoof_det__type_support.c.o[0m
[ 55%] [32mBuilding C object CMakeFiles/ublox_ubx_msgs__rosidl_typesupport_introspection_c.dir/rosidl_typesupport_introspection_c/ublox_ubx_msgs/msg/detail/trk_stat__type_support.c.o[0m
[ 55%] [32mBuilding C object CMakeFiles/ublox_ubx_msgs__rosidl_typesupport_introspection_c.dir/rosidl_typesupport_introspection_c/ublox_ubx_msgs/msg/detail/ubx_esf_meas__type_support.c.o[0m
[ 56%] [32mBuilding C object CMakeFiles/ublox_ubx_msgs__rosidl_typesupport_introspection_c.dir/rosidl_typesupport_introspection_c/ublox_ubx_msgs/msg/detail/ubx_esf_status__type_support.c.o[0m
[ 56%] [32mBuilding C object CMakeFiles/ublox_ubx_msgs__rosidl_typesupport_introspection_c.dir/rosidl_typesupport_introspection_c/ublox_ubx_msgs/msg/detail/ubx_nav_eoe__type_support.c.o[0m
[ 56%] [32mBuilding C object CMakeFiles/ublox_ubx_msgs__rosidl_typesupport_introspection_c.dir/rosidl_typesupport_introspection_c/ublox_ubx_msgs/msg/detail/ubx_nav_clock__type_support.c.o[0m
[ 56%] [32mBuilding C object CMakeFiles/ublox_ubx_msgs__rosidl_typesupport_introspection_c.dir/rosidl_typesupport_introspection_c/ublox_ubx_msgs/msg/detail/ubx_nav_cov__type_support.c.o[0m
[ 57%] [32mBuilding C object CMakeFiles/ublox_ubx_msgs__rosidl_typesupport_introspection_c.dir/rosidl_typesupport_introspection_c/ublox_ubx_msgs/msg/detail/ubx_nav_dop__type_support.c.o[0m
[ 57%] [32mBuilding C object CMakeFiles/ublox_ubx_msgs__rosidl_typesupport_introspection_c.dir/rosidl_typesupport_introspection_c/ublox_ubx_msgs/msg/detail/ubx_nav_hp_pos_ecef__type_support.c.o[0m
[ 57%] [32mBuilding C object CMakeFiles/ublox_ubx_msgs__rosidl_typesupport_introspection_c.dir/rosidl_typesupport_introspection_c/ublox_ubx_msgs/msg/detail/ubx_nav_hp_pos_llh__type_support.c.o[0m
[ 57%] [32mBuilding C object CMakeFiles/ublox_ubx_msgs__rosidl_typesupport_introspection_c.dir/rosidl_typesupport_introspection_c/ublox_ubx_msgs/msg/detail/ubx_nav_odo__type_support.c.o[0m
[ 57%] [32mBuilding C object CMakeFiles/ublox_ubx_msgs__rosidl_typesupport_introspection_c.dir/rosidl_typesupport_introspection_c/ublox_ubx_msgs/msg/detail/ubx_nav_orb__type_support.c.o[0m
[ 58%] [32mBuilding C object CMakeFiles/ublox_ubx_msgs__rosidl_typesupport_introspection_c.dir/rosidl_typesupport_introspection_c/ublox_ubx_msgs/msg/detail/ubx_nav_pos_ecef__type_support.c.o[0m
[ 58%] [32mBuilding C object CMakeFiles/ublox_ubx_msgs__rosidl_typesupport_introspection_c.dir/rosidl_typesupport_introspection_c/ublox_ubx_msgs/msg/detail/ubx_nav_pos_llh__type_support.c.o[0m
[ 58%] [32mBuilding C object CMakeFiles/ublox_ubx_msgs__rosidl_typesupport_introspection_c.dir/rosidl_typesupport_introspection_c/ublox_ubx_msgs/msg/detail/ubx_nav_pvt__type_support.c.o[0m
[ 58%] [32mBuilding C object CMakeFiles/ublox_ubx_msgs__rosidl_typesupport_introspection_c.dir/rosidl_typesupport_introspection_c/ublox_ubx_msgs/msg/detail/ubx_nav_rel_pos_ned__type_support.c.o[0m
[ 59%] [32mBuilding C object CMakeFiles/ublox_ubx_msgs__rosidl_typesupport_introspection_c.dir/rosidl_typesupport_introspection_c/ublox_ubx_msgs/msg/detail/ubx_nav_sat__type_support.c.o[0m
[ 59%] [32mBuilding C object CMakeFiles/ublox_ubx_msgs__rosidl_typesupport_introspection_c.dir/rosidl_typesupport_introspection_c/ublox_ubx_msgs/msg/detail/ubx_nav_sbas__type_support.c.o[0m
[ 59%] [32mBuilding C object CMakeFiles/ublox_ubx_msgs__rosidl_typesupport_introspection_c.dir/rosidl_typesupport_introspection_c/ublox_ubx_msgs/msg/detail/ubx_nav_sig__type_support.c.o[0m
[ 59%] [32mBuilding C object CMakeFiles/ublox_ubx_msgs__rosidl_typesupport_introspection_c.dir/rosidl_typesupport_introspection_c/ublox_ubx_msgs/msg/detail/ubx_nav_status__type_support.c.o[0m
[ 60%] [32mBuilding C object CMakeFiles/ublox_ubx_msgs__rosidl_typesupport_introspection_c.dir/rosidl_typesupport_introspection_c/ublox_ubx_msgs/msg/detail/ubx_nav_time_utc__type_support.c.o[0m
[ 60%] [32mBuilding C object CMakeFiles/ublox_ubx_msgs__rosidl_typesupport_introspection_c.dir/rosidl_typesupport_introspection_c/ublox_ubx_msgs/msg/detail/ubx_nav_vel_ecef__type_support.c.o[0m
[ 60%] [32mBuilding C object CMakeFiles/ublox_ubx_msgs__rosidl_typesupport_introspection_c.dir/rosidl_typesupport_introspection_c/ublox_ubx_msgs/msg/detail/ubx_nav_vel_ned__type_support.c.o[0m
[ 60%] [32mBuilding C object CMakeFiles/ublox_ubx_msgs__rosidl_typesupport_introspection_c.dir/rosidl_typesupport_introspection_c/ublox_ubx_msgs/msg/detail/ubx_rxm_measx__type_support.c.o[0m
[ 60%] [32mBuilding C object CMakeFiles/ublox_ubx_msgs__rosidl_typesupport_introspection_c.dir/rosidl_typesupport_introspection_c/ublox_ubx_msgs/msg/detail/ubx_rxm_rawx__type_support.c.o[0m
[ 61%] [32mBuilding C object CMakeFiles/ublox_ubx_msgs__rosidl_typesupport_introspection_c.dir/rosidl_typesupport_introspection_c/ublox_ubx_msgs/msg/detail/ubx_rxm_rtcm__type_support.c.o[0m
[ 61%] [32mBuilding C object CMakeFiles/ublox_ubx_msgs__rosidl_typesupport_introspection_c.dir/rosidl_typesupport_introspection_c/ublox_ubx_msgs/msg/detail/ubx_sec_sig__type_support.c.o[0m
[ 61%] [32mBuilding C object CMakeFiles/ublox_ubx_msgs__rosidl_typesupport_introspection_c.dir/rosidl_typesupport_introspection_c/ublox_ubx_msgs/msg/detail/ubx_sec_sig_log__type_support.c.o[0m
[ 61%] [32mBuilding C object CMakeFiles/ublox_ubx_msgs__rosidl_typesupport_introspection_c.dir/rosidl_typesupport_introspection_c/ublox_ubx_msgs/msg/detail/ubx_sec_uniqid__type_support.c.o[0m
[ 62%] [32mBuilding C object CMakeFiles/ublox_ubx_msgs__rosidl_typesupport_introspection_c.dir/rosidl_typesupport_introspection_c/ublox_ubx_msgs/msg/detail/utc_std__type_support.c.o[0m
[ 62%] [32m[1mLinking C shared library libublox_ubx_msgs__rosidl_typesupport_introspection_c.so[0m
[ 62%] Built target ublox_ubx_msgs__rosidl_typesupport_introspection_c
[ 63%] [34m[1mGenerating C type support for eProsima Fast-RTPS[0m
[ 64%] [34m[1mGenerating C type support dispatch for ROS interfaces[0m
[ 64%] [32mBuilding CXX object CMakeFiles/ublox_ubx_msgs__rosidl_typesupport_c.dir/rosidl_typesupport_c/ublox_ubx_msgs/msg/carr_soln__type_support.cpp.o[0m
[ 64%] [32mBuilding CXX object CMakeFiles/ublox_ubx_msgs__rosidl_typesupport_c.dir/rosidl_typesupport_c/ublox_ubx_msgs/msg/esf_meas_data_item__type_support.cpp.o[0m
[ 64%] [32mBuilding CXX object CMakeFiles/ublox_ubx_msgs__rosidl_typesupport_c.dir/rosidl_typesupport_c/ublox_ubx_msgs/msg/esf_sensor_status__type_support.cpp.o[0m
[ 64%] [32mBuilding CXX object CMakeFiles/ublox_ubx_msgs__rosidl_typesupport_c.dir/rosidl_typesupport_c/ublox_ubx_msgs/msg/gps_fix__type_support.cpp.o[0m
[ 65%] [32mBuilding CXX object CMakeFiles/ublox_ubx_msgs__rosidl_typesupport_c.dir/rosidl_typesupport_c/ublox_ubx_msgs/msg/map_matching__type_support.cpp.o[0m
[ 65%] [32mBuilding CXX object CMakeFiles/ublox_ubx_msgs__rosidl_typesupport_c.dir/rosidl_typesupport_c/ublox_ubx_msgs/msg/measx_data__type_support.cpp.o[0m
[ 65%] [32mBuilding CXX object CMakeFiles/ublox_ubx_msgs__rosidl_typesupport_c.dir/rosidl_typesupport_c/ublox_ubx_msgs/msg/orb_alm_info__type_support.cpp.o[0m
[ 65%] [32mBuilding CXX object CMakeFiles/ublox_ubx_msgs__rosidl_typesupport_c.dir/rosidl_typesupport_c/ublox_ubx_msgs/msg/orb_eph_info__type_support.cpp.o[0m
[ 66%] [32mBuilding CXX object CMakeFiles/ublox_ubx_msgs__rosidl_typesupport_c.dir/rosidl_typesupport_c/ublox_ubx_msgs/msg/orb_sv_flag__type_support.cpp.o[0m
[ 66%] [32mBuilding CXX object CMakeFiles/ublox_ubx_msgs__rosidl_typesupport_c.dir/rosidl_typesupport_c/ublox_ubx_msgs/msg/orb_sv_info__type_support.cpp.o[0m
[ 66%] [32mBuilding CXX object CMakeFiles/ublox_ubx_msgs__rosidl_typesupport_c.dir/rosidl_typesupport_c/ublox_ubx_msgs/msg/other_orb_info__type_support.cpp.o[0m
[ 66%] [32mBuilding CXX object CMakeFiles/ublox_ubx_msgs__rosidl_typesupport_c.dir/rosidl_typesupport_c/ublox_ubx_msgs/msg/psmpvt__type_support.cpp.o[0m
[ 66%] [32mBuilding CXX object CMakeFiles/ublox_ubx_msgs__rosidl_typesupport_c.dir/rosidl_typesupport_c/ublox_ubx_msgs/msg/psm_status__type_support.cpp.o[0m
[ 67%] [32mBuilding CXX object CMakeFiles/ublox_ubx_msgs__rosidl_typesupport_c.dir/rosidl_typesupport_c/ublox_ubx_msgs/msg/rawx_data__type_support.cpp.o[0m
[ 67%] [32mBuilding CXX object CMakeFiles/ublox_ubx_msgs__rosidl_typesupport_c.dir/rosidl_typesupport_c/ublox_ubx_msgs/msg/rec_stat__type_support.cpp.o[0m
[ 67%] [32mBuilding CXX object CMakeFiles/ublox_ubx_msgs__rosidl_typesupport_c.dir/rosidl_typesupport_c/ublox_ubx_msgs/msg/sat_flags__type_support.cpp.o[0m
[ 67%] [32mBuilding CXX object CMakeFiles/ublox_ubx_msgs__rosidl_typesupport_c.dir/rosidl_typesupport_c/ublox_ubx_msgs/msg/sat_info__type_support.cpp.o[0m
[ 68%] [32mBuilding CXX object CMakeFiles/ublox_ubx_msgs__rosidl_typesupport_c.dir/rosidl_typesupport_c/ublox_ubx_msgs/msg/sbas_service__type_support.cpp.o[0m
[ 68%] [32mBuilding CXX object CMakeFiles/ublox_ubx_msgs__rosidl_typesupport_c.dir/rosidl_typesupport_c/ublox_ubx_msgs/msg/sbas_status_flags__type_support.cpp.o[0m
[ 68%] [32mBuilding CXX object CMakeFiles/ublox_ubx_msgs__rosidl_typesupport_c.dir/rosidl_typesupport_c/ublox_ubx_msgs/msg/sbas_sv_data__type_support.cpp.o[0m
[ 68%] [32mBuilding CXX object CMakeFiles/ublox_ubx_msgs__rosidl_typesupport_c.dir/rosidl_typesupport_c/ublox_ubx_msgs/msg/sig_data__type_support.cpp.o[0m
[ 68%] [32mBuilding CXX object CMakeFiles/ublox_ubx_msgs__rosidl_typesupport_c.dir/rosidl_typesupport_c/ublox_ubx_msgs/msg/sig_flags__type_support.cpp.o[0m
[ 69%] [32mBuilding CXX object CMakeFiles/ublox_ubx_msgs__rosidl_typesupport_c.dir/rosidl_typesupport_c/ublox_ubx_msgs/msg/sig_log_event__type_support.cpp.o[0m
[ 69%] [32mBuilding CXX object CMakeFiles/ublox_ubx_msgs__rosidl_typesupport_c.dir/rosidl_typesupport_c/ublox_ubx_msgs/msg/spoof_det__type_support.cpp.o[0m
[ 69%] [32mBuilding CXX object CMakeFiles/ublox_ubx_msgs__rosidl_typesupport_c.dir/rosidl_typesupport_c/ublox_ubx_msgs/msg/trk_stat__type_support.cpp.o[0m
[ 69%] [32mBuilding CXX object CMakeFiles/ublox_ubx_msgs__rosidl_typesupport_c.dir/rosidl_typesupport_c/ublox_ubx_msgs/msg/ubx_esf_meas__type_support.cpp.o[0m
[ 70%] [32mBuilding CXX object CMakeFiles/ublox_ubx_msgs__rosidl_typesupport_c.dir/rosidl_typesupport_c/ublox_ubx_msgs/msg/ubx_esf_status__type_support.cpp.o[0m
[ 70%] [32mBuilding CXX object CMakeFiles/ublox_ubx_msgs__rosidl_typesupport_c.dir/rosidl_typesupport_c/ublox_ubx_msgs/msg/ubx_nav_eoe__type_support.cpp.o[0m
[ 70%] [32mBuilding CXX object CMakeFiles/ublox_ubx_msgs__rosidl_typesupport_c.dir/rosidl_typesupport_c/ublox_ubx_msgs/msg/ubx_nav_clock__type_support.cpp.o[0m
[ 70%] [32mBuilding CXX object CMakeFiles/ublox_ubx_msgs__rosidl_typesupport_c.dir/rosidl_typesupport_c/ublox_ubx_msgs/msg/ubx_nav_cov__type_support.cpp.o[0m
[ 70%] [32mBuilding CXX object CMakeFiles/ublox_ubx_msgs__rosidl_typesupport_fastrtps_c.dir/rosidl_typesupport_fastrtps_c/ublox_ubx_msgs/msg/detail/carr_soln__type_support_c.cpp.o[0m
[ 70%] [32mBuilding CXX object CMakeFiles/ublox_ubx_msgs__rosidl_typesupport_c.dir/rosidl_typesupport_c/ublox_ubx_msgs/msg/ubx_nav_dop__type_support.cpp.o[0m
[ 71%] [32mBuilding CXX object CMakeFiles/ublox_ubx_msgs__rosidl_typesupport_c.dir/rosidl_typesupport_c/ublox_ubx_msgs/msg/ubx_nav_hp_pos_ecef__type_support.cpp.o[0m
[ 71%] [32mBuilding CXX object CMakeFiles/ublox_ubx_msgs__rosidl_typesupport_c.dir/rosidl_typesupport_c/ublox_ubx_msgs/msg/ubx_nav_hp_pos_llh__type_support.cpp.o[0m
[ 71%] [32mBuilding CXX object CMakeFiles/ublox_ubx_msgs__rosidl_typesupport_c.dir/rosidl_typesupport_c/ublox_ubx_msgs/msg/ubx_nav_odo__type_support.cpp.o[0m
[ 71%] [32mBuilding CXX object CMakeFiles/ublox_ubx_msgs__rosidl_typesupport_c.dir/rosidl_typesupport_c/ublox_ubx_msgs/msg/ubx_nav_orb__type_support.cpp.o[0m
[ 72%] [32mBuilding CXX object CMakeFiles/ublox_ubx_msgs__rosidl_typesupport_c.dir/rosidl_typesupport_c/ublox_ubx_msgs/msg/ubx_nav_pos_ecef__type_support.cpp.o[0m
[ 72%] [32mBuilding CXX object CMakeFiles/ublox_ubx_msgs__rosidl_typesupport_c.dir/rosidl_typesupport_c/ublox_ubx_msgs/msg/ubx_nav_pos_llh__type_support.cpp.o[0m
[ 72%] [32mBuilding CXX object CMakeFiles/ublox_ubx_msgs__rosidl_typesupport_c.dir/rosidl_typesupport_c/ublox_ubx_msgs/msg/ubx_nav_pvt__type_support.cpp.o[0m
[ 72%] [32mBuilding CXX object CMakeFiles/ublox_ubx_msgs__rosidl_typesupport_c.dir/rosidl_typesupport_c/ublox_ubx_msgs/msg/ubx_nav_rel_pos_ned__type_support.cpp.o[0m
[ 73%] [32mBuilding CXX object CMakeFiles/ublox_ubx_msgs__rosidl_typesupport_c.dir/rosidl_typesupport_c/ublox_ubx_msgs/msg/ubx_nav_sat__type_support.cpp.o[0m
[ 73%] [32mBuilding CXX object CMakeFiles/ublox_ubx_msgs__rosidl_typesupport_fastrtps_c.dir/rosidl_typesupport_fastrtps_c/ublox_ubx_msgs/msg/detail/esf_meas_data_item__type_support_c.cpp.o[0m
[ 73%] [32mBuilding CXX object CMakeFiles/ublox_ubx_msgs__rosidl_typesupport_c.dir/rosidl_typesupport_c/ublox_ubx_msgs/msg/ubx_nav_sbas__type_support.cpp.o[0m
[ 73%] [32mBuilding CXX object CMakeFiles/ublox_ubx_msgs__rosidl_typesupport_c.dir/rosidl_typesupport_c/ublox_ubx_msgs/msg/ubx_nav_sig__type_support.cpp.o[0m
[ 73%] [32mBuilding CXX object CMakeFiles/ublox_ubx_msgs__rosidl_typesupport_c.dir/rosidl_typesupport_c/ublox_ubx_msgs/msg/ubx_nav_status__type_support.cpp.o[0m
[ 73%] [32mBuilding CXX object CMakeFiles/ublox_ubx_msgs__rosidl_typesupport_c.dir/rosidl_typesupport_c/ublox_ubx_msgs/msg/ubx_nav_time_utc__type_support.cpp.o[0m
[ 74%] [32mBuilding CXX object CMakeFiles/ublox_ubx_msgs__rosidl_typesupport_c.dir/rosidl_typesupport_c/ublox_ubx_msgs/msg/ubx_nav_vel_ecef__type_support.cpp.o[0m
[ 74%] [32mBuilding CXX object CMakeFiles/ublox_ubx_msgs__rosidl_typesupport_c.dir/rosidl_typesupport_c/ublox_ubx_msgs/msg/ubx_nav_vel_ned__type_support.cpp.o[0m
[ 74%] [32mBuilding CXX object CMakeFiles/ublox_ubx_msgs__rosidl_typesupport_c.dir/rosidl_typesupport_c/ublox_ubx_msgs/msg/ubx_rxm_measx__type_support.cpp.o[0m
[ 74%] [32mBuilding CXX object CMakeFiles/ublox_ubx_msgs__rosidl_typesupport_c.dir/rosidl_typesupport_c/ublox_ubx_msgs/msg/ubx_rxm_rawx__type_support.cpp.o[0m
[ 75%] [32mBuilding CXX object CMakeFiles/ublox_ubx_msgs__rosidl_typesupport_c.dir/rosidl_typesupport_c/ublox_ubx_msgs/msg/ubx_rxm_rtcm__type_support.cpp.o[0m
[ 75%] [32mBuilding CXX object CMakeFiles/ublox_ubx_msgs__rosidl_typesupport_c.dir/rosidl_typesupport_c/ublox_ubx_msgs/msg/ubx_sec_sig__type_support.cpp.o[0m
[ 75%] [32mBuilding CXX object CMakeFiles/ublox_ubx_msgs__rosidl_typesupport_c.dir/rosidl_typesupport_c/ublox_ubx_msgs/msg/ubx_sec_sig_log__type_support.cpp.o[0m
[ 75%] [32mBuilding CXX object CMakeFiles/ublox_ubx_msgs__rosidl_typesupport_c.dir/rosidl_typesupport_c/ublox_ubx_msgs/msg/ubx_sec_uniqid__type_support.cpp.o[0m
[ 75%] [32mBuilding CXX object CMakeFiles/ublox_ubx_msgs__rosidl_typesupport_fastrtps_c.dir/rosidl_typesupport_fastrtps_c/ublox_ubx_msgs/msg/detail/esf_sensor_status__type_support_c.cpp.o[0m
[ 75%] [32mBuilding CXX object CMakeFiles/ublox_ubx_msgs__rosidl_typesupport_c.dir/rosidl_typesupport_c/ublox_ubx_msgs/msg/utc_std__type_support.cpp.o[0m
[ 76%] [32m[1mLinking CXX shared library libublox_ubx_msgs__rosidl_typesupport_c.so[0m
[ 76%] Built target ublox_ubx_msgs__rosidl_typesupport_c
[ 76%] [32mBuilding CXX object CMakeFiles/ublox_ubx_msgs__rosidl_typesupport_fastrtps_c.dir/rosidl_typesupport_fastrtps_c/ublox_ubx_msgs/msg/detail/map_matching__type_support_c.cpp.o[0m
[ 76%] [32mBuilding CXX object CMakeFiles/ublox_ubx_msgs__rosidl_typesupport_fastrtps_c.dir/rosidl_typesupport_fastrtps_c/ublox_ubx_msgs/msg/detail/measx_data__type_support_c.cpp.o[0m
[ 76%] [32mBuilding CXX object CMakeFiles/ublox_ubx_msgs__rosidl_typesupport_fastrtps_c.dir/rosidl_typesupport_fastrtps_c/ublox_ubx_msgs/msg/detail/orb_alm_info__type_support_c.cpp.o[0m
[ 76%] [32mBuilding CXX object CMakeFiles/ublox_ubx_msgs__rosidl_typesupport_fastrtps_c.dir/rosidl_typesupport_fastrtps_c/ublox_ubx_msgs/msg/detail/orb_eph_info__type_support_c.cpp.o[0m
[ 77%] [32mBuilding CXX object CMakeFiles/ublox_ubx_msgs__rosidl_typesupport_fastrtps_c.dir/rosidl_typesupport_fastrtps_c/ublox_ubx_msgs/msg/detail/orb_sv_flag__type_support_c.cpp.o[0m
[ 77%] [32mBuilding CXX object CMakeFiles/ublox_ubx_msgs__rosidl_typesupport_fastrtps_c.dir/rosidl_typesupport_fastrtps_c/ublox_ubx_msgs/msg/detail/orb_sv_info__type_support_c.cpp.o[0m
[ 77%] [32mBuilding CXX object CMakeFiles/ublox_ubx_msgs__rosidl_typesupport_fastrtps_c.dir/rosidl_typesupport_fastrtps_c/ublox_ubx_msgs/msg/detail/other_orb_info__type_support_c.cpp.o[0m
[ 77%] [32mBuilding CXX object CMakeFiles/ublox_ubx_msgs__rosidl_typesupport_fastrtps_c.dir/rosidl_typesupport_fastrtps_c/ublox_ubx_msgs/msg/detail/psmpvt__type_support_c.cpp.o[0m
[ 78%] [32mBuilding CXX object CMakeFiles/ublox_ubx_msgs__rosidl_typesupport_fastrtps_c.dir/rosidl_typesupport_fastrtps_c/ublox_ubx_msgs/msg/detail/psm_status__type_support_c.cpp.o[0m
[ 78%] [32mBuilding CXX object CMakeFiles/ublox_ubx_msgs__rosidl_typesupport_fastrtps_c.dir/rosidl_typesupport_fastrtps_c/ublox_ubx_msgs/msg/detail/rawx_data__type_support_c.cpp.o[0m
[ 78%] [32mBuilding CXX object CMakeFiles/ublox_ubx_msgs__rosidl_typesupport_fastrtps_c.dir/rosidl_typesupport_fastrtps_c/ublox_ubx_msgs/msg/detail/rec_stat__type_support_c.cpp.o[0m
[ 78%] [32mBuilding CXX object CMakeFiles/ublox_ubx_msgs__rosidl_typesupport_fastrtps_c.dir/rosidl_typesupport_fastrtps_c/ublox_ubx_msgs/msg/detail/sat_flags__type_support_c.cpp.o[0m
[ 78%] [32mBuilding CXX object CMakeFiles/ublox_ubx_msgs__rosidl_typesupport_fastrtps_c.dir/rosidl_typesupport_fastrtps_c/ublox_ubx_msgs/msg/detail/sat_info__type_support_c.cpp.o[0m
[ 79%] [32mBuilding CXX object CMakeFiles/ublox_ubx_msgs__rosidl_typesupport_fastrtps_c.dir/rosidl_typesupport_fastrtps_c/ublox_ubx_msgs/msg/detail/sbas_service__type_support_c.cpp.o[0m
[ 79%] [32mBuilding CXX object CMakeFiles/ublox_ubx_msgs__rosidl_typesupport_fastrtps_c.dir/rosidl_typesupport_fastrtps_c/ublox_ubx_msgs/msg/detail/sbas_status_flags__type_support_c.cpp.o[0m
[ 79%] [32mBuilding CXX object CMakeFiles/ublox_ubx_msgs__rosidl_typesupport_fastrtps_c.dir/rosidl_typesupport_fastrtps_c/ublox_ubx_msgs/msg/detail/sbas_sv_data__type_support_c.cpp.o[0m
[ 79%] [32mBuilding CXX object CMakeFiles/ublox_ubx_msgs__rosidl_typesupport_fastrtps_c.dir/rosidl_typesupport_fastrtps_c/ublox_ubx_msgs/msg/detail/sig_data__type_support_c.cpp.o[0m
[ 80%] [32mBuilding CXX object CMakeFiles/ublox_ubx_msgs__rosidl_typesupport_fastrtps_c.dir/rosidl_typesupport_fastrtps_c/ublox_ubx_msgs/msg/detail/sig_flags__type_support_c.cpp.o[0m
[ 80%] [32mBuilding CXX object CMakeFiles/ublox_ubx_msgs__rosidl_typesupport_fastrtps_c.dir/rosidl_typesupport_fastrtps_c/ublox_ubx_msgs/msg/detail/sig_log_event__type_support_c.cpp.o[0m
[ 80%] [32mBuilding CXX object CMakeFiles/ublox_ubx_msgs__rosidl_typesupport_fastrtps_c.dir/rosidl_typesupport_fastrtps_c/ublox_ubx_msgs/msg/detail/spoof_det__type_support_c.cpp.o[0m
[ 80%] [32mBuilding CXX object CMakeFiles/ublox_ubx_msgs__rosidl_typesupport_fastrtps_c.dir/rosidl_typesupport_fastrtps_c/ublox_ubx_msgs/msg/detail/trk_stat__type_support_c.cpp.o[0m
[ 80%] [32mBuilding CXX object CMakeFiles/ublox_ubx_msgs__rosidl_typesupport_fastrtps_c.dir/rosidl_typesupport_fastrtps_c/ublox_ubx_msgs/msg/detail/ubx_esf_meas__type_support_c.cpp.o[0m
[ 81%] [32mBuilding CXX object CMakeFiles/ublox_ubx_msgs__rosidl_typesupport_fastrtps_c.dir/rosidl_typesupport_fastrtps_c/ublox_ubx_msgs/msg/detail/ubx_esf_status__type_support_c.cpp.o[0m
[ 81%] [32mBuilding CXX object CMakeFiles/ublox_ubx_msgs__rosidl_typesupport_fastrtps_c.dir/rosidl_typesupport_fastrtps_c/ublox_ubx_msgs/msg/detail/ubx_nav_eoe__type_support_c.cpp.o[0m
[ 81%] [32mBuilding CXX object CMakeFiles/ublox_ubx_msgs__rosidl_typesupport_fastrtps_c.dir/rosidl_typesupport_fastrtps_c/ublox_ubx_msgs/msg/detail/ubx_nav_clock__type_support_c.cpp.o[0m
[ 81%] [32mBuilding CXX object CMakeFiles/ublox_ubx_msgs__rosidl_typesupport_fastrtps_c.dir/rosidl_typesupport_fastrtps_c/ublox_ubx_msgs/msg/detail/ubx_nav_cov__type_support_c.cpp.o[0m
[ 82%] [32mBuilding CXX object CMakeFiles/ublox_ubx_msgs__rosidl_typesupport_fastrtps_c.dir/rosidl_typesupport_fastrtps_c/ublox_ubx_msgs/msg/detail/ubx_nav_dop__type_support_c.cpp.o[0m
[ 82%] [32mBuilding CXX object CMakeFiles/ublox_ubx_msgs__rosidl_typesupport_fastrtps_c.dir/rosidl_typesupport_fastrtps_c/ublox_ubx_msgs/msg/detail/ubx_nav_hp_pos_ecef__type_support_c.cpp.o[0m
[ 82%] [32mBuilding CXX object CMakeFiles/ublox_ubx_msgs__rosidl_typesupport_fastrtps_c.dir/rosidl_typesupport_fastrtps_c/ublox_ubx_msgs/msg/detail/ubx_nav_hp_pos_llh__type_support_c.cpp.o[0m
[ 82%] [32mBuilding CXX object CMakeFiles/ublox_ubx_msgs__rosidl_typesupport_fastrtps_c.dir/rosidl_typesupport_fastrtps_c/ublox_ubx_msgs/msg/detail/ubx_nav_odo__type_support_c.cpp.o[0m
[ 82%] [32mBuilding CXX object CMakeFiles/ublox_ubx_msgs__rosidl_typesupport_fastrtps_c.dir/rosidl_typesupport_fastrtps_c/ublox_ubx_msgs/msg/detail/ubx_nav_orb__type_support_c.cpp.o[0m
[ 83%] [32mBuilding CXX object CMakeFiles/ublox_ubx_msgs__rosidl_typesupport_fastrtps_c.dir/rosidl_typesupport_fastrtps_c/ublox_ubx_msgs/msg/detail/ubx_nav_pos_ecef__type_support_c.cpp.o[0m
[ 83%] [32mBuilding CXX object CMakeFiles/ublox_ubx_msgs__rosidl_typesupport_fastrtps_c.dir/rosidl_typesupport_fastrtps_c/ublox_ubx_msgs/msg/detail/ubx_nav_pos_llh__type_support_c.cpp.o[0m
[ 83%] [32mBuilding CXX object CMakeFiles/ublox_ubx_msgs__rosidl_typesupport_fastrtps_c.dir/rosidl_typesupport_fastrtps_c/ublox_ubx_msgs/msg/detail/ubx_nav_pvt__type_support_c.cpp.o[0m
[ 84%] [32mBuilding CXX object CMakeFiles/ublox_ubx_msgs__rosidl_typesupport_fastrtps_c.dir/rosidl_typesupport_fastrtps_c/ublox_ubx_msgs/msg/detail/gps_fix__type_support_c.cpp.o[0m
[ 84%] [32mBuilding CXX object CMakeFiles/ublox_ubx_msgs__rosidl_typesupport_fastrtps_c.dir/rosidl_typesupport_fastrtps_c/ublox_ubx_msgs/msg/detail/ubx_nav_rel_pos_ned__type_support_c.cpp.o[0m
[ 85%] [32mBuilding CXX object CMakeFiles/ublox_ubx_msgs__rosidl_typesupport_fastrtps_c.dir/rosidl_typesupport_fastrtps_c/ublox_ubx_msgs/msg/detail/ubx_nav_sat__type_support_c.cpp.o[0m
[ 85%] [32mBuilding CXX object CMakeFiles/ublox_ubx_msgs__rosidl_typesupport_fastrtps_c.dir/rosidl_typesupport_fastrtps_c/ublox_ubx_msgs/msg/detail/ubx_nav_sbas__type_support_c.cpp.o[0m
[ 85%] [32mBuilding CXX object CMakeFiles/ublox_ubx_msgs__rosidl_typesupport_fastrtps_c.dir/rosidl_typesupport_fastrtps_c/ublox_ubx_msgs/msg/detail/ubx_nav_sig__type_support_c.cpp.o[0m
[ 85%] [32mBuilding CXX object CMakeFiles/ublox_ubx_msgs__rosidl_typesupport_fastrtps_c.dir/rosidl_typesupport_fastrtps_c/ublox_ubx_msgs/msg/detail/ubx_nav_status__type_support_c.cpp.o[0m
[ 85%] [32mBuilding CXX object CMakeFiles/ublox_ubx_msgs__rosidl_typesupport_fastrtps_c.dir/rosidl_typesupport_fastrtps_c/ublox_ubx_msgs/msg/detail/ubx_nav_time_utc__type_support_c.cpp.o[0m
[ 86%] [32mBuilding CXX object CMakeFiles/ublox_ubx_msgs__rosidl_typesupport_fastrtps_c.dir/rosidl_typesupport_fastrtps_c/ublox_ubx_msgs/msg/detail/ubx_nav_vel_ecef__type_support_c.cpp.o[0m
[ 86%] [32mBuilding CXX object CMakeFiles/ublox_ubx_msgs__rosidl_typesupport_fastrtps_c.dir/rosidl_typesupport_fastrtps_c/ublox_ubx_msgs/msg/detail/ubx_nav_vel_ned__type_support_c.cpp.o[0m
[ 86%] [32mBuilding CXX object CMakeFiles/ublox_ubx_msgs__rosidl_typesupport_fastrtps_c.dir/rosidl_typesupport_fastrtps_c/ublox_ubx_msgs/msg/detail/ubx_rxm_measx__type_support_c.cpp.o[0m
[ 86%] [32mBuilding CXX object CMakeFiles/ublox_ubx_msgs__rosidl_typesupport_fastrtps_c.dir/rosidl_typesupport_fastrtps_c/ublox_ubx_msgs/msg/detail/ubx_rxm_rawx__type_support_c.cpp.o[0m
[ 87%] [32mBuilding CXX object CMakeFiles/ublox_ubx_msgs__rosidl_typesupport_fastrtps_c.dir/rosidl_typesupport_fastrtps_c/ublox_ubx_msgs/msg/detail/ubx_rxm_rtcm__type_support_c.cpp.o[0m
[ 87%] [32mBuilding CXX object CMakeFiles/ublox_ubx_msgs__rosidl_typesupport_fastrtps_c.dir/rosidl_typesupport_fastrtps_c/ublox_ubx_msgs/msg/detail/ubx_sec_sig__type_support_c.cpp.o[0m
[ 87%] [32mBuilding CXX object CMakeFiles/ublox_ubx_msgs__rosidl_typesupport_fastrtps_c.dir/rosidl_typesupport_fastrtps_c/ublox_ubx_msgs/msg/detail/ubx_sec_sig_log__type_support_c.cpp.o[0m
[ 87%] [32mBuilding CXX object CMakeFiles/ublox_ubx_msgs__rosidl_typesupport_fastrtps_c.dir/rosidl_typesupport_fastrtps_c/ublox_ubx_msgs/msg/detail/ubx_sec_uniqid__type_support_c.cpp.o[0m
[ 87%] [32mBuilding CXX object CMakeFiles/ublox_ubx_msgs__rosidl_typesupport_fastrtps_c.dir/rosidl_typesupport_fastrtps_c/ublox_ubx_msgs/msg/detail/utc_std__type_support_c.cpp.o[0m
[ 88%] [32m[1mLinking CXX shared library libublox_ubx_msgs__rosidl_typesupport_fastrtps_c.so[0m
[ 88%] Built target ublox_ubx_msgs__rosidl_typesupport_fastrtps_c
[ 88%] Built target ublox_ubx_msgs
[ 88%] [34m[1mGenerating Python code for ROS interfaces[0m
running egg_info
creating ublox_ubx_msgs.egg-info
writing ublox_ubx_msgs.egg-info/PKG-INFO
writing dependency_links to ublox_ubx_msgs.egg-info/dependency_links.txt
writing top-level names to ublox_ubx_msgs.egg-info/top_level.txt
writing manifest file 'ublox_ubx_msgs.egg-info/SOURCES.txt'
reading manifest file 'ublox_ubx_msgs.egg-info/SOURCES.txt'
writing manifest file 'ublox_ubx_msgs.egg-info/SOURCES.txt'
[ 88%] Built target ament_cmake_python_build_ublox_ubx_msgs_egg
[ 88%] Built target ublox_ubx_msgs__py
[ 88%] [32mBuilding C object CMakeFiles/ublox_ubx_msgs__rosidl_generator_py.dir/rosidl_generator_py/ublox_ubx_msgs/msg/_carr_soln_s.c.o[0m
[ 89%] [32mBuilding C object CMakeFiles/ublox_ubx_msgs__rosidl_generator_py.dir/rosidl_generator_py/ublox_ubx_msgs/msg/_esf_meas_data_item_s.c.o[0m
[ 89%] [32mBuilding C object CMakeFiles/ublox_ubx_msgs__rosidl_generator_py.dir/rosidl_generator_py/ublox_ubx_msgs/msg/_esf_sensor_status_s.c.o[0m
[ 89%] [32mBuilding C object CMakeFiles/ublox_ubx_msgs__rosidl_generator_py.dir/rosidl_generator_py/ublox_ubx_msgs/msg/_gps_fix_s.c.o[0m
[ 89%] [32mBuilding C object CMakeFiles/ublox_ubx_msgs__rosidl_generator_py.dir/rosidl_generator_py/ublox_ubx_msgs/msg/_map_matching_s.c.o[0m
[ 90%] [32mBuilding C object CMakeFiles/ublox_ubx_msgs__rosidl_generator_py.dir/rosidl_generator_py/ublox_ubx_msgs/msg/_measx_data_s.c.o[0m
[ 90%] [32mBuilding C object CMakeFiles/ublox_ubx_msgs__rosidl_generator_py.dir/rosidl_generator_py/ublox_ubx_msgs/msg/_orb_alm_info_s.c.o[0m
[ 90%] [32mBuilding C object CMakeFiles/ublox_ubx_msgs__rosidl_generator_py.dir/rosidl_generator_py/ublox_ubx_msgs/msg/_orb_eph_info_s.c.o[0m
[ 90%] [32mBuilding C object CMakeFiles/ublox_ubx_msgs__rosidl_generator_py.dir/rosidl_generator_py/ublox_ubx_msgs/msg/_orb_sv_flag_s.c.o[0m
[ 90%] [32mBuilding C object CMakeFiles/ublox_ubx_msgs__rosidl_generator_py.dir/rosidl_generator_py/ublox_ubx_msgs/msg/_orb_sv_info_s.c.o[0m
[ 91%] [32mBuilding C object CMakeFiles/ublox_ubx_msgs__rosidl_generator_py.dir/rosidl_generator_py/ublox_ubx_msgs/msg/_other_orb_info_s.c.o[0m
[ 91%] [32mBuilding C object CMakeFiles/ublox_ubx_msgs__rosidl_generator_py.dir/rosidl_generator_py/ublox_ubx_msgs/msg/_psmpvt_s.c.o[0m
[ 91%] [32mBuilding C object CMakeFiles/ublox_ubx_msgs__rosidl_generator_py.dir/rosidl_generator_py/ublox_ubx_msgs/msg/_psm_status_s.c.o[0m
[ 91%] [32mBuilding C object CMakeFiles/ublox_ubx_msgs__rosidl_generator_py.dir/rosidl_generator_py/ublox_ubx_msgs/msg/_rawx_data_s.c.o[0m
[ 92%] [32mBuilding C object CMakeFiles/ublox_ubx_msgs__rosidl_generator_py.dir/rosidl_generator_py/ublox_ubx_msgs/msg/_rec_stat_s.c.o[0m
[ 92%] [32mBuilding C object CMakeFiles/ublox_ubx_msgs__rosidl_generator_py.dir/rosidl_generator_py/ublox_ubx_msgs/msg/_sat_flags_s.c.o[0m
[ 92%] [32mBuilding C object CMakeFiles/ublox_ubx_msgs__rosidl_generator_py.dir/rosidl_generator_py/ublox_ubx_msgs/msg/_sat_info_s.c.o[0m
[ 92%] [32mBuilding C object CMakeFiles/ublox_ubx_msgs__rosidl_generator_py.dir/rosidl_generator_py/ublox_ubx_msgs/msg/_sbas_service_s.c.o[0m
[ 93%] [32mBuilding C object CMakeFiles/ublox_ubx_msgs__rosidl_generator_py.dir/rosidl_generator_py/ublox_ubx_msgs/msg/_sbas_status_flags_s.c.o[0m
[ 93%] [32mBuilding C object CMakeFiles/ublox_ubx_msgs__rosidl_generator_py.dir/rosidl_generator_py/ublox_ubx_msgs/msg/_sbas_sv_data_s.c.o[0m
[ 93%] [32mBuilding C object CMakeFiles/ublox_ubx_msgs__rosidl_generator_py.dir/rosidl_generator_py/ublox_ubx_msgs/msg/_sig_data_s.c.o[0m
[ 93%] [32mBuilding C object CMakeFiles/ublox_ubx_msgs__rosidl_generator_py.dir/rosidl_generator_py/ublox_ubx_msgs/msg/_sig_flags_s.c.o[0m
[ 93%] [32mBuilding C object CMakeFiles/ublox_ubx_msgs__rosidl_generator_py.dir/rosidl_generator_py/ublox_ubx_msgs/msg/_sig_log_event_s.c.o[0m
[ 94%] [32mBuilding C object CMakeFiles/ublox_ubx_msgs__rosidl_generator_py.dir/rosidl_generator_py/ublox_ubx_msgs/msg/_spoof_det_s.c.o[0m
[ 94%] [32mBuilding C object CMakeFiles/ublox_ubx_msgs__rosidl_generator_py.dir/rosidl_generator_py/ublox_ubx_msgs/msg/_trk_stat_s.c.o[0m
[ 94%] [32mBuilding C object CMakeFiles/ublox_ubx_msgs__rosidl_generator_py.dir/rosidl_generator_py/ublox_ubx_msgs/msg/_ubx_esf_meas_s.c.o[0m
[ 94%] [32mBuilding C object CMakeFiles/ublox_ubx_msgs__rosidl_generator_py.dir/rosidl_generator_py/ublox_ubx_msgs/msg/_ubx_esf_status_s.c.o[0m
[ 95%] [32mBuilding C object CMakeFiles/ublox_ubx_msgs__rosidl_generator_py.dir/rosidl_generator_py/ublox_ubx_msgs/msg/_ubx_nav_eoe_s.c.o[0m
[ 95%] [32mBuilding C object CMakeFiles/ublox_ubx_msgs__rosidl_generator_py.dir/rosidl_generator_py/ublox_ubx_msgs/msg/_ubx_nav_clock_s.c.o[0m
[ 95%] [32mBuilding C object CMakeFiles/ublox_ubx_msgs__rosidl_generator_py.dir/rosidl_generator_py/ublox_ubx_msgs/msg/_ubx_nav_cov_s.c.o[0m
[ 95%] [32mBuilding C object CMakeFiles/ublox_ubx_msgs__rosidl_generator_py.dir/rosidl_generator_py/ublox_ubx_msgs/msg/_ubx_nav_dop_s.c.o[0m
[ 95%] [32mBuilding C object CMakeFiles/ublox_ubx_msgs__rosidl_generator_py.dir/rosidl_generator_py/ublox_ubx_msgs/msg/_ubx_nav_hp_pos_ecef_s.c.o[0m
[ 96%] [32mBuilding C object CMakeFiles/ublox_ubx_msgs__rosidl_generator_py.dir/rosidl_generator_py/ublox_ubx_msgs/msg/_ubx_nav_hp_pos_llh_s.c.o[0m
[ 96%] [32mBuilding C object CMakeFiles/ublox_ubx_msgs__rosidl_generator_py.dir/rosidl_generator_py/ublox_ubx_msgs/msg/_ubx_nav_odo_s.c.o[0m
[ 96%] [32mBuilding C object CMakeFiles/ublox_ubx_msgs__rosidl_generator_py.dir/rosidl_generator_py/ublox_ubx_msgs/msg/_ubx_nav_orb_s.c.o[0m
[ 97%] [32mBuilding C object CMakeFiles/ublox_ubx_msgs__rosidl_generator_py.dir/rosidl_generator_py/ublox_ubx_msgs/msg/_ubx_nav_pos_llh_s.c.o[0m
[ 97%] [32mBuilding C object CMakeFiles/ublox_ubx_msgs__rosidl_generator_py.dir/rosidl_generator_py/ublox_ubx_msgs/msg/_ubx_nav_pos_ecef_s.c.o[0m
[ 97%] [32mBuilding C object CMakeFiles/ublox_ubx_msgs__rosidl_generator_py.dir/rosidl_generator_py/ublox_ubx_msgs/msg/_ubx_nav_pvt_s.c.o[0m
[ 97%] [32mBuilding C object CMakeFiles/ublox_ubx_msgs__rosidl_generator_py.dir/rosidl_generator_py/ublox_ubx_msgs/msg/_ubx_nav_rel_pos_ned_s.c.o[0m
[ 97%] [32mBuilding C object CMakeFiles/ublox_ubx_msgs__rosidl_generator_py.dir/rosidl_generator_py/ublox_ubx_msgs/msg/_ubx_nav_sat_s.c.o[0m
[ 97%] [32mBuilding C object CMakeFiles/ublox_ubx_msgs__rosidl_generator_py.dir/rosidl_generator_py/ublox_ubx_msgs/msg/_ubx_nav_sbas_s.c.o[0m
[ 98%] [32mBuilding C object CMakeFiles/ublox_ubx_msgs__rosidl_generator_py.dir/rosidl_generator_py/ublox_ubx_msgs/msg/_ubx_nav_sig_s.c.o[0m
[ 98%] [32mBuilding C object CMakeFiles/ublox_ubx_msgs__rosidl_generator_py.dir/rosidl_generator_py/ublox_ubx_msgs/msg/_ubx_nav_status_s.c.o[0m
[ 98%] [32mBuilding C object CMakeFiles/ublox_ubx_msgs__rosidl_generator_py.dir/rosidl_generator_py/ublox_ubx_msgs/msg/_ubx_nav_vel_ecef_s.c.o[0m
[ 98%] [32mBuilding C object CMakeFiles/ublox_ubx_msgs__rosidl_generator_py.dir/rosidl_generator_py/ublox_ubx_msgs/msg/_ubx_nav_time_utc_s.c.o[0m
[ 98%] [32mBuilding C object CMakeFiles/ublox_ubx_msgs__rosidl_generator_py.dir/rosidl_generator_py/ublox_ubx_msgs/msg/_ubx_rxm_rawx_s.c.o[0m
[ 98%] [32mBuilding C object CMakeFiles/ublox_ubx_msgs__rosidl_generator_py.dir/rosidl_generator_py/ublox_ubx_msgs/msg/_ubx_rxm_rtcm_s.c.o[0m
[ 98%] [32mBuilding C object CMakeFiles/ublox_ubx_msgs__rosidl_generator_py.dir/rosidl_generator_py/ublox_ubx_msgs/msg/_ubx_sec_sig_s.c.o[0m
[ 99%] [32mBuilding C object CMakeFiles/ublox_ubx_msgs__rosidl_generator_py.dir/rosidl_generator_py/ublox_ubx_msgs/msg/_ubx_sec_sig_log_s.c.o[0m
[ 99%] [32mBuilding C object CMakeFiles/ublox_ubx_msgs__rosidl_generator_py.dir/rosidl_generator_py/ublox_ubx_msgs/msg/_ubx_sec_uniqid_s.c.o[0m
[ 99%] [32mBuilding C object CMakeFiles/ublox_ubx_msgs__rosidl_generator_py.dir/rosidl_generator_py/ublox_ubx_msgs/msg/_utc_std_s.c.o[0m
[ 99%] [32mBuilding C object CMakeFiles/ublox_ubx_msgs__rosidl_generator_py.dir/rosidl_generator_py/ublox_ubx_msgs/msg/_ubx_rxm_measx_s.c.o[0m
[100%] [32mBuilding C object CMakeFiles/ublox_ubx_msgs__rosidl_generator_py.dir/rosidl_generator_py/ublox_ubx_msgs/msg/_ubx_nav_vel_ned_s.c.o[0m
[100%] [32m[1mLinking C shared library rosidl_generator_py/ublox_ubx_msgs/libublox_ubx_msgs__rosidl_generator_py.so[0m
[100%] Built target ublox_ubx_msgs__rosidl_generator_py
[100%] [32mBuilding C object CMakeFiles/ublox_ubx_msgs__rosidl_typesupport_fastrtps_c__pyext.dir/rosidl_generator_py/ublox_ubx_msgs/_ublox_ubx_msgs_s.ep.rosidl_typesupport_fastrtps_c.c.o[0m
[100%] [32m[1mLinking C shared library rosidl_generator_py/ublox_ubx_msgs/ublox_ubx_msgs_s__rosidl_typesupport_fastrtps_c.cpython-310-aarch64-linux-gnu.so[0m
[100%] Built target ublox_ubx_msgs__rosidl_typesupport_fastrtps_c__pyext
[100%] [32mBuilding C object CMakeFiles/ublox_ubx_msgs__rosidl_typesupport_c__pyext.dir/rosidl_generator_py/ublox_ubx_msgs/_ublox_ubx_msgs_s.ep.rosidl_typesupport_c.c.o[0m
[100%] [32m[1mLinking C shared library rosidl_generator_py/ublox_ubx_msgs/ublox_ubx_msgs_s__rosidl_typesupport_c.cpython-310-aarch64-linux-gnu.so[0m
[100%] Built target ublox_ubx_msgs__rosidl_typesupport_c__pyext
[100%] [32mBuilding C object CMakeFiles/ublox_ubx_msgs__rosidl_typesupport_introspection_c__pyext.dir/rosidl_generator_py/ublox_ubx_msgs/_ublox_ubx_msgs_s.ep.rosidl_typesupport_introspection_c.c.o[0m
[100%] [32m[1mLinking C shared library rosidl_generator_py/ublox_ubx_msgs/ublox_ubx_msgs_s__rosidl_typesupport_introspection_c.cpython-310-aarch64-linux-gnu.so[0m
[100%] Built target ublox_ubx_msgs__rosidl_typesupport_introspection_c__pyext
