[0.100s] Invoking command in '/home/dev/ORobotics/localization_ws/build/ublox_ubx_msgs': CMAKE_PREFIX_PATH=/home/dev/ORobotics/localization_ws/install/bag_recorder:/opt/ros/humble /usr/bin/cmake /home/dev/ORobotics/localization_ws/src/ublox_dgnss/ublox_ubx_msgs -DCMAKE_INSTALL_PREFIX=/home/dev/ORobotics/localization_ws/install/ublox_ubx_msgs
[1.149s] -- The C compiler identification is GNU 11.4.0
[2.002s] -- The CXX compiler identification is GNU 11.4.0
[2.069s] -- Detecting C compiler ABI info
[2.957s] -- Detecting C compiler ABI info - done
[3.160s] -- Check for working C compiler: /usr/bin/cc - skipped
[3.165s] -- Detecting C compile features
[3.187s] -- Detecting C compile features - done
[3.289s] -- Detecting CXX compiler ABI info
[4.722s] -- Detecting CXX compiler ABI info - done
[4.837s] -- Check for working CXX compiler: /usr/bin/c++ - skipped
[4.837s] -- Detecting CXX compile features
[4.838s] -- Detecting CXX compile features - done
[4.869s] -- Found ament_cmake: 1.3.11 (/opt/ros/humble/share/ament_cmake/cmake)
[6.679s] -- Found Python3: /usr/bin/python3 (found version "3.10.12") found components: Interpreter 
[7.869s] -- Found builtin_interfaces: 1.2.1 (/opt/ros/humble/share/builtin_interfaces/cmake)
[8.310s] -- Found rosidl_generator_c: 3.1.6 (/opt/ros/humble/share/rosidl_generator_c/cmake)
[8.428s] -- Found rosidl_adapter: 3.1.6 (/opt/ros/humble/share/rosidl_adapter/cmake)
[8.566s] -- Found rosidl_generator_cpp: 3.1.6 (/opt/ros/humble/share/rosidl_generator_cpp/cmake)
[8.750s] -- Using all available rosidl_typesupport_c: rosidl_typesupport_fastrtps_c;rosidl_typesupport_introspection_c
[8.895s] -- Using all available rosidl_typesupport_cpp: rosidl_typesupport_fastrtps_cpp;rosidl_typesupport_introspection_cpp
[9.082s] -- Found std_msgs: 4.8.0 (/opt/ros/humble/share/std_msgs/cmake)
[9.343s] -- Found rosidl_default_generators: 1.2.0 (/opt/ros/humble/share/rosidl_default_generators/cmake)
[9.744s] -- Found ament_lint_auto: 0.12.12 (/opt/ros/humble/share/ament_lint_auto/cmake)
[22.870s] -- Found ament_cmake_ros: 0.10.0 (/opt/ros/humble/share/ament_cmake_ros/cmake)
[31.306s] -- Using all available rosidl_typesupport_c: rosidl_typesupport_fastrtps_c;rosidl_typesupport_introspection_c
[34.239s] -- Using all available rosidl_typesupport_cpp: rosidl_typesupport_fastrtps_cpp;rosidl_typesupport_introspection_cpp
[34.519s] -- Found PythonInterp: /usr/bin/python3 (found suitable version "3.10.12", minimum required is "3.6") 
[34.577s] -- Found python_cmake_module: 0.10.0 (/opt/ros/humble/share/python_cmake_module/cmake)
[35.125s] -- Found PythonLibs: /usr/lib/aarch64-linux-gnu/libpython3.10.so (found suitable version "3.10.12", minimum required is "3.5") 
[35.125s] -- Using PYTHON_EXECUTABLE: /usr/bin/python3
[35.132s] -- Using PYTHON_INCLUDE_DIRS: /usr/include/python3.10
[35.137s] -- Using PYTHON_LIBRARIES: /usr/lib/aarch64-linux-gnu/libpython3.10.so
[35.626s] -- Found PythonExtra: .so  
[37.255s] -- Added test 'lint_cmake' to check CMake code style
[37.391s] -- Added test 'xmllint' to check XML markup files
[37.646s] -- Configuring done
[40.512s] -- Generating done
[41.072s] -- Build files have been written to: /home/dev/ORobotics/localization_ws/build/ublox_ubx_msgs
[41.215s] Invoked command in '/home/dev/ORobotics/localization_ws/build/ublox_ubx_msgs' returned '0': CMAKE_PREFIX_PATH=/home/dev/ORobotics/localization_ws/install/bag_recorder:/opt/ros/humble /usr/bin/cmake /home/dev/ORobotics/localization_ws/src/ublox_dgnss/ublox_ubx_msgs -DCMAKE_INSTALL_PREFIX=/home/dev/ORobotics/localization_ws/install/ublox_ubx_msgs
[41.217s] Invoking command in '/home/dev/ORobotics/localization_ws/build/ublox_ubx_msgs': CMAKE_PREFIX_PATH=/home/dev/ORobotics/localization_ws/install/bag_recorder:/opt/ros/humble /usr/bin/cmake --build /home/dev/ORobotics/localization_ws/build/ublox_ubx_msgs -- -j4 -l4
[42.520s] [  0%] [34m[1mGenerating C++ code for ROS interfaces[0m
[255.062s] [  0%] Built target ublox_ubx_msgs__cpp
[255.980s] [  0%] Built target ament_cmake_python_copy_ublox_ubx_msgs
[256.199s] [  0%] [34m[1mGenerating C++ type support for eProsima Fast-RTPS[0m
[359.619s] [  1%] [32mBuilding CXX object CMakeFiles/ublox_ubx_msgs__rosidl_typesupport_fastrtps_cpp.dir/rosidl_typesupport_fastrtps_cpp/ublox_ubx_msgs/msg/detail/dds_fastrtps/carr_soln__type_support.cpp.o[0m
[363.593s] [  1%] [32mBuilding CXX object CMakeFiles/ublox_ubx_msgs__rosidl_typesupport_fastrtps_cpp.dir/rosidl_typesupport_fastrtps_cpp/ublox_ubx_msgs/msg/detail/dds_fastrtps/esf_meas_data_item__type_support.cpp.o[0m
[367.802s] [  1%] [32mBuilding CXX object CMakeFiles/ublox_ubx_msgs__rosidl_typesupport_fastrtps_cpp.dir/rosidl_typesupport_fastrtps_cpp/ublox_ubx_msgs/msg/detail/dds_fastrtps/esf_sensor_status__type_support.cpp.o[0m
[372.196s] [  1%] [32mBuilding CXX object CMakeFiles/ublox_ubx_msgs__rosidl_typesupport_fastrtps_cpp.dir/rosidl_typesupport_fastrtps_cpp/ublox_ubx_msgs/msg/detail/dds_fastrtps/gps_fix__type_support.cpp.o[0m
[380.171s] [  1%] [32mBuilding CXX object CMakeFiles/ublox_ubx_msgs__rosidl_typesupport_fastrtps_cpp.dir/rosidl_typesupport_fastrtps_cpp/ublox_ubx_msgs/msg/detail/dds_fastrtps/map_matching__type_support.cpp.o[0m
[387.130s] [  2%] [32mBuilding CXX object CMakeFiles/ublox_ubx_msgs__rosidl_typesupport_fastrtps_cpp.dir/rosidl_typesupport_fastrtps_cpp/ublox_ubx_msgs/msg/detail/dds_fastrtps/measx_data__type_support.cpp.o[0m
[390.926s] [  2%] [32mBuilding CXX object CMakeFiles/ublox_ubx_msgs__rosidl_typesupport_fastrtps_cpp.dir/rosidl_typesupport_fastrtps_cpp/ublox_ubx_msgs/msg/detail/dds_fastrtps/orb_alm_info__type_support.cpp.o[0m
[400.882s] [  2%] [32mBuilding CXX object CMakeFiles/ublox_ubx_msgs__rosidl_typesupport_fastrtps_cpp.dir/rosidl_typesupport_fastrtps_cpp/ublox_ubx_msgs/msg/detail/dds_fastrtps/orb_eph_info__type_support.cpp.o[0m
[407.426s] [  2%] [32mBuilding CXX object CMakeFiles/ublox_ubx_msgs__rosidl_typesupport_fastrtps_cpp.dir/rosidl_typesupport_fastrtps_cpp/ublox_ubx_msgs/msg/detail/dds_fastrtps/orb_sv_flag__type_support.cpp.o[0m
[411.306s] [  3%] [32mBuilding CXX object CMakeFiles/ublox_ubx_msgs__rosidl_typesupport_fastrtps_cpp.dir/rosidl_typesupport_fastrtps_cpp/ublox_ubx_msgs/msg/detail/dds_fastrtps/orb_sv_info__type_support.cpp.o[0m
[414.175s] [  3%] [32mBuilding CXX object CMakeFiles/ublox_ubx_msgs__rosidl_typesupport_fastrtps_cpp.dir/rosidl_typesupport_fastrtps_cpp/ublox_ubx_msgs/msg/detail/dds_fastrtps/other_orb_info__type_support.cpp.o[0m
[417.734s] [  3%] [32mBuilding CXX object CMakeFiles/ublox_ubx_msgs__rosidl_typesupport_fastrtps_cpp.dir/rosidl_typesupport_fastrtps_cpp/ublox_ubx_msgs/msg/detail/dds_fastrtps/psmpvt__type_support.cpp.o[0m
[420.869s] [  3%] [32mBuilding CXX object CMakeFiles/ublox_ubx_msgs__rosidl_typesupport_fastrtps_cpp.dir/rosidl_typesupport_fastrtps_cpp/ublox_ubx_msgs/msg/detail/dds_fastrtps/psm_status__type_support.cpp.o[0m
[424.674s] [  3%] [32mBuilding CXX object CMakeFiles/ublox_ubx_msgs__rosidl_typesupport_fastrtps_cpp.dir/rosidl_typesupport_fastrtps_cpp/ublox_ubx_msgs/msg/detail/dds_fastrtps/rawx_data__type_support.cpp.o[0m
[427.786s] [  4%] [32mBuilding CXX object CMakeFiles/ublox_ubx_msgs__rosidl_typesupport_fastrtps_cpp.dir/rosidl_typesupport_fastrtps_cpp/ublox_ubx_msgs/msg/detail/dds_fastrtps/rec_stat__type_support.cpp.o[0m
[430.777s] [  4%] [32mBuilding CXX object CMakeFiles/ublox_ubx_msgs__rosidl_typesupport_fastrtps_cpp.dir/rosidl_typesupport_fastrtps_cpp/ublox_ubx_msgs/msg/detail/dds_fastrtps/sat_flags__type_support.cpp.o[0m
[433.526s] [  4%] [32mBuilding CXX object CMakeFiles/ublox_ubx_msgs__rosidl_typesupport_fastrtps_cpp.dir/rosidl_typesupport_fastrtps_cpp/ublox_ubx_msgs/msg/detail/dds_fastrtps/sat_info__type_support.cpp.o[0m
[436.101s] [  4%] [32mBuilding CXX object CMakeFiles/ublox_ubx_msgs__rosidl_typesupport_fastrtps_cpp.dir/rosidl_typesupport_fastrtps_cpp/ublox_ubx_msgs/msg/detail/dds_fastrtps/sbas_service__type_support.cpp.o[0m
[438.672s] [  5%] [32mBuilding CXX object CMakeFiles/ublox_ubx_msgs__rosidl_typesupport_fastrtps_cpp.dir/rosidl_typesupport_fastrtps_cpp/ublox_ubx_msgs/msg/detail/dds_fastrtps/sbas_status_flags__type_support.cpp.o[0m
[441.652s] [  5%] [32mBuilding CXX object CMakeFiles/ublox_ubx_msgs__rosidl_typesupport_fastrtps_cpp.dir/rosidl_typesupport_fastrtps_cpp/ublox_ubx_msgs/msg/detail/dds_fastrtps/sbas_sv_data__type_support.cpp.o[0m
[444.142s] [  5%] [32mBuilding CXX object CMakeFiles/ublox_ubx_msgs__rosidl_typesupport_fastrtps_cpp.dir/rosidl_typesupport_fastrtps_cpp/ublox_ubx_msgs/msg/detail/dds_fastrtps/sig_data__type_support.cpp.o[0m
[446.543s] [  5%] [32mBuilding CXX object CMakeFiles/ublox_ubx_msgs__rosidl_typesupport_fastrtps_cpp.dir/rosidl_typesupport_fastrtps_cpp/ublox_ubx_msgs/msg/detail/dds_fastrtps/sig_flags__type_support.cpp.o[0m
[448.991s] [  6%] [32mBuilding CXX object CMakeFiles/ublox_ubx_msgs__rosidl_typesupport_fastrtps_cpp.dir/rosidl_typesupport_fastrtps_cpp/ublox_ubx_msgs/msg/detail/dds_fastrtps/sig_log_event__type_support.cpp.o[0m
[451.935s] [  6%] [32mBuilding CXX object CMakeFiles/ublox_ubx_msgs__rosidl_typesupport_fastrtps_cpp.dir/rosidl_typesupport_fastrtps_cpp/ublox_ubx_msgs/msg/detail/dds_fastrtps/spoof_det__type_support.cpp.o[0m
[455.609s] [  6%] [32mBuilding CXX object CMakeFiles/ublox_ubx_msgs__rosidl_typesupport_fastrtps_cpp.dir/rosidl_typesupport_fastrtps_cpp/ublox_ubx_msgs/msg/detail/dds_fastrtps/trk_stat__type_support.cpp.o[0m
[458.712s] [  6%] [32mBuilding CXX object CMakeFiles/ublox_ubx_msgs__rosidl_typesupport_fastrtps_cpp.dir/rosidl_typesupport_fastrtps_cpp/ublox_ubx_msgs/msg/detail/dds_fastrtps/ubx_esf_meas__type_support.cpp.o[0m
[462.031s] [  6%] [32mBuilding CXX object CMakeFiles/ublox_ubx_msgs__rosidl_typesupport_fastrtps_cpp.dir/rosidl_typesupport_fastrtps_cpp/ublox_ubx_msgs/msg/detail/dds_fastrtps/ubx_esf_status__type_support.cpp.o[0m
[465.246s] [  7%] [32mBuilding CXX object CMakeFiles/ublox_ubx_msgs__rosidl_typesupport_fastrtps_cpp.dir/rosidl_typesupport_fastrtps_cpp/ublox_ubx_msgs/msg/detail/dds_fastrtps/ubx_nav_eoe__type_support.cpp.o[0m
[467.783s] [  7%] [32mBuilding CXX object CMakeFiles/ublox_ubx_msgs__rosidl_typesupport_fastrtps_cpp.dir/rosidl_typesupport_fastrtps_cpp/ublox_ubx_msgs/msg/detail/dds_fastrtps/ubx_nav_clock__type_support.cpp.o[0m
[470.313s] [  7%] [32mBuilding CXX object CMakeFiles/ublox_ubx_msgs__rosidl_typesupport_fastrtps_cpp.dir/rosidl_typesupport_fastrtps_cpp/ublox_ubx_msgs/msg/detail/dds_fastrtps/ubx_nav_cov__type_support.cpp.o[0m
[472.948s] [  7%] [32mBuilding CXX object CMakeFiles/ublox_ubx_msgs__rosidl_typesupport_fastrtps_cpp.dir/rosidl_typesupport_fastrtps_cpp/ublox_ubx_msgs/msg/detail/dds_fastrtps/ubx_nav_dop__type_support.cpp.o[0m
[475.800s] [  8%] [32mBuilding CXX object CMakeFiles/ublox_ubx_msgs__rosidl_typesupport_fastrtps_cpp.dir/rosidl_typesupport_fastrtps_cpp/ublox_ubx_msgs/msg/detail/dds_fastrtps/ubx_nav_hp_pos_ecef__type_support.cpp.o[0m
[478.129s] [  8%] [32mBuilding CXX object CMakeFiles/ublox_ubx_msgs__rosidl_typesupport_fastrtps_cpp.dir/rosidl_typesupport_fastrtps_cpp/ublox_ubx_msgs/msg/detail/dds_fastrtps/ubx_nav_hp_pos_llh__type_support.cpp.o[0m
[480.898s] [  8%] [32mBuilding CXX object CMakeFiles/ublox_ubx_msgs__rosidl_typesupport_fastrtps_cpp.dir/rosidl_typesupport_fastrtps_cpp/ublox_ubx_msgs/msg/detail/dds_fastrtps/ubx_nav_odo__type_support.cpp.o[0m
[483.932s] [  8%] [32mBuilding CXX object CMakeFiles/ublox_ubx_msgs__rosidl_typesupport_fastrtps_cpp.dir/rosidl_typesupport_fastrtps_cpp/ublox_ubx_msgs/msg/detail/dds_fastrtps/ubx_nav_orb__type_support.cpp.o[0m
[486.654s] [  8%] [32mBuilding CXX object CMakeFiles/ublox_ubx_msgs__rosidl_typesupport_fastrtps_cpp.dir/rosidl_typesupport_fastrtps_cpp/ublox_ubx_msgs/msg/detail/dds_fastrtps/ubx_nav_pos_ecef__type_support.cpp.o[0m
[489.015s] [  9%] [32mBuilding CXX object CMakeFiles/ublox_ubx_msgs__rosidl_typesupport_fastrtps_cpp.dir/rosidl_typesupport_fastrtps_cpp/ublox_ubx_msgs/msg/detail/dds_fastrtps/ubx_nav_pos_llh__type_support.cpp.o[0m
[491.554s] [  9%] [32mBuilding CXX object CMakeFiles/ublox_ubx_msgs__rosidl_typesupport_fastrtps_cpp.dir/rosidl_typesupport_fastrtps_cpp/ublox_ubx_msgs/msg/detail/dds_fastrtps/ubx_nav_pvt__type_support.cpp.o[0m
[492.787s] [  9%] [34m[1mGenerating C++ introspection for ROS interfaces[0m
[494.385s] [  9%] [32mBuilding CXX object CMakeFiles/ublox_ubx_msgs__rosidl_typesupport_fastrtps_cpp.dir/rosidl_typesupport_fastrtps_cpp/ublox_ubx_msgs/msg/detail/dds_fastrtps/ubx_nav_rel_pos_ned__type_support.cpp.o[0m
[494.775s] [  9%] [34m[1mGenerating C++ type support dispatch for ROS interfaces[0m
[496.806s] [  9%] [34m[1mGenerating C code for ROS interfaces[0m
[498.612s] [  9%] [32mBuilding CXX object CMakeFiles/ublox_ubx_msgs__rosidl_typesupport_fastrtps_cpp.dir/rosidl_typesupport_fastrtps_cpp/ublox_ubx_msgs/msg/detail/dds_fastrtps/ubx_nav_sat__type_support.cpp.o[0m
[507.337s] [ 10%] [32mBuilding CXX object CMakeFiles/ublox_ubx_msgs__rosidl_typesupport_fastrtps_cpp.dir/rosidl_typesupport_fastrtps_cpp/ublox_ubx_msgs/msg/detail/dds_fastrtps/ubx_nav_sbas__type_support.cpp.o[0m
[518.828s] [ 10%] [32mBuilding CXX object CMakeFiles/ublox_ubx_msgs__rosidl_typesupport_fastrtps_cpp.dir/rosidl_typesupport_fastrtps_cpp/ublox_ubx_msgs/msg/detail/dds_fastrtps/ubx_nav_sig__type_support.cpp.o[0m
[527.436s] [ 10%] [32mBuilding CXX object CMakeFiles/ublox_ubx_msgs__rosidl_typesupport_fastrtps_cpp.dir/rosidl_typesupport_fastrtps_cpp/ublox_ubx_msgs/msg/detail/dds_fastrtps/ubx_nav_status__type_support.cpp.o[0m
[535.693s] [ 10%] [32mBuilding CXX object CMakeFiles/ublox_ubx_msgs__rosidl_typesupport_fastrtps_cpp.dir/rosidl_typesupport_fastrtps_cpp/ublox_ubx_msgs/msg/detail/dds_fastrtps/ubx_nav_time_utc__type_support.cpp.o[0m
[548.288s] [ 10%] [32mBuilding CXX object CMakeFiles/ublox_ubx_msgs__rosidl_typesupport_fastrtps_cpp.dir/rosidl_typesupport_fastrtps_cpp/ublox_ubx_msgs/msg/detail/dds_fastrtps/ubx_nav_vel_ecef__type_support.cpp.o[0m
[555.988s] [ 11%] [32mBuilding CXX object CMakeFiles/ublox_ubx_msgs__rosidl_typesupport_fastrtps_cpp.dir/rosidl_typesupport_fastrtps_cpp/ublox_ubx_msgs/msg/detail/dds_fastrtps/ubx_nav_vel_ned__type_support.cpp.o[0m
[565.009s] [ 11%] [32mBuilding CXX object CMakeFiles/ublox_ubx_msgs__rosidl_typesupport_fastrtps_cpp.dir/rosidl_typesupport_fastrtps_cpp/ublox_ubx_msgs/msg/detail/dds_fastrtps/ubx_rxm_measx__type_support.cpp.o[0m
[574.649s] [ 11%] [32mBuilding CXX object CMakeFiles/ublox_ubx_msgs__rosidl_typesupport_fastrtps_cpp.dir/rosidl_typesupport_fastrtps_cpp/ublox_ubx_msgs/msg/detail/dds_fastrtps/ubx_rxm_rawx__type_support.cpp.o[0m
[585.973s] [ 11%] [32mBuilding CXX object CMakeFiles/ublox_ubx_msgs__rosidl_typesupport_fastrtps_cpp.dir/rosidl_typesupport_fastrtps_cpp/ublox_ubx_msgs/msg/detail/dds_fastrtps/ubx_rxm_rtcm__type_support.cpp.o[0m
[593.893s] [ 12%] [32mBuilding CXX object CMakeFiles/ublox_ubx_msgs__rosidl_typesupport_fastrtps_cpp.dir/rosidl_typesupport_fastrtps_cpp/ublox_ubx_msgs/msg/detail/dds_fastrtps/ubx_sec_sig__type_support.cpp.o[0m
[602.366s] [ 12%] [32mBuilding CXX object CMakeFiles/ublox_ubx_msgs__rosidl_typesupport_fastrtps_cpp.dir/rosidl_typesupport_fastrtps_cpp/ublox_ubx_msgs/msg/detail/dds_fastrtps/ubx_sec_sig_log__type_support.cpp.o[0m
[612.102s] [ 12%] [32mBuilding CXX object CMakeFiles/ublox_ubx_msgs__rosidl_typesupport_fastrtps_cpp.dir/rosidl_typesupport_fastrtps_cpp/ublox_ubx_msgs/msg/detail/dds_fastrtps/ubx_sec_uniqid__type_support.cpp.o[0m
[619.897s] [ 12%] [32mBuilding CXX object CMakeFiles/ublox_ubx_msgs__rosidl_typesupport_fastrtps_cpp.dir/rosidl_typesupport_fastrtps_cpp/ublox_ubx_msgs/msg/detail/dds_fastrtps/utc_std__type_support.cpp.o[0m
[625.246s] [ 13%] [32mBuilding CXX object CMakeFiles/ublox_ubx_msgs__rosidl_typesupport_cpp.dir/rosidl_typesupport_cpp/ublox_ubx_msgs/msg/carr_soln__type_support.cpp.o[0m
[626.590s] [ 13%] [32m[1mLinking CXX shared library libublox_ubx_msgs__rosidl_typesupport_fastrtps_cpp.so[0m
[628.106s] [ 14%] [32mBuilding CXX object CMakeFiles/ublox_ubx_msgs__rosidl_typesupport_introspection_cpp.dir/rosidl_typesupport_introspection_cpp/ublox_ubx_msgs/msg/detail/carr_soln__type_support.cpp.o[0m
[628.339s] [ 14%] Built target ublox_ubx_msgs__rosidl_typesupport_fastrtps_cpp
[628.870s] [ 14%] [32mBuilding CXX object CMakeFiles/ublox_ubx_msgs__rosidl_typesupport_cpp.dir/rosidl_typesupport_cpp/ublox_ubx_msgs/msg/esf_meas_data_item__type_support.cpp.o[0m
[633.679s] [ 14%] [32mBuilding CXX object CMakeFiles/ublox_ubx_msgs__rosidl_typesupport_cpp.dir/rosidl_typesupport_cpp/ublox_ubx_msgs/msg/esf_sensor_status__type_support.cpp.o[0m
[635.754s] [ 14%] [32mBuilding CXX object CMakeFiles/ublox_ubx_msgs__rosidl_typesupport_introspection_cpp.dir/rosidl_typesupport_introspection_cpp/ublox_ubx_msgs/msg/detail/esf_meas_data_item__type_support.cpp.o[0m
[642.698s] [ 14%] [32mBuilding CXX object CMakeFiles/ublox_ubx_msgs__rosidl_typesupport_cpp.dir/rosidl_typesupport_cpp/ublox_ubx_msgs/msg/gps_fix__type_support.cpp.o[0m
[648.988s] [ 14%] [32mBuilding CXX object CMakeFiles/ublox_ubx_msgs__rosidl_typesupport_introspection_cpp.dir/rosidl_typesupport_introspection_cpp/ublox_ubx_msgs/msg/detail/esf_sensor_status__type_support.cpp.o[0m
[649.845s] [ 14%] [32mBuilding CXX object CMakeFiles/ublox_ubx_msgs__rosidl_typesupport_cpp.dir/rosidl_typesupport_cpp/ublox_ubx_msgs/msg/map_matching__type_support.cpp.o[0m
[656.804s] [ 15%] [32mBuilding CXX object CMakeFiles/ublox_ubx_msgs__rosidl_typesupport_cpp.dir/rosidl_typesupport_cpp/ublox_ubx_msgs/msg/measx_data__type_support.cpp.o[0m
[656.968s] [ 15%] [32mBuilding CXX object CMakeFiles/ublox_ubx_msgs__rosidl_typesupport_introspection_cpp.dir/rosidl_typesupport_introspection_cpp/ublox_ubx_msgs/msg/detail/gps_fix__type_support.cpp.o[0m
[660.530s] [ 15%] [32mBuilding CXX object CMakeFiles/ublox_ubx_msgs__rosidl_typesupport_cpp.dir/rosidl_typesupport_cpp/ublox_ubx_msgs/msg/orb_alm_info__type_support.cpp.o[0m
[661.556s] [ 16%] [32mBuilding CXX object CMakeFiles/ublox_ubx_msgs__rosidl_typesupport_introspection_cpp.dir/rosidl_typesupport_introspection_cpp/ublox_ubx_msgs/msg/detail/map_matching__type_support.cpp.o[0m
[663.485s] [ 16%] [32mBuilding CXX object CMakeFiles/ublox_ubx_msgs__rosidl_typesupport_cpp.dir/rosidl_typesupport_cpp/ublox_ubx_msgs/msg/orb_eph_info__type_support.cpp.o[0m
[667.158s] [ 16%] [32mBuilding CXX object CMakeFiles/ublox_ubx_msgs__rosidl_typesupport_introspection_cpp.dir/rosidl_typesupport_introspection_cpp/ublox_ubx_msgs/msg/detail/measx_data__type_support.cpp.o[0m
[667.433s] [ 16%] [32mBuilding CXX object CMakeFiles/ublox_ubx_msgs__rosidl_typesupport_cpp.dir/rosidl_typesupport_cpp/ublox_ubx_msgs/msg/orb_sv_flag__type_support.cpp.o[0m
[670.377s] [ 17%] [32mBuilding CXX object CMakeFiles/ublox_ubx_msgs__rosidl_typesupport_cpp.dir/rosidl_typesupport_cpp/ublox_ubx_msgs/msg/orb_sv_info__type_support.cpp.o[0m
[671.122s] [ 17%] [32mBuilding CXX object CMakeFiles/ublox_ubx_msgs__rosidl_typesupport_introspection_cpp.dir/rosidl_typesupport_introspection_cpp/ublox_ubx_msgs/msg/detail/orb_alm_info__type_support.cpp.o[0m
[672.884s] [ 17%] [32mBuilding C object CMakeFiles/ublox_ubx_msgs__rosidl_generator_c.dir/rosidl_generator_c/ublox_ubx_msgs/msg/detail/carr_soln__functions.c.o[0m
[673.242s] [ 17%] [32mBuilding CXX object CMakeFiles/ublox_ubx_msgs__rosidl_typesupport_cpp.dir/rosidl_typesupport_cpp/ublox_ubx_msgs/msg/other_orb_info__type_support.cpp.o[0m
[673.469s] [ 18%] [32mBuilding C object CMakeFiles/ublox_ubx_msgs__rosidl_generator_c.dir/rosidl_generator_c/ublox_ubx_msgs/msg/detail/esf_meas_data_item__functions.c.o[0m
[673.987s] [ 18%] [32mBuilding C object CMakeFiles/ublox_ubx_msgs__rosidl_generator_c.dir/rosidl_generator_c/ublox_ubx_msgs/msg/detail/esf_sensor_status__functions.c.o[0m
[674.449s] [ 18%] [32mBuilding C object CMakeFiles/ublox_ubx_msgs__rosidl_generator_c.dir/rosidl_generator_c/ublox_ubx_msgs/msg/detail/gps_fix__functions.c.o[0m
[674.970s] [ 18%] [32mBuilding C object CMakeFiles/ublox_ubx_msgs__rosidl_generator_c.dir/rosidl_generator_c/ublox_ubx_msgs/msg/detail/map_matching__functions.c.o[0m
[675.424s] [ 18%] [32mBuilding CXX object CMakeFiles/ublox_ubx_msgs__rosidl_typesupport_introspection_cpp.dir/rosidl_typesupport_introspection_cpp/ublox_ubx_msgs/msg/detail/orb_eph_info__type_support.cpp.o[0m
[675.671s] [ 19%] [32mBuilding C object CMakeFiles/ublox_ubx_msgs__rosidl_generator_c.dir/rosidl_generator_c/ublox_ubx_msgs/msg/detail/measx_data__functions.c.o[0m
[676.286s] [ 19%] [32mBuilding C object CMakeFiles/ublox_ubx_msgs__rosidl_generator_c.dir/rosidl_generator_c/ublox_ubx_msgs/msg/detail/orb_alm_info__functions.c.o[0m
[676.789s] [ 19%] [32mBuilding CXX object CMakeFiles/ublox_ubx_msgs__rosidl_typesupport_cpp.dir/rosidl_typesupport_cpp/ublox_ubx_msgs/msg/psmpvt__type_support.cpp.o[0m
[676.810s] [ 19%] [32mBuilding C object CMakeFiles/ublox_ubx_msgs__rosidl_generator_c.dir/rosidl_generator_c/ublox_ubx_msgs/msg/detail/orb_eph_info__functions.c.o[0m
[677.314s] [ 19%] [32mBuilding C object CMakeFiles/ublox_ubx_msgs__rosidl_generator_c.dir/rosidl_generator_c/ublox_ubx_msgs/msg/detail/orb_sv_flag__functions.c.o[0m
[677.834s] [ 19%] [32mBuilding C object CMakeFiles/ublox_ubx_msgs__rosidl_generator_c.dir/rosidl_generator_c/ublox_ubx_msgs/msg/detail/orb_sv_info__functions.c.o[0m
[678.489s] [ 20%] [32mBuilding C object CMakeFiles/ublox_ubx_msgs__rosidl_generator_c.dir/rosidl_generator_c/ublox_ubx_msgs/msg/detail/other_orb_info__functions.c.o[0m
[679.101s] [ 20%] [32mBuilding C object CMakeFiles/ublox_ubx_msgs__rosidl_generator_c.dir/rosidl_generator_c/ublox_ubx_msgs/msg/detail/psmpvt__functions.c.o[0m
[679.679s] [ 20%] [32mBuilding C object CMakeFiles/ublox_ubx_msgs__rosidl_generator_c.dir/rosidl_generator_c/ublox_ubx_msgs/msg/detail/psm_status__functions.c.o[0m
[679.961s] [ 20%] [32mBuilding CXX object CMakeFiles/ublox_ubx_msgs__rosidl_typesupport_cpp.dir/rosidl_typesupport_cpp/ublox_ubx_msgs/msg/psm_status__type_support.cpp.o[0m
[680.226s] [ 20%] [32mBuilding CXX object CMakeFiles/ublox_ubx_msgs__rosidl_typesupport_introspection_cpp.dir/rosidl_typesupport_introspection_cpp/ublox_ubx_msgs/msg/detail/orb_sv_flag__type_support.cpp.o[0m
[680.234s] [ 20%] [32mBuilding C object CMakeFiles/ublox_ubx_msgs__rosidl_generator_c.dir/rosidl_generator_c/ublox_ubx_msgs/msg/detail/rawx_data__functions.c.o[0m
[680.815s] [ 21%] [32mBuilding C object CMakeFiles/ublox_ubx_msgs__rosidl_generator_c.dir/rosidl_generator_c/ublox_ubx_msgs/msg/detail/rec_stat__functions.c.o[0m
[681.521s] [ 21%] [32mBuilding C object CMakeFiles/ublox_ubx_msgs__rosidl_generator_c.dir/rosidl_generator_c/ublox_ubx_msgs/msg/detail/sat_flags__functions.c.o[0m
[682.240s] [ 21%] [32mBuilding C object CMakeFiles/ublox_ubx_msgs__rosidl_generator_c.dir/rosidl_generator_c/ublox_ubx_msgs/msg/detail/sat_info__functions.c.o[0m
[682.856s] [ 21%] [32mBuilding C object CMakeFiles/ublox_ubx_msgs__rosidl_generator_c.dir/rosidl_generator_c/ublox_ubx_msgs/msg/detail/sbas_service__functions.c.o[0m
[683.436s] [ 21%] [32mBuilding C object CMakeFiles/ublox_ubx_msgs__rosidl_generator_c.dir/rosidl_generator_c/ublox_ubx_msgs/msg/detail/sbas_status_flags__functions.c.o[0m
[684.070s] [ 21%] [32mBuilding CXX object CMakeFiles/ublox_ubx_msgs__rosidl_typesupport_cpp.dir/rosidl_typesupport_cpp/ublox_ubx_msgs/msg/rawx_data__type_support.cpp.o[0m
[684.307s] [ 22%] [32mBuilding C object CMakeFiles/ublox_ubx_msgs__rosidl_generator_c.dir/rosidl_generator_c/ublox_ubx_msgs/msg/detail/sbas_sv_data__functions.c.o[0m
[685.058s] [ 22%] [32mBuilding C object CMakeFiles/ublox_ubx_msgs__rosidl_generator_c.dir/rosidl_generator_c/ublox_ubx_msgs/msg/detail/sig_data__functions.c.o[0m
[685.875s] [ 22%] [32mBuilding C object CMakeFiles/ublox_ubx_msgs__rosidl_generator_c.dir/rosidl_generator_c/ublox_ubx_msgs/msg/detail/sig_flags__functions.c.o[0m
[685.918s] [ 23%] [32mBuilding CXX object CMakeFiles/ublox_ubx_msgs__rosidl_typesupport_introspection_cpp.dir/rosidl_typesupport_introspection_cpp/ublox_ubx_msgs/msg/detail/orb_sv_info__type_support.cpp.o[0m
[686.467s] [ 23%] [32mBuilding C object CMakeFiles/ublox_ubx_msgs__rosidl_generator_c.dir/rosidl_generator_c/ublox_ubx_msgs/msg/detail/sig_log_event__functions.c.o[0m
[687.155s] [ 24%] [32mBuilding C object CMakeFiles/ublox_ubx_msgs__rosidl_generator_c.dir/rosidl_generator_c/ublox_ubx_msgs/msg/detail/spoof_det__functions.c.o[0m
[687.931s] [ 24%] [32mBuilding C object CMakeFiles/ublox_ubx_msgs__rosidl_generator_c.dir/rosidl_generator_c/ublox_ubx_msgs/msg/detail/trk_stat__functions.c.o[0m
[688.168s] [ 25%] [32mBuilding CXX object CMakeFiles/ublox_ubx_msgs__rosidl_typesupport_cpp.dir/rosidl_typesupport_cpp/ublox_ubx_msgs/msg/rec_stat__type_support.cpp.o[0m
[688.611s] [ 25%] [32mBuilding C object CMakeFiles/ublox_ubx_msgs__rosidl_generator_c.dir/rosidl_generator_c/ublox_ubx_msgs/msg/detail/ubx_esf_meas__functions.c.o[0m
[689.689s] [ 25%] [32mBuilding C object CMakeFiles/ublox_ubx_msgs__rosidl_generator_c.dir/rosidl_generator_c/ublox_ubx_msgs/msg/detail/ubx_esf_status__functions.c.o[0m
[690.711s] [ 25%] [32mBuilding C object CMakeFiles/ublox_ubx_msgs__rosidl_generator_c.dir/rosidl_generator_c/ublox_ubx_msgs/msg/detail/ubx_nav_eoe__functions.c.o[0m
[692.183s] [ 26%] [32mBuilding C object CMakeFiles/ublox_ubx_msgs__rosidl_generator_c.dir/rosidl_generator_c/ublox_ubx_msgs/msg/detail/ubx_nav_clock__functions.c.o[0m
[692.612s] [ 26%] [32mBuilding CXX object CMakeFiles/ublox_ubx_msgs__rosidl_typesupport_introspection_cpp.dir/rosidl_typesupport_introspection_cpp/ublox_ubx_msgs/msg/detail/other_orb_info__type_support.cpp.o[0m
[693.368s] [ 26%] [32mBuilding C object CMakeFiles/ublox_ubx_msgs__rosidl_generator_c.dir/rosidl_generator_c/ublox_ubx_msgs/msg/detail/ubx_nav_cov__functions.c.o[0m
[694.420s] [ 26%] [32mBuilding CXX object CMakeFiles/ublox_ubx_msgs__rosidl_typesupport_cpp.dir/rosidl_typesupport_cpp/ublox_ubx_msgs/msg/sat_flags__type_support.cpp.o[0m
[695.210s] [ 26%] [32mBuilding C object CMakeFiles/ublox_ubx_msgs__rosidl_generator_c.dir/rosidl_generator_c/ublox_ubx_msgs/msg/detail/ubx_nav_dop__functions.c.o[0m
[696.362s] [ 26%] [32mBuilding C object CMakeFiles/ublox_ubx_msgs__rosidl_generator_c.dir/rosidl_generator_c/ublox_ubx_msgs/msg/detail/ubx_nav_hp_pos_ecef__functions.c.o[0m
[697.797s] [ 27%] [32mBuilding C object CMakeFiles/ublox_ubx_msgs__rosidl_generator_c.dir/rosidl_generator_c/ublox_ubx_msgs/msg/detail/ubx_nav_hp_pos_llh__functions.c.o[0m
[699.380s] [ 27%] [32mBuilding C object CMakeFiles/ublox_ubx_msgs__rosidl_generator_c.dir/rosidl_generator_c/ublox_ubx_msgs/msg/detail/ubx_nav_odo__functions.c.o[0m
[700.402s] [ 27%] [32mBuilding CXX object CMakeFiles/ublox_ubx_msgs__rosidl_typesupport_cpp.dir/rosidl_typesupport_cpp/ublox_ubx_msgs/msg/sat_info__type_support.cpp.o[0m
[700.861s] [ 27%] [32mBuilding C object CMakeFiles/ublox_ubx_msgs__rosidl_generator_c.dir/rosidl_generator_c/ublox_ubx_msgs/msg/detail/ubx_nav_orb__functions.c.o[0m
[702.159s] [ 27%] [32mBuilding C object CMakeFiles/ublox_ubx_msgs__rosidl_generator_c.dir/rosidl_generator_c/ublox_ubx_msgs/msg/detail/ubx_nav_pos_ecef__functions.c.o[0m
[703.088s] [ 27%] [32mBuilding C object CMakeFiles/ublox_ubx_msgs__rosidl_generator_c.dir/rosidl_generator_c/ublox_ubx_msgs/msg/detail/ubx_nav_pos_llh__functions.c.o[0m
[703.174s] [ 27%] [32mBuilding CXX object CMakeFiles/ublox_ubx_msgs__rosidl_typesupport_introspection_cpp.dir/rosidl_typesupport_introspection_cpp/ublox_ubx_msgs/msg/detail/psmpvt__type_support.cpp.o[0m
[703.719s] [ 28%] [32mBuilding C object CMakeFiles/ublox_ubx_msgs__rosidl_generator_c.dir/rosidl_generator_c/ublox_ubx_msgs/msg/detail/ubx_nav_pvt__functions.c.o[0m
[705.255s] [ 28%] [32mBuilding C object CMakeFiles/ublox_ubx_msgs__rosidl_generator_c.dir/rosidl_generator_c/ublox_ubx_msgs/msg/detail/ubx_nav_rel_pos_ned__functions.c.o[0m
[706.539s] [ 28%] [32mBuilding C object CMakeFiles/ublox_ubx_msgs__rosidl_generator_c.dir/rosidl_generator_c/ublox_ubx_msgs/msg/detail/ubx_nav_sat__functions.c.o[0m
[706.890s] [ 28%] [32mBuilding CXX object CMakeFiles/ublox_ubx_msgs__rosidl_typesupport_cpp.dir/rosidl_typesupport_cpp/ublox_ubx_msgs/msg/sbas_service__type_support.cpp.o[0m
[707.288s] [ 28%] [32mBuilding C object CMakeFiles/ublox_ubx_msgs__rosidl_generator_c.dir/rosidl_generator_c/ublox_ubx_msgs/msg/detail/ubx_nav_sbas__functions.c.o[0m
[708.029s] [ 29%] [32mBuilding C object CMakeFiles/ublox_ubx_msgs__rosidl_generator_c.dir/rosidl_generator_c/ublox_ubx_msgs/msg/detail/ubx_nav_sig__functions.c.o[0m
[708.739s] [ 29%] [32mBuilding C object CMakeFiles/ublox_ubx_msgs__rosidl_generator_c.dir/rosidl_generator_c/ublox_ubx_msgs/msg/detail/ubx_nav_status__functions.c.o[0m
[709.681s] [ 29%] [32mBuilding C object CMakeFiles/ublox_ubx_msgs__rosidl_generator_c.dir/rosidl_generator_c/ublox_ubx_msgs/msg/detail/ubx_nav_time_utc__functions.c.o[0m
[709.980s] [ 29%] [32mBuilding CXX object CMakeFiles/ublox_ubx_msgs__rosidl_typesupport_introspection_cpp.dir/rosidl_typesupport_introspection_cpp/ublox_ubx_msgs/msg/detail/psm_status__type_support.cpp.o[0m
[710.399s] [ 29%] [32mBuilding C object CMakeFiles/ublox_ubx_msgs__rosidl_generator_c.dir/rosidl_generator_c/ublox_ubx_msgs/msg/detail/ubx_nav_vel_ecef__functions.c.o[0m
[710.938s] [ 30%] [32mBuilding CXX object CMakeFiles/ublox_ubx_msgs__rosidl_typesupport_cpp.dir/rosidl_typesupport_cpp/ublox_ubx_msgs/msg/sbas_status_flags__type_support.cpp.o[0m
[711.187s] [ 30%] [32mBuilding C object CMakeFiles/ublox_ubx_msgs__rosidl_generator_c.dir/rosidl_generator_c/ublox_ubx_msgs/msg/detail/ubx_nav_vel_ned__functions.c.o[0m
[711.878s] [ 31%] [32mBuilding C object CMakeFiles/ublox_ubx_msgs__rosidl_generator_c.dir/rosidl_generator_c/ublox_ubx_msgs/msg/detail/ubx_rxm_measx__functions.c.o[0m
[712.677s] [ 31%] [32mBuilding C object CMakeFiles/ublox_ubx_msgs__rosidl_generator_c.dir/rosidl_generator_c/ublox_ubx_msgs/msg/detail/ubx_rxm_rawx__functions.c.o[0m
[713.350s] [ 31%] [32mBuilding C object CMakeFiles/ublox_ubx_msgs__rosidl_generator_c.dir/rosidl_generator_c/ublox_ubx_msgs/msg/detail/ubx_rxm_rtcm__functions.c.o[0m
[713.935s] [ 31%] [32mBuilding C object CMakeFiles/ublox_ubx_msgs__rosidl_generator_c.dir/rosidl_generator_c/ublox_ubx_msgs/msg/detail/ubx_sec_sig__functions.c.o[0m
[714.383s] [ 31%] [32mBuilding CXX object CMakeFiles/ublox_ubx_msgs__rosidl_typesupport_cpp.dir/rosidl_typesupport_cpp/ublox_ubx_msgs/msg/sbas_sv_data__type_support.cpp.o[0m
[714.501s] [ 32%] [32mBuilding C object CMakeFiles/ublox_ubx_msgs__rosidl_generator_c.dir/rosidl_generator_c/ublox_ubx_msgs/msg/detail/ubx_sec_sig_log__functions.c.o[0m
[714.914s] [ 33%] [32mBuilding CXX object CMakeFiles/ublox_ubx_msgs__rosidl_typesupport_introspection_cpp.dir/rosidl_typesupport_introspection_cpp/ublox_ubx_msgs/msg/detail/rawx_data__type_support.cpp.o[0m
[714.957s] [ 33%] [32mBuilding C object CMakeFiles/ublox_ubx_msgs__rosidl_generator_c.dir/rosidl_generator_c/ublox_ubx_msgs/msg/detail/ubx_sec_uniqid__functions.c.o[0m
[715.385s] [ 33%] [32mBuilding C object CMakeFiles/ublox_ubx_msgs__rosidl_generator_c.dir/rosidl_generator_c/ublox_ubx_msgs/msg/detail/utc_std__functions.c.o[0m
[716.096s] [ 33%] [32m[1mLinking C shared library libublox_ubx_msgs__rosidl_generator_c.so[0m
[716.687s] [ 33%] Built target ublox_ubx_msgs__rosidl_generator_c
[717.415s] [ 33%] [32mBuilding CXX object CMakeFiles/ublox_ubx_msgs__rosidl_typesupport_cpp.dir/rosidl_typesupport_cpp/ublox_ubx_msgs/msg/sig_data__type_support.cpp.o[0m
[718.766s] [ 33%] [32mBuilding CXX object CMakeFiles/ublox_ubx_msgs__rosidl_typesupport_introspection_cpp.dir/rosidl_typesupport_introspection_cpp/ublox_ubx_msgs/msg/detail/rec_stat__type_support.cpp.o[0m
[719.752s] [ 33%] [32mBuilding CXX object CMakeFiles/ublox_ubx_msgs__rosidl_typesupport_cpp.dir/rosidl_typesupport_cpp/ublox_ubx_msgs/msg/sig_flags__type_support.cpp.o[0m
[721.779s] [ 33%] [32mBuilding CXX object CMakeFiles/ublox_ubx_msgs__rosidl_typesupport_introspection_cpp.dir/rosidl_typesupport_introspection_cpp/ublox_ubx_msgs/msg/detail/sat_flags__type_support.cpp.o[0m
[722.139s] [ 33%] [32mBuilding CXX object CMakeFiles/ublox_ubx_msgs__rosidl_typesupport_cpp.dir/rosidl_typesupport_cpp/ublox_ubx_msgs/msg/sig_log_event__type_support.cpp.o[0m
[724.435s] [ 34%] [32mBuilding CXX object CMakeFiles/ublox_ubx_msgs__rosidl_typesupport_cpp.dir/rosidl_typesupport_cpp/ublox_ubx_msgs/msg/spoof_det__type_support.cpp.o[0m
[725.053s] [ 34%] [32mBuilding CXX object CMakeFiles/ublox_ubx_msgs__rosidl_typesupport_introspection_cpp.dir/rosidl_typesupport_introspection_cpp/ublox_ubx_msgs/msg/detail/sat_info__type_support.cpp.o[0m
[726.664s] [ 34%] [32mBuilding CXX object CMakeFiles/ublox_ubx_msgs__rosidl_typesupport_cpp.dir/rosidl_typesupport_cpp/ublox_ubx_msgs/msg/trk_stat__type_support.cpp.o[0m
[727.989s] [ 34%] [32mBuilding CXX object CMakeFiles/ublox_ubx_msgs__rosidl_typesupport_introspection_cpp.dir/rosidl_typesupport_introspection_cpp/ublox_ubx_msgs/msg/detail/sbas_service__type_support.cpp.o[0m
[728.881s] [ 34%] [32mBuilding CXX object CMakeFiles/ublox_ubx_msgs__rosidl_typesupport_cpp.dir/rosidl_typesupport_cpp/ublox_ubx_msgs/msg/ubx_esf_meas__type_support.cpp.o[0m
[731.437s] [ 35%] [32mBuilding CXX object CMakeFiles/ublox_ubx_msgs__rosidl_typesupport_introspection_cpp.dir/rosidl_typesupport_introspection_cpp/ublox_ubx_msgs/msg/detail/sbas_status_flags__type_support.cpp.o[0m
[731.488s] [ 35%] [32mBuilding CXX object CMakeFiles/ublox_ubx_msgs__rosidl_typesupport_cpp.dir/rosidl_typesupport_cpp/ublox_ubx_msgs/msg/ubx_esf_status__type_support.cpp.o[0m
[733.720s] [ 36%] [32mBuilding CXX object CMakeFiles/ublox_ubx_msgs__rosidl_typesupport_cpp.dir/rosidl_typesupport_cpp/ublox_ubx_msgs/msg/ubx_nav_eoe__type_support.cpp.o[0m
[734.762s] [ 36%] [32mBuilding CXX object CMakeFiles/ublox_ubx_msgs__rosidl_typesupport_introspection_cpp.dir/rosidl_typesupport_introspection_cpp/ublox_ubx_msgs/msg/detail/sbas_sv_data__type_support.cpp.o[0m
[736.728s] [ 36%] [32mBuilding CXX object CMakeFiles/ublox_ubx_msgs__rosidl_typesupport_cpp.dir/rosidl_typesupport_cpp/ublox_ubx_msgs/msg/ubx_nav_clock__type_support.cpp.o[0m
[739.673s] [ 36%] [32mBuilding CXX object CMakeFiles/ublox_ubx_msgs__rosidl_typesupport_introspection_cpp.dir/rosidl_typesupport_introspection_cpp/ublox_ubx_msgs/msg/detail/sig_data__type_support.cpp.o[0m
[739.913s] [ 36%] [32mBuilding CXX object CMakeFiles/ublox_ubx_msgs__rosidl_typesupport_cpp.dir/rosidl_typesupport_cpp/ublox_ubx_msgs/msg/ubx_nav_cov__type_support.cpp.o[0m
[742.419s] [ 36%] [32mBuilding CXX object CMakeFiles/ublox_ubx_msgs__rosidl_typesupport_cpp.dir/rosidl_typesupport_cpp/ublox_ubx_msgs/msg/ubx_nav_dop__type_support.cpp.o[0m
[743.086s] [ 36%] [32mBuilding CXX object CMakeFiles/ublox_ubx_msgs__rosidl_typesupport_introspection_cpp.dir/rosidl_typesupport_introspection_cpp/ublox_ubx_msgs/msg/detail/sig_flags__type_support.cpp.o[0m
[744.929s] [ 36%] [32mBuilding CXX object CMakeFiles/ublox_ubx_msgs__rosidl_typesupport_cpp.dir/rosidl_typesupport_cpp/ublox_ubx_msgs/msg/ubx_nav_hp_pos_ecef__type_support.cpp.o[0m
[746.432s] [ 37%] [32mBuilding CXX object CMakeFiles/ublox_ubx_msgs__rosidl_typesupport_introspection_cpp.dir/rosidl_typesupport_introspection_cpp/ublox_ubx_msgs/msg/detail/sig_log_event__type_support.cpp.o[0m
[747.149s] [ 38%] [32mBuilding CXX object CMakeFiles/ublox_ubx_msgs__rosidl_typesupport_cpp.dir/rosidl_typesupport_cpp/ublox_ubx_msgs/msg/ubx_nav_hp_pos_llh__type_support.cpp.o[0m
[749.275s] [ 38%] [32mBuilding CXX object CMakeFiles/ublox_ubx_msgs__rosidl_typesupport_cpp.dir/rosidl_typesupport_cpp/ublox_ubx_msgs/msg/ubx_nav_odo__type_support.cpp.o[0m
[749.386s] [ 38%] [32mBuilding CXX object CMakeFiles/ublox_ubx_msgs__rosidl_typesupport_introspection_cpp.dir/rosidl_typesupport_introspection_cpp/ublox_ubx_msgs/msg/detail/spoof_det__type_support.cpp.o[0m
[752.939s] [ 38%] [32mBuilding CXX object CMakeFiles/ublox_ubx_msgs__rosidl_typesupport_cpp.dir/rosidl_typesupport_cpp/ublox_ubx_msgs/msg/ubx_nav_orb__type_support.cpp.o[0m
[755.752s] [ 38%] [32mBuilding CXX object CMakeFiles/ublox_ubx_msgs__rosidl_typesupport_introspection_cpp.dir/rosidl_typesupport_introspection_cpp/ublox_ubx_msgs/msg/detail/trk_stat__type_support.cpp.o[0m
[757.758s] [ 38%] [32mBuilding CXX object CMakeFiles/ublox_ubx_msgs__rosidl_typesupport_cpp.dir/rosidl_typesupport_cpp/ublox_ubx_msgs/msg/ubx_nav_pos_ecef__type_support.cpp.o[0m
[760.615s] [ 38%] [32mBuilding CXX object CMakeFiles/ublox_ubx_msgs__rosidl_typesupport_introspection_cpp.dir/rosidl_typesupport_introspection_cpp/ublox_ubx_msgs/msg/detail/ubx_esf_meas__type_support.cpp.o[0m
[760.622s] [ 39%] [32mBuilding CXX object CMakeFiles/ublox_ubx_msgs__rosidl_typesupport_cpp.dir/rosidl_typesupport_cpp/ublox_ubx_msgs/msg/ubx_nav_pos_llh__type_support.cpp.o[0m
[762.790s] [ 39%] [32mBuilding CXX object CMakeFiles/ublox_ubx_msgs__rosidl_typesupport_cpp.dir/rosidl_typesupport_cpp/ublox_ubx_msgs/msg/ubx_nav_pvt__type_support.cpp.o[0m
[764.254s] [ 39%] [32mBuilding CXX object CMakeFiles/ublox_ubx_msgs__rosidl_typesupport_introspection_cpp.dir/rosidl_typesupport_introspection_cpp/ublox_ubx_msgs/msg/detail/ubx_esf_status__type_support.cpp.o[0m
[765.281s] [ 39%] [32mBuilding CXX object CMakeFiles/ublox_ubx_msgs__rosidl_typesupport_cpp.dir/rosidl_typesupport_cpp/ublox_ubx_msgs/msg/ubx_nav_rel_pos_ned__type_support.cpp.o[0m
[767.422s] [ 40%] [32mBuilding CXX object CMakeFiles/ublox_ubx_msgs__rosidl_typesupport_introspection_cpp.dir/rosidl_typesupport_introspection_cpp/ublox_ubx_msgs/msg/detail/ubx_nav_eoe__type_support.cpp.o[0m
[767.476s] [ 40%] [32mBuilding CXX object CMakeFiles/ublox_ubx_msgs__rosidl_typesupport_cpp.dir/rosidl_typesupport_cpp/ublox_ubx_msgs/msg/ubx_nav_sat__type_support.cpp.o[0m
[769.735s] [ 40%] [32mBuilding CXX object CMakeFiles/ublox_ubx_msgs__rosidl_typesupport_cpp.dir/rosidl_typesupport_cpp/ublox_ubx_msgs/msg/ubx_nav_sbas__type_support.cpp.o[0m
[770.443s] [ 40%] [32mBuilding CXX object CMakeFiles/ublox_ubx_msgs__rosidl_typesupport_introspection_cpp.dir/rosidl_typesupport_introspection_cpp/ublox_ubx_msgs/msg/detail/ubx_nav_clock__type_support.cpp.o[0m
[771.753s] [ 41%] [32mBuilding CXX object CMakeFiles/ublox_ubx_msgs__rosidl_typesupport_cpp.dir/rosidl_typesupport_cpp/ublox_ubx_msgs/msg/ubx_nav_sig__type_support.cpp.o[0m
[773.620s] [ 41%] [32mBuilding CXX object CMakeFiles/ublox_ubx_msgs__rosidl_typesupport_introspection_cpp.dir/rosidl_typesupport_introspection_cpp/ublox_ubx_msgs/msg/detail/ubx_nav_cov__type_support.cpp.o[0m
[774.476s] [ 41%] [32mBuilding CXX object CMakeFiles/ublox_ubx_msgs__rosidl_typesupport_cpp.dir/rosidl_typesupport_cpp/ublox_ubx_msgs/msg/ubx_nav_status__type_support.cpp.o[0m
[776.729s] [ 41%] [32mBuilding CXX object CMakeFiles/ublox_ubx_msgs__rosidl_typesupport_cpp.dir/rosidl_typesupport_cpp/ublox_ubx_msgs/msg/ubx_nav_time_utc__type_support.cpp.o[0m
[776.935s] [ 41%] [32mBuilding CXX object CMakeFiles/ublox_ubx_msgs__rosidl_typesupport_introspection_cpp.dir/rosidl_typesupport_introspection_cpp/ublox_ubx_msgs/msg/detail/ubx_nav_dop__type_support.cpp.o[0m
[778.827s] [ 41%] [32mBuilding CXX object CMakeFiles/ublox_ubx_msgs__rosidl_typesupport_cpp.dir/rosidl_typesupport_cpp/ublox_ubx_msgs/msg/ubx_nav_vel_ecef__type_support.cpp.o[0m
[779.844s] [ 42%] [32mBuilding CXX object CMakeFiles/ublox_ubx_msgs__rosidl_typesupport_introspection_cpp.dir/rosidl_typesupport_introspection_cpp/ublox_ubx_msgs/msg/detail/ubx_nav_hp_pos_ecef__type_support.cpp.o[0m
[781.161s] [ 43%] [32mBuilding CXX object CMakeFiles/ublox_ubx_msgs__rosidl_typesupport_cpp.dir/rosidl_typesupport_cpp/ublox_ubx_msgs/msg/ubx_nav_vel_ned__type_support.cpp.o[0m
[782.808s] [ 43%] [32mBuilding CXX object CMakeFiles/ublox_ubx_msgs__rosidl_typesupport_introspection_cpp.dir/rosidl_typesupport_introspection_cpp/ublox_ubx_msgs/msg/detail/ubx_nav_hp_pos_llh__type_support.cpp.o[0m
[783.518s] [ 43%] [32mBuilding CXX object CMakeFiles/ublox_ubx_msgs__rosidl_typesupport_cpp.dir/rosidl_typesupport_cpp/ublox_ubx_msgs/msg/ubx_rxm_measx__type_support.cpp.o[0m
[785.926s] [ 43%] [32mBuilding CXX object CMakeFiles/ublox_ubx_msgs__rosidl_typesupport_cpp.dir/rosidl_typesupport_cpp/ublox_ubx_msgs/msg/ubx_rxm_rawx__type_support.cpp.o[0m
[786.165s] [ 43%] [32mBuilding CXX object CMakeFiles/ublox_ubx_msgs__rosidl_typesupport_introspection_cpp.dir/rosidl_typesupport_introspection_cpp/ublox_ubx_msgs/msg/detail/ubx_nav_odo__type_support.cpp.o[0m
[788.401s] [ 43%] [32mBuilding CXX object CMakeFiles/ublox_ubx_msgs__rosidl_typesupport_cpp.dir/rosidl_typesupport_cpp/ublox_ubx_msgs/msg/ubx_rxm_rtcm__type_support.cpp.o[0m
[789.480s] [ 43%] [32mBuilding CXX object CMakeFiles/ublox_ubx_msgs__rosidl_typesupport_introspection_cpp.dir/rosidl_typesupport_introspection_cpp/ublox_ubx_msgs/msg/detail/ubx_nav_orb__type_support.cpp.o[0m
[791.125s] [ 43%] [32mBuilding CXX object CMakeFiles/ublox_ubx_msgs__rosidl_typesupport_cpp.dir/rosidl_typesupport_cpp/ublox_ubx_msgs/msg/ubx_sec_sig__type_support.cpp.o[0m
[794.800s] [ 44%] [32mBuilding CXX object CMakeFiles/ublox_ubx_msgs__rosidl_typesupport_cpp.dir/rosidl_typesupport_cpp/ublox_ubx_msgs/msg/ubx_sec_sig_log__type_support.cpp.o[0m
[795.036s] [ 44%] [32mBuilding CXX object CMakeFiles/ublox_ubx_msgs__rosidl_typesupport_introspection_cpp.dir/rosidl_typesupport_introspection_cpp/ublox_ubx_msgs/msg/detail/ubx_nav_pos_ecef__type_support.cpp.o[0m
[797.303s] [ 44%] [32mBuilding CXX object CMakeFiles/ublox_ubx_msgs__rosidl_typesupport_cpp.dir/rosidl_typesupport_cpp/ublox_ubx_msgs/msg/ubx_sec_uniqid__type_support.cpp.o[0m
[798.550s] [ 45%] [32mBuilding CXX object CMakeFiles/ublox_ubx_msgs__rosidl_typesupport_introspection_cpp.dir/rosidl_typesupport_introspection_cpp/ublox_ubx_msgs/msg/detail/ubx_nav_pos_llh__type_support.cpp.o[0m
[799.764s] [ 45%] [32mBuilding CXX object CMakeFiles/ublox_ubx_msgs__rosidl_typesupport_cpp.dir/rosidl_typesupport_cpp/ublox_ubx_msgs/msg/utc_std__type_support.cpp.o[0m
[801.471s] [ 45%] [32mBuilding CXX object CMakeFiles/ublox_ubx_msgs__rosidl_typesupport_introspection_cpp.dir/rosidl_typesupport_introspection_cpp/ublox_ubx_msgs/msg/detail/ubx_nav_pvt__type_support.cpp.o[0m
[801.724s] [ 45%] [32m[1mLinking CXX shared library libublox_ubx_msgs__rosidl_typesupport_cpp.so[0m
[802.121s] [ 45%] Built target ublox_ubx_msgs__rosidl_typesupport_cpp
[804.140s] [ 45%] [32mBuilding CXX object CMakeFiles/ublox_ubx_msgs__rosidl_typesupport_introspection_cpp.dir/rosidl_typesupport_introspection_cpp/ublox_ubx_msgs/msg/detail/ubx_nav_rel_pos_ned__type_support.cpp.o[0m
[806.499s] [ 45%] [32mBuilding CXX object CMakeFiles/ublox_ubx_msgs__rosidl_typesupport_introspection_cpp.dir/rosidl_typesupport_introspection_cpp/ublox_ubx_msgs/msg/detail/ubx_nav_sat__type_support.cpp.o[0m
[809.760s] [ 46%] [32mBuilding CXX object CMakeFiles/ublox_ubx_msgs__rosidl_typesupport_introspection_cpp.dir/rosidl_typesupport_introspection_cpp/ublox_ubx_msgs/msg/detail/ubx_nav_sbas__type_support.cpp.o[0m
[815.147s] [ 46%] [32mBuilding CXX object CMakeFiles/ublox_ubx_msgs__rosidl_typesupport_introspection_cpp.dir/rosidl_typesupport_introspection_cpp/ublox_ubx_msgs/msg/detail/ubx_nav_sig__type_support.cpp.o[0m
[818.193s] [ 46%] [32mBuilding CXX object CMakeFiles/ublox_ubx_msgs__rosidl_typesupport_introspection_cpp.dir/rosidl_typesupport_introspection_cpp/ublox_ubx_msgs/msg/detail/ubx_nav_status__type_support.cpp.o[0m
[820.565s] [ 46%] [32mBuilding CXX object CMakeFiles/ublox_ubx_msgs__rosidl_typesupport_introspection_cpp.dir/rosidl_typesupport_introspection_cpp/ublox_ubx_msgs/msg/detail/ubx_nav_time_utc__type_support.cpp.o[0m
[822.977s] [ 46%] [32mBuilding CXX object CMakeFiles/ublox_ubx_msgs__rosidl_typesupport_introspection_cpp.dir/rosidl_typesupport_introspection_cpp/ublox_ubx_msgs/msg/detail/ubx_nav_vel_ecef__type_support.cpp.o[0m
[825.355s] [ 47%] [32mBuilding CXX object CMakeFiles/ublox_ubx_msgs__rosidl_typesupport_introspection_cpp.dir/rosidl_typesupport_introspection_cpp/ublox_ubx_msgs/msg/detail/ubx_nav_vel_ned__type_support.cpp.o[0m
[827.748s] [ 47%] [32mBuilding CXX object CMakeFiles/ublox_ubx_msgs__rosidl_typesupport_introspection_cpp.dir/rosidl_typesupport_introspection_cpp/ublox_ubx_msgs/msg/detail/ubx_rxm_measx__type_support.cpp.o[0m
[830.497s] [ 47%] [32mBuilding CXX object CMakeFiles/ublox_ubx_msgs__rosidl_typesupport_introspection_cpp.dir/rosidl_typesupport_introspection_cpp/ublox_ubx_msgs/msg/detail/ubx_rxm_rawx__type_support.cpp.o[0m
[833.247s] [ 47%] [32mBuilding CXX object CMakeFiles/ublox_ubx_msgs__rosidl_typesupport_introspection_cpp.dir/rosidl_typesupport_introspection_cpp/ublox_ubx_msgs/msg/detail/ubx_rxm_rtcm__type_support.cpp.o[0m
[835.575s] [ 48%] [32mBuilding CXX object CMakeFiles/ublox_ubx_msgs__rosidl_typesupport_introspection_cpp.dir/rosidl_typesupport_introspection_cpp/ublox_ubx_msgs/msg/detail/ubx_sec_sig__type_support.cpp.o[0m
[837.743s] [ 48%] [32mBuilding CXX object CMakeFiles/ublox_ubx_msgs__rosidl_typesupport_introspection_cpp.dir/rosidl_typesupport_introspection_cpp/ublox_ubx_msgs/msg/detail/ubx_sec_sig_log__type_support.cpp.o[0m
[840.238s] [ 48%] [32mBuilding CXX object CMakeFiles/ublox_ubx_msgs__rosidl_typesupport_introspection_cpp.dir/rosidl_typesupport_introspection_cpp/ublox_ubx_msgs/msg/detail/ubx_sec_uniqid__type_support.cpp.o[0m
[842.561s] [ 48%] [32mBuilding CXX object CMakeFiles/ublox_ubx_msgs__rosidl_typesupport_introspection_cpp.dir/rosidl_typesupport_introspection_cpp/ublox_ubx_msgs/msg/detail/utc_std__type_support.cpp.o[0m
[844.733s] [ 49%] [32m[1mLinking CXX shared library libublox_ubx_msgs__rosidl_typesupport_introspection_cpp.so[0m
[845.341s] [ 49%] Built target ublox_ubx_msgs__rosidl_typesupport_introspection_cpp
[845.405s] [ 50%] [34m[1mGenerating C introspection for ROS interfaces[0m
[899.178s] [ 50%] [32mBuilding C object CMakeFiles/ublox_ubx_msgs__rosidl_typesupport_introspection_c.dir/rosidl_typesupport_introspection_c/ublox_ubx_msgs/msg/detail/carr_soln__type_support.c.o[0m
[899.449s] [ 50%] [32mBuilding C object CMakeFiles/ublox_ubx_msgs__rosidl_typesupport_introspection_c.dir/rosidl_typesupport_introspection_c/ublox_ubx_msgs/msg/detail/esf_meas_data_item__type_support.c.o[0m
[899.689s] [ 50%] [32mBuilding C object CMakeFiles/ublox_ubx_msgs__rosidl_typesupport_introspection_c.dir/rosidl_typesupport_introspection_c/ublox_ubx_msgs/msg/detail/esf_sensor_status__type_support.c.o[0m
[899.931s] [ 51%] [32mBuilding C object CMakeFiles/ublox_ubx_msgs__rosidl_typesupport_introspection_c.dir/rosidl_typesupport_introspection_c/ublox_ubx_msgs/msg/detail/gps_fix__type_support.c.o[0m
[900.152s] [ 51%] [32mBuilding C object CMakeFiles/ublox_ubx_msgs__rosidl_typesupport_introspection_c.dir/rosidl_typesupport_introspection_c/ublox_ubx_msgs/msg/detail/map_matching__type_support.c.o[0m
[900.381s] [ 51%] [32mBuilding C object CMakeFiles/ublox_ubx_msgs__rosidl_typesupport_introspection_c.dir/rosidl_typesupport_introspection_c/ublox_ubx_msgs/msg/detail/measx_data__type_support.c.o[0m
[900.600s] [ 51%] [32mBuilding C object CMakeFiles/ublox_ubx_msgs__rosidl_typesupport_introspection_c.dir/rosidl_typesupport_introspection_c/ublox_ubx_msgs/msg/detail/orb_alm_info__type_support.c.o[0m
[900.814s] [ 51%] [32mBuilding C object CMakeFiles/ublox_ubx_msgs__rosidl_typesupport_introspection_c.dir/rosidl_typesupport_introspection_c/ublox_ubx_msgs/msg/detail/orb_eph_info__type_support.c.o[0m
[901.032s] [ 52%] [32mBuilding C object CMakeFiles/ublox_ubx_msgs__rosidl_typesupport_introspection_c.dir/rosidl_typesupport_introspection_c/ublox_ubx_msgs/msg/detail/orb_sv_flag__type_support.c.o[0m
[901.268s] [ 52%] [32mBuilding C object CMakeFiles/ublox_ubx_msgs__rosidl_typesupport_introspection_c.dir/rosidl_typesupport_introspection_c/ublox_ubx_msgs/msg/detail/orb_sv_info__type_support.c.o[0m
[901.526s] [ 52%] [32mBuilding C object CMakeFiles/ublox_ubx_msgs__rosidl_typesupport_introspection_c.dir/rosidl_typesupport_introspection_c/ublox_ubx_msgs/msg/detail/other_orb_info__type_support.c.o[0m
[901.753s] [ 52%] [32mBuilding C object CMakeFiles/ublox_ubx_msgs__rosidl_typesupport_introspection_c.dir/rosidl_typesupport_introspection_c/ublox_ubx_msgs/msg/detail/psmpvt__type_support.c.o[0m
[901.983s] [ 53%] [32mBuilding C object CMakeFiles/ublox_ubx_msgs__rosidl_typesupport_introspection_c.dir/rosidl_typesupport_introspection_c/ublox_ubx_msgs/msg/detail/psm_status__type_support.c.o[0m
[902.210s] [ 53%] [32mBuilding C object CMakeFiles/ublox_ubx_msgs__rosidl_typesupport_introspection_c.dir/rosidl_typesupport_introspection_c/ublox_ubx_msgs/msg/detail/rawx_data__type_support.c.o[0m
[902.441s] [ 53%] [32mBuilding C object CMakeFiles/ublox_ubx_msgs__rosidl_typesupport_introspection_c.dir/rosidl_typesupport_introspection_c/ublox_ubx_msgs/msg/detail/rec_stat__type_support.c.o[0m
[902.679s] [ 53%] [32mBuilding C object CMakeFiles/ublox_ubx_msgs__rosidl_typesupport_introspection_c.dir/rosidl_typesupport_introspection_c/ublox_ubx_msgs/msg/detail/sat_flags__type_support.c.o[0m
[902.912s] [ 53%] [32mBuilding C object CMakeFiles/ublox_ubx_msgs__rosidl_typesupport_introspection_c.dir/rosidl_typesupport_introspection_c/ublox_ubx_msgs/msg/detail/sat_info__type_support.c.o[0m
[903.135s] [ 54%] [32mBuilding C object CMakeFiles/ublox_ubx_msgs__rosidl_typesupport_introspection_c.dir/rosidl_typesupport_introspection_c/ublox_ubx_msgs/msg/detail/sbas_service__type_support.c.o[0m
[903.620s] [ 54%] [32mBuilding C object CMakeFiles/ublox_ubx_msgs__rosidl_typesupport_introspection_c.dir/rosidl_typesupport_introspection_c/ublox_ubx_msgs/msg/detail/sbas_status_flags__type_support.c.o[0m
[903.860s] [ 54%] [32mBuilding C object CMakeFiles/ublox_ubx_msgs__rosidl_typesupport_introspection_c.dir/rosidl_typesupport_introspection_c/ublox_ubx_msgs/msg/detail/sbas_sv_data__type_support.c.o[0m
[904.112s] [ 54%] [32mBuilding C object CMakeFiles/ublox_ubx_msgs__rosidl_typesupport_introspection_c.dir/rosidl_typesupport_introspection_c/ublox_ubx_msgs/msg/detail/sig_data__type_support.c.o[0m
[904.348s] [ 55%] [32mBuilding C object CMakeFiles/ublox_ubx_msgs__rosidl_typesupport_introspection_c.dir/rosidl_typesupport_introspection_c/ublox_ubx_msgs/msg/detail/sig_flags__type_support.c.o[0m
[904.581s] [ 55%] [32mBuilding C object CMakeFiles/ublox_ubx_msgs__rosidl_typesupport_introspection_c.dir/rosidl_typesupport_introspection_c/ublox_ubx_msgs/msg/detail/sig_log_event__type_support.c.o[0m
[904.823s] [ 55%] [32mBuilding C object CMakeFiles/ublox_ubx_msgs__rosidl_typesupport_introspection_c.dir/rosidl_typesupport_introspection_c/ublox_ubx_msgs/msg/detail/spoof_det__type_support.c.o[0m
[905.054s] [ 55%] [32mBuilding C object CMakeFiles/ublox_ubx_msgs__rosidl_typesupport_introspection_c.dir/rosidl_typesupport_introspection_c/ublox_ubx_msgs/msg/detail/trk_stat__type_support.c.o[0m
[905.280s] [ 55%] [32mBuilding C object CMakeFiles/ublox_ubx_msgs__rosidl_typesupport_introspection_c.dir/rosidl_typesupport_introspection_c/ublox_ubx_msgs/msg/detail/ubx_esf_meas__type_support.c.o[0m
[905.537s] [ 56%] [32mBuilding C object CMakeFiles/ublox_ubx_msgs__rosidl_typesupport_introspection_c.dir/rosidl_typesupport_introspection_c/ublox_ubx_msgs/msg/detail/ubx_esf_status__type_support.c.o[0m
[905.818s] [ 56%] [32mBuilding C object CMakeFiles/ublox_ubx_msgs__rosidl_typesupport_introspection_c.dir/rosidl_typesupport_introspection_c/ublox_ubx_msgs/msg/detail/ubx_nav_eoe__type_support.c.o[0m
[906.061s] [ 56%] [32mBuilding C object CMakeFiles/ublox_ubx_msgs__rosidl_typesupport_introspection_c.dir/rosidl_typesupport_introspection_c/ublox_ubx_msgs/msg/detail/ubx_nav_clock__type_support.c.o[0m
[906.303s] [ 56%] [32mBuilding C object CMakeFiles/ublox_ubx_msgs__rosidl_typesupport_introspection_c.dir/rosidl_typesupport_introspection_c/ublox_ubx_msgs/msg/detail/ubx_nav_cov__type_support.c.o[0m
[906.552s] [ 57%] [32mBuilding C object CMakeFiles/ublox_ubx_msgs__rosidl_typesupport_introspection_c.dir/rosidl_typesupport_introspection_c/ublox_ubx_msgs/msg/detail/ubx_nav_dop__type_support.c.o[0m
[906.803s] [ 57%] [32mBuilding C object CMakeFiles/ublox_ubx_msgs__rosidl_typesupport_introspection_c.dir/rosidl_typesupport_introspection_c/ublox_ubx_msgs/msg/detail/ubx_nav_hp_pos_ecef__type_support.c.o[0m
[907.052s] [ 57%] [32mBuilding C object CMakeFiles/ublox_ubx_msgs__rosidl_typesupport_introspection_c.dir/rosidl_typesupport_introspection_c/ublox_ubx_msgs/msg/detail/ubx_nav_hp_pos_llh__type_support.c.o[0m
[907.295s] [ 57%] [32mBuilding C object CMakeFiles/ublox_ubx_msgs__rosidl_typesupport_introspection_c.dir/rosidl_typesupport_introspection_c/ublox_ubx_msgs/msg/detail/ubx_nav_odo__type_support.c.o[0m
[907.539s] [ 57%] [32mBuilding C object CMakeFiles/ublox_ubx_msgs__rosidl_typesupport_introspection_c.dir/rosidl_typesupport_introspection_c/ublox_ubx_msgs/msg/detail/ubx_nav_orb__type_support.c.o[0m
[907.813s] [ 58%] [32mBuilding C object CMakeFiles/ublox_ubx_msgs__rosidl_typesupport_introspection_c.dir/rosidl_typesupport_introspection_c/ublox_ubx_msgs/msg/detail/ubx_nav_pos_ecef__type_support.c.o[0m
[908.084s] [ 58%] [32mBuilding C object CMakeFiles/ublox_ubx_msgs__rosidl_typesupport_introspection_c.dir/rosidl_typesupport_introspection_c/ublox_ubx_msgs/msg/detail/ubx_nav_pos_llh__type_support.c.o[0m
[908.359s] [ 58%] [32mBuilding C object CMakeFiles/ublox_ubx_msgs__rosidl_typesupport_introspection_c.dir/rosidl_typesupport_introspection_c/ublox_ubx_msgs/msg/detail/ubx_nav_pvt__type_support.c.o[0m
[908.630s] [ 58%] [32mBuilding C object CMakeFiles/ublox_ubx_msgs__rosidl_typesupport_introspection_c.dir/rosidl_typesupport_introspection_c/ublox_ubx_msgs/msg/detail/ubx_nav_rel_pos_ned__type_support.c.o[0m
[908.913s] [ 59%] [32mBuilding C object CMakeFiles/ublox_ubx_msgs__rosidl_typesupport_introspection_c.dir/rosidl_typesupport_introspection_c/ublox_ubx_msgs/msg/detail/ubx_nav_sat__type_support.c.o[0m
[909.242s] [ 59%] [32mBuilding C object CMakeFiles/ublox_ubx_msgs__rosidl_typesupport_introspection_c.dir/rosidl_typesupport_introspection_c/ublox_ubx_msgs/msg/detail/ubx_nav_sbas__type_support.c.o[0m
[909.534s] [ 59%] [32mBuilding C object CMakeFiles/ublox_ubx_msgs__rosidl_typesupport_introspection_c.dir/rosidl_typesupport_introspection_c/ublox_ubx_msgs/msg/detail/ubx_nav_sig__type_support.c.o[0m
[909.805s] [ 59%] [32mBuilding C object CMakeFiles/ublox_ubx_msgs__rosidl_typesupport_introspection_c.dir/rosidl_typesupport_introspection_c/ublox_ubx_msgs/msg/detail/ubx_nav_status__type_support.c.o[0m
[910.075s] [ 60%] [32mBuilding C object CMakeFiles/ublox_ubx_msgs__rosidl_typesupport_introspection_c.dir/rosidl_typesupport_introspection_c/ublox_ubx_msgs/msg/detail/ubx_nav_time_utc__type_support.c.o[0m
[910.318s] [ 60%] [32mBuilding C object CMakeFiles/ublox_ubx_msgs__rosidl_typesupport_introspection_c.dir/rosidl_typesupport_introspection_c/ublox_ubx_msgs/msg/detail/ubx_nav_vel_ecef__type_support.c.o[0m
[910.563s] [ 60%] [32mBuilding C object CMakeFiles/ublox_ubx_msgs__rosidl_typesupport_introspection_c.dir/rosidl_typesupport_introspection_c/ublox_ubx_msgs/msg/detail/ubx_nav_vel_ned__type_support.c.o[0m
[910.829s] [ 60%] [32mBuilding C object CMakeFiles/ublox_ubx_msgs__rosidl_typesupport_introspection_c.dir/rosidl_typesupport_introspection_c/ublox_ubx_msgs/msg/detail/ubx_rxm_measx__type_support.c.o[0m
[911.111s] [ 60%] [32mBuilding C object CMakeFiles/ublox_ubx_msgs__rosidl_typesupport_introspection_c.dir/rosidl_typesupport_introspection_c/ublox_ubx_msgs/msg/detail/ubx_rxm_rawx__type_support.c.o[0m
[911.374s] [ 61%] [32mBuilding C object CMakeFiles/ublox_ubx_msgs__rosidl_typesupport_introspection_c.dir/rosidl_typesupport_introspection_c/ublox_ubx_msgs/msg/detail/ubx_rxm_rtcm__type_support.c.o[0m
[911.613s] [ 61%] [32mBuilding C object CMakeFiles/ublox_ubx_msgs__rosidl_typesupport_introspection_c.dir/rosidl_typesupport_introspection_c/ublox_ubx_msgs/msg/detail/ubx_sec_sig__type_support.c.o[0m
[911.839s] [ 61%] [32mBuilding C object CMakeFiles/ublox_ubx_msgs__rosidl_typesupport_introspection_c.dir/rosidl_typesupport_introspection_c/ublox_ubx_msgs/msg/detail/ubx_sec_sig_log__type_support.c.o[0m
[912.099s] [ 61%] [32mBuilding C object CMakeFiles/ublox_ubx_msgs__rosidl_typesupport_introspection_c.dir/rosidl_typesupport_introspection_c/ublox_ubx_msgs/msg/detail/ubx_sec_uniqid__type_support.c.o[0m
[912.348s] [ 62%] [32mBuilding C object CMakeFiles/ublox_ubx_msgs__rosidl_typesupport_introspection_c.dir/rosidl_typesupport_introspection_c/ublox_ubx_msgs/msg/detail/utc_std__type_support.c.o[0m
[912.617s] [ 62%] [32m[1mLinking C shared library libublox_ubx_msgs__rosidl_typesupport_introspection_c.so[0m
[912.949s] [ 62%] Built target ublox_ubx_msgs__rosidl_typesupport_introspection_c
[913.021s] [ 63%] [34m[1mGenerating C type support for eProsima Fast-RTPS[0m
[913.025s] [ 64%] [34m[1mGenerating C type support dispatch for ROS interfaces[0m
[973.853s] [ 64%] [32mBuilding CXX object CMakeFiles/ublox_ubx_msgs__rosidl_typesupport_c.dir/rosidl_typesupport_c/ublox_ubx_msgs/msg/carr_soln__type_support.cpp.o[0m
[974.141s] [ 64%] [32mBuilding CXX object CMakeFiles/ublox_ubx_msgs__rosidl_typesupport_c.dir/rosidl_typesupport_c/ublox_ubx_msgs/msg/esf_meas_data_item__type_support.cpp.o[0m
[974.398s] [ 64%] [32mBuilding CXX object CMakeFiles/ublox_ubx_msgs__rosidl_typesupport_c.dir/rosidl_typesupport_c/ublox_ubx_msgs/msg/esf_sensor_status__type_support.cpp.o[0m
[974.630s] [ 64%] [32mBuilding CXX object CMakeFiles/ublox_ubx_msgs__rosidl_typesupport_c.dir/rosidl_typesupport_c/ublox_ubx_msgs/msg/gps_fix__type_support.cpp.o[0m
[974.849s] [ 65%] [32mBuilding CXX object CMakeFiles/ublox_ubx_msgs__rosidl_typesupport_c.dir/rosidl_typesupport_c/ublox_ubx_msgs/msg/map_matching__type_support.cpp.o[0m
[975.086s] [ 65%] [32mBuilding CXX object CMakeFiles/ublox_ubx_msgs__rosidl_typesupport_c.dir/rosidl_typesupport_c/ublox_ubx_msgs/msg/measx_data__type_support.cpp.o[0m
[975.374s] [ 65%] [32mBuilding CXX object CMakeFiles/ublox_ubx_msgs__rosidl_typesupport_c.dir/rosidl_typesupport_c/ublox_ubx_msgs/msg/orb_alm_info__type_support.cpp.o[0m
[975.709s] [ 65%] [32mBuilding CXX object CMakeFiles/ublox_ubx_msgs__rosidl_typesupport_c.dir/rosidl_typesupport_c/ublox_ubx_msgs/msg/orb_eph_info__type_support.cpp.o[0m
[975.997s] [ 66%] [32mBuilding CXX object CMakeFiles/ublox_ubx_msgs__rosidl_typesupport_c.dir/rosidl_typesupport_c/ublox_ubx_msgs/msg/orb_sv_flag__type_support.cpp.o[0m
[976.641s] [ 66%] [32mBuilding CXX object CMakeFiles/ublox_ubx_msgs__rosidl_typesupport_c.dir/rosidl_typesupport_c/ublox_ubx_msgs/msg/orb_sv_info__type_support.cpp.o[0m
[977.648s] [ 66%] [32mBuilding CXX object CMakeFiles/ublox_ubx_msgs__rosidl_typesupport_c.dir/rosidl_typesupport_c/ublox_ubx_msgs/msg/other_orb_info__type_support.cpp.o[0m
[978.430s] [ 66%] [32mBuilding CXX object CMakeFiles/ublox_ubx_msgs__rosidl_typesupport_c.dir/rosidl_typesupport_c/ublox_ubx_msgs/msg/psmpvt__type_support.cpp.o[0m
[979.310s] [ 66%] [32mBuilding CXX object CMakeFiles/ublox_ubx_msgs__rosidl_typesupport_c.dir/rosidl_typesupport_c/ublox_ubx_msgs/msg/psm_status__type_support.cpp.o[0m
[979.985s] [ 67%] [32mBuilding CXX object CMakeFiles/ublox_ubx_msgs__rosidl_typesupport_c.dir/rosidl_typesupport_c/ublox_ubx_msgs/msg/rawx_data__type_support.cpp.o[0m
[980.664s] [ 67%] [32mBuilding CXX object CMakeFiles/ublox_ubx_msgs__rosidl_typesupport_c.dir/rosidl_typesupport_c/ublox_ubx_msgs/msg/rec_stat__type_support.cpp.o[0m
[981.331s] [ 67%] [32mBuilding CXX object CMakeFiles/ublox_ubx_msgs__rosidl_typesupport_c.dir/rosidl_typesupport_c/ublox_ubx_msgs/msg/sat_flags__type_support.cpp.o[0m
[982.145s] [ 67%] [32mBuilding CXX object CMakeFiles/ublox_ubx_msgs__rosidl_typesupport_c.dir/rosidl_typesupport_c/ublox_ubx_msgs/msg/sat_info__type_support.cpp.o[0m
[982.761s] [ 68%] [32mBuilding CXX object CMakeFiles/ublox_ubx_msgs__rosidl_typesupport_c.dir/rosidl_typesupport_c/ublox_ubx_msgs/msg/sbas_service__type_support.cpp.o[0m
[983.154s] [ 68%] [32mBuilding CXX object CMakeFiles/ublox_ubx_msgs__rosidl_typesupport_c.dir/rosidl_typesupport_c/ublox_ubx_msgs/msg/sbas_status_flags__type_support.cpp.o[0m
[983.500s] [ 68%] [32mBuilding CXX object CMakeFiles/ublox_ubx_msgs__rosidl_typesupport_c.dir/rosidl_typesupport_c/ublox_ubx_msgs/msg/sbas_sv_data__type_support.cpp.o[0m
[983.778s] [ 68%] [32mBuilding CXX object CMakeFiles/ublox_ubx_msgs__rosidl_typesupport_c.dir/rosidl_typesupport_c/ublox_ubx_msgs/msg/sig_data__type_support.cpp.o[0m
[984.092s] [ 68%] [32mBuilding CXX object CMakeFiles/ublox_ubx_msgs__rosidl_typesupport_c.dir/rosidl_typesupport_c/ublox_ubx_msgs/msg/sig_flags__type_support.cpp.o[0m
[984.630s] [ 69%] [32mBuilding CXX object CMakeFiles/ublox_ubx_msgs__rosidl_typesupport_c.dir/rosidl_typesupport_c/ublox_ubx_msgs/msg/sig_log_event__type_support.cpp.o[0m
[984.863s] [ 69%] [32mBuilding CXX object CMakeFiles/ublox_ubx_msgs__rosidl_typesupport_c.dir/rosidl_typesupport_c/ublox_ubx_msgs/msg/spoof_det__type_support.cpp.o[0m
[985.214s] [ 69%] [32mBuilding CXX object CMakeFiles/ublox_ubx_msgs__rosidl_typesupport_c.dir/rosidl_typesupport_c/ublox_ubx_msgs/msg/trk_stat__type_support.cpp.o[0m
[985.482s] [ 69%] [32mBuilding CXX object CMakeFiles/ublox_ubx_msgs__rosidl_typesupport_c.dir/rosidl_typesupport_c/ublox_ubx_msgs/msg/ubx_esf_meas__type_support.cpp.o[0m
[985.730s] [ 70%] [32mBuilding CXX object CMakeFiles/ublox_ubx_msgs__rosidl_typesupport_c.dir/rosidl_typesupport_c/ublox_ubx_msgs/msg/ubx_esf_status__type_support.cpp.o[0m
[986.049s] [ 70%] [32mBuilding CXX object CMakeFiles/ublox_ubx_msgs__rosidl_typesupport_c.dir/rosidl_typesupport_c/ublox_ubx_msgs/msg/ubx_nav_eoe__type_support.cpp.o[0m
[986.287s] [ 70%] [32mBuilding CXX object CMakeFiles/ublox_ubx_msgs__rosidl_typesupport_c.dir/rosidl_typesupport_c/ublox_ubx_msgs/msg/ubx_nav_clock__type_support.cpp.o[0m
[986.518s] [ 70%] [32mBuilding CXX object CMakeFiles/ublox_ubx_msgs__rosidl_typesupport_c.dir/rosidl_typesupport_c/ublox_ubx_msgs/msg/ubx_nav_cov__type_support.cpp.o[0m
[986.576s] [ 70%] [32mBuilding CXX object CMakeFiles/ublox_ubx_msgs__rosidl_typesupport_fastrtps_c.dir/rosidl_typesupport_fastrtps_c/ublox_ubx_msgs/msg/detail/carr_soln__type_support_c.cpp.o[0m
[986.742s] [ 70%] [32mBuilding CXX object CMakeFiles/ublox_ubx_msgs__rosidl_typesupport_c.dir/rosidl_typesupport_c/ublox_ubx_msgs/msg/ubx_nav_dop__type_support.cpp.o[0m
[986.964s] [ 71%] [32mBuilding CXX object CMakeFiles/ublox_ubx_msgs__rosidl_typesupport_c.dir/rosidl_typesupport_c/ublox_ubx_msgs/msg/ubx_nav_hp_pos_ecef__type_support.cpp.o[0m
[987.246s] [ 71%] [32mBuilding CXX object CMakeFiles/ublox_ubx_msgs__rosidl_typesupport_c.dir/rosidl_typesupport_c/ublox_ubx_msgs/msg/ubx_nav_hp_pos_llh__type_support.cpp.o[0m
[987.498s] [ 71%] [32mBuilding CXX object CMakeFiles/ublox_ubx_msgs__rosidl_typesupport_c.dir/rosidl_typesupport_c/ublox_ubx_msgs/msg/ubx_nav_odo__type_support.cpp.o[0m
[987.808s] [ 71%] [32mBuilding CXX object CMakeFiles/ublox_ubx_msgs__rosidl_typesupport_c.dir/rosidl_typesupport_c/ublox_ubx_msgs/msg/ubx_nav_orb__type_support.cpp.o[0m
[988.088s] [ 72%] [32mBuilding CXX object CMakeFiles/ublox_ubx_msgs__rosidl_typesupport_c.dir/rosidl_typesupport_c/ublox_ubx_msgs/msg/ubx_nav_pos_ecef__type_support.cpp.o[0m
[988.426s] [ 72%] [32mBuilding CXX object CMakeFiles/ublox_ubx_msgs__rosidl_typesupport_c.dir/rosidl_typesupport_c/ublox_ubx_msgs/msg/ubx_nav_pos_llh__type_support.cpp.o[0m
[988.862s] [ 72%] [32mBuilding CXX object CMakeFiles/ublox_ubx_msgs__rosidl_typesupport_c.dir/rosidl_typesupport_c/ublox_ubx_msgs/msg/ubx_nav_pvt__type_support.cpp.o[0m
[989.280s] [ 72%] [32mBuilding CXX object CMakeFiles/ublox_ubx_msgs__rosidl_typesupport_c.dir/rosidl_typesupport_c/ublox_ubx_msgs/msg/ubx_nav_rel_pos_ned__type_support.cpp.o[0m
[989.712s] [ 73%] [32mBuilding CXX object CMakeFiles/ublox_ubx_msgs__rosidl_typesupport_c.dir/rosidl_typesupport_c/ublox_ubx_msgs/msg/ubx_nav_sat__type_support.cpp.o[0m
[989.915s] [ 73%] [32mBuilding CXX object CMakeFiles/ublox_ubx_msgs__rosidl_typesupport_fastrtps_c.dir/rosidl_typesupport_fastrtps_c/ublox_ubx_msgs/msg/detail/esf_meas_data_item__type_support_c.cpp.o[0m
[990.004s] [ 73%] [32mBuilding CXX object CMakeFiles/ublox_ubx_msgs__rosidl_typesupport_c.dir/rosidl_typesupport_c/ublox_ubx_msgs/msg/ubx_nav_sbas__type_support.cpp.o[0m
[990.567s] [ 73%] [32mBuilding CXX object CMakeFiles/ublox_ubx_msgs__rosidl_typesupport_c.dir/rosidl_typesupport_c/ublox_ubx_msgs/msg/ubx_nav_sig__type_support.cpp.o[0m
[991.069s] [ 73%] [32mBuilding CXX object CMakeFiles/ublox_ubx_msgs__rosidl_typesupport_c.dir/rosidl_typesupport_c/ublox_ubx_msgs/msg/ubx_nav_status__type_support.cpp.o[0m
[991.642s] [ 73%] [32mBuilding CXX object CMakeFiles/ublox_ubx_msgs__rosidl_typesupport_c.dir/rosidl_typesupport_c/ublox_ubx_msgs/msg/ubx_nav_time_utc__type_support.cpp.o[0m
[992.407s] [ 74%] [32mBuilding CXX object CMakeFiles/ublox_ubx_msgs__rosidl_typesupport_c.dir/rosidl_typesupport_c/ublox_ubx_msgs/msg/ubx_nav_vel_ecef__type_support.cpp.o[0m
[993.253s] [ 74%] [32mBuilding CXX object CMakeFiles/ublox_ubx_msgs__rosidl_typesupport_c.dir/rosidl_typesupport_c/ublox_ubx_msgs/msg/ubx_nav_vel_ned__type_support.cpp.o[0m
[993.946s] [ 74%] [32mBuilding CXX object CMakeFiles/ublox_ubx_msgs__rosidl_typesupport_c.dir/rosidl_typesupport_c/ublox_ubx_msgs/msg/ubx_rxm_measx__type_support.cpp.o[0m
[994.610s] [ 74%] [32mBuilding CXX object CMakeFiles/ublox_ubx_msgs__rosidl_typesupport_c.dir/rosidl_typesupport_c/ublox_ubx_msgs/msg/ubx_rxm_rawx__type_support.cpp.o[0m
[995.329s] [ 75%] [32mBuilding CXX object CMakeFiles/ublox_ubx_msgs__rosidl_typesupport_c.dir/rosidl_typesupport_c/ublox_ubx_msgs/msg/ubx_rxm_rtcm__type_support.cpp.o[0m
[995.753s] [ 75%] [32mBuilding CXX object CMakeFiles/ublox_ubx_msgs__rosidl_typesupport_c.dir/rosidl_typesupport_c/ublox_ubx_msgs/msg/ubx_sec_sig__type_support.cpp.o[0m
[996.137s] [ 75%] [32mBuilding CXX object CMakeFiles/ublox_ubx_msgs__rosidl_typesupport_c.dir/rosidl_typesupport_c/ublox_ubx_msgs/msg/ubx_sec_sig_log__type_support.cpp.o[0m
[996.768s] [ 75%] [32mBuilding CXX object CMakeFiles/ublox_ubx_msgs__rosidl_typesupport_c.dir/rosidl_typesupport_c/ublox_ubx_msgs/msg/ubx_sec_uniqid__type_support.cpp.o[0m
[996.950s] [ 75%] [32mBuilding CXX object CMakeFiles/ublox_ubx_msgs__rosidl_typesupport_fastrtps_c.dir/rosidl_typesupport_fastrtps_c/ublox_ubx_msgs/msg/detail/esf_sensor_status__type_support_c.cpp.o[0m
[997.272s] [ 75%] [32mBuilding CXX object CMakeFiles/ublox_ubx_msgs__rosidl_typesupport_c.dir/rosidl_typesupport_c/ublox_ubx_msgs/msg/utc_std__type_support.cpp.o[0m
[997.634s] [ 76%] [32m[1mLinking CXX shared library libublox_ubx_msgs__rosidl_typesupport_c.so[0m
[998.344s] [ 76%] Built target ublox_ubx_msgs__rosidl_typesupport_c
[1000.830s] [ 76%] [32mBuilding CXX object CMakeFiles/ublox_ubx_msgs__rosidl_typesupport_fastrtps_c.dir/rosidl_typesupport_fastrtps_c/ublox_ubx_msgs/msg/detail/map_matching__type_support_c.cpp.o[0m
[1003.394s] [ 76%] [32mBuilding CXX object CMakeFiles/ublox_ubx_msgs__rosidl_typesupport_fastrtps_c.dir/rosidl_typesupport_fastrtps_c/ublox_ubx_msgs/msg/detail/measx_data__type_support_c.cpp.o[0m
[1005.901s] [ 76%] [32mBuilding CXX object CMakeFiles/ublox_ubx_msgs__rosidl_typesupport_fastrtps_c.dir/rosidl_typesupport_fastrtps_c/ublox_ubx_msgs/msg/detail/orb_alm_info__type_support_c.cpp.o[0m
[1007.893s] [ 76%] [32mBuilding CXX object CMakeFiles/ublox_ubx_msgs__rosidl_typesupport_fastrtps_c.dir/rosidl_typesupport_fastrtps_c/ublox_ubx_msgs/msg/detail/orb_eph_info__type_support_c.cpp.o[0m
[1009.947s] [ 77%] [32mBuilding CXX object CMakeFiles/ublox_ubx_msgs__rosidl_typesupport_fastrtps_c.dir/rosidl_typesupport_fastrtps_c/ublox_ubx_msgs/msg/detail/orb_sv_flag__type_support_c.cpp.o[0m
[1012.027s] [ 77%] [32mBuilding CXX object CMakeFiles/ublox_ubx_msgs__rosidl_typesupport_fastrtps_c.dir/rosidl_typesupport_fastrtps_c/ublox_ubx_msgs/msg/detail/orb_sv_info__type_support_c.cpp.o[0m
[1014.019s] [ 77%] [32mBuilding CXX object CMakeFiles/ublox_ubx_msgs__rosidl_typesupport_fastrtps_c.dir/rosidl_typesupport_fastrtps_c/ublox_ubx_msgs/msg/detail/other_orb_info__type_support_c.cpp.o[0m
[1016.199s] [ 77%] [32mBuilding CXX object CMakeFiles/ublox_ubx_msgs__rosidl_typesupport_fastrtps_c.dir/rosidl_typesupport_fastrtps_c/ublox_ubx_msgs/msg/detail/psmpvt__type_support_c.cpp.o[0m
[1018.145s] [ 78%] [32mBuilding CXX object CMakeFiles/ublox_ubx_msgs__rosidl_typesupport_fastrtps_c.dir/rosidl_typesupport_fastrtps_c/ublox_ubx_msgs/msg/detail/psm_status__type_support_c.cpp.o[0m
[1020.264s] [ 78%] [32mBuilding CXX object CMakeFiles/ublox_ubx_msgs__rosidl_typesupport_fastrtps_c.dir/rosidl_typesupport_fastrtps_c/ublox_ubx_msgs/msg/detail/rawx_data__type_support_c.cpp.o[0m
[1022.165s] [ 78%] [32mBuilding CXX object CMakeFiles/ublox_ubx_msgs__rosidl_typesupport_fastrtps_c.dir/rosidl_typesupport_fastrtps_c/ublox_ubx_msgs/msg/detail/rec_stat__type_support_c.cpp.o[0m
[1024.129s] [ 78%] [32mBuilding CXX object CMakeFiles/ublox_ubx_msgs__rosidl_typesupport_fastrtps_c.dir/rosidl_typesupport_fastrtps_c/ublox_ubx_msgs/msg/detail/sat_flags__type_support_c.cpp.o[0m
[1026.115s] [ 78%] [32mBuilding CXX object CMakeFiles/ublox_ubx_msgs__rosidl_typesupport_fastrtps_c.dir/rosidl_typesupport_fastrtps_c/ublox_ubx_msgs/msg/detail/sat_info__type_support_c.cpp.o[0m
[1028.166s] [ 79%] [32mBuilding CXX object CMakeFiles/ublox_ubx_msgs__rosidl_typesupport_fastrtps_c.dir/rosidl_typesupport_fastrtps_c/ublox_ubx_msgs/msg/detail/sbas_service__type_support_c.cpp.o[0m
[1030.311s] [ 79%] [32mBuilding CXX object CMakeFiles/ublox_ubx_msgs__rosidl_typesupport_fastrtps_c.dir/rosidl_typesupport_fastrtps_c/ublox_ubx_msgs/msg/detail/sbas_status_flags__type_support_c.cpp.o[0m
[1032.177s] [ 79%] [32mBuilding CXX object CMakeFiles/ublox_ubx_msgs__rosidl_typesupport_fastrtps_c.dir/rosidl_typesupport_fastrtps_c/ublox_ubx_msgs/msg/detail/sbas_sv_data__type_support_c.cpp.o[0m
[1034.670s] [ 79%] [32mBuilding CXX object CMakeFiles/ublox_ubx_msgs__rosidl_typesupport_fastrtps_c.dir/rosidl_typesupport_fastrtps_c/ublox_ubx_msgs/msg/detail/sig_data__type_support_c.cpp.o[0m
[1036.742s] [ 80%] [32mBuilding CXX object CMakeFiles/ublox_ubx_msgs__rosidl_typesupport_fastrtps_c.dir/rosidl_typesupport_fastrtps_c/ublox_ubx_msgs/msg/detail/sig_flags__type_support_c.cpp.o[0m
[1038.659s] [ 80%] [32mBuilding CXX object CMakeFiles/ublox_ubx_msgs__rosidl_typesupport_fastrtps_c.dir/rosidl_typesupport_fastrtps_c/ublox_ubx_msgs/msg/detail/sig_log_event__type_support_c.cpp.o[0m
[1040.521s] [ 80%] [32mBuilding CXX object CMakeFiles/ublox_ubx_msgs__rosidl_typesupport_fastrtps_c.dir/rosidl_typesupport_fastrtps_c/ublox_ubx_msgs/msg/detail/spoof_det__type_support_c.cpp.o[0m
[1042.483s] [ 80%] [32mBuilding CXX object CMakeFiles/ublox_ubx_msgs__rosidl_typesupport_fastrtps_c.dir/rosidl_typesupport_fastrtps_c/ublox_ubx_msgs/msg/detail/trk_stat__type_support_c.cpp.o[0m
[1044.803s] [ 80%] [32mBuilding CXX object CMakeFiles/ublox_ubx_msgs__rosidl_typesupport_fastrtps_c.dir/rosidl_typesupport_fastrtps_c/ublox_ubx_msgs/msg/detail/ubx_esf_meas__type_support_c.cpp.o[0m
[1046.797s] [ 81%] [32mBuilding CXX object CMakeFiles/ublox_ubx_msgs__rosidl_typesupport_fastrtps_c.dir/rosidl_typesupport_fastrtps_c/ublox_ubx_msgs/msg/detail/ubx_esf_status__type_support_c.cpp.o[0m
[1048.644s] [ 81%] [32mBuilding CXX object CMakeFiles/ublox_ubx_msgs__rosidl_typesupport_fastrtps_c.dir/rosidl_typesupport_fastrtps_c/ublox_ubx_msgs/msg/detail/ubx_nav_eoe__type_support_c.cpp.o[0m
[1050.534s] [ 81%] [32mBuilding CXX object CMakeFiles/ublox_ubx_msgs__rosidl_typesupport_fastrtps_c.dir/rosidl_typesupport_fastrtps_c/ublox_ubx_msgs/msg/detail/ubx_nav_clock__type_support_c.cpp.o[0m
[1053.688s] [ 81%] [32mBuilding CXX object CMakeFiles/ublox_ubx_msgs__rosidl_typesupport_fastrtps_c.dir/rosidl_typesupport_fastrtps_c/ublox_ubx_msgs/msg/detail/ubx_nav_cov__type_support_c.cpp.o[0m
[1055.920s] [ 82%] [32mBuilding CXX object CMakeFiles/ublox_ubx_msgs__rosidl_typesupport_fastrtps_c.dir/rosidl_typesupport_fastrtps_c/ublox_ubx_msgs/msg/detail/ubx_nav_dop__type_support_c.cpp.o[0m
[1057.783s] [ 82%] [32mBuilding CXX object CMakeFiles/ublox_ubx_msgs__rosidl_typesupport_fastrtps_c.dir/rosidl_typesupport_fastrtps_c/ublox_ubx_msgs/msg/detail/ubx_nav_hp_pos_ecef__type_support_c.cpp.o[0m
[1059.618s] [ 82%] [32mBuilding CXX object CMakeFiles/ublox_ubx_msgs__rosidl_typesupport_fastrtps_c.dir/rosidl_typesupport_fastrtps_c/ublox_ubx_msgs/msg/detail/ubx_nav_hp_pos_llh__type_support_c.cpp.o[0m
[1061.468s] [ 82%] [32mBuilding CXX object CMakeFiles/ublox_ubx_msgs__rosidl_typesupport_fastrtps_c.dir/rosidl_typesupport_fastrtps_c/ublox_ubx_msgs/msg/detail/ubx_nav_odo__type_support_c.cpp.o[0m
[1063.279s] [ 82%] [32mBuilding CXX object CMakeFiles/ublox_ubx_msgs__rosidl_typesupport_fastrtps_c.dir/rosidl_typesupport_fastrtps_c/ublox_ubx_msgs/msg/detail/ubx_nav_orb__type_support_c.cpp.o[0m
[1065.298s] [ 83%] [32mBuilding CXX object CMakeFiles/ublox_ubx_msgs__rosidl_typesupport_fastrtps_c.dir/rosidl_typesupport_fastrtps_c/ublox_ubx_msgs/msg/detail/ubx_nav_pos_ecef__type_support_c.cpp.o[0m
[1067.065s] [ 83%] [32mBuilding CXX object CMakeFiles/ublox_ubx_msgs__rosidl_typesupport_fastrtps_c.dir/rosidl_typesupport_fastrtps_c/ublox_ubx_msgs/msg/detail/ubx_nav_pos_llh__type_support_c.cpp.o[0m
[1068.125s] [ 83%] [32mBuilding CXX object CMakeFiles/ublox_ubx_msgs__rosidl_typesupport_fastrtps_c.dir/rosidl_typesupport_fastrtps_c/ublox_ubx_msgs/msg/detail/ubx_nav_pvt__type_support_c.cpp.o[0m
[1069.059s] [ 84%] [32mBuilding CXX object CMakeFiles/ublox_ubx_msgs__rosidl_typesupport_fastrtps_c.dir/rosidl_typesupport_fastrtps_c/ublox_ubx_msgs/msg/detail/gps_fix__type_support_c.cpp.o[0m
[1070.188s] [ 84%] [32mBuilding CXX object CMakeFiles/ublox_ubx_msgs__rosidl_typesupport_fastrtps_c.dir/rosidl_typesupport_fastrtps_c/ublox_ubx_msgs/msg/detail/ubx_nav_rel_pos_ned__type_support_c.cpp.o[0m
[1070.855s] [ 85%] [32mBuilding CXX object CMakeFiles/ublox_ubx_msgs__rosidl_typesupport_fastrtps_c.dir/rosidl_typesupport_fastrtps_c/ublox_ubx_msgs/msg/detail/ubx_nav_sat__type_support_c.cpp.o[0m
[1071.897s] [ 85%] [32mBuilding CXX object CMakeFiles/ublox_ubx_msgs__rosidl_typesupport_fastrtps_c.dir/rosidl_typesupport_fastrtps_c/ublox_ubx_msgs/msg/detail/ubx_nav_sbas__type_support_c.cpp.o[0m
[1072.953s] [ 85%] [32mBuilding CXX object CMakeFiles/ublox_ubx_msgs__rosidl_typesupport_fastrtps_c.dir/rosidl_typesupport_fastrtps_c/ublox_ubx_msgs/msg/detail/ubx_nav_sig__type_support_c.cpp.o[0m
[1073.792s] [ 85%] [32mBuilding CXX object CMakeFiles/ublox_ubx_msgs__rosidl_typesupport_fastrtps_c.dir/rosidl_typesupport_fastrtps_c/ublox_ubx_msgs/msg/detail/ubx_nav_status__type_support_c.cpp.o[0m
[1074.801s] [ 85%] [32mBuilding CXX object CMakeFiles/ublox_ubx_msgs__rosidl_typesupport_fastrtps_c.dir/rosidl_typesupport_fastrtps_c/ublox_ubx_msgs/msg/detail/ubx_nav_time_utc__type_support_c.cpp.o[0m
[1076.059s] [ 86%] [32mBuilding CXX object CMakeFiles/ublox_ubx_msgs__rosidl_typesupport_fastrtps_c.dir/rosidl_typesupport_fastrtps_c/ublox_ubx_msgs/msg/detail/ubx_nav_vel_ecef__type_support_c.cpp.o[0m
[1076.976s] [ 86%] [32mBuilding CXX object CMakeFiles/ublox_ubx_msgs__rosidl_typesupport_fastrtps_c.dir/rosidl_typesupport_fastrtps_c/ublox_ubx_msgs/msg/detail/ubx_nav_vel_ned__type_support_c.cpp.o[0m
[1077.456s] [ 86%] [32mBuilding CXX object CMakeFiles/ublox_ubx_msgs__rosidl_typesupport_fastrtps_c.dir/rosidl_typesupport_fastrtps_c/ublox_ubx_msgs/msg/detail/ubx_rxm_measx__type_support_c.cpp.o[0m
[1078.954s] [ 86%] [32mBuilding CXX object CMakeFiles/ublox_ubx_msgs__rosidl_typesupport_fastrtps_c.dir/rosidl_typesupport_fastrtps_c/ublox_ubx_msgs/msg/detail/ubx_rxm_rawx__type_support_c.cpp.o[0m
[1079.598s] [ 87%] [32mBuilding CXX object CMakeFiles/ublox_ubx_msgs__rosidl_typesupport_fastrtps_c.dir/rosidl_typesupport_fastrtps_c/ublox_ubx_msgs/msg/detail/ubx_rxm_rtcm__type_support_c.cpp.o[0m
[1080.327s] [ 87%] [32mBuilding CXX object CMakeFiles/ublox_ubx_msgs__rosidl_typesupport_fastrtps_c.dir/rosidl_typesupport_fastrtps_c/ublox_ubx_msgs/msg/detail/ubx_sec_sig__type_support_c.cpp.o[0m
[1081.797s] [ 87%] [32mBuilding CXX object CMakeFiles/ublox_ubx_msgs__rosidl_typesupport_fastrtps_c.dir/rosidl_typesupport_fastrtps_c/ublox_ubx_msgs/msg/detail/ubx_sec_sig_log__type_support_c.cpp.o[0m
[1082.297s] [ 87%] [32mBuilding CXX object CMakeFiles/ublox_ubx_msgs__rosidl_typesupport_fastrtps_c.dir/rosidl_typesupport_fastrtps_c/ublox_ubx_msgs/msg/detail/ubx_sec_uniqid__type_support_c.cpp.o[0m
[1083.214s] [ 87%] [32mBuilding CXX object CMakeFiles/ublox_ubx_msgs__rosidl_typesupport_fastrtps_c.dir/rosidl_typesupport_fastrtps_c/ublox_ubx_msgs/msg/detail/utc_std__type_support_c.cpp.o[0m
[1085.947s] [ 88%] [32m[1mLinking CXX shared library libublox_ubx_msgs__rosidl_typesupport_fastrtps_c.so[0m
[1086.540s] [ 88%] Built target ublox_ubx_msgs__rosidl_typesupport_fastrtps_c
[1086.653s] [ 88%] Built target ublox_ubx_msgs
[1086.777s] [ 88%] [34m[1mGenerating Python code for ROS interfaces[0m
[1088.185s] running egg_info
[1088.188s] creating ublox_ubx_msgs.egg-info
[1088.189s] writing ublox_ubx_msgs.egg-info/PKG-INFO
[1088.191s] writing dependency_links to ublox_ubx_msgs.egg-info/dependency_links.txt
[1088.192s] writing top-level names to ublox_ubx_msgs.egg-info/top_level.txt
[1088.194s] writing manifest file 'ublox_ubx_msgs.egg-info/SOURCES.txt'
[1088.205s] reading manifest file 'ublox_ubx_msgs.egg-info/SOURCES.txt'
[1088.210s] writing manifest file 'ublox_ubx_msgs.egg-info/SOURCES.txt'
[1088.380s] [ 88%] Built target ament_cmake_python_build_ublox_ubx_msgs_egg
[1172.381s] [ 88%] Built target ublox_ubx_msgs__py
[1172.583s] [ 88%] [32mBuilding C object CMakeFiles/ublox_ubx_msgs__rosidl_generator_py.dir/rosidl_generator_py/ublox_ubx_msgs/msg/_carr_soln_s.c.o[0m
[1172.638s] [ 89%] [32mBuilding C object CMakeFiles/ublox_ubx_msgs__rosidl_generator_py.dir/rosidl_generator_py/ublox_ubx_msgs/msg/_esf_meas_data_item_s.c.o[0m
[1172.647s] [ 89%] [32mBuilding C object CMakeFiles/ublox_ubx_msgs__rosidl_generator_py.dir/rosidl_generator_py/ublox_ubx_msgs/msg/_esf_sensor_status_s.c.o[0m
[1172.658s] [ 89%] [32mBuilding C object CMakeFiles/ublox_ubx_msgs__rosidl_generator_py.dir/rosidl_generator_py/ublox_ubx_msgs/msg/_gps_fix_s.c.o[0m
[1174.338s] [ 89%] [32mBuilding C object CMakeFiles/ublox_ubx_msgs__rosidl_generator_py.dir/rosidl_generator_py/ublox_ubx_msgs/msg/_map_matching_s.c.o[0m
[1174.520s] [ 90%] [32mBuilding C object CMakeFiles/ublox_ubx_msgs__rosidl_generator_py.dir/rosidl_generator_py/ublox_ubx_msgs/msg/_measx_data_s.c.o[0m
[1174.659s] [ 90%] [32mBuilding C object CMakeFiles/ublox_ubx_msgs__rosidl_generator_py.dir/rosidl_generator_py/ublox_ubx_msgs/msg/_orb_alm_info_s.c.o[0m
[1175.132s] [ 90%] [32mBuilding C object CMakeFiles/ublox_ubx_msgs__rosidl_generator_py.dir/rosidl_generator_py/ublox_ubx_msgs/msg/_orb_eph_info_s.c.o[0m
[1175.875s] [ 90%] [32mBuilding C object CMakeFiles/ublox_ubx_msgs__rosidl_generator_py.dir/rosidl_generator_py/ublox_ubx_msgs/msg/_orb_sv_flag_s.c.o[0m
[1176.867s] [ 90%] [32mBuilding C object CMakeFiles/ublox_ubx_msgs__rosidl_generator_py.dir/rosidl_generator_py/ublox_ubx_msgs/msg/_orb_sv_info_s.c.o[0m
[1177.086s] [ 91%] [32mBuilding C object CMakeFiles/ublox_ubx_msgs__rosidl_generator_py.dir/rosidl_generator_py/ublox_ubx_msgs/msg/_other_orb_info_s.c.o[0m
[1177.739s] [ 91%] [32mBuilding C object CMakeFiles/ublox_ubx_msgs__rosidl_generator_py.dir/rosidl_generator_py/ublox_ubx_msgs/msg/_psmpvt_s.c.o[0m
[1177.920s] [ 91%] [32mBuilding C object CMakeFiles/ublox_ubx_msgs__rosidl_generator_py.dir/rosidl_generator_py/ublox_ubx_msgs/msg/_psm_status_s.c.o[0m
[1178.707s] [ 91%] [32mBuilding C object CMakeFiles/ublox_ubx_msgs__rosidl_generator_py.dir/rosidl_generator_py/ublox_ubx_msgs/msg/_rawx_data_s.c.o[0m
[1178.834s] [ 92%] [32mBuilding C object CMakeFiles/ublox_ubx_msgs__rosidl_generator_py.dir/rosidl_generator_py/ublox_ubx_msgs/msg/_rec_stat_s.c.o[0m
[1179.658s] [ 92%] [32mBuilding C object CMakeFiles/ublox_ubx_msgs__rosidl_generator_py.dir/rosidl_generator_py/ublox_ubx_msgs/msg/_sat_flags_s.c.o[0m
[1179.835s] [ 92%] [32mBuilding C object CMakeFiles/ublox_ubx_msgs__rosidl_generator_py.dir/rosidl_generator_py/ublox_ubx_msgs/msg/_sat_info_s.c.o[0m
[1180.280s] [ 92%] [32mBuilding C object CMakeFiles/ublox_ubx_msgs__rosidl_generator_py.dir/rosidl_generator_py/ublox_ubx_msgs/msg/_sbas_service_s.c.o[0m
[1180.821s] [ 93%] [32mBuilding C object CMakeFiles/ublox_ubx_msgs__rosidl_generator_py.dir/rosidl_generator_py/ublox_ubx_msgs/msg/_sbas_status_flags_s.c.o[0m
[1181.576s] [ 93%] [32mBuilding C object CMakeFiles/ublox_ubx_msgs__rosidl_generator_py.dir/rosidl_generator_py/ublox_ubx_msgs/msg/_sbas_sv_data_s.c.o[0m
[1181.748s] [ 93%] [32mBuilding C object CMakeFiles/ublox_ubx_msgs__rosidl_generator_py.dir/rosidl_generator_py/ublox_ubx_msgs/msg/_sig_data_s.c.o[0m
[1182.105s] [ 93%] [32mBuilding C object CMakeFiles/ublox_ubx_msgs__rosidl_generator_py.dir/rosidl_generator_py/ublox_ubx_msgs/msg/_sig_flags_s.c.o[0m
[1182.647s] [ 93%] [32mBuilding C object CMakeFiles/ublox_ubx_msgs__rosidl_generator_py.dir/rosidl_generator_py/ublox_ubx_msgs/msg/_sig_log_event_s.c.o[0m
[1182.953s] [ 94%] [32mBuilding C object CMakeFiles/ublox_ubx_msgs__rosidl_generator_py.dir/rosidl_generator_py/ublox_ubx_msgs/msg/_spoof_det_s.c.o[0m
[1183.930s] [ 94%] [32mBuilding C object CMakeFiles/ublox_ubx_msgs__rosidl_generator_py.dir/rosidl_generator_py/ublox_ubx_msgs/msg/_trk_stat_s.c.o[0m
[1184.437s] [ 94%] [32mBuilding C object CMakeFiles/ublox_ubx_msgs__rosidl_generator_py.dir/rosidl_generator_py/ublox_ubx_msgs/msg/_ubx_esf_meas_s.c.o[0m
[1184.502s] [ 94%] [32mBuilding C object CMakeFiles/ublox_ubx_msgs__rosidl_generator_py.dir/rosidl_generator_py/ublox_ubx_msgs/msg/_ubx_esf_status_s.c.o[0m
[1184.706s] [ 95%] [32mBuilding C object CMakeFiles/ublox_ubx_msgs__rosidl_generator_py.dir/rosidl_generator_py/ublox_ubx_msgs/msg/_ubx_nav_eoe_s.c.o[0m
[1185.062s] [ 95%] [32mBuilding C object CMakeFiles/ublox_ubx_msgs__rosidl_generator_py.dir/rosidl_generator_py/ublox_ubx_msgs/msg/_ubx_nav_clock_s.c.o[0m
[1186.099s] [ 95%] [32mBuilding C object CMakeFiles/ublox_ubx_msgs__rosidl_generator_py.dir/rosidl_generator_py/ublox_ubx_msgs/msg/_ubx_nav_cov_s.c.o[0m
[1186.130s] [ 95%] [32mBuilding C object CMakeFiles/ublox_ubx_msgs__rosidl_generator_py.dir/rosidl_generator_py/ublox_ubx_msgs/msg/_ubx_nav_dop_s.c.o[0m
[1186.159s] [ 95%] [32mBuilding C object CMakeFiles/ublox_ubx_msgs__rosidl_generator_py.dir/rosidl_generator_py/ublox_ubx_msgs/msg/_ubx_nav_hp_pos_ecef_s.c.o[0m
[1186.675s] [ 96%] [32mBuilding C object CMakeFiles/ublox_ubx_msgs__rosidl_generator_py.dir/rosidl_generator_py/ublox_ubx_msgs/msg/_ubx_nav_hp_pos_llh_s.c.o[0m
[1187.573s] [ 96%] [32mBuilding C object CMakeFiles/ublox_ubx_msgs__rosidl_generator_py.dir/rosidl_generator_py/ublox_ubx_msgs/msg/_ubx_nav_odo_s.c.o[0m
[1187.938s] [ 96%] [32mBuilding C object CMakeFiles/ublox_ubx_msgs__rosidl_generator_py.dir/rosidl_generator_py/ublox_ubx_msgs/msg/_ubx_nav_orb_s.c.o[0m
[1188.233s] [ 97%] [32mBuilding C object CMakeFiles/ublox_ubx_msgs__rosidl_generator_py.dir/rosidl_generator_py/ublox_ubx_msgs/msg/_ubx_nav_pos_llh_s.c.o[0m
[1188.246s] [ 97%] [32mBuilding C object CMakeFiles/ublox_ubx_msgs__rosidl_generator_py.dir/rosidl_generator_py/ublox_ubx_msgs/msg/_ubx_nav_pos_ecef_s.c.o[0m
[1189.657s] [ 97%] [32mBuilding C object CMakeFiles/ublox_ubx_msgs__rosidl_generator_py.dir/rosidl_generator_py/ublox_ubx_msgs/msg/_ubx_nav_pvt_s.c.o[0m
[1189.894s] [ 97%] [32mBuilding C object CMakeFiles/ublox_ubx_msgs__rosidl_generator_py.dir/rosidl_generator_py/ublox_ubx_msgs/msg/_ubx_nav_rel_pos_ned_s.c.o[0m
[1189.992s] [ 97%] [32mBuilding C object CMakeFiles/ublox_ubx_msgs__rosidl_generator_py.dir/rosidl_generator_py/ublox_ubx_msgs/msg/_ubx_nav_sat_s.c.o[0m
[1190.009s] [ 97%] [32mBuilding C object CMakeFiles/ublox_ubx_msgs__rosidl_generator_py.dir/rosidl_generator_py/ublox_ubx_msgs/msg/_ubx_nav_sbas_s.c.o[0m
[1191.961s] [ 98%] [32mBuilding C object CMakeFiles/ublox_ubx_msgs__rosidl_generator_py.dir/rosidl_generator_py/ublox_ubx_msgs/msg/_ubx_nav_sig_s.c.o[0m
[1191.968s] [ 98%] [32mBuilding C object CMakeFiles/ublox_ubx_msgs__rosidl_generator_py.dir/rosidl_generator_py/ublox_ubx_msgs/msg/_ubx_nav_status_s.c.o[0m
[1192.005s] [ 98%] [32mBuilding C object CMakeFiles/ublox_ubx_msgs__rosidl_generator_py.dir/rosidl_generator_py/ublox_ubx_msgs/msg/_ubx_nav_vel_ecef_s.c.o[0m
[1192.013s] [ 98%] [32mBuilding C object CMakeFiles/ublox_ubx_msgs__rosidl_generator_py.dir/rosidl_generator_py/ublox_ubx_msgs/msg/_ubx_nav_time_utc_s.c.o[0m
[1193.595s] [ 98%] [32mBuilding C object CMakeFiles/ublox_ubx_msgs__rosidl_generator_py.dir/rosidl_generator_py/ublox_ubx_msgs/msg/_ubx_rxm_rawx_s.c.o[0m
[1194.757s] [ 98%] [32mBuilding C object CMakeFiles/ublox_ubx_msgs__rosidl_generator_py.dir/rosidl_generator_py/ublox_ubx_msgs/msg/_ubx_rxm_rtcm_s.c.o[0m
[1195.506s] [ 98%] [32mBuilding C object CMakeFiles/ublox_ubx_msgs__rosidl_generator_py.dir/rosidl_generator_py/ublox_ubx_msgs/msg/_ubx_sec_sig_s.c.o[0m
[1196.144s] [ 99%] [32mBuilding C object CMakeFiles/ublox_ubx_msgs__rosidl_generator_py.dir/rosidl_generator_py/ublox_ubx_msgs/msg/_ubx_sec_sig_log_s.c.o[0m
[1196.938s] [ 99%] [32mBuilding C object CMakeFiles/ublox_ubx_msgs__rosidl_generator_py.dir/rosidl_generator_py/ublox_ubx_msgs/msg/_ubx_sec_uniqid_s.c.o[0m
[1197.611s] [ 99%] [32mBuilding C object CMakeFiles/ublox_ubx_msgs__rosidl_generator_py.dir/rosidl_generator_py/ublox_ubx_msgs/msg/_utc_std_s.c.o[0m
[1198.195s] [ 99%] [32mBuilding C object CMakeFiles/ublox_ubx_msgs__rosidl_generator_py.dir/rosidl_generator_py/ublox_ubx_msgs/msg/_ubx_rxm_measx_s.c.o[0m
[1198.889s] [100%] [32mBuilding C object CMakeFiles/ublox_ubx_msgs__rosidl_generator_py.dir/rosidl_generator_py/ublox_ubx_msgs/msg/_ubx_nav_vel_ned_s.c.o[0m
[1199.548s] [100%] [32m[1mLinking C shared library rosidl_generator_py/ublox_ubx_msgs/libublox_ubx_msgs__rosidl_generator_py.so[0m
[1199.913s] [100%] Built target ublox_ubx_msgs__rosidl_generator_py
[1200.020s] [100%] [32mBuilding C object CMakeFiles/ublox_ubx_msgs__rosidl_typesupport_fastrtps_c__pyext.dir/rosidl_generator_py/ublox_ubx_msgs/_ublox_ubx_msgs_s.ep.rosidl_typesupport_fastrtps_c.c.o[0m
[1201.598s] [100%] [32m[1mLinking C shared library rosidl_generator_py/ublox_ubx_msgs/ublox_ubx_msgs_s__rosidl_typesupport_fastrtps_c.cpython-310-aarch64-linux-gnu.so[0m
[1201.915s] [100%] Built target ublox_ubx_msgs__rosidl_typesupport_fastrtps_c__pyext
[1202.015s] [100%] [32mBuilding C object CMakeFiles/ublox_ubx_msgs__rosidl_typesupport_c__pyext.dir/rosidl_generator_py/ublox_ubx_msgs/_ublox_ubx_msgs_s.ep.rosidl_typesupport_c.c.o[0m
[1203.618s] [100%] [32m[1mLinking C shared library rosidl_generator_py/ublox_ubx_msgs/ublox_ubx_msgs_s__rosidl_typesupport_c.cpython-310-aarch64-linux-gnu.so[0m
[1203.899s] [100%] Built target ublox_ubx_msgs__rosidl_typesupport_c__pyext
[1204.005s] [100%] [32mBuilding C object CMakeFiles/ublox_ubx_msgs__rosidl_typesupport_introspection_c__pyext.dir/rosidl_generator_py/ublox_ubx_msgs/_ublox_ubx_msgs_s.ep.rosidl_typesupport_introspection_c.c.o[0m
[1205.568s] [100%] [32m[1mLinking C shared library rosidl_generator_py/ublox_ubx_msgs/ublox_ubx_msgs_s__rosidl_typesupport_introspection_c.cpython-310-aarch64-linux-gnu.so[0m
[1205.818s] [100%] Built target ublox_ubx_msgs__rosidl_typesupport_introspection_c__pyext
