[6.880s] Invoking command in '/home/dev/ORobotics/localization_ws/src/wit_ros2_imu': PYTHONPATH=/home/dev/ORobotics/localization_ws/build/wit_ros2_imu/prefix_override:/usr/lib/python3/dist-packages/colcon_core/task/python/colcon_distutils_commands:/home/dev/ORobotics/localization_ws/install/wit_ros2_imu/lib/python3.10/site-packages:${PYTHONPATH} /usr/bin/python3 -W ignore:setup.py install is deprecated -W ignore:easy_install command is deprecated setup.py egg_info --egg-base ../../build/wit_ros2_imu build --build-base /home/dev/ORobotics/localization_ws/build/wit_ros2_imu/build install --record /home/dev/ORobotics/localization_ws/build/wit_ros2_imu/install.log --single-version-externally-managed install_data
[10.037s] running egg_info
[10.041s] creating ../../build/wit_ros2_imu/wit_ros2_imu.egg-info
[10.047s] writing ../../build/wit_ros2_imu/wit_ros2_imu.egg-info/PKG-INFO
[10.047s] writing dependency_links to ../../build/wit_ros2_imu/wit_ros2_imu.egg-info/dependency_links.txt
[10.048s] writing entry points to ../../build/wit_ros2_imu/wit_ros2_imu.egg-info/entry_points.txt
[10.048s] writing requirements to ../../build/wit_ros2_imu/wit_ros2_imu.egg-info/requires.txt
[10.049s] writing top-level names to ../../build/wit_ros2_imu/wit_ros2_imu.egg-info/top_level.txt
[10.049s] writing manifest file '../../build/wit_ros2_imu/wit_ros2_imu.egg-info/SOURCES.txt'
[10.066s] reading manifest file '../../build/wit_ros2_imu/wit_ros2_imu.egg-info/SOURCES.txt'
[10.070s] writing manifest file '../../build/wit_ros2_imu/wit_ros2_imu.egg-info/SOURCES.txt'
[10.072s] running build
[10.072s] running build_py
[10.073s] creating /home/dev/ORobotics/localization_ws/build/wit_ros2_imu/build
[10.074s] creating /home/dev/ORobotics/localization_ws/build/wit_ros2_imu/build/lib
[10.075s] creating /home/dev/ORobotics/localization_ws/build/wit_ros2_imu/build/lib/wit_ros2_imu
[10.076s] copying wit_ros2_imu/__init__.py -> /home/dev/ORobotics/localization_ws/build/wit_ros2_imu/build/lib/wit_ros2_imu
[10.076s] copying wit_ros2_imu/wit_ros2_imu.py -> /home/dev/ORobotics/localization_ws/build/wit_ros2_imu/build/lib/wit_ros2_imu
[10.078s] running install
[10.080s] running install_lib
[10.085s] creating /home/dev/ORobotics/localization_ws/install/wit_ros2_imu/lib/python3.10/site-packages/wit_ros2_imu
[10.086s] copying /home/dev/ORobotics/localization_ws/build/wit_ros2_imu/build/lib/wit_ros2_imu/__init__.py -> /home/dev/ORobotics/localization_ws/install/wit_ros2_imu/lib/python3.10/site-packages/wit_ros2_imu
[10.087s] copying /home/dev/ORobotics/localization_ws/build/wit_ros2_imu/build/lib/wit_ros2_imu/wit_ros2_imu.py -> /home/dev/ORobotics/localization_ws/install/wit_ros2_imu/lib/python3.10/site-packages/wit_ros2_imu
[10.091s] byte-compiling /home/dev/ORobotics/localization_ws/install/wit_ros2_imu/lib/python3.10/site-packages/wit_ros2_imu/__init__.py to __init__.cpython-310.pyc
[10.095s] byte-compiling /home/dev/ORobotics/localization_ws/install/wit_ros2_imu/lib/python3.10/site-packages/wit_ros2_imu/wit_ros2_imu.py to wit_ros2_imu.cpython-310.pyc
[10.105s] running install_data
[10.106s] creating /home/dev/ORobotics/localization_ws/install/wit_ros2_imu/share/ament_index
[10.106s] creating /home/dev/ORobotics/localization_ws/install/wit_ros2_imu/share/ament_index/resource_index
[10.107s] creating /home/dev/ORobotics/localization_ws/install/wit_ros2_imu/share/ament_index/resource_index/packages
[10.108s] copying resource/wit_ros2_imu -> /home/dev/ORobotics/localization_ws/install/wit_ros2_imu/share/ament_index/resource_index/packages
[10.109s] copying package.xml -> /home/dev/ORobotics/localization_ws/install/wit_ros2_imu/share/wit_ros2_imu
[10.110s] copying launch/rviz_and_imu.launch.py -> /home/dev/ORobotics/localization_ws/install/wit_ros2_imu/share/wit_ros2_imu
[10.110s] running install_egg_info
[10.128s] Copying ../../build/wit_ros2_imu/wit_ros2_imu.egg-info to /home/dev/ORobotics/localization_ws/install/wit_ros2_imu/lib/python3.10/site-packages/wit_ros2_imu-0.0.0-py3.10.egg-info
[10.141s] running install_scripts
[10.415s] Installing wit_ros2_imu script to /home/dev/ORobotics/localization_ws/install/wit_ros2_imu/lib/wit_ros2_imu
[10.421s] writing list of installed files to '/home/dev/ORobotics/localization_ws/build/wit_ros2_imu/install.log'
[10.687s] Invoked command in '/home/dev/ORobotics/localization_ws/src/wit_ros2_imu' returned '0': PYTHONPATH=/home/dev/ORobotics/localization_ws/build/wit_ros2_imu/prefix_override:/usr/lib/python3/dist-packages/colcon_core/task/python/colcon_distutils_commands:/home/dev/ORobotics/localization_ws/install/wit_ros2_imu/lib/python3.10/site-packages:${PYTHONPATH} /usr/bin/python3 -W ignore:setup.py install is deprecated -W ignore:easy_install command is deprecated setup.py egg_info --egg-base ../../build/wit_ros2_imu build --build-base /home/dev/ORobotics/localization_ws/build/wit_ros2_imu/build install --record /home/dev/ORobotics/localization_ws/build/wit_ros2_imu/install.log --single-version-externally-managed install_data
