[0.747s] DEBUG:colcon:Command line arguments: ['/usr/bin/colcon', 'build', '--packages-select', 'gnss_imu_robot_localization']
[0.748s] DEBUG:colcon:Parsed command line arguments: Namespace(log_base=None, log_level=None, verb_name='build', build_base='build', install_base='install', merge_install=False, symlink_install=False, test_result_base=None, continue_on_error=False, executor='parallel', parallel_workers=4, event_handlers=None, ignore_user_meta=False, metas=['./colcon.meta'], base_paths=['.'], packages_ignore=None, packages_ignore_regex=None, paths=None, packages_up_to=None, packages_up_to_regex=None, packages_above=None, packages_above_and_dependencies=None, packages_above_depth=None, packages_select_by_dep=None, packages_skip_by_dep=None, packages_skip_up_to=None, packages_select_build_failed=False, packages_skip_build_finished=False, packages_select_test_failures=False, packages_skip_test_passed=False, packages_select=['gnss_imu_robot_localization'], packages_skip=None, packages_select_regex=None, packages_skip_regex=None, packages_start=None, packages_end=None, allow_overriding=[], cmake_args=None, cmake_target=None, cmake_target_skip_unavailable=False, cmake_clean_cache=False, cmake_clean_first=False, cmake_force_configure=False, ament_cmake_args=None, catkin_cmake_args=None, catkin_skip_building_tests=False, mixin_files=None, mixin=None, verb_parser=<colcon_mixin.mixin.mixin_argument.MixinArgumentDecorator object at 0xffffb7499f60>, verb_extension=<colcon_core.verb.build.BuildVerb object at 0xffffb7612ef0>, main=<bound method BuildVerb.main of <colcon_core.verb.build.BuildVerb object at 0xffffb7612ef0>>, mixin_verb=('build',))
[1.846s] Level 1:colcon.colcon_core.package_discovery:discover_packages(colcon_meta) check parameters
[1.847s] Level 1:colcon.colcon_core.package_discovery:discover_packages(recursive) check parameters
[1.847s] Level 1:colcon.colcon_core.package_discovery:discover_packages(ignore) check parameters
[1.847s] Level 1:colcon.colcon_core.package_discovery:discover_packages(path) check parameters
[1.847s] Level 1:colcon.colcon_core.package_discovery:discover_packages(colcon_meta) discover
[1.848s] Level 1:colcon.colcon_core.package_discovery:discover_packages(recursive) discover
[1.848s] INFO:colcon.colcon_core.package_discovery:Crawling recursively for packages in '/home/dev/ORobotics/localization_ws'
[1.849s] Level 1:colcon.colcon_core.package_identification:_identify(.) by extensions ['ignore', 'ignore_ament_install']
[1.849s] Level 1:colcon.colcon_core.package_identification:_identify(.) by extension 'ignore'
[1.850s] Level 1:colcon.colcon_core.package_identification:_identify(.) by extension 'ignore_ament_install'
[1.850s] Level 1:colcon.colcon_core.package_identification:_identify(.) by extensions ['colcon_pkg']
[1.851s] Level 1:colcon.colcon_core.package_identification:_identify(.) by extension 'colcon_pkg'
[1.851s] Level 1:colcon.colcon_core.package_identification:_identify(.) by extensions ['colcon_meta']
[1.852s] Level 1:colcon.colcon_core.package_identification:_identify(.) by extension 'colcon_meta'
[1.852s] Level 1:colcon.colcon_core.package_identification:_identify(.) by extensions ['ros']
[1.853s] Level 1:colcon.colcon_core.package_identification:_identify(.) by extension 'ros'
[1.928s] Level 1:colcon.colcon_core.package_identification:_identify(.) by extensions ['cmake', 'python']
[1.929s] Level 1:colcon.colcon_core.package_identification:_identify(.) by extension 'cmake'
[1.929s] Level 1:colcon.colcon_core.package_identification:_identify(.) by extension 'python'
[1.930s] Level 1:colcon.colcon_core.package_identification:_identify(.) by extensions ['python_setup_py']
[1.930s] Level 1:colcon.colcon_core.package_identification:_identify(.) by extension 'python_setup_py'
[1.931s] Level 1:colcon.colcon_core.package_identification:_identify(build) by extensions ['ignore', 'ignore_ament_install']
[1.932s] Level 1:colcon.colcon_core.package_identification:_identify(build) by extension 'ignore'
[1.932s] Level 1:colcon.colcon_core.package_identification:_identify(build) ignored
[1.934s] Level 1:colcon.colcon_core.package_identification:_identify(install) by extensions ['ignore', 'ignore_ament_install']
[1.935s] Level 1:colcon.colcon_core.package_identification:_identify(install) by extension 'ignore'
[1.935s] Level 1:colcon.colcon_core.package_identification:_identify(install) ignored
[1.936s] Level 1:colcon.colcon_core.package_identification:_identify(log) by extensions ['ignore', 'ignore_ament_install']
[1.937s] Level 1:colcon.colcon_core.package_identification:_identify(log) by extension 'ignore'
[1.938s] Level 1:colcon.colcon_core.package_identification:_identify(log) ignored
[1.939s] Level 1:colcon.colcon_core.package_identification:_identify(src) by extensions ['ignore', 'ignore_ament_install']
[1.940s] Level 1:colcon.colcon_core.package_identification:_identify(src) by extension 'ignore'
[1.940s] Level 1:colcon.colcon_core.package_identification:_identify(src) by extension 'ignore_ament_install'
[1.941s] Level 1:colcon.colcon_core.package_identification:_identify(src) by extensions ['colcon_pkg']
[1.941s] Level 1:colcon.colcon_core.package_identification:_identify(src) by extension 'colcon_pkg'
[1.941s] Level 1:colcon.colcon_core.package_identification:_identify(src) by extensions ['colcon_meta']
[1.942s] Level 1:colcon.colcon_core.package_identification:_identify(src) by extension 'colcon_meta'
[1.942s] Level 1:colcon.colcon_core.package_identification:_identify(src) by extensions ['ros']
[1.943s] Level 1:colcon.colcon_core.package_identification:_identify(src) by extension 'ros'
[1.943s] Level 1:colcon.colcon_core.package_identification:_identify(src) by extensions ['cmake', 'python']
[1.944s] Level 1:colcon.colcon_core.package_identification:_identify(src) by extension 'cmake'
[1.944s] Level 1:colcon.colcon_core.package_identification:_identify(src) by extension 'python'
[1.944s] Level 1:colcon.colcon_core.package_identification:_identify(src) by extensions ['python_setup_py']
[1.945s] Level 1:colcon.colcon_core.package_identification:_identify(src) by extension 'python_setup_py'
[1.946s] Level 1:colcon.colcon_core.package_identification:_identify(src/amr_sweeper_description) by extensions ['ignore', 'ignore_ament_install']
[1.947s] Level 1:colcon.colcon_core.package_identification:_identify(src/amr_sweeper_description) by extension 'ignore'
[1.947s] Level 1:colcon.colcon_core.package_identification:_identify(src/amr_sweeper_description) by extension 'ignore_ament_install'
[1.948s] Level 1:colcon.colcon_core.package_identification:_identify(src/amr_sweeper_description) by extensions ['colcon_pkg']
[1.948s] Level 1:colcon.colcon_core.package_identification:_identify(src/amr_sweeper_description) by extension 'colcon_pkg'
[1.949s] Level 1:colcon.colcon_core.package_identification:_identify(src/amr_sweeper_description) by extensions ['colcon_meta']
[1.949s] Level 1:colcon.colcon_core.package_identification:_identify(src/amr_sweeper_description) by extension 'colcon_meta'
[1.949s] Level 1:colcon.colcon_core.package_identification:_identify(src/amr_sweeper_description) by extensions ['ros']
[1.950s] Level 1:colcon.colcon_core.package_identification:_identify(src/amr_sweeper_description) by extension 'ros'
[1.965s] DEBUG:colcon.colcon_core.package_identification:Package 'src/amr_sweeper_description' with type 'ros.ament_cmake' and name 'amr_sweeper_description'
[1.966s] Level 1:colcon.colcon_core.package_identification:_identify(src/bag_recorder) by extensions ['ignore', 'ignore_ament_install']
[1.967s] Level 1:colcon.colcon_core.package_identification:_identify(src/bag_recorder) by extension 'ignore'
[1.968s] Level 1:colcon.colcon_core.package_identification:_identify(src/bag_recorder) by extension 'ignore_ament_install'
[1.968s] Level 1:colcon.colcon_core.package_identification:_identify(src/bag_recorder) by extensions ['colcon_pkg']
[1.969s] Level 1:colcon.colcon_core.package_identification:_identify(src/bag_recorder) by extension 'colcon_pkg'
[1.969s] Level 1:colcon.colcon_core.package_identification:_identify(src/bag_recorder) by extensions ['colcon_meta']
[1.969s] Level 1:colcon.colcon_core.package_identification:_identify(src/bag_recorder) by extension 'colcon_meta'
[1.970s] Level 1:colcon.colcon_core.package_identification:_identify(src/bag_recorder) by extensions ['ros']
[1.970s] Level 1:colcon.colcon_core.package_identification:_identify(src/bag_recorder) by extension 'ros'
[1.976s] DEBUG:colcon.colcon_core.package_identification:Package 'src/bag_recorder' with type 'ros.ament_python' and name 'bag_recorder'
[1.978s] Level 1:colcon.colcon_core.package_identification:_identify(src/gnss_imu_robot_localization) by extensions ['ignore', 'ignore_ament_install']
[1.978s] Level 1:colcon.colcon_core.package_identification:_identify(src/gnss_imu_robot_localization) by extension 'ignore'
[1.979s] Level 1:colcon.colcon_core.package_identification:_identify(src/gnss_imu_robot_localization) by extension 'ignore_ament_install'
[1.980s] Level 1:colcon.colcon_core.package_identification:_identify(src/gnss_imu_robot_localization) by extensions ['colcon_pkg']
[1.980s] Level 1:colcon.colcon_core.package_identification:_identify(src/gnss_imu_robot_localization) by extension 'colcon_pkg'
[1.980s] Level 1:colcon.colcon_core.package_identification:_identify(src/gnss_imu_robot_localization) by extensions ['colcon_meta']
[1.981s] Level 1:colcon.colcon_core.package_identification:_identify(src/gnss_imu_robot_localization) by extension 'colcon_meta'
[1.981s] Level 1:colcon.colcon_core.package_identification:_identify(src/gnss_imu_robot_localization) by extensions ['ros']
[1.982s] Level 1:colcon.colcon_core.package_identification:_identify(src/gnss_imu_robot_localization) by extension 'ros'
[1.986s] DEBUG:colcon.colcon_core.package_identification:Package 'src/gnss_imu_robot_localization' with type 'ros.ament_python' and name 'gnss_imu_robot_localization'
[1.987s] Level 1:colcon.colcon_core.package_identification:_identify(src/imu_offset_calibration) by extensions ['ignore', 'ignore_ament_install']
[1.988s] Level 1:colcon.colcon_core.package_identification:_identify(src/imu_offset_calibration) by extension 'ignore'
[1.988s] Level 1:colcon.colcon_core.package_identification:_identify(src/imu_offset_calibration) by extension 'ignore_ament_install'
[1.989s] Level 1:colcon.colcon_core.package_identification:_identify(src/imu_offset_calibration) by extensions ['colcon_pkg']
[1.989s] Level 1:colcon.colcon_core.package_identification:_identify(src/imu_offset_calibration) by extension 'colcon_pkg'
[1.990s] Level 1:colcon.colcon_core.package_identification:_identify(src/imu_offset_calibration) by extensions ['colcon_meta']
[1.990s] Level 1:colcon.colcon_core.package_identification:_identify(src/imu_offset_calibration) by extension 'colcon_meta'
[1.990s] Level 1:colcon.colcon_core.package_identification:_identify(src/imu_offset_calibration) by extensions ['ros']
[1.991s] Level 1:colcon.colcon_core.package_identification:_identify(src/imu_offset_calibration) by extension 'ros'
[1.995s] DEBUG:colcon.colcon_core.package_identification:Package 'src/imu_offset_calibration' with type 'ros.ament_python' and name 'imu_offset_calibration'
[1.997s] Level 1:colcon.colcon_core.package_identification:_identify(src/navigation2_tutorials) by extensions ['ignore', 'ignore_ament_install']
[1.997s] Level 1:colcon.colcon_core.package_identification:_identify(src/navigation2_tutorials) by extension 'ignore'
[1.998s] Level 1:colcon.colcon_core.package_identification:_identify(src/navigation2_tutorials) by extension 'ignore_ament_install'
[1.999s] Level 1:colcon.colcon_core.package_identification:_identify(src/navigation2_tutorials) by extensions ['colcon_pkg']
[1.999s] Level 1:colcon.colcon_core.package_identification:_identify(src/navigation2_tutorials) by extension 'colcon_pkg'
[2.000s] Level 1:colcon.colcon_core.package_identification:_identify(src/navigation2_tutorials) by extensions ['colcon_meta']
[2.000s] Level 1:colcon.colcon_core.package_identification:_identify(src/navigation2_tutorials) by extension 'colcon_meta'
[2.000s] Level 1:colcon.colcon_core.package_identification:_identify(src/navigation2_tutorials) by extensions ['ros']
[2.001s] Level 1:colcon.colcon_core.package_identification:_identify(src/navigation2_tutorials) by extension 'ros'
[2.001s] Level 1:colcon.colcon_core.package_identification:_identify(src/navigation2_tutorials) by extensions ['cmake', 'python']
[2.002s] Level 1:colcon.colcon_core.package_identification:_identify(src/navigation2_tutorials) by extension 'cmake'
[2.002s] Level 1:colcon.colcon_core.package_identification:_identify(src/navigation2_tutorials) by extension 'python'
[2.003s] Level 1:colcon.colcon_core.package_identification:_identify(src/navigation2_tutorials) by extensions ['python_setup_py']
[2.003s] Level 1:colcon.colcon_core.package_identification:_identify(src/navigation2_tutorials) by extension 'python_setup_py'
[2.004s] Level 1:colcon.colcon_core.package_identification:_identify(src/navigation2_tutorials/nav2_costmap_filters_demo) by extensions ['ignore', 'ignore_ament_install']
[2.005s] Level 1:colcon.colcon_core.package_identification:_identify(src/navigation2_tutorials/nav2_costmap_filters_demo) by extension 'ignore'
[2.005s] Level 1:colcon.colcon_core.package_identification:_identify(src/navigation2_tutorials/nav2_costmap_filters_demo) by extension 'ignore_ament_install'
[2.006s] Level 1:colcon.colcon_core.package_identification:_identify(src/navigation2_tutorials/nav2_costmap_filters_demo) by extensions ['colcon_pkg']
[2.007s] Level 1:colcon.colcon_core.package_identification:_identify(src/navigation2_tutorials/nav2_costmap_filters_demo) by extension 'colcon_pkg'
[2.007s] Level 1:colcon.colcon_core.package_identification:_identify(src/navigation2_tutorials/nav2_costmap_filters_demo) by extensions ['colcon_meta']
[2.007s] Level 1:colcon.colcon_core.package_identification:_identify(src/navigation2_tutorials/nav2_costmap_filters_demo) by extension 'colcon_meta'
[2.008s] Level 1:colcon.colcon_core.package_identification:_identify(src/navigation2_tutorials/nav2_costmap_filters_demo) by extensions ['ros']
[2.008s] Level 1:colcon.colcon_core.package_identification:_identify(src/navigation2_tutorials/nav2_costmap_filters_demo) by extension 'ros'
[2.012s] DEBUG:colcon.colcon_core.package_identification:Package 'src/navigation2_tutorials/nav2_costmap_filters_demo' with type 'ros.ament_cmake' and name 'nav2_costmap_filters_demo'
[2.013s] Level 1:colcon.colcon_core.package_identification:_identify(src/navigation2_tutorials/nav2_gps_waypoint_follower_demo) by extensions ['ignore', 'ignore_ament_install']
[2.014s] Level 1:colcon.colcon_core.package_identification:_identify(src/navigation2_tutorials/nav2_gps_waypoint_follower_demo) by extension 'ignore'
[2.015s] Level 1:colcon.colcon_core.package_identification:_identify(src/navigation2_tutorials/nav2_gps_waypoint_follower_demo) by extension 'ignore_ament_install'
[2.015s] Level 1:colcon.colcon_core.package_identification:_identify(src/navigation2_tutorials/nav2_gps_waypoint_follower_demo) by extensions ['colcon_pkg']
[2.016s] Level 1:colcon.colcon_core.package_identification:_identify(src/navigation2_tutorials/nav2_gps_waypoint_follower_demo) by extension 'colcon_pkg'
[2.016s] Level 1:colcon.colcon_core.package_identification:_identify(src/navigation2_tutorials/nav2_gps_waypoint_follower_demo) by extensions ['colcon_meta']
[2.016s] Level 1:colcon.colcon_core.package_identification:_identify(src/navigation2_tutorials/nav2_gps_waypoint_follower_demo) by extension 'colcon_meta'
[2.017s] Level 1:colcon.colcon_core.package_identification:_identify(src/navigation2_tutorials/nav2_gps_waypoint_follower_demo) by extensions ['ros']
[2.017s] Level 1:colcon.colcon_core.package_identification:_identify(src/navigation2_tutorials/nav2_gps_waypoint_follower_demo) by extension 'ros'
[2.023s] DEBUG:colcon.colcon_core.package_identification:Package 'src/navigation2_tutorials/nav2_gps_waypoint_follower_demo' with type 'ros.ament_python' and name 'nav2_gps_waypoint_follower_demo'
[2.024s] Level 1:colcon.colcon_core.package_identification:_identify(src/navigation2_tutorials/nav2_gradient_costmap_plugin) by extensions ['ignore', 'ignore_ament_install']
[2.025s] Level 1:colcon.colcon_core.package_identification:_identify(src/navigation2_tutorials/nav2_gradient_costmap_plugin) by extension 'ignore'
[2.026s] Level 1:colcon.colcon_core.package_identification:_identify(src/navigation2_tutorials/nav2_gradient_costmap_plugin) by extension 'ignore_ament_install'
[2.026s] Level 1:colcon.colcon_core.package_identification:_identify(src/navigation2_tutorials/nav2_gradient_costmap_plugin) by extensions ['colcon_pkg']
[2.027s] Level 1:colcon.colcon_core.package_identification:_identify(src/navigation2_tutorials/nav2_gradient_costmap_plugin) by extension 'colcon_pkg'
[2.027s] Level 1:colcon.colcon_core.package_identification:_identify(src/navigation2_tutorials/nav2_gradient_costmap_plugin) by extensions ['colcon_meta']
[2.028s] Level 1:colcon.colcon_core.package_identification:_identify(src/navigation2_tutorials/nav2_gradient_costmap_plugin) by extension 'colcon_meta'
[2.028s] Level 1:colcon.colcon_core.package_identification:_identify(src/navigation2_tutorials/nav2_gradient_costmap_plugin) by extensions ['ros']
[2.029s] Level 1:colcon.colcon_core.package_identification:_identify(src/navigation2_tutorials/nav2_gradient_costmap_plugin) by extension 'ros'
[2.034s] DEBUG:colcon.colcon_core.package_identification:Package 'src/navigation2_tutorials/nav2_gradient_costmap_plugin' with type 'ros.ament_cmake' and name 'nav2_gradient_costmap_plugin'
[2.035s] Level 1:colcon.colcon_core.package_identification:_identify(src/navigation2_tutorials/nav2_pure_pursuit_controller) by extensions ['ignore', 'ignore_ament_install']
[2.036s] Level 1:colcon.colcon_core.package_identification:_identify(src/navigation2_tutorials/nav2_pure_pursuit_controller) by extension 'ignore'
[2.036s] Level 1:colcon.colcon_core.package_identification:_identify(src/navigation2_tutorials/nav2_pure_pursuit_controller) by extension 'ignore_ament_install'
[2.037s] Level 1:colcon.colcon_core.package_identification:_identify(src/navigation2_tutorials/nav2_pure_pursuit_controller) by extensions ['colcon_pkg']
[2.038s] Level 1:colcon.colcon_core.package_identification:_identify(src/navigation2_tutorials/nav2_pure_pursuit_controller) by extension 'colcon_pkg'
[2.038s] Level 1:colcon.colcon_core.package_identification:_identify(src/navigation2_tutorials/nav2_pure_pursuit_controller) by extensions ['colcon_meta']
[2.039s] Level 1:colcon.colcon_core.package_identification:_identify(src/navigation2_tutorials/nav2_pure_pursuit_controller) by extension 'colcon_meta'
[2.039s] Level 1:colcon.colcon_core.package_identification:_identify(src/navigation2_tutorials/nav2_pure_pursuit_controller) by extensions ['ros']
[2.039s] Level 1:colcon.colcon_core.package_identification:_identify(src/navigation2_tutorials/nav2_pure_pursuit_controller) by extension 'ros'
[2.047s] DEBUG:colcon.colcon_core.package_identification:Package 'src/navigation2_tutorials/nav2_pure_pursuit_controller' with type 'ros.ament_cmake' and name 'nav2_pure_pursuit_controller'
[2.048s] Level 1:colcon.colcon_core.package_identification:_identify(src/navigation2_tutorials/nav2_sms_behavior) by extensions ['ignore', 'ignore_ament_install']
[2.049s] Level 1:colcon.colcon_core.package_identification:_identify(src/navigation2_tutorials/nav2_sms_behavior) by extension 'ignore'
[2.050s] Level 1:colcon.colcon_core.package_identification:_identify(src/navigation2_tutorials/nav2_sms_behavior) by extension 'ignore_ament_install'
[2.051s] Level 1:colcon.colcon_core.package_identification:_identify(src/navigation2_tutorials/nav2_sms_behavior) by extensions ['colcon_pkg']
[2.051s] Level 1:colcon.colcon_core.package_identification:_identify(src/navigation2_tutorials/nav2_sms_behavior) by extension 'colcon_pkg'
[2.052s] Level 1:colcon.colcon_core.package_identification:_identify(src/navigation2_tutorials/nav2_sms_behavior) by extensions ['colcon_meta']
[2.052s] Level 1:colcon.colcon_core.package_identification:_identify(src/navigation2_tutorials/nav2_sms_behavior) by extension 'colcon_meta'
[2.053s] Level 1:colcon.colcon_core.package_identification:_identify(src/navigation2_tutorials/nav2_sms_behavior) by extensions ['ros']
[2.053s] Level 1:colcon.colcon_core.package_identification:_identify(src/navigation2_tutorials/nav2_sms_behavior) by extension 'ros'
[2.065s] DEBUG:colcon.colcon_core.package_identification:Package 'src/navigation2_tutorials/nav2_sms_behavior' with type 'ros.ament_cmake' and name 'nav2_sms_behavior'
[2.066s] Level 1:colcon.colcon_core.package_identification:_identify(src/navigation2_tutorials/nav2_straightline_planner) by extensions ['ignore', 'ignore_ament_install']
[2.067s] Level 1:colcon.colcon_core.package_identification:_identify(src/navigation2_tutorials/nav2_straightline_planner) by extension 'ignore'
[2.068s] Level 1:colcon.colcon_core.package_identification:_identify(src/navigation2_tutorials/nav2_straightline_planner) by extension 'ignore_ament_install'
[2.068s] Level 1:colcon.colcon_core.package_identification:_identify(src/navigation2_tutorials/nav2_straightline_planner) by extensions ['colcon_pkg']
[2.069s] Level 1:colcon.colcon_core.package_identification:_identify(src/navigation2_tutorials/nav2_straightline_planner) by extension 'colcon_pkg'
[2.069s] Level 1:colcon.colcon_core.package_identification:_identify(src/navigation2_tutorials/nav2_straightline_planner) by extensions ['colcon_meta']
[2.070s] Level 1:colcon.colcon_core.package_identification:_identify(src/navigation2_tutorials/nav2_straightline_planner) by extension 'colcon_meta'
[2.070s] Level 1:colcon.colcon_core.package_identification:_identify(src/navigation2_tutorials/nav2_straightline_planner) by extensions ['ros']
[2.070s] Level 1:colcon.colcon_core.package_identification:_identify(src/navigation2_tutorials/nav2_straightline_planner) by extension 'ros'
[2.080s] DEBUG:colcon.colcon_core.package_identification:Package 'src/navigation2_tutorials/nav2_straightline_planner' with type 'ros.ament_cmake' and name 'nav2_straightline_planner'
[2.082s] Level 1:colcon.colcon_core.package_identification:_identify(src/navigation2_tutorials/sam_bot_description) by extensions ['ignore', 'ignore_ament_install']
[2.082s] Level 1:colcon.colcon_core.package_identification:_identify(src/navigation2_tutorials/sam_bot_description) by extension 'ignore'
[2.083s] Level 1:colcon.colcon_core.package_identification:_identify(src/navigation2_tutorials/sam_bot_description) by extension 'ignore_ament_install'
[2.084s] Level 1:colcon.colcon_core.package_identification:_identify(src/navigation2_tutorials/sam_bot_description) by extensions ['colcon_pkg']
[2.084s] Level 1:colcon.colcon_core.package_identification:_identify(src/navigation2_tutorials/sam_bot_description) by extension 'colcon_pkg'
[2.084s] Level 1:colcon.colcon_core.package_identification:_identify(src/navigation2_tutorials/sam_bot_description) by extensions ['colcon_meta']
[2.085s] Level 1:colcon.colcon_core.package_identification:_identify(src/navigation2_tutorials/sam_bot_description) by extension 'colcon_meta'
[2.085s] Level 1:colcon.colcon_core.package_identification:_identify(src/navigation2_tutorials/sam_bot_description) by extensions ['ros']
[2.085s] Level 1:colcon.colcon_core.package_identification:_identify(src/navigation2_tutorials/sam_bot_description) by extension 'ros'
[2.090s] DEBUG:colcon.colcon_core.package_identification:Package 'src/navigation2_tutorials/sam_bot_description' with type 'ros.ament_cmake' and name 'sam_bot_description'
[2.091s] Level 1:colcon.colcon_core.package_identification:_identify(src/rtcm_msgs) by extensions ['ignore', 'ignore_ament_install']
[2.092s] Level 1:colcon.colcon_core.package_identification:_identify(src/rtcm_msgs) by extension 'ignore'
[2.093s] Level 1:colcon.colcon_core.package_identification:_identify(src/rtcm_msgs) by extension 'ignore_ament_install'
[2.093s] Level 1:colcon.colcon_core.package_identification:_identify(src/rtcm_msgs) by extensions ['colcon_pkg']
[2.094s] Level 1:colcon.colcon_core.package_identification:_identify(src/rtcm_msgs) by extension 'colcon_pkg'
[2.094s] Level 1:colcon.colcon_core.package_identification:_identify(src/rtcm_msgs) by extensions ['colcon_meta']
[2.094s] Level 1:colcon.colcon_core.package_identification:_identify(src/rtcm_msgs) by extension 'colcon_meta'
[2.095s] Level 1:colcon.colcon_core.package_identification:_identify(src/rtcm_msgs) by extensions ['ros']
[2.095s] Level 1:colcon.colcon_core.package_identification:_identify(src/rtcm_msgs) by extension 'ros'
[2.130s] DEBUG:colcon.colcon_core.package_identification:Package 'src/rtcm_msgs' with type 'ros.ament_cmake' and name 'rtcm_msgs'
[2.131s] Level 1:colcon.colcon_core.package_identification:_identify(src/ublox_dgnss) by extensions ['ignore', 'ignore_ament_install']
[2.132s] Level 1:colcon.colcon_core.package_identification:_identify(src/ublox_dgnss) by extension 'ignore'
[2.132s] Level 1:colcon.colcon_core.package_identification:_identify(src/ublox_dgnss) by extension 'ignore_ament_install'
[2.133s] Level 1:colcon.colcon_core.package_identification:_identify(src/ublox_dgnss) by extensions ['colcon_pkg']
[2.133s] Level 1:colcon.colcon_core.package_identification:_identify(src/ublox_dgnss) by extension 'colcon_pkg'
[2.134s] Level 1:colcon.colcon_core.package_identification:_identify(src/ublox_dgnss) by extensions ['colcon_meta']
[2.134s] Level 1:colcon.colcon_core.package_identification:_identify(src/ublox_dgnss) by extension 'colcon_meta'
[2.135s] Level 1:colcon.colcon_core.package_identification:_identify(src/ublox_dgnss) by extensions ['ros']
[2.135s] Level 1:colcon.colcon_core.package_identification:_identify(src/ublox_dgnss) by extension 'ros'
[2.136s] Level 1:colcon.colcon_core.package_identification:_identify(src/ublox_dgnss) by extensions ['cmake', 'python']
[2.136s] Level 1:colcon.colcon_core.package_identification:_identify(src/ublox_dgnss) by extension 'cmake'
[2.137s] Level 1:colcon.colcon_core.package_identification:_identify(src/ublox_dgnss) by extension 'python'
[2.137s] Level 1:colcon.colcon_core.package_identification:_identify(src/ublox_dgnss) by extensions ['python_setup_py']
[2.137s] Level 1:colcon.colcon_core.package_identification:_identify(src/ublox_dgnss) by extension 'python_setup_py'
[2.139s] Level 1:colcon.colcon_core.package_identification:_identify(src/ublox_dgnss/ntrip_client_node) by extensions ['ignore', 'ignore_ament_install']
[2.139s] Level 1:colcon.colcon_core.package_identification:_identify(src/ublox_dgnss/ntrip_client_node) by extension 'ignore'
[2.140s] Level 1:colcon.colcon_core.package_identification:_identify(src/ublox_dgnss/ntrip_client_node) by extension 'ignore_ament_install'
[2.141s] Level 1:colcon.colcon_core.package_identification:_identify(src/ublox_dgnss/ntrip_client_node) by extensions ['colcon_pkg']
[2.142s] Level 1:colcon.colcon_core.package_identification:_identify(src/ublox_dgnss/ntrip_client_node) by extension 'colcon_pkg'
[2.142s] Level 1:colcon.colcon_core.package_identification:_identify(src/ublox_dgnss/ntrip_client_node) by extensions ['colcon_meta']
[2.142s] Level 1:colcon.colcon_core.package_identification:_identify(src/ublox_dgnss/ntrip_client_node) by extension 'colcon_meta'
[2.143s] Level 1:colcon.colcon_core.package_identification:_identify(src/ublox_dgnss/ntrip_client_node) by extensions ['ros']
[2.144s] Level 1:colcon.colcon_core.package_identification:_identify(src/ublox_dgnss/ntrip_client_node) by extension 'ros'
[2.150s] DEBUG:colcon.colcon_core.package_identification:Package 'src/ublox_dgnss/ntrip_client_node' with type 'ros.ament_cmake' and name 'ntrip_client_node'
[2.152s] Level 1:colcon.colcon_core.package_identification:_identify(src/ublox_dgnss/ublox_dgnss) by extensions ['ignore', 'ignore_ament_install']
[2.153s] Level 1:colcon.colcon_core.package_identification:_identify(src/ublox_dgnss/ublox_dgnss) by extension 'ignore'
[2.154s] Level 1:colcon.colcon_core.package_identification:_identify(src/ublox_dgnss/ublox_dgnss) by extension 'ignore_ament_install'
[2.155s] Level 1:colcon.colcon_core.package_identification:_identify(src/ublox_dgnss/ublox_dgnss) by extensions ['colcon_pkg']
[2.156s] Level 1:colcon.colcon_core.package_identification:_identify(src/ublox_dgnss/ublox_dgnss) by extension 'colcon_pkg'
[2.157s] Level 1:colcon.colcon_core.package_identification:_identify(src/ublox_dgnss/ublox_dgnss) by extensions ['colcon_meta']
[2.158s] Level 1:colcon.colcon_core.package_identification:_identify(src/ublox_dgnss/ublox_dgnss) by extension 'colcon_meta'
[2.159s] Level 1:colcon.colcon_core.package_identification:_identify(src/ublox_dgnss/ublox_dgnss) by extensions ['ros']
[2.160s] Level 1:colcon.colcon_core.package_identification:_identify(src/ublox_dgnss/ublox_dgnss) by extension 'ros'
[2.165s] DEBUG:colcon.colcon_core.package_identification:Package 'src/ublox_dgnss/ublox_dgnss' with type 'ros.ament_cmake' and name 'ublox_dgnss'
[2.167s] Level 1:colcon.colcon_core.package_identification:_identify(src/ublox_dgnss/ublox_dgnss_node) by extensions ['ignore', 'ignore_ament_install']
[2.168s] Level 1:colcon.colcon_core.package_identification:_identify(src/ublox_dgnss/ublox_dgnss_node) by extension 'ignore'
[2.169s] Level 1:colcon.colcon_core.package_identification:_identify(src/ublox_dgnss/ublox_dgnss_node) by extension 'ignore_ament_install'
[2.170s] Level 1:colcon.colcon_core.package_identification:_identify(src/ublox_dgnss/ublox_dgnss_node) by extensions ['colcon_pkg']
[2.171s] Level 1:colcon.colcon_core.package_identification:_identify(src/ublox_dgnss/ublox_dgnss_node) by extension 'colcon_pkg'
[2.172s] Level 1:colcon.colcon_core.package_identification:_identify(src/ublox_dgnss/ublox_dgnss_node) by extensions ['colcon_meta']
[2.173s] Level 1:colcon.colcon_core.package_identification:_identify(src/ublox_dgnss/ublox_dgnss_node) by extension 'colcon_meta'
[2.174s] Level 1:colcon.colcon_core.package_identification:_identify(src/ublox_dgnss/ublox_dgnss_node) by extensions ['ros']
[2.175s] Level 1:colcon.colcon_core.package_identification:_identify(src/ublox_dgnss/ublox_dgnss_node) by extension 'ros'
[2.182s] DEBUG:colcon.colcon_core.package_identification:Package 'src/ublox_dgnss/ublox_dgnss_node' with type 'ros.ament_cmake' and name 'ublox_dgnss_node'
[2.183s] Level 1:colcon.colcon_core.package_identification:_identify(src/ublox_dgnss/ublox_nav_sat_fix_hp_node) by extensions ['ignore', 'ignore_ament_install']
[2.184s] Level 1:colcon.colcon_core.package_identification:_identify(src/ublox_dgnss/ublox_nav_sat_fix_hp_node) by extension 'ignore'
[2.185s] Level 1:colcon.colcon_core.package_identification:_identify(src/ublox_dgnss/ublox_nav_sat_fix_hp_node) by extension 'ignore_ament_install'
[2.186s] Level 1:colcon.colcon_core.package_identification:_identify(src/ublox_dgnss/ublox_nav_sat_fix_hp_node) by extensions ['colcon_pkg']
[2.187s] Level 1:colcon.colcon_core.package_identification:_identify(src/ublox_dgnss/ublox_nav_sat_fix_hp_node) by extension 'colcon_pkg'
[2.188s] Level 1:colcon.colcon_core.package_identification:_identify(src/ublox_dgnss/ublox_nav_sat_fix_hp_node) by extensions ['colcon_meta']
[2.189s] Level 1:colcon.colcon_core.package_identification:_identify(src/ublox_dgnss/ublox_nav_sat_fix_hp_node) by extension 'colcon_meta'
[2.190s] Level 1:colcon.colcon_core.package_identification:_identify(src/ublox_dgnss/ublox_nav_sat_fix_hp_node) by extensions ['ros']
[2.191s] Level 1:colcon.colcon_core.package_identification:_identify(src/ublox_dgnss/ublox_nav_sat_fix_hp_node) by extension 'ros'
[2.199s] DEBUG:colcon.colcon_core.package_identification:Package 'src/ublox_dgnss/ublox_nav_sat_fix_hp_node' with type 'ros.ament_cmake' and name 'ublox_nav_sat_fix_hp_node'
[2.200s] Level 1:colcon.colcon_core.package_identification:_identify(src/ublox_dgnss/ublox_ubx_interfaces) by extensions ['ignore', 'ignore_ament_install']
[2.202s] Level 1:colcon.colcon_core.package_identification:_identify(src/ublox_dgnss/ublox_ubx_interfaces) by extension 'ignore'
[2.203s] Level 1:colcon.colcon_core.package_identification:_identify(src/ublox_dgnss/ublox_ubx_interfaces) by extension 'ignore_ament_install'
[2.204s] Level 1:colcon.colcon_core.package_identification:_identify(src/ublox_dgnss/ublox_ubx_interfaces) by extensions ['colcon_pkg']
[2.205s] Level 1:colcon.colcon_core.package_identification:_identify(src/ublox_dgnss/ublox_ubx_interfaces) by extension 'colcon_pkg'
[2.206s] Level 1:colcon.colcon_core.package_identification:_identify(src/ublox_dgnss/ublox_ubx_interfaces) by extensions ['colcon_meta']
[2.207s] Level 1:colcon.colcon_core.package_identification:_identify(src/ublox_dgnss/ublox_ubx_interfaces) by extension 'colcon_meta'
[2.208s] Level 1:colcon.colcon_core.package_identification:_identify(src/ublox_dgnss/ublox_ubx_interfaces) by extensions ['ros']
[2.208s] Level 1:colcon.colcon_core.package_identification:_identify(src/ublox_dgnss/ublox_ubx_interfaces) by extension 'ros'
[2.212s] DEBUG:colcon.colcon_core.package_identification:Package 'src/ublox_dgnss/ublox_ubx_interfaces' with type 'ros.ament_cmake' and name 'ublox_ubx_interfaces'
[2.214s] Level 1:colcon.colcon_core.package_identification:_identify(src/ublox_dgnss/ublox_ubx_msgs) by extensions ['ignore', 'ignore_ament_install']
[2.215s] Level 1:colcon.colcon_core.package_identification:_identify(src/ublox_dgnss/ublox_ubx_msgs) by extension 'ignore'
[2.216s] Level 1:colcon.colcon_core.package_identification:_identify(src/ublox_dgnss/ublox_ubx_msgs) by extension 'ignore_ament_install'
[2.217s] Level 1:colcon.colcon_core.package_identification:_identify(src/ublox_dgnss/ublox_ubx_msgs) by extensions ['colcon_pkg']
[2.217s] Level 1:colcon.colcon_core.package_identification:_identify(src/ublox_dgnss/ublox_ubx_msgs) by extension 'colcon_pkg'
[2.218s] Level 1:colcon.colcon_core.package_identification:_identify(src/ublox_dgnss/ublox_ubx_msgs) by extensions ['colcon_meta']
[2.219s] Level 1:colcon.colcon_core.package_identification:_identify(src/ublox_dgnss/ublox_ubx_msgs) by extension 'colcon_meta'
[2.220s] Level 1:colcon.colcon_core.package_identification:_identify(src/ublox_dgnss/ublox_ubx_msgs) by extensions ['ros']
[2.220s] Level 1:colcon.colcon_core.package_identification:_identify(src/ublox_dgnss/ublox_ubx_msgs) by extension 'ros'
[2.225s] DEBUG:colcon.colcon_core.package_identification:Package 'src/ublox_dgnss/ublox_ubx_msgs' with type 'ros.ament_cmake' and name 'ublox_ubx_msgs'
[2.227s] Level 1:colcon.colcon_core.package_identification:_identify(src/wit_ros2_imu) by extensions ['ignore', 'ignore_ament_install']
[2.228s] Level 1:colcon.colcon_core.package_identification:_identify(src/wit_ros2_imu) by extension 'ignore'
[2.229s] Level 1:colcon.colcon_core.package_identification:_identify(src/wit_ros2_imu) by extension 'ignore_ament_install'
[2.229s] Level 1:colcon.colcon_core.package_identification:_identify(src/wit_ros2_imu) by extensions ['colcon_pkg']
[2.230s] Level 1:colcon.colcon_core.package_identification:_identify(src/wit_ros2_imu) by extension 'colcon_pkg'
[2.231s] Level 1:colcon.colcon_core.package_identification:_identify(src/wit_ros2_imu) by extensions ['colcon_meta']
[2.232s] Level 1:colcon.colcon_core.package_identification:_identify(src/wit_ros2_imu) by extension 'colcon_meta'
[2.232s] Level 1:colcon.colcon_core.package_identification:_identify(src/wit_ros2_imu) by extensions ['ros']
[2.233s] Level 1:colcon.colcon_core.package_identification:_identify(src/wit_ros2_imu) by extension 'ros'
[2.238s] DEBUG:colcon.colcon_core.package_identification:Package 'src/wit_ros2_imu' with type 'ros.ament_python' and name 'wit_ros2_imu'
[2.239s] Level 1:colcon.colcon_core.package_discovery:discover_packages(recursive) using defaults
[2.239s] Level 1:colcon.colcon_core.package_discovery:discover_packages(ignore) discover
[2.240s] Level 1:colcon.colcon_core.package_discovery:discover_packages(ignore) using defaults
[2.241s] Level 1:colcon.colcon_core.package_discovery:discover_packages(path) discover
[2.241s] Level 1:colcon.colcon_core.package_discovery:discover_packages(path) using defaults
[2.432s] INFO:colcon.colcon_core.package_selection:Skipping not selected package 'amr_sweeper_description' in 'src/amr_sweeper_description'
[2.433s] INFO:colcon.colcon_core.package_selection:Skipping not selected package 'bag_recorder' in 'src/bag_recorder'
[2.433s] INFO:colcon.colcon_core.package_selection:Skipping not selected package 'imu_offset_calibration' in 'src/imu_offset_calibration'
[2.433s] INFO:colcon.colcon_core.package_selection:Skipping not selected package 'nav2_costmap_filters_demo' in 'src/navigation2_tutorials/nav2_costmap_filters_demo'
[2.434s] INFO:colcon.colcon_core.package_selection:Skipping not selected package 'nav2_gps_waypoint_follower_demo' in 'src/navigation2_tutorials/nav2_gps_waypoint_follower_demo'
[2.434s] INFO:colcon.colcon_core.package_selection:Skipping not selected package 'nav2_gradient_costmap_plugin' in 'src/navigation2_tutorials/nav2_gradient_costmap_plugin'
[2.434s] INFO:colcon.colcon_core.package_selection:Skipping not selected package 'nav2_pure_pursuit_controller' in 'src/navigation2_tutorials/nav2_pure_pursuit_controller'
[2.434s] INFO:colcon.colcon_core.package_selection:Skipping not selected package 'nav2_sms_behavior' in 'src/navigation2_tutorials/nav2_sms_behavior'
[2.434s] INFO:colcon.colcon_core.package_selection:Skipping not selected package 'nav2_straightline_planner' in 'src/navigation2_tutorials/nav2_straightline_planner'
[2.435s] INFO:colcon.colcon_core.package_selection:Skipping not selected package 'rtcm_msgs' in 'src/rtcm_msgs'
[2.435s] INFO:colcon.colcon_core.package_selection:Skipping not selected package 'sam_bot_description' in 'src/navigation2_tutorials/sam_bot_description'
[2.435s] INFO:colcon.colcon_core.package_selection:Skipping not selected package 'ublox_ubx_interfaces' in 'src/ublox_dgnss/ublox_ubx_interfaces'
[2.435s] INFO:colcon.colcon_core.package_selection:Skipping not selected package 'ublox_ubx_msgs' in 'src/ublox_dgnss/ublox_ubx_msgs'
[2.435s] INFO:colcon.colcon_core.package_selection:Skipping not selected package 'wit_ros2_imu' in 'src/wit_ros2_imu'
[2.436s] INFO:colcon.colcon_core.package_selection:Skipping not selected package 'ntrip_client_node' in 'src/ublox_dgnss/ntrip_client_node'
[2.436s] INFO:colcon.colcon_core.package_selection:Skipping not selected package 'ublox_dgnss_node' in 'src/ublox_dgnss/ublox_dgnss_node'
[2.436s] INFO:colcon.colcon_core.package_selection:Skipping not selected package 'ublox_nav_sat_fix_hp_node' in 'src/ublox_dgnss/ublox_nav_sat_fix_hp_node'
[2.436s] INFO:colcon.colcon_core.package_selection:Skipping not selected package 'ublox_dgnss' in 'src/ublox_dgnss/ublox_dgnss'
[2.438s] Level 1:colcon.colcon_core.package_discovery:discover_packages(prefix_path) check parameters
[2.439s] Level 1:colcon.colcon_core.package_discovery:discover_packages(prefix_path) discover
[2.459s] DEBUG:colcon.colcon_installed_package_information.package_discovery:Found 14 installed packages in /home/dev/ORobotics/localization_ws/install
[2.468s] DEBUG:colcon.colcon_installed_package_information.package_discovery:Found 196 installed packages in /opt/ros/humble
[2.475s] Level 1:colcon.colcon_core.package_discovery:discover_packages(prefix_path) using defaults
[2.675s] Level 5:colcon.colcon_core.verb:set package 'gnss_imu_robot_localization' build argument 'cmake_args' from command line to 'None'
[2.675s] Level 5:colcon.colcon_core.verb:set package 'gnss_imu_robot_localization' build argument 'cmake_target' from command line to 'None'
[2.675s] Level 5:colcon.colcon_core.verb:set package 'gnss_imu_robot_localization' build argument 'cmake_target_skip_unavailable' from command line to 'False'
[2.675s] Level 5:colcon.colcon_core.verb:set package 'gnss_imu_robot_localization' build argument 'cmake_clean_cache' from command line to 'False'
[2.676s] Level 5:colcon.colcon_core.verb:set package 'gnss_imu_robot_localization' build argument 'cmake_clean_first' from command line to 'False'
[2.676s] Level 5:colcon.colcon_core.verb:set package 'gnss_imu_robot_localization' build argument 'cmake_force_configure' from command line to 'False'
[2.676s] Level 5:colcon.colcon_core.verb:set package 'gnss_imu_robot_localization' build argument 'ament_cmake_args' from command line to 'None'
[2.676s] Level 5:colcon.colcon_core.verb:set package 'gnss_imu_robot_localization' build argument 'catkin_cmake_args' from command line to 'None'
[2.676s] Level 5:colcon.colcon_core.verb:set package 'gnss_imu_robot_localization' build argument 'catkin_skip_building_tests' from command line to 'False'
[2.677s] DEBUG:colcon.colcon_core.verb:Building package 'gnss_imu_robot_localization' with the following arguments: {'ament_cmake_args': None, 'build_base': '/home/dev/ORobotics/localization_ws/build/gnss_imu_robot_localization', 'catkin_cmake_args': None, 'catkin_skip_building_tests': False, 'cmake_args': None, 'cmake_clean_cache': False, 'cmake_clean_first': False, 'cmake_force_configure': False, 'cmake_target': None, 'cmake_target_skip_unavailable': False, 'install_base': '/home/dev/ORobotics/localization_ws/install/gnss_imu_robot_localization', 'merge_install': False, 'path': '/home/dev/ORobotics/localization_ws/src/gnss_imu_robot_localization', 'symlink_install': False, 'test_result_base': None}
[2.678s] INFO:colcon.colcon_core.executor:Executing jobs using 'parallel' executor
[2.682s] DEBUG:colcon.colcon_parallel_executor.executor.parallel:run_until_complete
[2.684s] INFO:colcon.colcon_ros.task.ament_python.build:Building ROS package in '/home/dev/ORobotics/localization_ws/src/gnss_imu_robot_localization' with build type 'ament_python'
[2.685s] Level 1:colcon.colcon_core.shell:create_environment_hook('gnss_imu_robot_localization', 'ament_prefix_path')
[2.706s] INFO:colcon.colcon_core.plugin_system:Skipping extension 'colcon_core.shell.bat': Not used on non-Windows systems
[2.708s] INFO:colcon.colcon_core.shell:Creating environment hook '/home/dev/ORobotics/localization_ws/install/gnss_imu_robot_localization/share/gnss_imu_robot_localization/hook/ament_prefix_path.ps1'
[2.714s] INFO:colcon.colcon_core.shell:Creating environment descriptor '/home/dev/ORobotics/localization_ws/install/gnss_imu_robot_localization/share/gnss_imu_robot_localization/hook/ament_prefix_path.dsv'
[2.717s] INFO:colcon.colcon_core.shell:Creating environment hook '/home/dev/ORobotics/localization_ws/install/gnss_imu_robot_localization/share/gnss_imu_robot_localization/hook/ament_prefix_path.sh'
[2.723s] INFO:colcon.colcon_core.shell:Skip shell extension 'powershell' for command environment: Not usable outside of PowerShell
[2.724s] DEBUG:colcon.colcon_core.shell:Skip shell extension 'dsv' for command environment
[4.496s] INFO:colcon.colcon_core.task.python.build:Building Python package in '/home/dev/ORobotics/localization_ws/src/gnss_imu_robot_localization'
[4.500s] INFO:colcon.colcon_core.shell:Skip shell extension 'powershell' for command environment: Not usable outside of PowerShell
[4.501s] DEBUG:colcon.colcon_core.shell:Skip shell extension 'dsv' for command environment
[7.901s] DEBUG:colcon.colcon_core.event_handler.log_command:Invoking command in '/home/dev/ORobotics/localization_ws/src/gnss_imu_robot_localization': PYTHONPATH=/home/dev/ORobotics/localization_ws/build/gnss_imu_robot_localization/prefix_override:/usr/lib/python3/dist-packages/colcon_core/task/python/colcon_distutils_commands:/home/dev/ORobotics/localization_ws/install/gnss_imu_robot_localization/lib/python3.10/site-packages:${PYTHONPATH} /usr/bin/python3 -W ignore:setup.py install is deprecated -W ignore:easy_install command is deprecated setup.py egg_info --egg-base ../../build/gnss_imu_robot_localization build --build-base /home/dev/ORobotics/localization_ws/build/gnss_imu_robot_localization/build install --record /home/dev/ORobotics/localization_ws/build/gnss_imu_robot_localization/install.log --single-version-externally-managed install_data
[10.512s] DEBUG:colcon.colcon_core.event_handler.log_command:Invoked command in '/home/dev/ORobotics/localization_ws/src/gnss_imu_robot_localization' returned '0': PYTHONPATH=/home/dev/ORobotics/localization_ws/build/gnss_imu_robot_localization/prefix_override:/usr/lib/python3/dist-packages/colcon_core/task/python/colcon_distutils_commands:/home/dev/ORobotics/localization_ws/install/gnss_imu_robot_localization/lib/python3.10/site-packages:${PYTHONPATH} /usr/bin/python3 -W ignore:setup.py install is deprecated -W ignore:easy_install command is deprecated setup.py egg_info --egg-base ../../build/gnss_imu_robot_localization build --build-base /home/dev/ORobotics/localization_ws/build/gnss_imu_robot_localization/build install --record /home/dev/ORobotics/localization_ws/build/gnss_imu_robot_localization/install.log --single-version-externally-managed install_data
[10.532s] Level 1:colcon.colcon_core.environment:checking '/home/dev/ORobotics/localization_ws/install/gnss_imu_robot_localization' for CMake module files
[10.540s] Level 1:colcon.colcon_core.environment:checking '/home/dev/ORobotics/localization_ws/install/gnss_imu_robot_localization' for CMake config files
[10.547s] Level 1:colcon.colcon_core.environment:checking '/home/dev/ORobotics/localization_ws/install/gnss_imu_robot_localization/lib'
[10.548s] Level 1:colcon.colcon_core.environment:checking '/home/dev/ORobotics/localization_ws/install/gnss_imu_robot_localization/bin'
[10.550s] Level 1:colcon.colcon_core.environment:checking '/home/dev/ORobotics/localization_ws/install/gnss_imu_robot_localization/lib/pkgconfig/gnss_imu_robot_localization.pc'
[10.552s] Level 1:colcon.colcon_core.environment:checking '/home/dev/ORobotics/localization_ws/install/gnss_imu_robot_localization/lib/python3.10/site-packages'
[10.553s] Level 1:colcon.colcon_core.shell:create_environment_hook('gnss_imu_robot_localization', 'pythonpath')
[10.555s] INFO:colcon.colcon_core.shell:Creating environment hook '/home/dev/ORobotics/localization_ws/install/gnss_imu_robot_localization/share/gnss_imu_robot_localization/hook/pythonpath.ps1'
[10.559s] INFO:colcon.colcon_core.shell:Creating environment descriptor '/home/dev/ORobotics/localization_ws/install/gnss_imu_robot_localization/share/gnss_imu_robot_localization/hook/pythonpath.dsv'
[10.563s] INFO:colcon.colcon_core.shell:Creating environment hook '/home/dev/ORobotics/localization_ws/install/gnss_imu_robot_localization/share/gnss_imu_robot_localization/hook/pythonpath.sh'
[10.568s] Level 1:colcon.colcon_core.environment:checking '/home/dev/ORobotics/localization_ws/install/gnss_imu_robot_localization/bin'
[10.569s] Level 1:colcon.colcon_core.environment:create_environment_scripts_only(gnss_imu_robot_localization)
[10.572s] INFO:colcon.colcon_core.shell:Creating package script '/home/dev/ORobotics/localization_ws/install/gnss_imu_robot_localization/share/gnss_imu_robot_localization/package.ps1'
[10.578s] INFO:colcon.colcon_core.shell:Creating package descriptor '/home/dev/ORobotics/localization_ws/install/gnss_imu_robot_localization/share/gnss_imu_robot_localization/package.dsv'
[10.583s] INFO:colcon.colcon_core.shell:Creating package script '/home/dev/ORobotics/localization_ws/install/gnss_imu_robot_localization/share/gnss_imu_robot_localization/package.sh'
[10.590s] INFO:colcon.colcon_core.shell:Creating package script '/home/dev/ORobotics/localization_ws/install/gnss_imu_robot_localization/share/gnss_imu_robot_localization/package.bash'
[10.597s] INFO:colcon.colcon_core.shell:Creating package script '/home/dev/ORobotics/localization_ws/install/gnss_imu_robot_localization/share/gnss_imu_robot_localization/package.zsh'
[10.603s] Level 1:colcon.colcon_core.environment:create_file_with_runtime_dependencies(/home/dev/ORobotics/localization_ws/install/gnss_imu_robot_localization/share/colcon-core/packages/gnss_imu_robot_localization)
[10.611s] DEBUG:colcon.colcon_parallel_executor.executor.parallel:closing loop
[10.612s] DEBUG:colcon.colcon_parallel_executor.executor.parallel:loop closed
[10.613s] DEBUG:colcon.colcon_parallel_executor.executor.parallel:run_until_complete finished with '0'
[10.614s] DEBUG:colcon.colcon_core.event_reactor:joining thread
[10.657s] INFO:colcon.colcon_core.plugin_system:Skipping extension 'colcon_notification.desktop_notification.notify_send': Could not find 'notify-send'
[10.657s] INFO:colcon.colcon_core.plugin_system:Skipping extension 'colcon_notification.desktop_notification.terminal_notifier': Not used on non-Darwin systems
[10.658s] INFO:colcon.colcon_core.plugin_system:Skipping extension 'colcon_notification.desktop_notification.win32': Not used on non-Windows systems
[10.659s] INFO:colcon.colcon_notification.desktop_notification:Sending desktop notification using 'notify2'
[10.663s] DEBUG:colcon.colcon_notification.desktop_notification.notify2:Failed to initialize notify2: org.freedesktop.DBus.Error.ServiceUnknown: The name org.freedesktop.Notifications was not provided by any .service files
[10.664s] DEBUG:colcon.colcon_core.event_reactor:joined thread
[10.666s] INFO:colcon.colcon_core.shell:Creating prefix script '/home/dev/ORobotics/localization_ws/install/local_setup.ps1'
[10.672s] INFO:colcon.colcon_core.shell:Creating prefix util module '/home/dev/ORobotics/localization_ws/install/_local_setup_util_ps1.py'
[10.682s] INFO:colcon.colcon_core.shell:Creating prefix chain script '/home/dev/ORobotics/localization_ws/install/setup.ps1'
[10.698s] INFO:colcon.colcon_core.shell:Creating prefix script '/home/dev/ORobotics/localization_ws/install/local_setup.sh'
[10.703s] INFO:colcon.colcon_core.shell:Creating prefix util module '/home/dev/ORobotics/localization_ws/install/_local_setup_util_sh.py'
[10.710s] INFO:colcon.colcon_core.shell:Creating prefix chain script '/home/dev/ORobotics/localization_ws/install/setup.sh'
[10.729s] INFO:colcon.colcon_core.shell:Creating prefix script '/home/dev/ORobotics/localization_ws/install/local_setup.bash'
[10.735s] INFO:colcon.colcon_core.shell:Creating prefix chain script '/home/dev/ORobotics/localization_ws/install/setup.bash'
[10.748s] INFO:colcon.colcon_core.shell:Creating prefix script '/home/dev/ORobotics/localization_ws/install/local_setup.zsh'
[10.752s] INFO:colcon.colcon_core.shell:Creating prefix chain script '/home/dev/ORobotics/localization_ws/install/setup.zsh'
