[1.987s] Invoking command in '/home/dev/ORobotics/localization_ws/build/ublox_dgnss_node': AMENT_PREFIX_PATH=/home/dev/ORobotics/localization_ws/install/ublox_ubx_msgs:/home/dev/ORobotics/localization_ws/install/ublox_ubx_interfaces:/home/dev/ORobotics/localization_ws/install/rtcm_msgs:${AMENT_PREFIX_PATH} CMAKE_PREFIX_PATH=/home/dev/ORobotics/localization_ws/install/ublox_ubx_msgs:/home/dev/ORobotics/localization_ws/install/ublox_ubx_interfaces:/home/dev/ORobotics/localization_ws/install/rtcm_msgs:/home/dev/ORobotics/localization_ws/install/bag_recorder:/opt/ros/humble LD_LIBRARY_PATH=/home/dev/ORobotics/localization_ws/install/ublox_ubx_msgs/lib:/home/dev/ORobotics/localization_ws/install/ublox_ubx_interfaces/lib:/home/dev/ORobotics/localization_ws/install/rtcm_msgs/lib:${LD_LIBRARY_PATH} PYTHONPATH=/home/dev/ORobotics/localization_ws/install/ublox_ubx_msgs/local/lib/python3.10/dist-packages:/home/dev/ORobotics/localization_ws/install/ublox_ubx_interfaces/local/lib/python3.10/dist-packages:/home/dev/ORobotics/localization_ws/install/rtcm_msgs/local/lib/python3.10/dist-packages:${PYTHONPATH} /usr/bin/cmake /home/dev/ORobotics/localization_ws/src/ublox_dgnss/ublox_dgnss_node -DCMAKE_INSTALL_PREFIX=/home/dev/ORobotics/localization_ws/install/ublox_dgnss_node
[2.771s] -- The C compiler identification is GNU 11.4.0
[3.362s] -- The CXX compiler identification is GNU 11.4.0
[3.488s] -- Detecting C compiler ABI info
[4.563s] -- Detecting C compiler ABI info - done
[4.658s] -- Check for working C compiler: /usr/bin/cc - skipped
[4.662s] -- Detecting C compile features
[4.671s] -- Detecting C compile features - done
[4.702s] -- Detecting CXX compiler ABI info
[6.208s] -- Detecting CXX compiler ABI info - done
[6.277s] -- Check for working CXX compiler: /usr/bin/c++ - skipped
[6.284s] -- Detecting CXX compile features
[6.294s] -- Detecting CXX compile features - done
[6.366s] -- Found ament_cmake: 1.3.11 (/opt/ros/humble/share/ament_cmake/cmake)
[8.677s] -- Found Python3: /usr/bin/python3 (found version "3.10.12") found components: Interpreter 
[9.999s] -- Found rclcpp: 16.0.12 (/opt/ros/humble/share/rclcpp/cmake)
[10.781s] -- Found rosidl_generator_c: 3.1.6 (/opt/ros/humble/share/rosidl_generator_c/cmake)
[10.862s] -- Found rosidl_adapter: 3.1.6 (/opt/ros/humble/share/rosidl_adapter/cmake)
[10.991s] -- Found rosidl_generator_cpp: 3.1.6 (/opt/ros/humble/share/rosidl_generator_cpp/cmake)
[11.238s] -- Using all available rosidl_typesupport_c: rosidl_typesupport_fastrtps_c;rosidl_typesupport_introspection_c
[11.452s] -- Using all available rosidl_typesupport_cpp: rosidl_typesupport_fastrtps_cpp;rosidl_typesupport_introspection_cpp
[11.947s] -- Found rmw_implementation_cmake: 6.1.2 (/opt/ros/humble/share/rmw_implementation_cmake/cmake)
[11.984s] -- Found rmw_fastrtps_cpp: 6.2.7 (/opt/ros/humble/share/rmw_fastrtps_cpp/cmake)
[12.746s] -- Found OpenSSL: /usr/lib/aarch64-linux-gnu/libcrypto.so (found version "3.0.2")  
[12.944s] -- Found FastRTPS: /opt/ros/humble/include  
[13.304s] -- Using RMW implementation 'rmw_fastrtps_cpp' as default
[13.417s] -- Looking for pthread.h
[14.054s] -- Looking for pthread.h - found
[14.056s] -- Performing Test CMAKE_HAVE_LIBC_PTHREAD
[14.662s] -- Performing Test CMAKE_HAVE_LIBC_PTHREAD - Success
[14.669s] -- Found Threads: TRUE  
[15.118s] -- Found rclcpp_components: 16.0.12 (/opt/ros/humble/share/rclcpp_components/cmake)
[15.375s] -- Found ublox_ubx_msgs: 0.5.3 (/home/dev/ORobotics/localization_ws/install/ublox_ubx_msgs/share/ublox_ubx_msgs/cmake)
[15.513s] -- Found ublox_ubx_interfaces: 0.5.3 (/home/dev/ORobotics/localization_ws/install/ublox_ubx_interfaces/share/ublox_ubx_interfaces/cmake)
[15.599s] -- Found rtcm_msgs: 1.1.6 (/home/dev/ORobotics/localization_ws/install/rtcm_msgs/share/rtcm_msgs/cmake)
[15.729s] -- Found PkgConfig: /usr/bin/pkg-config (found version "0.29.2") 
[15.734s] -- Checking for module 'libusb-1.0'
[15.892s] --   Found libusb-1.0, version 1.0.25
[16.217s] -- Found ament_lint_auto: 0.12.12 (/opt/ros/humble/share/ament_lint_auto/cmake)
[17.431s] -- Added test 'copyright' to check source files copyright and LICENSE
[17.503s] -- Added test 'cppcheck' to perform static code analysis on C / C++ code
[17.510s] -- Configured cppcheck include dirs: /home/dev/ORobotics/localization_ws/src/ublox_dgnss/ublox_dgnss_node/include
[17.511s] -- Configured cppcheck exclude dirs and/or files: 
[17.568s] -- Added test 'cpplint' to check C / C++ code against the Google style
[17.569s] -- Configured cpplint exclude dirs and/or files: 
[17.606s] -- Added test 'lint_cmake' to check CMake code style
[17.683s] -- Added test 'uncrustify' to check C / C++ code style
[17.686s] -- Configured uncrustify additional arguments: 
[17.699s] -- Added test 'xmllint' to check XML markup files
[17.739s] -- Configuring done
[17.996s] -- Generating done
[18.057s] -- Build files have been written to: /home/dev/ORobotics/localization_ws/build/ublox_dgnss_node
[18.112s] Invoked command in '/home/dev/ORobotics/localization_ws/build/ublox_dgnss_node' returned '0': AMENT_PREFIX_PATH=/home/dev/ORobotics/localization_ws/install/ublox_ubx_msgs:/home/dev/ORobotics/localization_ws/install/ublox_ubx_interfaces:/home/dev/ORobotics/localization_ws/install/rtcm_msgs:${AMENT_PREFIX_PATH} CMAKE_PREFIX_PATH=/home/dev/ORobotics/localization_ws/install/ublox_ubx_msgs:/home/dev/ORobotics/localization_ws/install/ublox_ubx_interfaces:/home/dev/ORobotics/localization_ws/install/rtcm_msgs:/home/dev/ORobotics/localization_ws/install/bag_recorder:/opt/ros/humble LD_LIBRARY_PATH=/home/dev/ORobotics/localization_ws/install/ublox_ubx_msgs/lib:/home/dev/ORobotics/localization_ws/install/ublox_ubx_interfaces/lib:/home/dev/ORobotics/localization_ws/install/rtcm_msgs/lib:${LD_LIBRARY_PATH} PYTHONPATH=/home/dev/ORobotics/localization_ws/install/ublox_ubx_msgs/local/lib/python3.10/dist-packages:/home/dev/ORobotics/localization_ws/install/ublox_ubx_interfaces/local/lib/python3.10/dist-packages:/home/dev/ORobotics/localization_ws/install/rtcm_msgs/local/lib/python3.10/dist-packages:${PYTHONPATH} /usr/bin/cmake /home/dev/ORobotics/localization_ws/src/ublox_dgnss/ublox_dgnss_node -DCMAKE_INSTALL_PREFIX=/home/dev/ORobotics/localization_ws/install/ublox_dgnss_node
[18.117s] Invoking command in '/home/dev/ORobotics/localization_ws/build/ublox_dgnss_node': AMENT_PREFIX_PATH=/home/dev/ORobotics/localization_ws/install/ublox_ubx_msgs:/home/dev/ORobotics/localization_ws/install/ublox_ubx_interfaces:/home/dev/ORobotics/localization_ws/install/rtcm_msgs:${AMENT_PREFIX_PATH} CMAKE_PREFIX_PATH=/home/dev/ORobotics/localization_ws/install/ublox_ubx_msgs:/home/dev/ORobotics/localization_ws/install/ublox_ubx_interfaces:/home/dev/ORobotics/localization_ws/install/rtcm_msgs:/home/dev/ORobotics/localization_ws/install/bag_recorder:/opt/ros/humble LD_LIBRARY_PATH=/home/dev/ORobotics/localization_ws/install/ublox_ubx_msgs/lib:/home/dev/ORobotics/localization_ws/install/ublox_ubx_interfaces/lib:/home/dev/ORobotics/localization_ws/install/rtcm_msgs/lib:${LD_LIBRARY_PATH} PYTHONPATH=/home/dev/ORobotics/localization_ws/install/ublox_ubx_msgs/local/lib/python3.10/dist-packages:/home/dev/ORobotics/localization_ws/install/ublox_ubx_interfaces/local/lib/python3.10/dist-packages:/home/dev/ORobotics/localization_ws/install/rtcm_msgs/local/lib/python3.10/dist-packages:${PYTHONPATH} /usr/bin/cmake --build /home/dev/ORobotics/localization_ws/build/ublox_dgnss_node -- -j4 -l4
[19.176s] [ 20%] [32mBuilding CXX object CMakeFiles/ublox_dgnss_components.dir/src/usb.cpp.o[0m
[19.216s] [ 40%] [32mBuilding CXX object CMakeFiles/ublox_dgnss_components.dir/src/ublox_dgnss_node.cpp.o[0m
[19.284s] [ 60%] [32mBuilding CXX object CMakeFiles/ublox_dgnss_node.dir/rclcpp_components/node_main_ublox_dgnss_node.cpp.o[0m
[88.927s] [ 80%] [32m[1mLinking CXX executable ublox_dgnss_node[0m
[92.423s] [ 80%] Built target ublox_dgnss_node
[325.343s] [100%] [32m[1mLinking CXX shared library libublox_dgnss_components.so[0m
[341.260s] [100%] Built target ublox_dgnss_components
[341.326s] Invoked command in '/home/dev/ORobotics/localization_ws/build/ublox_dgnss_node' returned '0': AMENT_PREFIX_PATH=/home/dev/ORobotics/localization_ws/install/ublox_ubx_msgs:/home/dev/ORobotics/localization_ws/install/ublox_ubx_interfaces:/home/dev/ORobotics/localization_ws/install/rtcm_msgs:${AMENT_PREFIX_PATH} CMAKE_PREFIX_PATH=/home/dev/ORobotics/localization_ws/install/ublox_ubx_msgs:/home/dev/ORobotics/localization_ws/install/ublox_ubx_interfaces:/home/dev/ORobotics/localization_ws/install/rtcm_msgs:/home/dev/ORobotics/localization_ws/install/bag_recorder:/opt/ros/humble LD_LIBRARY_PATH=/home/dev/ORobotics/localization_ws/install/ublox_ubx_msgs/lib:/home/dev/ORobotics/localization_ws/install/ublox_ubx_interfaces/lib:/home/dev/ORobotics/localization_ws/install/rtcm_msgs/lib:${LD_LIBRARY_PATH} PYTHONPATH=/home/dev/ORobotics/localization_ws/install/ublox_ubx_msgs/local/lib/python3.10/dist-packages:/home/dev/ORobotics/localization_ws/install/ublox_ubx_interfaces/local/lib/python3.10/dist-packages:/home/dev/ORobotics/localization_ws/install/rtcm_msgs/local/lib/python3.10/dist-packages:${PYTHONPATH} /usr/bin/cmake --build /home/dev/ORobotics/localization_ws/build/ublox_dgnss_node -- -j4 -l4
[341.339s] Invoking command in '/home/dev/ORobotics/localization_ws/build/ublox_dgnss_node': AMENT_PREFIX_PATH=/home/dev/ORobotics/localization_ws/install/ublox_ubx_msgs:/home/dev/ORobotics/localization_ws/install/ublox_ubx_interfaces:/home/dev/ORobotics/localization_ws/install/rtcm_msgs:${AMENT_PREFIX_PATH} CMAKE_PREFIX_PATH=/home/dev/ORobotics/localization_ws/install/ublox_ubx_msgs:/home/dev/ORobotics/localization_ws/install/ublox_ubx_interfaces:/home/dev/ORobotics/localization_ws/install/rtcm_msgs:/home/dev/ORobotics/localization_ws/install/bag_recorder:/opt/ros/humble LD_LIBRARY_PATH=/home/dev/ORobotics/localization_ws/install/ublox_ubx_msgs/lib:/home/dev/ORobotics/localization_ws/install/ublox_ubx_interfaces/lib:/home/dev/ORobotics/localization_ws/install/rtcm_msgs/lib:${LD_LIBRARY_PATH} PYTHONPATH=/home/dev/ORobotics/localization_ws/install/ublox_ubx_msgs/local/lib/python3.10/dist-packages:/home/dev/ORobotics/localization_ws/install/ublox_ubx_interfaces/local/lib/python3.10/dist-packages:/home/dev/ORobotics/localization_ws/install/rtcm_msgs/local/lib/python3.10/dist-packages:${PYTHONPATH} /usr/bin/cmake --install /home/dev/ORobotics/localization_ws/build/ublox_dgnss_node
[341.380s] -- Install configuration: ""
[341.382s] -- Installing: /home/dev/ORobotics/localization_ws/install/ublox_dgnss_node/lib/ublox_dgnss_node/ublox_dgnss_node
[341.391s] -- Set runtime path of "/home/dev/ORobotics/localization_ws/install/ublox_dgnss_node/lib/ublox_dgnss_node/ublox_dgnss_node" to ""
[341.392s] -- Installing: /home/dev/ORobotics/localization_ws/install/ublox_dgnss_node/lib/libublox_dgnss_components.so
[341.719s] -- Set runtime path of "/home/dev/ORobotics/localization_ws/install/ublox_dgnss_node/lib/libublox_dgnss_components.so" to ""
[341.723s] -- Installing: /home/dev/ORobotics/localization_ws/install/ublox_dgnss_node/share/ament_index/resource_index/package_run_dependencies/ublox_dgnss_node
[341.726s] -- Installing: /home/dev/ORobotics/localization_ws/install/ublox_dgnss_node/share/ament_index/resource_index/parent_prefix_path/ublox_dgnss_node
[341.730s] -- Installing: /home/dev/ORobotics/localization_ws/install/ublox_dgnss_node/share/ublox_dgnss_node/environment/ament_prefix_path.sh
[341.733s] -- Installing: /home/dev/ORobotics/localization_ws/install/ublox_dgnss_node/share/ublox_dgnss_node/environment/ament_prefix_path.dsv
[341.746s] -- Installing: /home/dev/ORobotics/localization_ws/install/ublox_dgnss_node/share/ublox_dgnss_node/environment/path.sh
[341.754s] -- Installing: /home/dev/ORobotics/localization_ws/install/ublox_dgnss_node/share/ublox_dgnss_node/environment/path.dsv
[341.763s] -- Installing: /home/dev/ORobotics/localization_ws/install/ublox_dgnss_node/share/ublox_dgnss_node/local_setup.bash
[341.773s] -- Installing: /home/dev/ORobotics/localization_ws/install/ublox_dgnss_node/share/ublox_dgnss_node/local_setup.sh
[341.777s] -- Installing: /home/dev/ORobotics/localization_ws/install/ublox_dgnss_node/share/ublox_dgnss_node/local_setup.zsh
[341.790s] -- Installing: /home/dev/ORobotics/localization_ws/install/ublox_dgnss_node/share/ublox_dgnss_node/local_setup.dsv
[341.795s] -- Installing: /home/dev/ORobotics/localization_ws/install/ublox_dgnss_node/share/ublox_dgnss_node/package.dsv
[341.811s] -- Installing: /home/dev/ORobotics/localization_ws/install/ublox_dgnss_node/share/ament_index/resource_index/packages/ublox_dgnss_node
[341.820s] -- Installing: /home/dev/ORobotics/localization_ws/install/ublox_dgnss_node/share/ament_index/resource_index/rclcpp_components/ublox_dgnss_node
[341.826s] -- Installing: /home/dev/ORobotics/localization_ws/install/ublox_dgnss_node/share/ublox_dgnss_node/cmake/ublox_dgnss_nodeConfig.cmake
[341.830s] -- Installing: /home/dev/ORobotics/localization_ws/install/ublox_dgnss_node/share/ublox_dgnss_node/cmake/ublox_dgnss_nodeConfig-version.cmake
[341.834s] -- Installing: /home/dev/ORobotics/localization_ws/install/ublox_dgnss_node/share/ublox_dgnss_node/package.xml
[341.851s] Invoked command in '/home/dev/ORobotics/localization_ws/build/ublox_dgnss_node' returned '0': AMENT_PREFIX_PATH=/home/dev/ORobotics/localization_ws/install/ublox_ubx_msgs:/home/dev/ORobotics/localization_ws/install/ublox_ubx_interfaces:/home/dev/ORobotics/localization_ws/install/rtcm_msgs:${AMENT_PREFIX_PATH} CMAKE_PREFIX_PATH=/home/dev/ORobotics/localization_ws/install/ublox_ubx_msgs:/home/dev/ORobotics/localization_ws/install/ublox_ubx_interfaces:/home/dev/ORobotics/localization_ws/install/rtcm_msgs:/home/dev/ORobotics/localization_ws/install/bag_recorder:/opt/ros/humble LD_LIBRARY_PATH=/home/dev/ORobotics/localization_ws/install/ublox_ubx_msgs/lib:/home/dev/ORobotics/localization_ws/install/ublox_ubx_interfaces/lib:/home/dev/ORobotics/localization_ws/install/rtcm_msgs/lib:${LD_LIBRARY_PATH} PYTHONPATH=/home/dev/ORobotics/localization_ws/install/ublox_ubx_msgs/local/lib/python3.10/dist-packages:/home/dev/ORobotics/localization_ws/install/ublox_ubx_interfaces/local/lib/python3.10/dist-packages:/home/dev/ORobotics/localization_ws/install/rtcm_msgs/local/lib/python3.10/dist-packages:${PYTHONPATH} /usr/bin/cmake --install /home/dev/ORobotics/localization_ws/build/ublox_dgnss_node
