running egg_info
writing ../../build/gnss_imu_robot_localization/gnss_imu_robot_localization.egg-info/PKG-INFO
writing dependency_links to ../../build/gnss_imu_robot_localization/gnss_imu_robot_localization.egg-info/dependency_links.txt
writing requirements to ../../build/gnss_imu_robot_localization/gnss_imu_robot_localization.egg-info/requires.txt
writing top-level names to ../../build/gnss_imu_robot_localization/gnss_imu_robot_localization.egg-info/top_level.txt
reading manifest file '../../build/gnss_imu_robot_localization/gnss_imu_robot_localization.egg-info/SOURCES.txt'
adding license file 'LICENSE'
writing manifest file '../../build/gnss_imu_robot_localization/gnss_imu_robot_localization.egg-info/SOURCES.txt'
running build
running build_py
running install
running install_lib
byte-compiling /home/dev/ORobotics/localization_ws/install/gnss_imu_robot_localization/lib/python3.10/site-packages/gnss_imu_robot_localization/__init__.py to __init__.cpython-310.pyc
running install_data
copying launch/bringup.launch.py -> /home/dev/ORobotics/localization_ws/install/gnss_imu_robot_localization/share/gnss_imu_robot_localization/launch
running install_egg_info
removing '/home/dev/ORobotics/localization_ws/install/gnss_imu_robot_localization/lib/python3.10/site-packages/gnss_imu_robot_localization-0.0.1-py3.10.egg-info' (and everything under it)
Copying ../../build/gnss_imu_robot_localization/gnss_imu_robot_localization.egg-info to /home/dev/ORobotics/localization_ws/install/gnss_imu_robot_localization/lib/python3.10/site-packages/gnss_imu_robot_localization-0.0.1-py3.10.egg-info
running install_scripts
writing list of installed files to '/home/dev/ORobotics/localization_ws/build/gnss_imu_robot_localization/install.log'
