[5.189s] Invoking command in '/home/dev/ORobotics/localization_ws/src/gnss_imu_robot_localization': PYTHONPATH=/home/dev/ORobotics/localization_ws/build/gnss_imu_robot_localization/prefix_override:/usr/lib/python3/dist-packages/colcon_core/task/python/colcon_distutils_commands:/home/dev/ORobotics/localization_ws/install/gnss_imu_robot_localization/lib/python3.10/site-packages:${PYTHONPATH} /usr/bin/python3 -W ignore:setup.py install is deprecated -W ignore:easy_install command is deprecated setup.py egg_info --egg-base ../../build/gnss_imu_robot_localization build --build-base /home/dev/ORobotics/localization_ws/build/gnss_imu_robot_localization/build install --record /home/dev/ORobotics/localization_ws/build/gnss_imu_robot_localization/install.log --single-version-externally-managed install_data
[7.384s] running egg_info
[7.387s] writing ../../build/gnss_imu_robot_localization/gnss_imu_robot_localization.egg-info/PKG-INFO
[7.389s] writing dependency_links to ../../build/gnss_imu_robot_localization/gnss_imu_robot_localization.egg-info/dependency_links.txt
[7.392s] writing requirements to ../../build/gnss_imu_robot_localization/gnss_imu_robot_localization.egg-info/requires.txt
[7.393s] writing top-level names to ../../build/gnss_imu_robot_localization/gnss_imu_robot_localization.egg-info/top_level.txt
[7.404s] reading manifest file '../../build/gnss_imu_robot_localization/gnss_imu_robot_localization.egg-info/SOURCES.txt'
[7.406s] adding license file 'LICENSE'
[7.410s] writing manifest file '../../build/gnss_imu_robot_localization/gnss_imu_robot_localization.egg-info/SOURCES.txt'
[7.411s] running build
[7.412s] running build_py
[7.413s] running install
[7.415s] running install_lib
[7.423s] byte-compiling /home/dev/ORobotics/localization_ws/install/gnss_imu_robot_localization/lib/python3.10/site-packages/gnss_imu_robot_localization/__init__.py to __init__.cpython-310.pyc
[7.426s] running install_data
[7.428s] copying launch/bringup.launch.py -> /home/dev/ORobotics/localization_ws/install/gnss_imu_robot_localization/share/gnss_imu_robot_localization/launch
[7.430s] running install_egg_info
[7.446s] removing '/home/dev/ORobotics/localization_ws/install/gnss_imu_robot_localization/lib/python3.10/site-packages/gnss_imu_robot_localization-0.0.1-py3.10.egg-info' (and everything under it)
[7.449s] Copying ../../build/gnss_imu_robot_localization/gnss_imu_robot_localization.egg-info to /home/dev/ORobotics/localization_ws/install/gnss_imu_robot_localization/lib/python3.10/site-packages/gnss_imu_robot_localization-0.0.1-py3.10.egg-info
[7.458s] running install_scripts
[7.587s] writing list of installed files to '/home/dev/ORobotics/localization_ws/build/gnss_imu_robot_localization/install.log'
[7.800s] Invoked command in '/home/dev/ORobotics/localization_ws/src/gnss_imu_robot_localization' returned '0': PYTHONPATH=/home/dev/ORobotics/localization_ws/build/gnss_imu_robot_localization/prefix_override:/usr/lib/python3/dist-packages/colcon_core/task/python/colcon_distutils_commands:/home/dev/ORobotics/localization_ws/install/gnss_imu_robot_localization/lib/python3.10/site-packages:${PYTHONPATH} /usr/bin/python3 -W ignore:setup.py install is deprecated -W ignore:easy_install command is deprecated setup.py egg_info --egg-base ../../build/gnss_imu_robot_localization build --build-base /home/dev/ORobotics/localization_ws/build/gnss_imu_robot_localization/build install --record /home/dev/ORobotics/localization_ws/build/gnss_imu_robot_localization/install.log --single-version-externally-managed install_data
