[0.393s] Invoking command in '/home/dev/ORobotics/localization_ws/build/nav2_gradient_costmap_plugin': CMAKE_PREFIX_PATH=/home/dev/ORobotics/localization_ws/install/bag_recorder:/opt/ros/humble /usr/bin/cmake /home/dev/ORobotics/localization_ws/src/navigation2_tutorials/nav2_gradient_costmap_plugin -DCMAKE_INSTALL_PREFIX=/home/dev/ORobotics/localization_ws/install/nav2_gradient_costmap_plugin
[1.713s] -- The C compiler identification is GNU 11.4.0
[2.728s] -- The CXX compiler identification is GNU 11.4.0
[2.887s] -- Detecting C compiler ABI info
[4.658s] -- Detecting C compiler ABI info - done
[4.737s] -- Check for working C compiler: /usr/bin/cc - skipped
[4.744s] -- Detecting C compile features
[4.751s] -- Detecting C compile features - done
[4.799s] -- Detecting CXX compiler ABI info
[6.644s] -- Detecting CXX compiler ABI info - done
[7.192s] -- Check for working CXX compiler: /usr/bin/c++ - skipped
[7.196s] -- Detecting CXX compile features
[7.207s] -- Detecting CXX compile features - done
[7.376s] -- Found ament_cmake: 1.3.11 (/opt/ros/humble/share/ament_cmake/cmake)
[11.921s] -- Found Python3: /usr/bin/python3 (found version "3.10.12") found components: Interpreter 
[14.434s] -- Found rclcpp: 16.0.12 (/opt/ros/humble/share/rclcpp/cmake)
[15.318s] -- Found rosidl_generator_c: 3.1.6 (/opt/ros/humble/share/rosidl_generator_c/cmake)
[15.393s] -- Found rosidl_adapter: 3.1.6 (/opt/ros/humble/share/rosidl_adapter/cmake)
[15.579s] -- Found rosidl_generator_cpp: 3.1.6 (/opt/ros/humble/share/rosidl_generator_cpp/cmake)
[15.818s] -- Using all available rosidl_typesupport_c: rosidl_typesupport_fastrtps_c;rosidl_typesupport_introspection_c
[16.342s] -- Using all available rosidl_typesupport_cpp: rosidl_typesupport_fastrtps_cpp;rosidl_typesupport_introspection_cpp
[18.935s] -- Found rmw_implementation_cmake: 6.1.2 (/opt/ros/humble/share/rmw_implementation_cmake/cmake)
[19.185s] -- Found rmw_fastrtps_cpp: 6.2.7 (/opt/ros/humble/share/rmw_fastrtps_cpp/cmake)
[22.180s] -- Found OpenSSL: /usr/lib/aarch64-linux-gnu/libcrypto.so (found version "3.0.2")  
[22.786s] -- Found FastRTPS: /opt/ros/humble/include  
[23.638s] -- Using RMW implementation 'rmw_fastrtps_cpp' as default
[23.873s] -- Looking for pthread.h
[25.557s] -- Looking for pthread.h - found
[25.572s] -- Performing Test CMAKE_HAVE_LIBC_PTHREAD
[27.409s] -- Performing Test CMAKE_HAVE_LIBC_PTHREAD - Success
[27.456s] -- Found Threads: TRUE  
[29.823s] [31mCMake Error at CMakeLists.txt:26 (find_package):
[29.825s]   By not providing "Findnav2_costmap_2d.cmake" in CMAKE_MODULE_PATH this
[29.826s]   project has asked CMake to find a package configuration file provided by
[29.827s]   "nav2_costmap_2d", but CMake did not find one.
[29.827s] 
[29.828s]   Could not find a package configuration file provided by "nav2_costmap_2d"
[29.846s]   with any of the following names:
[29.850s] 
[29.851s]     nav2_costmap_2dConfig.cmake
[29.858s]     nav2_costmap_2d-config.cmake
[29.859s] -- Configuring incomplete, errors occurred!
[29.860s] See also "/home/dev/ORobotics/localization_ws/build/nav2_gradient_costmap_plugin/CMakeFiles/CMakeOutput.log".
[29.861s] 
[29.862s]   Add the installation prefix of "nav2_costmap_2d" to CMAKE_PREFIX_PATH or
[29.863s]   set "nav2_costmap_2d_DIR" to a directory containing one of the above files.
[29.880s]   If "nav2_costmap_2d" provides a separate development package or SDK, be
[29.883s]   sure it has been installed.
[29.883s] 
[29.884s] [0m
[30.055s] Invoked command in '/home/dev/ORobotics/localization_ws/build/nav2_gradient_costmap_plugin' returned '1': CMAKE_PREFIX_PATH=/home/dev/ORobotics/localization_ws/install/bag_recorder:/opt/ros/humble /usr/bin/cmake /home/dev/ORobotics/localization_ws/src/navigation2_tutorials/nav2_gradient_costmap_plugin -DCMAKE_INSTALL_PREFIX=/home/dev/ORobotics/localization_ws/install/nav2_gradient_costmap_plugin
