[0.125s] Invoking command in '/home/dev/ORobotics/localization_ws/build/amr_sweeper_description': CMAKE_PREFIX_PATH=/home/dev/ORobotics/localization_ws/install/bag_recorder:/opt/ros/humble /usr/bin/cmake /home/dev/ORobotics/localization_ws/src/amr_sweeper_description -DCMAKE_INSTALL_PREFIX=/home/dev/ORobotics/localization_ws/install/amr_sweeper_description
[1.001s] -- The C compiler identification is GNU 11.4.0
[1.880s] -- The CXX compiler identification is GNU 11.4.0
[2.002s] -- Detecting C compiler ABI info
[3.106s] -- Detecting C compiler ABI info - done
[3.319s] -- Check for working C compiler: /usr/bin/cc - skipped
[3.322s] -- Detecting C compile features
[3.336s] -- Detecting C compile features - done
[3.379s] -- Detecting CXX compiler ABI info
[4.616s] -- Detecting CXX compiler ABI info - done
[4.694s] -- Check for working CXX compiler: /usr/bin/c++ - skipped
[4.696s] -- Detecting CXX compile features
[4.698s] -- Detecting CXX compile features - done
[4.739s] -- Found ament_cmake: 1.3.11 (/opt/ros/humble/share/ament_cmake/cmake)
[6.570s] -- Found Python3: /usr/bin/python3 (found version "3.10.12") found components: Interpreter 
[8.556s] -- Configuring done
[8.589s] -- Generating done
[8.625s] -- Build files have been written to: /home/dev/ORobotics/localization_ws/build/amr_sweeper_description
[8.700s] Invoked command in '/home/dev/ORobotics/localization_ws/build/amr_sweeper_description' returned '0': CMAKE_PREFIX_PATH=/home/dev/ORobotics/localization_ws/install/bag_recorder:/opt/ros/humble /usr/bin/cmake /home/dev/ORobotics/localization_ws/src/amr_sweeper_description -DCMAKE_INSTALL_PREFIX=/home/dev/ORobotics/localization_ws/install/amr_sweeper_description
[8.702s] Invoking command in '/home/dev/ORobotics/localization_ws/build/amr_sweeper_description': CMAKE_PREFIX_PATH=/home/dev/ORobotics/localization_ws/install/bag_recorder:/opt/ros/humble /usr/bin/cmake --build /home/dev/ORobotics/localization_ws/build/amr_sweeper_description -- -j4 -l4
[9.168s] Invoked command in '/home/dev/ORobotics/localization_ws/build/amr_sweeper_description' returned '0': CMAKE_PREFIX_PATH=/home/dev/ORobotics/localization_ws/install/bag_recorder:/opt/ros/humble /usr/bin/cmake --build /home/dev/ORobotics/localization_ws/build/amr_sweeper_description -- -j4 -l4
[9.224s] Invoking command in '/home/dev/ORobotics/localization_ws/build/amr_sweeper_description': CMAKE_PREFIX_PATH=/home/dev/ORobotics/localization_ws/install/bag_recorder:/opt/ros/humble /usr/bin/cmake --install /home/dev/ORobotics/localization_ws/build/amr_sweeper_description
[9.258s] -- Install configuration: ""
[9.262s] -- Installing: /home/dev/ORobotics/localization_ws/install/amr_sweeper_description/share/amr_sweeper_description/config
[9.266s] -- Installing: /home/dev/ORobotics/localization_ws/install/amr_sweeper_description/share/amr_sweeper_description/config/twist_mux.yaml
[9.267s] -- Installing: /home/dev/ORobotics/localization_ws/install/amr_sweeper_description/share/amr_sweeper_description/config/gz_bridge.yaml
[9.273s] -- Installing: /home/dev/ORobotics/localization_ws/install/amr_sweeper_description/share/amr_sweeper_description/config/rviz2_config.rviz
[9.278s] -- Installing: /home/dev/ORobotics/localization_ws/install/amr_sweeper_description/share/amr_sweeper_description/launch
[9.283s] -- Installing: /home/dev/ORobotics/localization_ws/install/amr_sweeper_description/share/amr_sweeper_description/launch/rsp.launch.py
[9.289s] -- Installing: /home/dev/ORobotics/localization_ws/install/amr_sweeper_description/share/amr_sweeper_description/launch/amr_sweeper_description_sim.launch.py
[9.294s] -- Installing: /home/dev/ORobotics/localization_ws/install/amr_sweeper_description/share/amr_sweeper_description/meshes
[9.299s] -- Installing: /home/dev/ORobotics/localization_ws/install/amr_sweeper_description/share/amr_sweeper_description/meshes/Chassis
[9.305s] -- Installing: /home/dev/ORobotics/localization_ws/install/amr_sweeper_description/share/amr_sweeper_description/meshes/Chassis/Chassis.stl
[9.561s] -- Installing: /home/dev/ORobotics/localization_ws/install/amr_sweeper_description/share/amr_sweeper_description/meshes/Tool
[9.564s] -- Installing: /home/dev/ORobotics/localization_ws/install/amr_sweeper_description/share/amr_sweeper_description/meshes/Tool/Brush.stl
[9.584s] -- Installing: /home/dev/ORobotics/localization_ws/install/amr_sweeper_description/share/amr_sweeper_description/meshes/Tool/Tool.stl
[10.479s] -- Installing: /home/dev/ORobotics/localization_ws/install/amr_sweeper_description/share/amr_sweeper_description/meshes/Sensors
[10.482s] -- Installing: /home/dev/ORobotics/localization_ws/install/amr_sweeper_description/share/amr_sweeper_description/meshes/Sensors/GNSS.stl
[10.536s] -- Installing: /home/dev/ORobotics/localization_ws/install/amr_sweeper_description/share/amr_sweeper_description/meshes/WheelAssembly
[10.540s] -- Installing: /home/dev/ORobotics/localization_ws/install/amr_sweeper_description/share/amr_sweeper_description/meshes/WheelAssembly/WheelAssembly.stl
[10.799s] -- Installing: /home/dev/ORobotics/localization_ws/install/amr_sweeper_description/share/amr_sweeper_description/urdf
[10.802s] -- Installing: /home/dev/ORobotics/localization_ws/install/amr_sweeper_description/share/amr_sweeper_description/urdf/depth_camera.xacro
[10.806s] -- Installing: /home/dev/ORobotics/localization_ws/install/amr_sweeper_description/share/amr_sweeper_description/urdf/IMU_sensor.xacro
[10.811s] -- Installing: /home/dev/ORobotics/localization_ws/install/amr_sweeper_description/share/amr_sweeper_description/urdf/amr_sweeper.urdf.xacro
[10.814s] -- Installing: /home/dev/ORobotics/localization_ws/install/amr_sweeper_description/share/amr_sweeper_description/urdf/GNSS_sensor.xacro
[10.818s] -- Installing: /home/dev/ORobotics/localization_ws/install/amr_sweeper_description/share/amr_sweeper_description/urdf/materials.xacro
[10.822s] -- Installing: /home/dev/ORobotics/localization_ws/install/amr_sweeper_description/share/amr_sweeper_description/urdf/ros2_control.xacro
[10.822s] -- Installing: /home/dev/ORobotics/localization_ws/install/amr_sweeper_description/share/amr_sweeper_description/urdf/robot_core.xacro
[10.823s] -- Installing: /home/dev/ORobotics/localization_ws/install/amr_sweeper_description/share/amr_sweeper_description/urdf/gazebo_control.xacro
[10.830s] -- Installing: /home/dev/ORobotics/localization_ws/install/amr_sweeper_description/share/amr_sweeper_description/worlds
[10.843s] -- Installing: /home/dev/ORobotics/localization_ws/install/amr_sweeper_description/share/amr_sweeper_description/worlds/empty.world
[10.844s] -- Installing: /home/dev/ORobotics/localization_ws/install/amr_sweeper_description/share/ament_index/resource_index/package_run_dependencies/amr_sweeper_description
[10.845s] -- Installing: /home/dev/ORobotics/localization_ws/install/amr_sweeper_description/share/ament_index/resource_index/parent_prefix_path/amr_sweeper_description
[10.846s] -- Installing: /home/dev/ORobotics/localization_ws/install/amr_sweeper_description/share/amr_sweeper_description/environment/ament_prefix_path.sh
[10.892s] -- Installing: /home/dev/ORobotics/localization_ws/install/amr_sweeper_description/share/amr_sweeper_description/environment/ament_prefix_path.dsv
[10.926s] -- Installing: /home/dev/ORobotics/localization_ws/install/amr_sweeper_description/share/amr_sweeper_description/environment/path.sh
[10.944s] -- Installing: /home/dev/ORobotics/localization_ws/install/amr_sweeper_description/share/amr_sweeper_description/environment/path.dsv
[10.945s] -- Installing: /home/dev/ORobotics/localization_ws/install/amr_sweeper_description/share/amr_sweeper_description/local_setup.bash
[10.945s] -- Installing: /home/dev/ORobotics/localization_ws/install/amr_sweeper_description/share/amr_sweeper_description/local_setup.sh
[10.946s] -- Installing: /home/dev/ORobotics/localization_ws/install/amr_sweeper_description/share/amr_sweeper_description/local_setup.zsh
[10.947s] -- Installing: /home/dev/ORobotics/localization_ws/install/amr_sweeper_description/share/amr_sweeper_description/local_setup.dsv
[10.976s] -- Installing: /home/dev/ORobotics/localization_ws/install/amr_sweeper_description/share/amr_sweeper_description/package.dsv
[10.984s] -- Installing: /home/dev/ORobotics/localization_ws/install/amr_sweeper_description/share/ament_index/resource_index/packages/amr_sweeper_description
[10.995s] -- Installing: /home/dev/ORobotics/localization_ws/install/amr_sweeper_description/share/amr_sweeper_description/cmake/amr_sweeper_descriptionConfig.cmake
[11.010s] -- Installing: /home/dev/ORobotics/localization_ws/install/amr_sweeper_description/share/amr_sweeper_description/cmake/amr_sweeper_descriptionConfig-version.cmake
[11.024s] -- Installing: /home/dev/ORobotics/localization_ws/install/amr_sweeper_description/share/amr_sweeper_description/package.xml
[11.039s] Invoked command in '/home/dev/ORobotics/localization_ws/build/amr_sweeper_description' returned '0': CMAKE_PREFIX_PATH=/home/dev/ORobotics/localization_ws/install/bag_recorder:/opt/ros/humble /usr/bin/cmake --install /home/dev/ORobotics/localization_ws/build/amr_sweeper_description
