[3.783s] Invoking command in '/home/dev/ORobotics/localization_ws/src/wit_ros2_imu': PYTHONPATH=/home/dev/ORobotics/localization_ws/build/wit_ros2_imu/prefix_override:/usr/lib/python3/dist-packages/colcon_core/task/python/colcon_distutils_commands:/home/dev/ORobotics/localization_ws/install/wit_ros2_imu/lib/python3.10/site-packages:${PYTHONPATH} /usr/bin/python3 -W ignore:setup.py install is deprecated -W ignore:easy_install command is deprecated setup.py egg_info --egg-base ../../build/wit_ros2_imu build --build-base /home/dev/ORobotics/localization_ws/build/wit_ros2_imu/build install --record /home/dev/ORobotics/localization_ws/build/wit_ros2_imu/install.log --single-version-externally-managed install_data
[5.389s] running egg_info
[5.393s] writing ../../build/wit_ros2_imu/wit_ros2_imu.egg-info/PKG-INFO
[5.396s] writing dependency_links to ../../build/wit_ros2_imu/wit_ros2_imu.egg-info/dependency_links.txt
[5.397s] writing entry points to ../../build/wit_ros2_imu/wit_ros2_imu.egg-info/entry_points.txt
[5.398s] writing requirements to ../../build/wit_ros2_imu/wit_ros2_imu.egg-info/requires.txt
[5.401s] writing top-level names to ../../build/wit_ros2_imu/wit_ros2_imu.egg-info/top_level.txt
[5.408s] reading manifest file '../../build/wit_ros2_imu/wit_ros2_imu.egg-info/SOURCES.txt'
[5.415s] writing manifest file '../../build/wit_ros2_imu/wit_ros2_imu.egg-info/SOURCES.txt'
[5.415s] running build
[5.416s] running build_py
[5.418s] running install
[5.422s] running install_lib
[5.428s] byte-compiling /home/dev/ORobotics/localization_ws/install/wit_ros2_imu/lib/python3.10/site-packages/wit_ros2_imu/__init__.py to __init__.cpython-310.pyc
[5.431s] byte-compiling /home/dev/ORobotics/localization_ws/install/wit_ros2_imu/lib/python3.10/site-packages/wit_ros2_imu/wit_ros2_imu.py to wit_ros2_imu.cpython-310.pyc
[5.439s] running install_data
[5.441s] running install_egg_info
[5.450s] removing '/home/dev/ORobotics/localization_ws/install/wit_ros2_imu/lib/python3.10/site-packages/wit_ros2_imu-0.0.0-py3.10.egg-info' (and everything under it)
[5.452s] Copying ../../build/wit_ros2_imu/wit_ros2_imu.egg-info to /home/dev/ORobotics/localization_ws/install/wit_ros2_imu/lib/python3.10/site-packages/wit_ros2_imu-0.0.0-py3.10.egg-info
[5.461s] running install_scripts
[5.567s] Installing wit_ros2_imu script to /home/dev/ORobotics/localization_ws/install/wit_ros2_imu/lib/wit_ros2_imu
[5.569s] writing list of installed files to '/home/dev/ORobotics/localization_ws/build/wit_ros2_imu/install.log'
[5.709s] Invoked command in '/home/dev/ORobotics/localization_ws/src/wit_ros2_imu' returned '0': PYTHONPATH=/home/dev/ORobotics/localization_ws/build/wit_ros2_imu/prefix_override:/usr/lib/python3/dist-packages/colcon_core/task/python/colcon_distutils_commands:/home/dev/ORobotics/localization_ws/install/wit_ros2_imu/lib/python3.10/site-packages:${PYTHONPATH} /usr/bin/python3 -W ignore:setup.py install is deprecated -W ignore:easy_install command is deprecated setup.py egg_info --egg-base ../../build/wit_ros2_imu build --build-base /home/dev/ORobotics/localization_ws/build/wit_ros2_imu/build install --record /home/dev/ORobotics/localization_ws/build/wit_ros2_imu/install.log --single-version-externally-managed install_data
