-- The C compiler identification is GNU 11.4.0
-- The CXX compiler identification is GNU 11.4.0
-- Detecting C compiler ABI info
-- Detecting C compiler ABI info - done
-- Check for working C compiler: /usr/bin/cc - skipped
-- Detecting C compile features
-- Detecting C compile features - done
-- Detecting CXX compiler ABI info
-- Detecting CXX compiler ABI info - done
-- Check for working CXX compiler: /usr/bin/c++ - skipped
-- Detecting CXX compile features
-- Detecting CXX compile features - done
-- Found ament_cmake: 1.3.11 (/opt/ros/humble/share/ament_cmake/cmake)
-- Found Python3: /usr/bin/python3 (found version "3.10.12") found components: Interpreter 
-- Found rosidl_default_generators: 1.2.0 (/opt/ros/humble/share/rosidl_default_generators/cmake)
-- Using all available rosidl_typesupport_c: rosidl_typesupport_fastrtps_c;rosidl_typesupport_introspection_c
-- Found rosidl_adapter: 3.1.6 (/opt/ros/humble/share/rosidl_adapter/cmake)
-- Using all available rosidl_typesupport_cpp: rosidl_typesupport_fastrtps_cpp;rosidl_typesupport_introspection_cpp
-- Found ament_lint_auto: 0.12.12 (/opt/ros/humble/share/ament_lint_auto/cmake)
-- Found ament_cmake_ros: 0.10.0 (/opt/ros/humble/share/ament_cmake_ros/cmake)
-- Using all available rosidl_typesupport_c: rosidl_typesupport_fastrtps_c;rosidl_typesupport_introspection_c
-- Using all available rosidl_typesupport_cpp: rosidl_typesupport_fastrtps_cpp;rosidl_typesupport_introspection_cpp
-- Found PythonInterp: /usr/bin/python3 (found suitable version "3.10.12", minimum required is "3.6") 
-- Found python_cmake_module: 0.10.0 (/opt/ros/humble/share/python_cmake_module/cmake)
-- Found PythonLibs: /usr/lib/aarch64-linux-gnu/libpython3.10.so (found suitable version "3.10.12", minimum required is "3.5") 
-- Using PYTHON_EXECUTABLE: /usr/bin/python3
-- Using PYTHON_INCLUDE_DIRS: /usr/include/python3.10
-- Using PYTHON_LIBRARIES: /usr/lib/aarch64-linux-gnu/libpython3.10.so
-- Found PythonExtra: .so  
-- Added test 'lint_cmake' to check CMake code style
-- Added test 'xmllint' to check XML markup files
-- Configuring done
-- Generating done
-- Build files have been written to: /home/dev/ORobotics/localization_ws/build/ublox_ubx_interfaces
[  1%] [34m[1mGenerating C++ code for ROS interfaces[0m
[  1%] Built target ublox_ubx_interfaces__cpp
[  1%] Built target ament_cmake_python_copy_ublox_ubx_interfaces
[  3%] [34m[1mGenerating C++ type support for eProsima Fast-RTPS[0m
[  5%] [32mBuilding CXX object CMakeFiles/ublox_ubx_interfaces__rosidl_typesupport_fastrtps_cpp.dir/rosidl_typesupport_fastrtps_cpp/ublox_ubx_interfaces/srv/detail/dds_fastrtps/hot_start__type_support.cpp.o[0m
[  7%] [32mBuilding CXX object CMakeFiles/ublox_ubx_interfaces__rosidl_typesupport_fastrtps_cpp.dir/rosidl_typesupport_fastrtps_cpp/ublox_ubx_interfaces/srv/detail/dds_fastrtps/warm_start__type_support.cpp.o[0m
[  9%] [32mBuilding CXX object CMakeFiles/ublox_ubx_interfaces__rosidl_typesupport_fastrtps_cpp.dir/rosidl_typesupport_fastrtps_cpp/ublox_ubx_interfaces/srv/detail/dds_fastrtps/cold_start__type_support.cpp.o[0m
[ 10%] [32mBuilding CXX object CMakeFiles/ublox_ubx_interfaces__rosidl_typesupport_fastrtps_cpp.dir/rosidl_typesupport_fastrtps_cpp/ublox_ubx_interfaces/srv/detail/dds_fastrtps/reset_odo__type_support.cpp.o[0m
[ 12%] [32m[1mLinking CXX shared library libublox_ubx_interfaces__rosidl_typesupport_fastrtps_cpp.so[0m
[ 12%] Built target ublox_ubx_interfaces__rosidl_typesupport_fastrtps_cpp
[ 14%] [34m[1mGenerating C++ introspection for ROS interfaces[0m
[ 16%] [32mBuilding CXX object CMakeFiles/ublox_ubx_interfaces__rosidl_typesupport_introspection_cpp.dir/rosidl_typesupport_introspection_cpp/ublox_ubx_interfaces/srv/detail/hot_start__type_support.cpp.o[0m
[ 18%] [32mBuilding CXX object CMakeFiles/ublox_ubx_interfaces__rosidl_typesupport_introspection_cpp.dir/rosidl_typesupport_introspection_cpp/ublox_ubx_interfaces/srv/detail/warm_start__type_support.cpp.o[0m
[ 20%] [32mBuilding CXX object CMakeFiles/ublox_ubx_interfaces__rosidl_typesupport_introspection_cpp.dir/rosidl_typesupport_introspection_cpp/ublox_ubx_interfaces/srv/detail/cold_start__type_support.cpp.o[0m
[ 21%] [32mBuilding CXX object CMakeFiles/ublox_ubx_interfaces__rosidl_typesupport_introspection_cpp.dir/rosidl_typesupport_introspection_cpp/ublox_ubx_interfaces/srv/detail/reset_odo__type_support.cpp.o[0m
[ 23%] [32m[1mLinking CXX shared library libublox_ubx_interfaces__rosidl_typesupport_introspection_cpp.so[0m
[ 23%] Built target ublox_ubx_interfaces__rosidl_typesupport_introspection_cpp
running egg_info
creating ublox_ubx_interfaces.egg-info
writing ublox_ubx_interfaces.egg-info/PKG-INFO
writing dependency_links to ublox_ubx_interfaces.egg-info/dependency_links.txt
writing top-level names to ublox_ubx_interfaces.egg-info/top_level.txt
writing manifest file 'ublox_ubx_interfaces.egg-info/SOURCES.txt'
reading manifest file 'ublox_ubx_interfaces.egg-info/SOURCES.txt'
writing manifest file 'ublox_ubx_interfaces.egg-info/SOURCES.txt'
[ 23%] Built target ament_cmake_python_build_ublox_ubx_interfaces_egg
[ 25%] [34m[1mGenerating C++ type support dispatch for ROS interfaces[0m
[ 27%] [32mBuilding CXX object CMakeFiles/ublox_ubx_interfaces__rosidl_typesupport_cpp.dir/rosidl_typesupport_cpp/ublox_ubx_interfaces/srv/hot_start__type_support.cpp.o[0m
[ 29%] [32mBuilding CXX object CMakeFiles/ublox_ubx_interfaces__rosidl_typesupport_cpp.dir/rosidl_typesupport_cpp/ublox_ubx_interfaces/srv/cold_start__type_support.cpp.o[0m
[ 30%] [32mBuilding CXX object CMakeFiles/ublox_ubx_interfaces__rosidl_typesupport_cpp.dir/rosidl_typesupport_cpp/ublox_ubx_interfaces/srv/reset_odo__type_support.cpp.o[0m
[ 32%] [32mBuilding CXX object CMakeFiles/ublox_ubx_interfaces__rosidl_typesupport_cpp.dir/rosidl_typesupport_cpp/ublox_ubx_interfaces/srv/warm_start__type_support.cpp.o[0m
[ 34%] [32m[1mLinking CXX shared library libublox_ubx_interfaces__rosidl_typesupport_cpp.so[0m
[ 34%] Built target ublox_ubx_interfaces__rosidl_typesupport_cpp
[ 36%] [34m[1mGenerating C code for ROS interfaces[0m
[ 38%] [32mBuilding C object CMakeFiles/ublox_ubx_interfaces__rosidl_generator_c.dir/rosidl_generator_c/ublox_ubx_interfaces/srv/detail/hot_start__functions.c.o[0m
[ 40%] [32mBuilding C object CMakeFiles/ublox_ubx_interfaces__rosidl_generator_c.dir/rosidl_generator_c/ublox_ubx_interfaces/srv/detail/reset_odo__functions.c.o[0m
[ 41%] [32mBuilding C object CMakeFiles/ublox_ubx_interfaces__rosidl_generator_c.dir/rosidl_generator_c/ublox_ubx_interfaces/srv/detail/cold_start__functions.c.o[0m
[ 43%] [32mBuilding C object CMakeFiles/ublox_ubx_interfaces__rosidl_generator_c.dir/rosidl_generator_c/ublox_ubx_interfaces/srv/detail/warm_start__functions.c.o[0m
[ 45%] [32m[1mLinking C shared library libublox_ubx_interfaces__rosidl_generator_c.so[0m
[ 45%] Built target ublox_ubx_interfaces__rosidl_generator_c
[ 47%] [34m[1mGenerating C type support for eProsima Fast-RTPS[0m
[ 49%] [32mBuilding CXX object CMakeFiles/ublox_ubx_interfaces__rosidl_typesupport_fastrtps_c.dir/rosidl_typesupport_fastrtps_c/ublox_ubx_interfaces/srv/detail/hot_start__type_support_c.cpp.o[0m
[ 50%] [32mBuilding CXX object CMakeFiles/ublox_ubx_interfaces__rosidl_typesupport_fastrtps_c.dir/rosidl_typesupport_fastrtps_c/ublox_ubx_interfaces/srv/detail/warm_start__type_support_c.cpp.o[0m
[ 52%] [32mBuilding CXX object CMakeFiles/ublox_ubx_interfaces__rosidl_typesupport_fastrtps_c.dir/rosidl_typesupport_fastrtps_c/ublox_ubx_interfaces/srv/detail/cold_start__type_support_c.cpp.o[0m
[ 54%] [32mBuilding CXX object CMakeFiles/ublox_ubx_interfaces__rosidl_typesupport_fastrtps_c.dir/rosidl_typesupport_fastrtps_c/ublox_ubx_interfaces/srv/detail/reset_odo__type_support_c.cpp.o[0m
[ 56%] [32m[1mLinking CXX shared library libublox_ubx_interfaces__rosidl_typesupport_fastrtps_c.so[0m
[ 56%] Built target ublox_ubx_interfaces__rosidl_typesupport_fastrtps_c
[ 58%] [34m[1mGenerating C type support dispatch for ROS interfaces[0m
[ 60%] [32mBuilding CXX object CMakeFiles/ublox_ubx_interfaces__rosidl_typesupport_c.dir/rosidl_typesupport_c/ublox_ubx_interfaces/srv/hot_start__type_support.cpp.o[0m
[ 61%] [32mBuilding CXX object CMakeFiles/ublox_ubx_interfaces__rosidl_typesupport_c.dir/rosidl_typesupport_c/ublox_ubx_interfaces/srv/cold_start__type_support.cpp.o[0m
[ 63%] [32mBuilding CXX object CMakeFiles/ublox_ubx_interfaces__rosidl_typesupport_c.dir/rosidl_typesupport_c/ublox_ubx_interfaces/srv/reset_odo__type_support.cpp.o[0m
[ 65%] [32mBuilding CXX object CMakeFiles/ublox_ubx_interfaces__rosidl_typesupport_c.dir/rosidl_typesupport_c/ublox_ubx_interfaces/srv/warm_start__type_support.cpp.o[0m
[ 67%] [32m[1mLinking CXX shared library libublox_ubx_interfaces__rosidl_typesupport_c.so[0m
[ 67%] Built target ublox_ubx_interfaces__rosidl_typesupport_c
[ 69%] [34m[1mGenerating C introspection for ROS interfaces[0m
[ 70%] [32mBuilding C object CMakeFiles/ublox_ubx_interfaces__rosidl_typesupport_introspection_c.dir/rosidl_typesupport_introspection_c/ublox_ubx_interfaces/srv/detail/hot_start__type_support.c.o[0m
[ 72%] [32mBuilding C object CMakeFiles/ublox_ubx_interfaces__rosidl_typesupport_introspection_c.dir/rosidl_typesupport_introspection_c/ublox_ubx_interfaces/srv/detail/reset_odo__type_support.c.o[0m
[ 74%] [32mBuilding C object CMakeFiles/ublox_ubx_interfaces__rosidl_typesupport_introspection_c.dir/rosidl_typesupport_introspection_c/ublox_ubx_interfaces/srv/detail/cold_start__type_support.c.o[0m
[ 76%] [32mBuilding C object CMakeFiles/ublox_ubx_interfaces__rosidl_typesupport_introspection_c.dir/rosidl_typesupport_introspection_c/ublox_ubx_interfaces/srv/detail/warm_start__type_support.c.o[0m
[ 78%] [32m[1mLinking C shared library libublox_ubx_interfaces__rosidl_typesupport_introspection_c.so[0m
[ 78%] Built target ublox_ubx_interfaces__rosidl_typesupport_introspection_c
[ 78%] Built target ublox_ubx_interfaces
[ 80%] [34m[1mGenerating Python code for ROS interfaces[0m
[ 80%] Built target ublox_ubx_interfaces__py
[ 81%] [32mBuilding C object CMakeFiles/ublox_ubx_interfaces__rosidl_generator_py.dir/rosidl_generator_py/ublox_ubx_interfaces/srv/_hot_start_s.c.o[0m
[ 83%] [32mBuilding C object CMakeFiles/ublox_ubx_interfaces__rosidl_generator_py.dir/rosidl_generator_py/ublox_ubx_interfaces/srv/_reset_odo_s.c.o[0m
[ 85%] [32mBuilding C object CMakeFiles/ublox_ubx_interfaces__rosidl_generator_py.dir/rosidl_generator_py/ublox_ubx_interfaces/srv/_cold_start_s.c.o[0m
[ 87%] [32mBuilding C object CMakeFiles/ublox_ubx_interfaces__rosidl_generator_py.dir/rosidl_generator_py/ublox_ubx_interfaces/srv/_warm_start_s.c.o[0m
[ 89%] [32m[1mLinking C shared library rosidl_generator_py/ublox_ubx_interfaces/libublox_ubx_interfaces__rosidl_generator_py.so[0m
[ 89%] Built target ublox_ubx_interfaces__rosidl_generator_py
[ 90%] [32mBuilding C object CMakeFiles/ublox_ubx_interfaces__rosidl_typesupport_fastrtps_c__pyext.dir/rosidl_generator_py/ublox_ubx_interfaces/_ublox_ubx_interfaces_s.ep.rosidl_typesupport_fastrtps_c.c.o[0m
[ 92%] [32m[1mLinking C shared library rosidl_generator_py/ublox_ubx_interfaces/ublox_ubx_interfaces_s__rosidl_typesupport_fastrtps_c.cpython-310-aarch64-linux-gnu.so[0m
[ 92%] Built target ublox_ubx_interfaces__rosidl_typesupport_fastrtps_c__pyext
[ 94%] [32mBuilding C object CMakeFiles/ublox_ubx_interfaces__rosidl_typesupport_c__pyext.dir/rosidl_generator_py/ublox_ubx_interfaces/_ublox_ubx_interfaces_s.ep.rosidl_typesupport_c.c.o[0m
[ 96%] [32m[1mLinking C shared library rosidl_generator_py/ublox_ubx_interfaces/ublox_ubx_interfaces_s__rosidl_typesupport_c.cpython-310-aarch64-linux-gnu.so[0m
[ 96%] Built target ublox_ubx_interfaces__rosidl_typesupport_c__pyext
[ 98%] [32mBuilding C object CMakeFiles/ublox_ubx_interfaces__rosidl_typesupport_introspection_c__pyext.dir/rosidl_generator_py/ublox_ubx_interfaces/_ublox_ubx_interfaces_s.ep.rosidl_typesupport_introspection_c.c.o[0m
[100%] [32m[1mLinking C shared library rosidl_generator_py/ublox_ubx_interfaces/ublox_ubx_interfaces_s__rosidl_typesupport_introspection_c.cpython-310-aarch64-linux-gnu.so[0m
[100%] Built target ublox_ubx_interfaces__rosidl_typesupport_introspection_c__pyext
