[0.137s] Invoking command in '/home/dev/ORobotics/localization_ws/build/ublox_ubx_interfaces': CMAKE_PREFIX_PATH=/home/dev/ORobotics/localization_ws/install/bag_recorder:/opt/ros/humble /usr/bin/cmake /home/dev/ORobotics/localization_ws/src/ublox_dgnss/ublox_ubx_interfaces -DCMAKE_INSTALL_PREFIX=/home/dev/ORobotics/localization_ws/install/ublox_ubx_interfaces
[1.186s] -- The C compiler identification is GNU 11.4.0
[2.027s] -- The CXX compiler identification is GNU 11.4.0
[2.069s] -- Detecting C compiler ABI info
[2.847s] -- Detecting C compiler ABI info - done
[2.932s] -- Check for working C compiler: /usr/bin/cc - skipped
[2.941s] -- Detecting C compile features
[2.951s] -- Detecting C compile features - done
[3.037s] -- Detecting CXX compiler ABI info
[4.349s] -- Detecting CXX compiler ABI info - done
[4.389s] -- Check for working CXX compiler: /usr/bin/c++ - skipped
[4.407s] -- Detecting CXX compile features
[4.411s] -- Detecting CXX compile features - done
[4.505s] -- Found ament_cmake: 1.3.11 (/opt/ros/humble/share/ament_cmake/cmake)
[6.372s] -- Found Python3: /usr/bin/python3 (found version "3.10.12") found components: Interpreter 
[7.526s] -- Found rosidl_default_generators: 1.2.0 (/opt/ros/humble/share/rosidl_default_generators/cmake)
[7.614s] -- Using all available rosidl_typesupport_c: rosidl_typesupport_fastrtps_c;rosidl_typesupport_introspection_c
[7.779s] -- Found rosidl_adapter: 3.1.6 (/opt/ros/humble/share/rosidl_adapter/cmake)
[8.784s] -- Using all available rosidl_typesupport_cpp: rosidl_typesupport_fastrtps_cpp;rosidl_typesupport_introspection_cpp
[9.265s] -- Found ament_lint_auto: 0.12.12 (/opt/ros/humble/share/ament_lint_auto/cmake)
[15.615s] -- Found ament_cmake_ros: 0.10.0 (/opt/ros/humble/share/ament_cmake_ros/cmake)
[19.464s] -- Using all available rosidl_typesupport_c: rosidl_typesupport_fastrtps_c;rosidl_typesupport_introspection_c
[22.483s] -- Using all available rosidl_typesupport_cpp: rosidl_typesupport_fastrtps_cpp;rosidl_typesupport_introspection_cpp
[22.857s] -- Found PythonInterp: /usr/bin/python3 (found suitable version "3.10.12", minimum required is "3.6") 
[22.900s] -- Found python_cmake_module: 0.10.0 (/opt/ros/humble/share/python_cmake_module/cmake)
[23.228s] -- Found PythonLibs: /usr/lib/aarch64-linux-gnu/libpython3.10.so (found suitable version "3.10.12", minimum required is "3.5") 
[23.229s] -- Using PYTHON_EXECUTABLE: /usr/bin/python3
[23.229s] -- Using PYTHON_INCLUDE_DIRS: /usr/include/python3.10
[23.230s] -- Using PYTHON_LIBRARIES: /usr/lib/aarch64-linux-gnu/libpython3.10.so
[23.448s] -- Found PythonExtra: .so  
[24.068s] -- Added test 'lint_cmake' to check CMake code style
[24.102s] -- Added test 'xmllint' to check XML markup files
[24.432s] -- Configuring done
[25.564s] -- Generating done
[25.770s] -- Build files have been written to: /home/dev/ORobotics/localization_ws/build/ublox_ubx_interfaces
[25.866s] Invoked command in '/home/dev/ORobotics/localization_ws/build/ublox_ubx_interfaces' returned '0': CMAKE_PREFIX_PATH=/home/dev/ORobotics/localization_ws/install/bag_recorder:/opt/ros/humble /usr/bin/cmake /home/dev/ORobotics/localization_ws/src/ublox_dgnss/ublox_ubx_interfaces -DCMAKE_INSTALL_PREFIX=/home/dev/ORobotics/localization_ws/install/ublox_ubx_interfaces
[25.870s] Invoking command in '/home/dev/ORobotics/localization_ws/build/ublox_ubx_interfaces': CMAKE_PREFIX_PATH=/home/dev/ORobotics/localization_ws/install/bag_recorder:/opt/ros/humble /usr/bin/cmake --build /home/dev/ORobotics/localization_ws/build/ublox_ubx_interfaces -- -j4 -l4
[27.122s] [  1%] [34m[1mGenerating C++ code for ROS interfaces[0m
[39.847s] [  1%] Built target ublox_ubx_interfaces__cpp
[40.298s] [  1%] Built target ament_cmake_python_copy_ublox_ubx_interfaces
[40.502s] [  3%] [34m[1mGenerating C++ type support for eProsima Fast-RTPS[0m
[49.462s] [  5%] [32mBuilding CXX object CMakeFiles/ublox_ubx_interfaces__rosidl_typesupport_fastrtps_cpp.dir/rosidl_typesupport_fastrtps_cpp/ublox_ubx_interfaces/srv/detail/dds_fastrtps/hot_start__type_support.cpp.o[0m
[59.417s] [  7%] [32mBuilding CXX object CMakeFiles/ublox_ubx_interfaces__rosidl_typesupport_fastrtps_cpp.dir/rosidl_typesupport_fastrtps_cpp/ublox_ubx_interfaces/srv/detail/dds_fastrtps/warm_start__type_support.cpp.o[0m
[70.348s] [  9%] [32mBuilding CXX object CMakeFiles/ublox_ubx_interfaces__rosidl_typesupport_fastrtps_cpp.dir/rosidl_typesupport_fastrtps_cpp/ublox_ubx_interfaces/srv/detail/dds_fastrtps/cold_start__type_support.cpp.o[0m
[82.881s] [ 10%] [32mBuilding CXX object CMakeFiles/ublox_ubx_interfaces__rosidl_typesupport_fastrtps_cpp.dir/rosidl_typesupport_fastrtps_cpp/ublox_ubx_interfaces/srv/detail/dds_fastrtps/reset_odo__type_support.cpp.o[0m
[97.048s] [ 12%] [32m[1mLinking CXX shared library libublox_ubx_interfaces__rosidl_typesupport_fastrtps_cpp.so[0m
[98.634s] [ 12%] Built target ublox_ubx_interfaces__rosidl_typesupport_fastrtps_cpp
[98.877s] [ 14%] [34m[1mGenerating C++ introspection for ROS interfaces[0m
[114.713s] [ 16%] [32mBuilding CXX object CMakeFiles/ublox_ubx_interfaces__rosidl_typesupport_introspection_cpp.dir/rosidl_typesupport_introspection_cpp/ublox_ubx_interfaces/srv/detail/hot_start__type_support.cpp.o[0m
[129.342s] [ 18%] [32mBuilding CXX object CMakeFiles/ublox_ubx_interfaces__rosidl_typesupport_introspection_cpp.dir/rosidl_typesupport_introspection_cpp/ublox_ubx_interfaces/srv/detail/warm_start__type_support.cpp.o[0m
[142.989s] [ 20%] [32mBuilding CXX object CMakeFiles/ublox_ubx_interfaces__rosidl_typesupport_introspection_cpp.dir/rosidl_typesupport_introspection_cpp/ublox_ubx_interfaces/srv/detail/cold_start__type_support.cpp.o[0m
[154.516s] [ 21%] [32mBuilding CXX object CMakeFiles/ublox_ubx_interfaces__rosidl_typesupport_introspection_cpp.dir/rosidl_typesupport_introspection_cpp/ublox_ubx_interfaces/srv/detail/reset_odo__type_support.cpp.o[0m
[163.953s] [ 23%] [32m[1mLinking CXX shared library libublox_ubx_interfaces__rosidl_typesupport_introspection_cpp.so[0m
[164.703s] [ 23%] Built target ublox_ubx_interfaces__rosidl_typesupport_introspection_cpp
[170.671s] running egg_info
[170.718s] creating ublox_ubx_interfaces.egg-info
[170.739s] writing ublox_ubx_interfaces.egg-info/PKG-INFO
[170.759s] writing dependency_links to ublox_ubx_interfaces.egg-info/dependency_links.txt
[170.779s] writing top-level names to ublox_ubx_interfaces.egg-info/top_level.txt
[170.792s] writing manifest file 'ublox_ubx_interfaces.egg-info/SOURCES.txt'
[170.816s] reading manifest file 'ublox_ubx_interfaces.egg-info/SOURCES.txt'
[170.824s] writing manifest file 'ublox_ubx_interfaces.egg-info/SOURCES.txt'
[171.122s] [ 23%] Built target ament_cmake_python_build_ublox_ubx_interfaces_egg
[171.342s] [ 25%] [34m[1mGenerating C++ type support dispatch for ROS interfaces[0m
[177.889s] [ 27%] [32mBuilding CXX object CMakeFiles/ublox_ubx_interfaces__rosidl_typesupport_cpp.dir/rosidl_typesupport_cpp/ublox_ubx_interfaces/srv/hot_start__type_support.cpp.o[0m
[181.193s] [ 29%] [32mBuilding CXX object CMakeFiles/ublox_ubx_interfaces__rosidl_typesupport_cpp.dir/rosidl_typesupport_cpp/ublox_ubx_interfaces/srv/cold_start__type_support.cpp.o[0m
[185.767s] [ 30%] [32mBuilding CXX object CMakeFiles/ublox_ubx_interfaces__rosidl_typesupport_cpp.dir/rosidl_typesupport_cpp/ublox_ubx_interfaces/srv/reset_odo__type_support.cpp.o[0m
[190.447s] [ 32%] [32mBuilding CXX object CMakeFiles/ublox_ubx_interfaces__rosidl_typesupport_cpp.dir/rosidl_typesupport_cpp/ublox_ubx_interfaces/srv/warm_start__type_support.cpp.o[0m
[195.833s] [ 34%] [32m[1mLinking CXX shared library libublox_ubx_interfaces__rosidl_typesupport_cpp.so[0m
[196.264s] [ 34%] Built target ublox_ubx_interfaces__rosidl_typesupport_cpp
[196.426s] [ 36%] [34m[1mGenerating C code for ROS interfaces[0m
[208.683s] [ 38%] [32mBuilding C object CMakeFiles/ublox_ubx_interfaces__rosidl_generator_c.dir/rosidl_generator_c/ublox_ubx_interfaces/srv/detail/hot_start__functions.c.o[0m
[209.858s] [ 40%] [32mBuilding C object CMakeFiles/ublox_ubx_interfaces__rosidl_generator_c.dir/rosidl_generator_c/ublox_ubx_interfaces/srv/detail/reset_odo__functions.c.o[0m
[210.460s] [ 41%] [32mBuilding C object CMakeFiles/ublox_ubx_interfaces__rosidl_generator_c.dir/rosidl_generator_c/ublox_ubx_interfaces/srv/detail/cold_start__functions.c.o[0m
[211.234s] [ 43%] [32mBuilding C object CMakeFiles/ublox_ubx_interfaces__rosidl_generator_c.dir/rosidl_generator_c/ublox_ubx_interfaces/srv/detail/warm_start__functions.c.o[0m
[211.973s] [ 45%] [32m[1mLinking C shared library libublox_ubx_interfaces__rosidl_generator_c.so[0m
[212.458s] [ 45%] Built target ublox_ubx_interfaces__rosidl_generator_c
[212.584s] [ 47%] [34m[1mGenerating C type support for eProsima Fast-RTPS[0m
[222.411s] [ 49%] [32mBuilding CXX object CMakeFiles/ublox_ubx_interfaces__rosidl_typesupport_fastrtps_c.dir/rosidl_typesupport_fastrtps_c/ublox_ubx_interfaces/srv/detail/hot_start__type_support_c.cpp.o[0m
[229.656s] [ 50%] [32mBuilding CXX object CMakeFiles/ublox_ubx_interfaces__rosidl_typesupport_fastrtps_c.dir/rosidl_typesupport_fastrtps_c/ublox_ubx_interfaces/srv/detail/warm_start__type_support_c.cpp.o[0m
[237.077s] [ 52%] [32mBuilding CXX object CMakeFiles/ublox_ubx_interfaces__rosidl_typesupport_fastrtps_c.dir/rosidl_typesupport_fastrtps_c/ublox_ubx_interfaces/srv/detail/cold_start__type_support_c.cpp.o[0m
[243.150s] [ 54%] [32mBuilding CXX object CMakeFiles/ublox_ubx_interfaces__rosidl_typesupport_fastrtps_c.dir/rosidl_typesupport_fastrtps_c/ublox_ubx_interfaces/srv/detail/reset_odo__type_support_c.cpp.o[0m
[252.611s] [ 56%] [32m[1mLinking CXX shared library libublox_ubx_interfaces__rosidl_typesupport_fastrtps_c.so[0m
[254.998s] [ 56%] Built target ublox_ubx_interfaces__rosidl_typesupport_fastrtps_c
[255.229s] [ 58%] [34m[1mGenerating C type support dispatch for ROS interfaces[0m
[264.294s] [ 60%] [32mBuilding CXX object CMakeFiles/ublox_ubx_interfaces__rosidl_typesupport_c.dir/rosidl_typesupport_c/ublox_ubx_interfaces/srv/hot_start__type_support.cpp.o[0m
[264.971s] [ 61%] [32mBuilding CXX object CMakeFiles/ublox_ubx_interfaces__rosidl_typesupport_c.dir/rosidl_typesupport_c/ublox_ubx_interfaces/srv/cold_start__type_support.cpp.o[0m
[265.726s] [ 63%] [32mBuilding CXX object CMakeFiles/ublox_ubx_interfaces__rosidl_typesupport_c.dir/rosidl_typesupport_c/ublox_ubx_interfaces/srv/reset_odo__type_support.cpp.o[0m
[266.507s] [ 65%] [32mBuilding CXX object CMakeFiles/ublox_ubx_interfaces__rosidl_typesupport_c.dir/rosidl_typesupport_c/ublox_ubx_interfaces/srv/warm_start__type_support.cpp.o[0m
[266.979s] [ 67%] [32m[1mLinking CXX shared library libublox_ubx_interfaces__rosidl_typesupport_c.so[0m
[267.577s] [ 67%] Built target ublox_ubx_interfaces__rosidl_typesupport_c
[267.674s] [ 69%] [34m[1mGenerating C introspection for ROS interfaces[0m
[277.199s] [ 70%] [32mBuilding C object CMakeFiles/ublox_ubx_interfaces__rosidl_typesupport_introspection_c.dir/rosidl_typesupport_introspection_c/ublox_ubx_interfaces/srv/detail/hot_start__type_support.c.o[0m
[277.653s] [ 72%] [32mBuilding C object CMakeFiles/ublox_ubx_interfaces__rosidl_typesupport_introspection_c.dir/rosidl_typesupport_introspection_c/ublox_ubx_interfaces/srv/detail/reset_odo__type_support.c.o[0m
[278.134s] [ 74%] [32mBuilding C object CMakeFiles/ublox_ubx_interfaces__rosidl_typesupport_introspection_c.dir/rosidl_typesupport_introspection_c/ublox_ubx_interfaces/srv/detail/cold_start__type_support.c.o[0m
[278.813s] [ 76%] [32mBuilding C object CMakeFiles/ublox_ubx_interfaces__rosidl_typesupport_introspection_c.dir/rosidl_typesupport_introspection_c/ublox_ubx_interfaces/srv/detail/warm_start__type_support.c.o[0m
[279.518s] [ 78%] [32m[1mLinking C shared library libublox_ubx_interfaces__rosidl_typesupport_introspection_c.so[0m
[280.296s] [ 78%] Built target ublox_ubx_interfaces__rosidl_typesupport_introspection_c
[280.580s] [ 78%] Built target ublox_ubx_interfaces
[280.923s] [ 80%] [34m[1mGenerating Python code for ROS interfaces[0m
[293.351s] [ 80%] Built target ublox_ubx_interfaces__py
[293.647s] [ 81%] [32mBuilding C object CMakeFiles/ublox_ubx_interfaces__rosidl_generator_py.dir/rosidl_generator_py/ublox_ubx_interfaces/srv/_hot_start_s.c.o[0m
[295.027s] [ 83%] [32mBuilding C object CMakeFiles/ublox_ubx_interfaces__rosidl_generator_py.dir/rosidl_generator_py/ublox_ubx_interfaces/srv/_reset_odo_s.c.o[0m
[296.388s] [ 85%] [32mBuilding C object CMakeFiles/ublox_ubx_interfaces__rosidl_generator_py.dir/rosidl_generator_py/ublox_ubx_interfaces/srv/_cold_start_s.c.o[0m
[297.974s] [ 87%] [32mBuilding C object CMakeFiles/ublox_ubx_interfaces__rosidl_generator_py.dir/rosidl_generator_py/ublox_ubx_interfaces/srv/_warm_start_s.c.o[0m
[299.908s] [ 89%] [32m[1mLinking C shared library rosidl_generator_py/ublox_ubx_interfaces/libublox_ubx_interfaces__rosidl_generator_py.so[0m
[300.350s] [ 89%] Built target ublox_ubx_interfaces__rosidl_generator_py
[300.684s] [ 90%] [32mBuilding C object CMakeFiles/ublox_ubx_interfaces__rosidl_typesupport_fastrtps_c__pyext.dir/rosidl_generator_py/ublox_ubx_interfaces/_ublox_ubx_interfaces_s.ep.rosidl_typesupport_fastrtps_c.c.o[0m
[302.303s] [ 92%] [32m[1mLinking C shared library rosidl_generator_py/ublox_ubx_interfaces/ublox_ubx_interfaces_s__rosidl_typesupport_fastrtps_c.cpython-310-aarch64-linux-gnu.so[0m
[302.960s] [ 92%] Built target ublox_ubx_interfaces__rosidl_typesupport_fastrtps_c__pyext
[303.176s] [ 94%] [32mBuilding C object CMakeFiles/ublox_ubx_interfaces__rosidl_typesupport_c__pyext.dir/rosidl_generator_py/ublox_ubx_interfaces/_ublox_ubx_interfaces_s.ep.rosidl_typesupport_c.c.o[0m
[305.335s] [ 96%] [32m[1mLinking C shared library rosidl_generator_py/ublox_ubx_interfaces/ublox_ubx_interfaces_s__rosidl_typesupport_c.cpython-310-aarch64-linux-gnu.so[0m
[305.877s] [ 96%] Built target ublox_ubx_interfaces__rosidl_typesupport_c__pyext
[306.248s] [ 98%] [32mBuilding C object CMakeFiles/ublox_ubx_interfaces__rosidl_typesupport_introspection_c__pyext.dir/rosidl_generator_py/ublox_ubx_interfaces/_ublox_ubx_interfaces_s.ep.rosidl_typesupport_introspection_c.c.o[0m
[307.985s] [100%] [32m[1mLinking C shared library rosidl_generator_py/ublox_ubx_interfaces/ublox_ubx_interfaces_s__rosidl_typesupport_introspection_c.cpython-310-aarch64-linux-gnu.so[0m
[308.535s] [100%] Built target ublox_ubx_interfaces__rosidl_typesupport_introspection_c__pyext
