[0.111s] Invoking command in '/home/dev/ORobotics/localization_ws/build/rtcm_msgs': CMAKE_PREFIX_PATH=/home/dev/ORobotics/localization_ws/install/bag_recorder:/opt/ros/humble /usr/bin/cmake --build /home/dev/ORobotics/localization_ws/build/rtcm_msgs -- -j4 -l4
[0.437s] [35m[1mConsolidate compiler generated dependencies of target rtcm_msgs__rosidl_generator_c[0m
[0.583s] [  3%] Built target rtcm_msgs__cpp
[0.667s] [ 12%] Built target rtcm_msgs__rosidl_generator_c
[0.735s] [35m[1mConsolidate compiler generated dependencies of target rtcm_msgs__rosidl_typesupport_cpp[0m
[0.759s] [35m[1mConsolidate compiler generated dependencies of target rtcm_msgs__rosidl_typesupport_introspection_cpp[0m
[0.798s] [ 12%] Built target ament_cmake_python_copy_rtcm_msgs
[0.902s] [35m[1mConsolidate compiler generated dependencies of target rtcm_msgs__rosidl_typesupport_fastrtps_cpp[0m
[0.937s] [ 22%] Built target rtcm_msgs__rosidl_typesupport_cpp
[1.049s] [ 32%] Built target rtcm_msgs__rosidl_typesupport_introspection_cpp
[1.073s] [35m[1mConsolidate compiler generated dependencies of target rtcm_msgs__rosidl_typesupport_fastrtps_c[0m
[1.174s] [35m[1mConsolidate compiler generated dependencies of target rtcm_msgs__rosidl_typesupport_introspection_c[0m
[1.343s] [35m[1mConsolidate compiler generated dependencies of target rtcm_msgs__rosidl_typesupport_c[0m
[1.418s] [ 41%] Built target rtcm_msgs__rosidl_typesupport_fastrtps_cpp
[1.476s] [ 51%] Built target rtcm_msgs__rosidl_typesupport_introspection_c
[1.578s] [ 61%] Built target rtcm_msgs__rosidl_typesupport_fastrtps_c
[1.641s] [ 70%] Built target rtcm_msgs__rosidl_typesupport_c
[2.177s] [ 70%] Built target rtcm_msgs
[2.512s] [ 74%] Built target rtcm_msgs__py
[2.761s] [35m[1mConsolidate compiler generated dependencies of target rtcm_msgs__rosidl_generator_py[0m
[3.129s] [ 80%] Built target rtcm_msgs__rosidl_generator_py
[3.368s] [35m[1mConsolidate compiler generated dependencies of target rtcm_msgs__rosidl_typesupport_fastrtps_c__pyext[0m
[3.386s] [35m[1mConsolidate compiler generated dependencies of target rtcm_msgs__rosidl_typesupport_introspection_c__pyext[0m
[3.481s] [35m[1mConsolidate compiler generated dependencies of target rtcm_msgs__rosidl_typesupport_c__pyext[0m
[3.643s] [ 87%] Built target rtcm_msgs__rosidl_typesupport_fastrtps_c__pyext
[3.677s] [ 93%] Built target rtcm_msgs__rosidl_typesupport_introspection_c__pyext
[3.805s] [100%] Built target rtcm_msgs__rosidl_typesupport_c__pyext
[6.050s] running egg_info
[6.054s] writing rtcm_msgs.egg-info/PKG-INFO
[6.058s] writing dependency_links to rtcm_msgs.egg-info/dependency_links.txt
[6.060s] writing top-level names to rtcm_msgs.egg-info/top_level.txt
[6.079s] reading manifest file 'rtcm_msgs.egg-info/SOURCES.txt'
[6.086s] writing manifest file 'rtcm_msgs.egg-info/SOURCES.txt'
[6.566s] [100%] Built target ament_cmake_python_build_rtcm_msgs_egg
[6.752s] Invoked command in '/home/dev/ORobotics/localization_ws/build/rtcm_msgs' returned '0': CMAKE_PREFIX_PATH=/home/dev/ORobotics/localization_ws/install/bag_recorder:/opt/ros/humble /usr/bin/cmake --build /home/dev/ORobotics/localization_ws/build/rtcm_msgs -- -j4 -l4
[6.968s] Invoking command in '/home/dev/ORobotics/localization_ws/build/rtcm_msgs': CMAKE_PREFIX_PATH=/home/dev/ORobotics/localization_ws/install/bag_recorder:/opt/ros/humble /usr/bin/cmake --install /home/dev/ORobotics/localization_ws/build/rtcm_msgs
[7.063s] -- Install configuration: ""
[7.069s] -- Installing: /home/dev/ORobotics/localization_ws/install/rtcm_msgs/share/ament_index/resource_index/rosidl_interfaces/rtcm_msgs
[7.072s] -- Installing: /home/dev/ORobotics/localization_ws/install/rtcm_msgs/include/rtcm_msgs/rtcm_msgs
[7.079s] -- Installing: /home/dev/ORobotics/localization_ws/install/rtcm_msgs/include/rtcm_msgs/rtcm_msgs/msg
[7.080s] -- Installing: /home/dev/ORobotics/localization_ws/install/rtcm_msgs/include/rtcm_msgs/rtcm_msgs/msg/message.h
[7.085s] -- Installing: /home/dev/ORobotics/localization_ws/install/rtcm_msgs/include/rtcm_msgs/rtcm_msgs/msg/rosidl_generator_c__visibility_control.h
[7.087s] -- Installing: /home/dev/ORobotics/localization_ws/install/rtcm_msgs/include/rtcm_msgs/rtcm_msgs/msg/detail
[7.089s] -- Installing: /home/dev/ORobotics/localization_ws/install/rtcm_msgs/include/rtcm_msgs/rtcm_msgs/msg/detail/message__functions.h
[7.094s] -- Installing: /home/dev/ORobotics/localization_ws/install/rtcm_msgs/include/rtcm_msgs/rtcm_msgs/msg/detail/message__functions.c
[7.097s] -- Installing: /home/dev/ORobotics/localization_ws/install/rtcm_msgs/include/rtcm_msgs/rtcm_msgs/msg/detail/message__struct.h
[7.103s] -- Installing: /home/dev/ORobotics/localization_ws/install/rtcm_msgs/include/rtcm_msgs/rtcm_msgs/msg/detail/message__type_support.h
[7.120s] -- Installing: /home/dev/ORobotics/localization_ws/install/rtcm_msgs/share/rtcm_msgs/environment/library_path.sh
[7.127s] -- Installing: /home/dev/ORobotics/localization_ws/install/rtcm_msgs/share/rtcm_msgs/environment/library_path.dsv
[7.128s] -- Installing: /home/dev/ORobotics/localization_ws/install/rtcm_msgs/lib/librtcm_msgs__rosidl_generator_c.so
[7.142s] -- Set runtime path of "/home/dev/ORobotics/localization_ws/install/rtcm_msgs/lib/librtcm_msgs__rosidl_generator_c.so" to ""
[7.144s] -- Up-to-date: /home/dev/ORobotics/localization_ws/install/rtcm_msgs/include/rtcm_msgs/rtcm_msgs
[7.146s] -- Up-to-date: /home/dev/ORobotics/localization_ws/install/rtcm_msgs/include/rtcm_msgs/rtcm_msgs/msg
[7.147s] -- Installing: /home/dev/ORobotics/localization_ws/install/rtcm_msgs/include/rtcm_msgs/rtcm_msgs/msg/rosidl_typesupport_fastrtps_c__visibility_control.h
[7.157s] -- Up-to-date: /home/dev/ORobotics/localization_ws/install/rtcm_msgs/include/rtcm_msgs/rtcm_msgs/msg/detail
[7.160s] -- Installing: /home/dev/ORobotics/localization_ws/install/rtcm_msgs/include/rtcm_msgs/rtcm_msgs/msg/detail/message__rosidl_typesupport_fastrtps_c.h
[7.164s] -- Installing: /home/dev/ORobotics/localization_ws/install/rtcm_msgs/lib/librtcm_msgs__rosidl_typesupport_fastrtps_c.so
[7.177s] -- Set runtime path of "/home/dev/ORobotics/localization_ws/install/rtcm_msgs/lib/librtcm_msgs__rosidl_typesupport_fastrtps_c.so" to ""
[7.182s] -- Up-to-date: /home/dev/ORobotics/localization_ws/install/rtcm_msgs/include/rtcm_msgs/rtcm_msgs
[7.184s] -- Up-to-date: /home/dev/ORobotics/localization_ws/install/rtcm_msgs/include/rtcm_msgs/rtcm_msgs/msg
[7.188s] -- Installing: /home/dev/ORobotics/localization_ws/install/rtcm_msgs/include/rtcm_msgs/rtcm_msgs/msg/message.hpp
[7.197s] -- Up-to-date: /home/dev/ORobotics/localization_ws/install/rtcm_msgs/include/rtcm_msgs/rtcm_msgs/msg/detail
[7.200s] -- Installing: /home/dev/ORobotics/localization_ws/install/rtcm_msgs/include/rtcm_msgs/rtcm_msgs/msg/detail/message__type_support.hpp
[7.204s] -- Installing: /home/dev/ORobotics/localization_ws/install/rtcm_msgs/include/rtcm_msgs/rtcm_msgs/msg/detail/message__struct.hpp
[7.208s] -- Installing: /home/dev/ORobotics/localization_ws/install/rtcm_msgs/include/rtcm_msgs/rtcm_msgs/msg/detail/message__traits.hpp
[7.220s] -- Installing: /home/dev/ORobotics/localization_ws/install/rtcm_msgs/include/rtcm_msgs/rtcm_msgs/msg/detail/message__builder.hpp
[7.224s] -- Installing: /home/dev/ORobotics/localization_ws/install/rtcm_msgs/include/rtcm_msgs/rtcm_msgs/msg/rosidl_generator_cpp__visibility_control.hpp
[7.228s] -- Up-to-date: /home/dev/ORobotics/localization_ws/install/rtcm_msgs/include/rtcm_msgs/rtcm_msgs
[7.231s] -- Up-to-date: /home/dev/ORobotics/localization_ws/install/rtcm_msgs/include/rtcm_msgs/rtcm_msgs/msg
[7.233s] -- Installing: /home/dev/ORobotics/localization_ws/install/rtcm_msgs/include/rtcm_msgs/rtcm_msgs/msg/rosidl_typesupport_fastrtps_cpp__visibility_control.h
[7.245s] -- Up-to-date: /home/dev/ORobotics/localization_ws/install/rtcm_msgs/include/rtcm_msgs/rtcm_msgs/msg/detail
[7.248s] -- Installing: /home/dev/ORobotics/localization_ws/install/rtcm_msgs/include/rtcm_msgs/rtcm_msgs/msg/detail/dds_fastrtps
[7.251s] -- Installing: /home/dev/ORobotics/localization_ws/install/rtcm_msgs/include/rtcm_msgs/rtcm_msgs/msg/detail/message__rosidl_typesupport_fastrtps_cpp.hpp
[7.256s] -- Installing: /home/dev/ORobotics/localization_ws/install/rtcm_msgs/lib/librtcm_msgs__rosidl_typesupport_fastrtps_cpp.so
[7.272s] -- Set runtime path of "/home/dev/ORobotics/localization_ws/install/rtcm_msgs/lib/librtcm_msgs__rosidl_typesupport_fastrtps_cpp.so" to ""
[7.274s] -- Up-to-date: /home/dev/ORobotics/localization_ws/install/rtcm_msgs/include/rtcm_msgs/rtcm_msgs
[7.276s] -- Up-to-date: /home/dev/ORobotics/localization_ws/install/rtcm_msgs/include/rtcm_msgs/rtcm_msgs/msg
[7.278s] -- Up-to-date: /home/dev/ORobotics/localization_ws/install/rtcm_msgs/include/rtcm_msgs/rtcm_msgs/msg/detail
[7.280s] -- Installing: /home/dev/ORobotics/localization_ws/install/rtcm_msgs/include/rtcm_msgs/rtcm_msgs/msg/detail/message__rosidl_typesupport_introspection_c.h
[7.283s] -- Installing: /home/dev/ORobotics/localization_ws/install/rtcm_msgs/include/rtcm_msgs/rtcm_msgs/msg/detail/message__type_support.c
[7.290s] -- Installing: /home/dev/ORobotics/localization_ws/install/rtcm_msgs/include/rtcm_msgs/rtcm_msgs/msg/rosidl_typesupport_introspection_c__visibility_control.h
[7.299s] -- Installing: /home/dev/ORobotics/localization_ws/install/rtcm_msgs/lib/librtcm_msgs__rosidl_typesupport_introspection_c.so
[7.304s] -- Set runtime path of "/home/dev/ORobotics/localization_ws/install/rtcm_msgs/lib/librtcm_msgs__rosidl_typesupport_introspection_c.so" to ""
[7.310s] -- Installing: /home/dev/ORobotics/localization_ws/install/rtcm_msgs/lib/librtcm_msgs__rosidl_typesupport_c.so
[7.321s] -- Set runtime path of "/home/dev/ORobotics/localization_ws/install/rtcm_msgs/lib/librtcm_msgs__rosidl_typesupport_c.so" to ""
[7.321s] -- Up-to-date: /home/dev/ORobotics/localization_ws/install/rtcm_msgs/include/rtcm_msgs/rtcm_msgs
[7.332s] -- Up-to-date: /home/dev/ORobotics/localization_ws/install/rtcm_msgs/include/rtcm_msgs/rtcm_msgs/msg
[7.332s] -- Up-to-date: /home/dev/ORobotics/localization_ws/install/rtcm_msgs/include/rtcm_msgs/rtcm_msgs/msg/detail
[7.333s] -- Installing: /home/dev/ORobotics/localization_ws/install/rtcm_msgs/include/rtcm_msgs/rtcm_msgs/msg/detail/message__type_support.cpp
[7.338s] -- Installing: /home/dev/ORobotics/localization_ws/install/rtcm_msgs/include/rtcm_msgs/rtcm_msgs/msg/detail/message__rosidl_typesupport_introspection_cpp.hpp
[7.346s] -- Installing: /home/dev/ORobotics/localization_ws/install/rtcm_msgs/lib/librtcm_msgs__rosidl_typesupport_introspection_cpp.so
[7.355s] -- Set runtime path of "/home/dev/ORobotics/localization_ws/install/rtcm_msgs/lib/librtcm_msgs__rosidl_typesupport_introspection_cpp.so" to ""
[7.356s] -- Installing: /home/dev/ORobotics/localization_ws/install/rtcm_msgs/lib/librtcm_msgs__rosidl_typesupport_cpp.so
[7.361s] -- Set runtime path of "/home/dev/ORobotics/localization_ws/install/rtcm_msgs/lib/librtcm_msgs__rosidl_typesupport_cpp.so" to ""
[7.364s] -- Installing: /home/dev/ORobotics/localization_ws/install/rtcm_msgs/share/rtcm_msgs/environment/pythonpath.sh
[7.368s] -- Installing: /home/dev/ORobotics/localization_ws/install/rtcm_msgs/share/rtcm_msgs/environment/pythonpath.dsv
[7.369s] -- Installing: /home/dev/ORobotics/localization_ws/install/rtcm_msgs/local/lib/python3.10/dist-packages/rtcm_msgs-1.1.6-py3.10.egg-info
[7.371s] -- Installing: /home/dev/ORobotics/localization_ws/install/rtcm_msgs/local/lib/python3.10/dist-packages/rtcm_msgs-1.1.6-py3.10.egg-info/PKG-INFO
[7.374s] -- Installing: /home/dev/ORobotics/localization_ws/install/rtcm_msgs/local/lib/python3.10/dist-packages/rtcm_msgs-1.1.6-py3.10.egg-info/top_level.txt
[7.384s] -- Installing: /home/dev/ORobotics/localization_ws/install/rtcm_msgs/local/lib/python3.10/dist-packages/rtcm_msgs-1.1.6-py3.10.egg-info/SOURCES.txt
[7.386s] -- Installing: /home/dev/ORobotics/localization_ws/install/rtcm_msgs/local/lib/python3.10/dist-packages/rtcm_msgs-1.1.6-py3.10.egg-info/dependency_links.txt
[7.388s] -- Installing: /home/dev/ORobotics/localization_ws/install/rtcm_msgs/local/lib/python3.10/dist-packages/rtcm_msgs
[7.400s] -- Installing: /home/dev/ORobotics/localization_ws/install/rtcm_msgs/local/lib/python3.10/dist-packages/rtcm_msgs/__init__.py
[7.402s] -- Installing: /home/dev/ORobotics/localization_ws/install/rtcm_msgs/local/lib/python3.10/dist-packages/rtcm_msgs/rtcm_msgs_s__rosidl_typesupport_c.cpython-310-aarch64-linux-gnu.so
[7.406s] -- Installing: /home/dev/ORobotics/localization_ws/install/rtcm_msgs/local/lib/python3.10/dist-packages/rtcm_msgs/_rtcm_msgs_s.ep.rosidl_typesupport_fastrtps_c.c
[7.412s] -- Installing: /home/dev/ORobotics/localization_ws/install/rtcm_msgs/local/lib/python3.10/dist-packages/rtcm_msgs/msg
[7.416s] -- Installing: /home/dev/ORobotics/localization_ws/install/rtcm_msgs/local/lib/python3.10/dist-packages/rtcm_msgs/msg/__init__.py
[7.419s] -- Installing: /home/dev/ORobotics/localization_ws/install/rtcm_msgs/local/lib/python3.10/dist-packages/rtcm_msgs/msg/_message.py
[7.428s] -- Installing: /home/dev/ORobotics/localization_ws/install/rtcm_msgs/local/lib/python3.10/dist-packages/rtcm_msgs/msg/_message_s.c
[7.432s] -- Installing: /home/dev/ORobotics/localization_ws/install/rtcm_msgs/local/lib/python3.10/dist-packages/rtcm_msgs/_rtcm_msgs_s.ep.rosidl_typesupport_c.c
[7.438s] -- Installing: /home/dev/ORobotics/localization_ws/install/rtcm_msgs/local/lib/python3.10/dist-packages/rtcm_msgs/rtcm_msgs_s__rosidl_typesupport_introspection_c.cpython-310-aarch64-linux-gnu.so
[7.445s] -- Installing: /home/dev/ORobotics/localization_ws/install/rtcm_msgs/local/lib/python3.10/dist-packages/rtcm_msgs/rtcm_msgs_s__rosidl_typesupport_fastrtps_c.cpython-310-aarch64-linux-gnu.so
[7.449s] -- Installing: /home/dev/ORobotics/localization_ws/install/rtcm_msgs/local/lib/python3.10/dist-packages/rtcm_msgs/_rtcm_msgs_s.ep.rosidl_typesupport_introspection_c.c
[7.453s] -- Installing: /home/dev/ORobotics/localization_ws/install/rtcm_msgs/local/lib/python3.10/dist-packages/rtcm_msgs/librtcm_msgs__rosidl_generator_py.so
[8.127s] Listing '/home/dev/ORobotics/localization_ws/install/rtcm_msgs/local/lib/python3.10/dist-packages/rtcm_msgs'...
[8.128s] Compiling '/home/dev/ORobotics/localization_ws/install/rtcm_msgs/local/lib/python3.10/dist-packages/rtcm_msgs/__init__.py'...
[8.129s] Listing '/home/dev/ORobotics/localization_ws/install/rtcm_msgs/local/lib/python3.10/dist-packages/rtcm_msgs/msg'...
[8.130s] Compiling '/home/dev/ORobotics/localization_ws/install/rtcm_msgs/local/lib/python3.10/dist-packages/rtcm_msgs/msg/__init__.py'...
[8.131s] Compiling '/home/dev/ORobotics/localization_ws/install/rtcm_msgs/local/lib/python3.10/dist-packages/rtcm_msgs/msg/_message.py'...
[8.279s] -- Installing: /home/dev/ORobotics/localization_ws/install/rtcm_msgs/local/lib/python3.10/dist-packages/rtcm_msgs/rtcm_msgs_s__rosidl_typesupport_fastrtps_c.cpython-310-aarch64-linux-gnu.so
[8.284s] -- Set runtime path of "/home/dev/ORobotics/localization_ws/install/rtcm_msgs/local/lib/python3.10/dist-packages/rtcm_msgs/rtcm_msgs_s__rosidl_typesupport_fastrtps_c.cpython-310-aarch64-linux-gnu.so" to ""
[8.287s] -- Installing: /home/dev/ORobotics/localization_ws/install/rtcm_msgs/local/lib/python3.10/dist-packages/rtcm_msgs/rtcm_msgs_s__rosidl_typesupport_introspection_c.cpython-310-aarch64-linux-gnu.so
[8.293s] -- Set runtime path of "/home/dev/ORobotics/localization_ws/install/rtcm_msgs/local/lib/python3.10/dist-packages/rtcm_msgs/rtcm_msgs_s__rosidl_typesupport_introspection_c.cpython-310-aarch64-linux-gnu.so" to ""
[8.296s] -- Installing: /home/dev/ORobotics/localization_ws/install/rtcm_msgs/local/lib/python3.10/dist-packages/rtcm_msgs/rtcm_msgs_s__rosidl_typesupport_c.cpython-310-aarch64-linux-gnu.so
[8.310s] -- Set runtime path of "/home/dev/ORobotics/localization_ws/install/rtcm_msgs/local/lib/python3.10/dist-packages/rtcm_msgs/rtcm_msgs_s__rosidl_typesupport_c.cpython-310-aarch64-linux-gnu.so" to ""
[8.316s] -- Installing: /home/dev/ORobotics/localization_ws/install/rtcm_msgs/lib/librtcm_msgs__rosidl_generator_py.so
[8.327s] -- Set runtime path of "/home/dev/ORobotics/localization_ws/install/rtcm_msgs/lib/librtcm_msgs__rosidl_generator_py.so" to ""
[8.341s] -- Installing: /home/dev/ORobotics/localization_ws/install/rtcm_msgs/share/rtcm_msgs/msg/Message.idl
[8.343s] -- Installing: /home/dev/ORobotics/localization_ws/install/rtcm_msgs/share/rtcm_msgs/msg/Message.msg
[8.345s] -- Installing: /home/dev/ORobotics/localization_ws/install/rtcm_msgs/share/ament_index/resource_index/package_run_dependencies/rtcm_msgs
[8.358s] -- Installing: /home/dev/ORobotics/localization_ws/install/rtcm_msgs/share/ament_index/resource_index/parent_prefix_path/rtcm_msgs
[8.361s] -- Installing: /home/dev/ORobotics/localization_ws/install/rtcm_msgs/share/rtcm_msgs/environment/ament_prefix_path.sh
[8.368s] -- Installing: /home/dev/ORobotics/localization_ws/install/rtcm_msgs/share/rtcm_msgs/environment/ament_prefix_path.dsv
[8.371s] -- Installing: /home/dev/ORobotics/localization_ws/install/rtcm_msgs/share/rtcm_msgs/environment/path.sh
[8.377s] -- Installing: /home/dev/ORobotics/localization_ws/install/rtcm_msgs/share/rtcm_msgs/environment/path.dsv
[8.384s] -- Installing: /home/dev/ORobotics/localization_ws/install/rtcm_msgs/share/rtcm_msgs/local_setup.bash
[8.386s] -- Installing: /home/dev/ORobotics/localization_ws/install/rtcm_msgs/share/rtcm_msgs/local_setup.sh
[8.393s] -- Installing: /home/dev/ORobotics/localization_ws/install/rtcm_msgs/share/rtcm_msgs/local_setup.zsh
[8.399s] -- Installing: /home/dev/ORobotics/localization_ws/install/rtcm_msgs/share/rtcm_msgs/local_setup.dsv
[8.400s] -- Installing: /home/dev/ORobotics/localization_ws/install/rtcm_msgs/share/rtcm_msgs/package.dsv
[8.414s] -- Installing: /home/dev/ORobotics/localization_ws/install/rtcm_msgs/share/ament_index/resource_index/packages/rtcm_msgs
[8.416s] -- Installing: /home/dev/ORobotics/localization_ws/install/rtcm_msgs/share/rtcm_msgs/cmake/export_rtcm_msgs__rosidl_generator_cExport.cmake
[8.417s] -- Installing: /home/dev/ORobotics/localization_ws/install/rtcm_msgs/share/rtcm_msgs/cmake/export_rtcm_msgs__rosidl_generator_cExport-noconfig.cmake
[8.440s] -- Installing: /home/dev/ORobotics/localization_ws/install/rtcm_msgs/share/rtcm_msgs/cmake/export_rtcm_msgs__rosidl_typesupport_fastrtps_cExport.cmake
[8.442s] -- Installing: /home/dev/ORobotics/localization_ws/install/rtcm_msgs/share/rtcm_msgs/cmake/export_rtcm_msgs__rosidl_typesupport_fastrtps_cExport-noconfig.cmake
[8.443s] -- Installing: /home/dev/ORobotics/localization_ws/install/rtcm_msgs/share/rtcm_msgs/cmake/export_rtcm_msgs__rosidl_generator_cppExport.cmake
[8.457s] -- Installing: /home/dev/ORobotics/localization_ws/install/rtcm_msgs/share/rtcm_msgs/cmake/export_rtcm_msgs__rosidl_typesupport_fastrtps_cppExport.cmake
[8.466s] -- Installing: /home/dev/ORobotics/localization_ws/install/rtcm_msgs/share/rtcm_msgs/cmake/export_rtcm_msgs__rosidl_typesupport_fastrtps_cppExport-noconfig.cmake
[8.469s] -- Installing: /home/dev/ORobotics/localization_ws/install/rtcm_msgs/share/rtcm_msgs/cmake/rtcm_msgs__rosidl_typesupport_introspection_cExport.cmake
[8.470s] -- Installing: /home/dev/ORobotics/localization_ws/install/rtcm_msgs/share/rtcm_msgs/cmake/rtcm_msgs__rosidl_typesupport_introspection_cExport-noconfig.cmake
[8.477s] -- Installing: /home/dev/ORobotics/localization_ws/install/rtcm_msgs/share/rtcm_msgs/cmake/rtcm_msgs__rosidl_typesupport_cExport.cmake
[8.490s] -- Installing: /home/dev/ORobotics/localization_ws/install/rtcm_msgs/share/rtcm_msgs/cmake/rtcm_msgs__rosidl_typesupport_cExport-noconfig.cmake
[8.492s] -- Installing: /home/dev/ORobotics/localization_ws/install/rtcm_msgs/share/rtcm_msgs/cmake/rtcm_msgs__rosidl_typesupport_introspection_cppExport.cmake
[8.492s] -- Installing: /home/dev/ORobotics/localization_ws/install/rtcm_msgs/share/rtcm_msgs/cmake/rtcm_msgs__rosidl_typesupport_introspection_cppExport-noconfig.cmake
[8.504s] -- Installing: /home/dev/ORobotics/localization_ws/install/rtcm_msgs/share/rtcm_msgs/cmake/rtcm_msgs__rosidl_typesupport_cppExport.cmake
[8.505s] -- Installing: /home/dev/ORobotics/localization_ws/install/rtcm_msgs/share/rtcm_msgs/cmake/rtcm_msgs__rosidl_typesupport_cppExport-noconfig.cmake
[8.516s] -- Installing: /home/dev/ORobotics/localization_ws/install/rtcm_msgs/share/rtcm_msgs/cmake/export_rtcm_msgs__rosidl_generator_pyExport.cmake
[8.517s] -- Installing: /home/dev/ORobotics/localization_ws/install/rtcm_msgs/share/rtcm_msgs/cmake/export_rtcm_msgs__rosidl_generator_pyExport-noconfig.cmake
[8.523s] -- Installing: /home/dev/ORobotics/localization_ws/install/rtcm_msgs/share/rtcm_msgs/cmake/rosidl_cmake-extras.cmake
[8.532s] -- Installing: /home/dev/ORobotics/localization_ws/install/rtcm_msgs/share/rtcm_msgs/cmake/ament_cmake_export_dependencies-extras.cmake
[8.533s] -- Installing: /home/dev/ORobotics/localization_ws/install/rtcm_msgs/share/rtcm_msgs/cmake/ament_cmake_export_include_directories-extras.cmake
[8.552s] -- Installing: /home/dev/ORobotics/localization_ws/install/rtcm_msgs/share/rtcm_msgs/cmake/ament_cmake_export_libraries-extras.cmake
[8.558s] -- Installing: /home/dev/ORobotics/localization_ws/install/rtcm_msgs/share/rtcm_msgs/cmake/ament_cmake_export_targets-extras.cmake
[8.561s] -- Installing: /home/dev/ORobotics/localization_ws/install/rtcm_msgs/share/rtcm_msgs/cmake/rosidl_cmake_export_typesupport_targets-extras.cmake
[8.563s] -- Installing: /home/dev/ORobotics/localization_ws/install/rtcm_msgs/share/rtcm_msgs/cmake/rosidl_cmake_export_typesupport_libraries-extras.cmake
[8.563s] -- Installing: /home/dev/ORobotics/localization_ws/install/rtcm_msgs/share/rtcm_msgs/cmake/rtcm_msgsConfig.cmake
[8.574s] -- Installing: /home/dev/ORobotics/localization_ws/install/rtcm_msgs/share/rtcm_msgs/cmake/rtcm_msgsConfig-version.cmake
[8.590s] -- Installing: /home/dev/ORobotics/localization_ws/install/rtcm_msgs/share/rtcm_msgs/package.xml
[8.604s] Invoked command in '/home/dev/ORobotics/localization_ws/build/rtcm_msgs' returned '0': CMAKE_PREFIX_PATH=/home/dev/ORobotics/localization_ws/install/bag_recorder:/opt/ros/humble /usr/bin/cmake --install /home/dev/ORobotics/localization_ws/build/rtcm_msgs
