[35m[1mConsolidate compiler generated dependencies of target ublox_ubx_interfaces__rosidl_generator_c[0m
[  1%] Built target ublox_ubx_interfaces__cpp
[ 12%] Built target ublox_ubx_interfaces__rosidl_generator_c
[35m[1mConsolidate compiler generated dependencies of target ublox_ubx_interfaces__rosidl_typesupport_cpp[0m
[35m[1mConsolidate compiler generated dependencies of target ublox_ubx_interfaces__rosidl_typesupport_fastrtps_cpp[0m
[ 12%] Built target ament_cmake_python_copy_ublox_ubx_interfaces
[35m[1mConsolidate compiler generated dependencies of target ublox_ubx_interfaces__rosidl_typesupport_introspection_cpp[0m
[ 23%] Built target ublox_ubx_interfaces__rosidl_typesupport_cpp
[35m[1mConsolidate compiler generated dependencies of target ublox_ubx_interfaces__rosidl_typesupport_fastrtps_c[0m
[ 34%] Built target ublox_ubx_interfaces__rosidl_typesupport_fastrtps_cpp
[35m[1mConsolidate compiler generated dependencies of target ublox_ubx_interfaces__rosidl_typesupport_introspection_c[0m
[ 45%] Built target ublox_ubx_interfaces__rosidl_typesupport_introspection_cpp
[ 56%] Built target ublox_ubx_interfaces__rosidl_typesupport_fastrtps_c
[35m[1mConsolidate compiler generated dependencies of target ublox_ubx_interfaces__rosidl_typesupport_c[0m
[ 67%] Built target ublox_ubx_interfaces__rosidl_typesupport_introspection_c
[ 78%] Built target ublox_ubx_interfaces__rosidl_typesupport_c
[ 78%] Built target ublox_ubx_interfaces
[ 80%] Built target ublox_ubx_interfaces__py
[35m[1mConsolidate compiler generated dependencies of target ublox_ubx_interfaces__rosidl_generator_py[0m
[ 89%] Built target ublox_ubx_interfaces__rosidl_generator_py
[35m[1mConsolidate compiler generated dependencies of target ublox_ubx_interfaces__rosidl_typesupport_fastrtps_c__pyext[0m
[35m[1mConsolidate compiler generated dependencies of target ublox_ubx_interfaces__rosidl_typesupport_introspection_c__pyext[0m
[35m[1mConsolidate compiler generated dependencies of target ublox_ubx_interfaces__rosidl_typesupport_c__pyext[0m
[ 92%] Built target ublox_ubx_interfaces__rosidl_typesupport_introspection_c__pyext
[ 96%] Built target ublox_ubx_interfaces__rosidl_typesupport_fastrtps_c__pyext
[100%] Built target ublox_ubx_interfaces__rosidl_typesupport_c__pyext
running egg_info
writing ublox_ubx_interfaces.egg-info/PKG-INFO
writing dependency_links to ublox_ubx_interfaces.egg-info/dependency_links.txt
writing top-level names to ublox_ubx_interfaces.egg-info/top_level.txt
reading manifest file 'ublox_ubx_interfaces.egg-info/SOURCES.txt'
writing manifest file 'ublox_ubx_interfaces.egg-info/SOURCES.txt'
[100%] Built target ament_cmake_python_build_ublox_ubx_interfaces_egg
-- Install configuration: ""
-- Installing: /home/dev/ORobotics/localization_ws/install/ublox_ubx_interfaces/share/ament_index/resource_index/rosidl_interfaces/ublox_ubx_interfaces
-- Installing: /home/dev/ORobotics/localization_ws/install/ublox_ubx_interfaces/include/ublox_ubx_interfaces/ublox_ubx_interfaces
-- Installing: /home/dev/ORobotics/localization_ws/install/ublox_ubx_interfaces/include/ublox_ubx_interfaces/ublox_ubx_interfaces/msg
-- Installing: /home/dev/ORobotics/localization_ws/install/ublox_ubx_interfaces/include/ublox_ubx_interfaces/ublox_ubx_interfaces/msg/rosidl_generator_c__visibility_control.h
-- Installing: /home/dev/ORobotics/localization_ws/install/ublox_ubx_interfaces/include/ublox_ubx_interfaces/ublox_ubx_interfaces/srv
-- Installing: /home/dev/ORobotics/localization_ws/install/ublox_ubx_interfaces/include/ublox_ubx_interfaces/ublox_ubx_interfaces/srv/warm_start.h
-- Installing: /home/dev/ORobotics/localization_ws/install/ublox_ubx_interfaces/include/ublox_ubx_interfaces/ublox_ubx_interfaces/srv/cold_start.h
-- Installing: /home/dev/ORobotics/localization_ws/install/ublox_ubx_interfaces/include/ublox_ubx_interfaces/ublox_ubx_interfaces/srv/detail
-- Installing: /home/dev/ORobotics/localization_ws/install/ublox_ubx_interfaces/include/ublox_ubx_interfaces/ublox_ubx_interfaces/srv/detail/warm_start__type_support.h
-- Installing: /home/dev/ORobotics/localization_ws/install/ublox_ubx_interfaces/include/ublox_ubx_interfaces/ublox_ubx_interfaces/srv/detail/cold_start__functions.c
-- Installing: /home/dev/ORobotics/localization_ws/install/ublox_ubx_interfaces/include/ublox_ubx_interfaces/ublox_ubx_interfaces/srv/detail/cold_start__type_support.h
-- Installing: /home/dev/ORobotics/localization_ws/install/ublox_ubx_interfaces/include/ublox_ubx_interfaces/ublox_ubx_interfaces/srv/detail/hot_start__functions.c
-- Installing: /home/dev/ORobotics/localization_ws/install/ublox_ubx_interfaces/include/ublox_ubx_interfaces/ublox_ubx_interfaces/srv/detail/hot_start__functions.h
-- Installing: /home/dev/ORobotics/localization_ws/install/ublox_ubx_interfaces/include/ublox_ubx_interfaces/ublox_ubx_interfaces/srv/detail/reset_odo__struct.h
-- Installing: /home/dev/ORobotics/localization_ws/install/ublox_ubx_interfaces/include/ublox_ubx_interfaces/ublox_ubx_interfaces/srv/detail/hot_start__type_support.h
-- Installing: /home/dev/ORobotics/localization_ws/install/ublox_ubx_interfaces/include/ublox_ubx_interfaces/ublox_ubx_interfaces/srv/detail/reset_odo__type_support.h
-- Installing: /home/dev/ORobotics/localization_ws/install/ublox_ubx_interfaces/include/ublox_ubx_interfaces/ublox_ubx_interfaces/srv/detail/warm_start__struct.h
-- Installing: /home/dev/ORobotics/localization_ws/install/ublox_ubx_interfaces/include/ublox_ubx_interfaces/ublox_ubx_interfaces/srv/detail/cold_start__struct.h
-- Installing: /home/dev/ORobotics/localization_ws/install/ublox_ubx_interfaces/include/ublox_ubx_interfaces/ublox_ubx_interfaces/srv/detail/reset_odo__functions.c
-- Installing: /home/dev/ORobotics/localization_ws/install/ublox_ubx_interfaces/include/ublox_ubx_interfaces/ublox_ubx_interfaces/srv/detail/warm_start__functions.c
-- Installing: /home/dev/ORobotics/localization_ws/install/ublox_ubx_interfaces/include/ublox_ubx_interfaces/ublox_ubx_interfaces/srv/detail/reset_odo__functions.h
-- Installing: /home/dev/ORobotics/localization_ws/install/ublox_ubx_interfaces/include/ublox_ubx_interfaces/ublox_ubx_interfaces/srv/detail/cold_start__functions.h
-- Installing: /home/dev/ORobotics/localization_ws/install/ublox_ubx_interfaces/include/ublox_ubx_interfaces/ublox_ubx_interfaces/srv/detail/hot_start__struct.h
-- Installing: /home/dev/ORobotics/localization_ws/install/ublox_ubx_interfaces/include/ublox_ubx_interfaces/ublox_ubx_interfaces/srv/detail/warm_start__functions.h
-- Installing: /home/dev/ORobotics/localization_ws/install/ublox_ubx_interfaces/include/ublox_ubx_interfaces/ublox_ubx_interfaces/srv/reset_odo.h
-- Installing: /home/dev/ORobotics/localization_ws/install/ublox_ubx_interfaces/include/ublox_ubx_interfaces/ublox_ubx_interfaces/srv/hot_start.h
-- Installing: /home/dev/ORobotics/localization_ws/install/ublox_ubx_interfaces/share/ublox_ubx_interfaces/environment/library_path.sh
-- Installing: /home/dev/ORobotics/localization_ws/install/ublox_ubx_interfaces/share/ublox_ubx_interfaces/environment/library_path.dsv
-- Installing: /home/dev/ORobotics/localization_ws/install/ublox_ubx_interfaces/lib/libublox_ubx_interfaces__rosidl_generator_c.so
-- Set runtime path of "/home/dev/ORobotics/localization_ws/install/ublox_ubx_interfaces/lib/libublox_ubx_interfaces__rosidl_generator_c.so" to ""
-- Up-to-date: /home/dev/ORobotics/localization_ws/install/ublox_ubx_interfaces/include/ublox_ubx_interfaces/ublox_ubx_interfaces
-- Up-to-date: /home/dev/ORobotics/localization_ws/install/ublox_ubx_interfaces/include/ublox_ubx_interfaces/ublox_ubx_interfaces/msg
-- Installing: /home/dev/ORobotics/localization_ws/install/ublox_ubx_interfaces/include/ublox_ubx_interfaces/ublox_ubx_interfaces/msg/rosidl_typesupport_fastrtps_c__visibility_control.h
-- Up-to-date: /home/dev/ORobotics/localization_ws/install/ublox_ubx_interfaces/include/ublox_ubx_interfaces/ublox_ubx_interfaces/srv
-- Up-to-date: /home/dev/ORobotics/localization_ws/install/ublox_ubx_interfaces/include/ublox_ubx_interfaces/ublox_ubx_interfaces/srv/detail
-- Installing: /home/dev/ORobotics/localization_ws/install/ublox_ubx_interfaces/include/ublox_ubx_interfaces/ublox_ubx_interfaces/srv/detail/warm_start__rosidl_typesupport_fastrtps_c.h
-- Installing: /home/dev/ORobotics/localization_ws/install/ublox_ubx_interfaces/include/ublox_ubx_interfaces/ublox_ubx_interfaces/srv/detail/hot_start__rosidl_typesupport_fastrtps_c.h
-- Installing: /home/dev/ORobotics/localization_ws/install/ublox_ubx_interfaces/include/ublox_ubx_interfaces/ublox_ubx_interfaces/srv/detail/cold_start__rosidl_typesupport_fastrtps_c.h
-- Installing: /home/dev/ORobotics/localization_ws/install/ublox_ubx_interfaces/include/ublox_ubx_interfaces/ublox_ubx_interfaces/srv/detail/reset_odo__rosidl_typesupport_fastrtps_c.h
-- Installing: /home/dev/ORobotics/localization_ws/install/ublox_ubx_interfaces/lib/libublox_ubx_interfaces__rosidl_typesupport_fastrtps_c.so
-- Set runtime path of "/home/dev/ORobotics/localization_ws/install/ublox_ubx_interfaces/lib/libublox_ubx_interfaces__rosidl_typesupport_fastrtps_c.so" to ""
-- Up-to-date: /home/dev/ORobotics/localization_ws/install/ublox_ubx_interfaces/include/ublox_ubx_interfaces/ublox_ubx_interfaces
-- Up-to-date: /home/dev/ORobotics/localization_ws/install/ublox_ubx_interfaces/include/ublox_ubx_interfaces/ublox_ubx_interfaces/msg
-- Installing: /home/dev/ORobotics/localization_ws/install/ublox_ubx_interfaces/include/ublox_ubx_interfaces/ublox_ubx_interfaces/msg/rosidl_typesupport_introspection_c__visibility_control.h
-- Up-to-date: /home/dev/ORobotics/localization_ws/install/ublox_ubx_interfaces/include/ublox_ubx_interfaces/ublox_ubx_interfaces/srv
-- Up-to-date: /home/dev/ORobotics/localization_ws/install/ublox_ubx_interfaces/include/ublox_ubx_interfaces/ublox_ubx_interfaces/srv/detail
-- Installing: /home/dev/ORobotics/localization_ws/install/ublox_ubx_interfaces/include/ublox_ubx_interfaces/ublox_ubx_interfaces/srv/detail/reset_odo__rosidl_typesupport_introspection_c.h
-- Installing: /home/dev/ORobotics/localization_ws/install/ublox_ubx_interfaces/include/ublox_ubx_interfaces/ublox_ubx_interfaces/srv/detail/warm_start__rosidl_typesupport_introspection_c.h
-- Installing: /home/dev/ORobotics/localization_ws/install/ublox_ubx_interfaces/include/ublox_ubx_interfaces/ublox_ubx_interfaces/srv/detail/reset_odo__type_support.c
-- Installing: /home/dev/ORobotics/localization_ws/install/ublox_ubx_interfaces/include/ublox_ubx_interfaces/ublox_ubx_interfaces/srv/detail/cold_start__rosidl_typesupport_introspection_c.h
-- Installing: /home/dev/ORobotics/localization_ws/install/ublox_ubx_interfaces/include/ublox_ubx_interfaces/ublox_ubx_interfaces/srv/detail/cold_start__type_support.c
-- Installing: /home/dev/ORobotics/localization_ws/install/ublox_ubx_interfaces/include/ublox_ubx_interfaces/ublox_ubx_interfaces/srv/detail/hot_start__type_support.c
-- Installing: /home/dev/ORobotics/localization_ws/install/ublox_ubx_interfaces/include/ublox_ubx_interfaces/ublox_ubx_interfaces/srv/detail/warm_start__type_support.c
-- Installing: /home/dev/ORobotics/localization_ws/install/ublox_ubx_interfaces/include/ublox_ubx_interfaces/ublox_ubx_interfaces/srv/detail/hot_start__rosidl_typesupport_introspection_c.h
-- Installing: /home/dev/ORobotics/localization_ws/install/ublox_ubx_interfaces/lib/libublox_ubx_interfaces__rosidl_typesupport_introspection_c.so
-- Set runtime path of "/home/dev/ORobotics/localization_ws/install/ublox_ubx_interfaces/lib/libublox_ubx_interfaces__rosidl_typesupport_introspection_c.so" to ""
-- Installing: /home/dev/ORobotics/localization_ws/install/ublox_ubx_interfaces/lib/libublox_ubx_interfaces__rosidl_typesupport_c.so
-- Set runtime path of "/home/dev/ORobotics/localization_ws/install/ublox_ubx_interfaces/lib/libublox_ubx_interfaces__rosidl_typesupport_c.so" to ""
-- Up-to-date: /home/dev/ORobotics/localization_ws/install/ublox_ubx_interfaces/include/ublox_ubx_interfaces/ublox_ubx_interfaces
-- Up-to-date: /home/dev/ORobotics/localization_ws/install/ublox_ubx_interfaces/include/ublox_ubx_interfaces/ublox_ubx_interfaces/msg
-- Installing: /home/dev/ORobotics/localization_ws/install/ublox_ubx_interfaces/include/ublox_ubx_interfaces/ublox_ubx_interfaces/msg/rosidl_generator_cpp__visibility_control.hpp
-- Up-to-date: /home/dev/ORobotics/localization_ws/install/ublox_ubx_interfaces/include/ublox_ubx_interfaces/ublox_ubx_interfaces/srv
-- Installing: /home/dev/ORobotics/localization_ws/install/ublox_ubx_interfaces/include/ublox_ubx_interfaces/ublox_ubx_interfaces/srv/cold_start.hpp
-- Installing: /home/dev/ORobotics/localization_ws/install/ublox_ubx_interfaces/include/ublox_ubx_interfaces/ublox_ubx_interfaces/srv/hot_start.hpp
-- Installing: /home/dev/ORobotics/localization_ws/install/ublox_ubx_interfaces/include/ublox_ubx_interfaces/ublox_ubx_interfaces/srv/reset_odo.hpp
-- Installing: /home/dev/ORobotics/localization_ws/install/ublox_ubx_interfaces/include/ublox_ubx_interfaces/ublox_ubx_interfaces/srv/warm_start.hpp
-- Up-to-date: /home/dev/ORobotics/localization_ws/install/ublox_ubx_interfaces/include/ublox_ubx_interfaces/ublox_ubx_interfaces/srv/detail
-- Installing: /home/dev/ORobotics/localization_ws/install/ublox_ubx_interfaces/include/ublox_ubx_interfaces/ublox_ubx_interfaces/srv/detail/warm_start__traits.hpp
-- Installing: /home/dev/ORobotics/localization_ws/install/ublox_ubx_interfaces/include/ublox_ubx_interfaces/ublox_ubx_interfaces/srv/detail/warm_start__struct.hpp
-- Installing: /home/dev/ORobotics/localization_ws/install/ublox_ubx_interfaces/include/ublox_ubx_interfaces/ublox_ubx_interfaces/srv/detail/cold_start__type_support.hpp
-- Installing: /home/dev/ORobotics/localization_ws/install/ublox_ubx_interfaces/include/ublox_ubx_interfaces/ublox_ubx_interfaces/srv/detail/reset_odo__builder.hpp
-- Installing: /home/dev/ORobotics/localization_ws/install/ublox_ubx_interfaces/include/ublox_ubx_interfaces/ublox_ubx_interfaces/srv/detail/hot_start__builder.hpp
-- Installing: /home/dev/ORobotics/localization_ws/install/ublox_ubx_interfaces/include/ublox_ubx_interfaces/ublox_ubx_interfaces/srv/detail/warm_start__type_support.hpp
-- Installing: /home/dev/ORobotics/localization_ws/install/ublox_ubx_interfaces/include/ublox_ubx_interfaces/ublox_ubx_interfaces/srv/detail/hot_start__struct.hpp
-- Installing: /home/dev/ORobotics/localization_ws/install/ublox_ubx_interfaces/include/ublox_ubx_interfaces/ublox_ubx_interfaces/srv/detail/hot_start__traits.hpp
-- Installing: /home/dev/ORobotics/localization_ws/install/ublox_ubx_interfaces/include/ublox_ubx_interfaces/ublox_ubx_interfaces/srv/detail/reset_odo__traits.hpp
-- Installing: /home/dev/ORobotics/localization_ws/install/ublox_ubx_interfaces/include/ublox_ubx_interfaces/ublox_ubx_interfaces/srv/detail/reset_odo__type_support.hpp
-- Installing: /home/dev/ORobotics/localization_ws/install/ublox_ubx_interfaces/include/ublox_ubx_interfaces/ublox_ubx_interfaces/srv/detail/reset_odo__struct.hpp
-- Installing: /home/dev/ORobotics/localization_ws/install/ublox_ubx_interfaces/include/ublox_ubx_interfaces/ublox_ubx_interfaces/srv/detail/cold_start__traits.hpp
-- Installing: /home/dev/ORobotics/localization_ws/install/ublox_ubx_interfaces/include/ublox_ubx_interfaces/ublox_ubx_interfaces/srv/detail/warm_start__builder.hpp
-- Installing: /home/dev/ORobotics/localization_ws/install/ublox_ubx_interfaces/include/ublox_ubx_interfaces/ublox_ubx_interfaces/srv/detail/hot_start__type_support.hpp
-- Installing: /home/dev/ORobotics/localization_ws/install/ublox_ubx_interfaces/include/ublox_ubx_interfaces/ublox_ubx_interfaces/srv/detail/cold_start__builder.hpp
-- Installing: /home/dev/ORobotics/localization_ws/install/ublox_ubx_interfaces/include/ublox_ubx_interfaces/ublox_ubx_interfaces/srv/detail/cold_start__struct.hpp
-- Up-to-date: /home/dev/ORobotics/localization_ws/install/ublox_ubx_interfaces/include/ublox_ubx_interfaces/ublox_ubx_interfaces
-- Up-to-date: /home/dev/ORobotics/localization_ws/install/ublox_ubx_interfaces/include/ublox_ubx_interfaces/ublox_ubx_interfaces/msg
-- Installing: /home/dev/ORobotics/localization_ws/install/ublox_ubx_interfaces/include/ublox_ubx_interfaces/ublox_ubx_interfaces/msg/rosidl_typesupport_fastrtps_cpp__visibility_control.h
-- Up-to-date: /home/dev/ORobotics/localization_ws/install/ublox_ubx_interfaces/include/ublox_ubx_interfaces/ublox_ubx_interfaces/srv
-- Up-to-date: /home/dev/ORobotics/localization_ws/install/ublox_ubx_interfaces/include/ublox_ubx_interfaces/ublox_ubx_interfaces/srv/detail
-- Installing: /home/dev/ORobotics/localization_ws/install/ublox_ubx_interfaces/include/ublox_ubx_interfaces/ublox_ubx_interfaces/srv/detail/dds_fastrtps
-- Installing: /home/dev/ORobotics/localization_ws/install/ublox_ubx_interfaces/include/ublox_ubx_interfaces/ublox_ubx_interfaces/srv/detail/hot_start__rosidl_typesupport_fastrtps_cpp.hpp
-- Installing: /home/dev/ORobotics/localization_ws/install/ublox_ubx_interfaces/include/ublox_ubx_interfaces/ublox_ubx_interfaces/srv/detail/warm_start__rosidl_typesupport_fastrtps_cpp.hpp
-- Installing: /home/dev/ORobotics/localization_ws/install/ublox_ubx_interfaces/include/ublox_ubx_interfaces/ublox_ubx_interfaces/srv/detail/reset_odo__rosidl_typesupport_fastrtps_cpp.hpp
-- Installing: /home/dev/ORobotics/localization_ws/install/ublox_ubx_interfaces/include/ublox_ubx_interfaces/ublox_ubx_interfaces/srv/detail/cold_start__rosidl_typesupport_fastrtps_cpp.hpp
-- Installing: /home/dev/ORobotics/localization_ws/install/ublox_ubx_interfaces/lib/libublox_ubx_interfaces__rosidl_typesupport_fastrtps_cpp.so
-- Set runtime path of "/home/dev/ORobotics/localization_ws/install/ublox_ubx_interfaces/lib/libublox_ubx_interfaces__rosidl_typesupport_fastrtps_cpp.so" to ""
-- Up-to-date: /home/dev/ORobotics/localization_ws/install/ublox_ubx_interfaces/include/ublox_ubx_interfaces/ublox_ubx_interfaces
-- Up-to-date: /home/dev/ORobotics/localization_ws/install/ublox_ubx_interfaces/include/ublox_ubx_interfaces/ublox_ubx_interfaces/srv
-- Up-to-date: /home/dev/ORobotics/localization_ws/install/ublox_ubx_interfaces/include/ublox_ubx_interfaces/ublox_ubx_interfaces/srv/detail
-- Installing: /home/dev/ORobotics/localization_ws/install/ublox_ubx_interfaces/include/ublox_ubx_interfaces/ublox_ubx_interfaces/srv/detail/warm_start__type_support.cpp
-- Installing: /home/dev/ORobotics/localization_ws/install/ublox_ubx_interfaces/include/ublox_ubx_interfaces/ublox_ubx_interfaces/srv/detail/reset_odo__type_support.cpp
-- Installing: /home/dev/ORobotics/localization_ws/install/ublox_ubx_interfaces/include/ublox_ubx_interfaces/ublox_ubx_interfaces/srv/detail/cold_start__type_support.cpp
-- Installing: /home/dev/ORobotics/localization_ws/install/ublox_ubx_interfaces/include/ublox_ubx_interfaces/ublox_ubx_interfaces/srv/detail/cold_start__rosidl_typesupport_introspection_cpp.hpp
-- Installing: /home/dev/ORobotics/localization_ws/install/ublox_ubx_interfaces/include/ublox_ubx_interfaces/ublox_ubx_interfaces/srv/detail/hot_start__rosidl_typesupport_introspection_cpp.hpp
-- Installing: /home/dev/ORobotics/localization_ws/install/ublox_ubx_interfaces/include/ublox_ubx_interfaces/ublox_ubx_interfaces/srv/detail/warm_start__rosidl_typesupport_introspection_cpp.hpp
-- Installing: /home/dev/ORobotics/localization_ws/install/ublox_ubx_interfaces/include/ublox_ubx_interfaces/ublox_ubx_interfaces/srv/detail/reset_odo__rosidl_typesupport_introspection_cpp.hpp
-- Installing: /home/dev/ORobotics/localization_ws/install/ublox_ubx_interfaces/include/ublox_ubx_interfaces/ublox_ubx_interfaces/srv/detail/hot_start__type_support.cpp
-- Installing: /home/dev/ORobotics/localization_ws/install/ublox_ubx_interfaces/lib/libublox_ubx_interfaces__rosidl_typesupport_introspection_cpp.so
-- Set runtime path of "/home/dev/ORobotics/localization_ws/install/ublox_ubx_interfaces/lib/libublox_ubx_interfaces__rosidl_typesupport_introspection_cpp.so" to ""
-- Installing: /home/dev/ORobotics/localization_ws/install/ublox_ubx_interfaces/lib/libublox_ubx_interfaces__rosidl_typesupport_cpp.so
-- Set runtime path of "/home/dev/ORobotics/localization_ws/install/ublox_ubx_interfaces/lib/libublox_ubx_interfaces__rosidl_typesupport_cpp.so" to ""
-- Installing: /home/dev/ORobotics/localization_ws/install/ublox_ubx_interfaces/share/ublox_ubx_interfaces/environment/pythonpath.sh
-- Installing: /home/dev/ORobotics/localization_ws/install/ublox_ubx_interfaces/share/ublox_ubx_interfaces/environment/pythonpath.dsv
-- Installing: /home/dev/ORobotics/localization_ws/install/ublox_ubx_interfaces/local/lib/python3.10/dist-packages/ublox_ubx_interfaces-0.5.3-py3.10.egg-info
-- Installing: /home/dev/ORobotics/localization_ws/install/ublox_ubx_interfaces/local/lib/python3.10/dist-packages/ublox_ubx_interfaces-0.5.3-py3.10.egg-info/PKG-INFO
-- Installing: /home/dev/ORobotics/localization_ws/install/ublox_ubx_interfaces/local/lib/python3.10/dist-packages/ublox_ubx_interfaces-0.5.3-py3.10.egg-info/top_level.txt
-- Installing: /home/dev/ORobotics/localization_ws/install/ublox_ubx_interfaces/local/lib/python3.10/dist-packages/ublox_ubx_interfaces-0.5.3-py3.10.egg-info/SOURCES.txt
-- Installing: /home/dev/ORobotics/localization_ws/install/ublox_ubx_interfaces/local/lib/python3.10/dist-packages/ublox_ubx_interfaces-0.5.3-py3.10.egg-info/dependency_links.txt
-- Installing: /home/dev/ORobotics/localization_ws/install/ublox_ubx_interfaces/local/lib/python3.10/dist-packages/ublox_ubx_interfaces
-- Installing: /home/dev/ORobotics/localization_ws/install/ublox_ubx_interfaces/local/lib/python3.10/dist-packages/ublox_ubx_interfaces/ublox_ubx_interfaces_s__rosidl_typesupport_fastrtps_c.cpython-310-aarch64-linux-gnu.so
-- Installing: /home/dev/ORobotics/localization_ws/install/ublox_ubx_interfaces/local/lib/python3.10/dist-packages/ublox_ubx_interfaces/__init__.py
-- Installing: /home/dev/ORobotics/localization_ws/install/ublox_ubx_interfaces/local/lib/python3.10/dist-packages/ublox_ubx_interfaces/ublox_ubx_interfaces_s__rosidl_typesupport_c.cpython-310-aarch64-linux-gnu.so
-- Installing: /home/dev/ORobotics/localization_ws/install/ublox_ubx_interfaces/local/lib/python3.10/dist-packages/ublox_ubx_interfaces/_ublox_ubx_interfaces_s.ep.rosidl_typesupport_c.c
-- Installing: /home/dev/ORobotics/localization_ws/install/ublox_ubx_interfaces/local/lib/python3.10/dist-packages/ublox_ubx_interfaces/ublox_ubx_interfaces_s__rosidl_typesupport_introspection_c.cpython-310-aarch64-linux-gnu.so
-- Installing: /home/dev/ORobotics/localization_ws/install/ublox_ubx_interfaces/local/lib/python3.10/dist-packages/ublox_ubx_interfaces/_ublox_ubx_interfaces_s.ep.rosidl_typesupport_introspection_c.c
-- Installing: /home/dev/ORobotics/localization_ws/install/ublox_ubx_interfaces/local/lib/python3.10/dist-packages/ublox_ubx_interfaces/libublox_ubx_interfaces__rosidl_generator_py.so
-- Installing: /home/dev/ORobotics/localization_ws/install/ublox_ubx_interfaces/local/lib/python3.10/dist-packages/ublox_ubx_interfaces/srv
-- Installing: /home/dev/ORobotics/localization_ws/install/ublox_ubx_interfaces/local/lib/python3.10/dist-packages/ublox_ubx_interfaces/srv/_hot_start.py
-- Installing: /home/dev/ORobotics/localization_ws/install/ublox_ubx_interfaces/local/lib/python3.10/dist-packages/ublox_ubx_interfaces/srv/__init__.py
-- Installing: /home/dev/ORobotics/localization_ws/install/ublox_ubx_interfaces/local/lib/python3.10/dist-packages/ublox_ubx_interfaces/srv/_warm_start_s.c
-- Installing: /home/dev/ORobotics/localization_ws/install/ublox_ubx_interfaces/local/lib/python3.10/dist-packages/ublox_ubx_interfaces/srv/_cold_start_s.c
-- Installing: /home/dev/ORobotics/localization_ws/install/ublox_ubx_interfaces/local/lib/python3.10/dist-packages/ublox_ubx_interfaces/srv/_hot_start_s.c
-- Installing: /home/dev/ORobotics/localization_ws/install/ublox_ubx_interfaces/local/lib/python3.10/dist-packages/ublox_ubx_interfaces/srv/_reset_odo_s.c
-- Installing: /home/dev/ORobotics/localization_ws/install/ublox_ubx_interfaces/local/lib/python3.10/dist-packages/ublox_ubx_interfaces/srv/_reset_odo.py
-- Installing: /home/dev/ORobotics/localization_ws/install/ublox_ubx_interfaces/local/lib/python3.10/dist-packages/ublox_ubx_interfaces/srv/_cold_start.py
-- Installing: /home/dev/ORobotics/localization_ws/install/ublox_ubx_interfaces/local/lib/python3.10/dist-packages/ublox_ubx_interfaces/srv/_warm_start.py
-- Installing: /home/dev/ORobotics/localization_ws/install/ublox_ubx_interfaces/local/lib/python3.10/dist-packages/ublox_ubx_interfaces/_ublox_ubx_interfaces_s.ep.rosidl_typesupport_fastrtps_c.c
Listing '/home/dev/ORobotics/localization_ws/install/ublox_ubx_interfaces/local/lib/python3.10/dist-packages/ublox_ubx_interfaces'...
Compiling '/home/dev/ORobotics/localization_ws/install/ublox_ubx_interfaces/local/lib/python3.10/dist-packages/ublox_ubx_interfaces/__init__.py'...
Listing '/home/dev/ORobotics/localization_ws/install/ublox_ubx_interfaces/local/lib/python3.10/dist-packages/ublox_ubx_interfaces/srv'...
Compiling '/home/dev/ORobotics/localization_ws/install/ublox_ubx_interfaces/local/lib/python3.10/dist-packages/ublox_ubx_interfaces/srv/__init__.py'...
Compiling '/home/dev/ORobotics/localization_ws/install/ublox_ubx_interfaces/local/lib/python3.10/dist-packages/ublox_ubx_interfaces/srv/_cold_start.py'...
Compiling '/home/dev/ORobotics/localization_ws/install/ublox_ubx_interfaces/local/lib/python3.10/dist-packages/ublox_ubx_interfaces/srv/_hot_start.py'...
Compiling '/home/dev/ORobotics/localization_ws/install/ublox_ubx_interfaces/local/lib/python3.10/dist-packages/ublox_ubx_interfaces/srv/_reset_odo.py'...
Compiling '/home/dev/ORobotics/localization_ws/install/ublox_ubx_interfaces/local/lib/python3.10/dist-packages/ublox_ubx_interfaces/srv/_warm_start.py'...
-- Installing: /home/dev/ORobotics/localization_ws/install/ublox_ubx_interfaces/local/lib/python3.10/dist-packages/ublox_ubx_interfaces/ublox_ubx_interfaces_s__rosidl_typesupport_fastrtps_c.cpython-310-aarch64-linux-gnu.so
-- Set runtime path of "/home/dev/ORobotics/localization_ws/install/ublox_ubx_interfaces/local/lib/python3.10/dist-packages/ublox_ubx_interfaces/ublox_ubx_interfaces_s__rosidl_typesupport_fastrtps_c.cpython-310-aarch64-linux-gnu.so" to ""
-- Installing: /home/dev/ORobotics/localization_ws/install/ublox_ubx_interfaces/local/lib/python3.10/dist-packages/ublox_ubx_interfaces/ublox_ubx_interfaces_s__rosidl_typesupport_introspection_c.cpython-310-aarch64-linux-gnu.so
-- Set runtime path of "/home/dev/ORobotics/localization_ws/install/ublox_ubx_interfaces/local/lib/python3.10/dist-packages/ublox_ubx_interfaces/ublox_ubx_interfaces_s__rosidl_typesupport_introspection_c.cpython-310-aarch64-linux-gnu.so" to ""
-- Installing: /home/dev/ORobotics/localization_ws/install/ublox_ubx_interfaces/local/lib/python3.10/dist-packages/ublox_ubx_interfaces/ublox_ubx_interfaces_s__rosidl_typesupport_c.cpython-310-aarch64-linux-gnu.so
-- Set runtime path of "/home/dev/ORobotics/localization_ws/install/ublox_ubx_interfaces/local/lib/python3.10/dist-packages/ublox_ubx_interfaces/ublox_ubx_interfaces_s__rosidl_typesupport_c.cpython-310-aarch64-linux-gnu.so" to ""
-- Installing: /home/dev/ORobotics/localization_ws/install/ublox_ubx_interfaces/lib/libublox_ubx_interfaces__rosidl_generator_py.so
-- Set runtime path of "/home/dev/ORobotics/localization_ws/install/ublox_ubx_interfaces/lib/libublox_ubx_interfaces__rosidl_generator_py.so" to ""
-- Installing: /home/dev/ORobotics/localization_ws/install/ublox_ubx_interfaces/share/ublox_ubx_interfaces/srv/HotStart.idl
-- Installing: /home/dev/ORobotics/localization_ws/install/ublox_ubx_interfaces/share/ublox_ubx_interfaces/srv/WarmStart.idl
-- Installing: /home/dev/ORobotics/localization_ws/install/ublox_ubx_interfaces/share/ublox_ubx_interfaces/srv/ColdStart.idl
-- Installing: /home/dev/ORobotics/localization_ws/install/ublox_ubx_interfaces/share/ublox_ubx_interfaces/srv/ResetODO.idl
-- Installing: /home/dev/ORobotics/localization_ws/install/ublox_ubx_interfaces/share/ublox_ubx_interfaces/srv/HotStart.srv
-- Installing: /home/dev/ORobotics/localization_ws/install/ublox_ubx_interfaces/share/ublox_ubx_interfaces/srv/HotStart_Request.msg
-- Installing: /home/dev/ORobotics/localization_ws/install/ublox_ubx_interfaces/share/ublox_ubx_interfaces/srv/HotStart_Response.msg
-- Installing: /home/dev/ORobotics/localization_ws/install/ublox_ubx_interfaces/share/ublox_ubx_interfaces/srv/WarmStart.srv
-- Installing: /home/dev/ORobotics/localization_ws/install/ublox_ubx_interfaces/share/ublox_ubx_interfaces/srv/WarmStart_Request.msg
-- Installing: /home/dev/ORobotics/localization_ws/install/ublox_ubx_interfaces/share/ublox_ubx_interfaces/srv/WarmStart_Response.msg
-- Installing: /home/dev/ORobotics/localization_ws/install/ublox_ubx_interfaces/share/ublox_ubx_interfaces/srv/ColdStart.srv
-- Installing: /home/dev/ORobotics/localization_ws/install/ublox_ubx_interfaces/share/ublox_ubx_interfaces/srv/ColdStart_Request.msg
-- Installing: /home/dev/ORobotics/localization_ws/install/ublox_ubx_interfaces/share/ublox_ubx_interfaces/srv/ColdStart_Response.msg
-- Installing: /home/dev/ORobotics/localization_ws/install/ublox_ubx_interfaces/share/ublox_ubx_interfaces/srv/ResetODO.srv
-- Installing: /home/dev/ORobotics/localization_ws/install/ublox_ubx_interfaces/share/ublox_ubx_interfaces/srv/ResetODO_Request.msg
-- Installing: /home/dev/ORobotics/localization_ws/install/ublox_ubx_interfaces/share/ublox_ubx_interfaces/srv/ResetODO_Response.msg
-- Installing: /home/dev/ORobotics/localization_ws/install/ublox_ubx_interfaces/share/ament_index/resource_index/package_run_dependencies/ublox_ubx_interfaces
-- Installing: /home/dev/ORobotics/localization_ws/install/ublox_ubx_interfaces/share/ament_index/resource_index/parent_prefix_path/ublox_ubx_interfaces
-- Installing: /home/dev/ORobotics/localization_ws/install/ublox_ubx_interfaces/share/ublox_ubx_interfaces/environment/ament_prefix_path.sh
-- Installing: /home/dev/ORobotics/localization_ws/install/ublox_ubx_interfaces/share/ublox_ubx_interfaces/environment/ament_prefix_path.dsv
-- Installing: /home/dev/ORobotics/localization_ws/install/ublox_ubx_interfaces/share/ublox_ubx_interfaces/environment/path.sh
-- Installing: /home/dev/ORobotics/localization_ws/install/ublox_ubx_interfaces/share/ublox_ubx_interfaces/environment/path.dsv
-- Installing: /home/dev/ORobotics/localization_ws/install/ublox_ubx_interfaces/share/ublox_ubx_interfaces/local_setup.bash
-- Installing: /home/dev/ORobotics/localization_ws/install/ublox_ubx_interfaces/share/ublox_ubx_interfaces/local_setup.sh
-- Installing: /home/dev/ORobotics/localization_ws/install/ublox_ubx_interfaces/share/ublox_ubx_interfaces/local_setup.zsh
-- Installing: /home/dev/ORobotics/localization_ws/install/ublox_ubx_interfaces/share/ublox_ubx_interfaces/local_setup.dsv
-- Installing: /home/dev/ORobotics/localization_ws/install/ublox_ubx_interfaces/share/ublox_ubx_interfaces/package.dsv
-- Installing: /home/dev/ORobotics/localization_ws/install/ublox_ubx_interfaces/share/ament_index/resource_index/packages/ublox_ubx_interfaces
-- Installing: /home/dev/ORobotics/localization_ws/install/ublox_ubx_interfaces/share/ublox_ubx_interfaces/cmake/export_ublox_ubx_interfaces__rosidl_generator_cExport.cmake
-- Installing: /home/dev/ORobotics/localization_ws/install/ublox_ubx_interfaces/share/ublox_ubx_interfaces/cmake/export_ublox_ubx_interfaces__rosidl_generator_cExport-noconfig.cmake
-- Installing: /home/dev/ORobotics/localization_ws/install/ublox_ubx_interfaces/share/ublox_ubx_interfaces/cmake/export_ublox_ubx_interfaces__rosidl_typesupport_fastrtps_cExport.cmake
-- Installing: /home/dev/ORobotics/localization_ws/install/ublox_ubx_interfaces/share/ublox_ubx_interfaces/cmake/export_ublox_ubx_interfaces__rosidl_typesupport_fastrtps_cExport-noconfig.cmake
-- Installing: /home/dev/ORobotics/localization_ws/install/ublox_ubx_interfaces/share/ublox_ubx_interfaces/cmake/ublox_ubx_interfaces__rosidl_typesupport_introspection_cExport.cmake
-- Installing: /home/dev/ORobotics/localization_ws/install/ublox_ubx_interfaces/share/ublox_ubx_interfaces/cmake/ublox_ubx_interfaces__rosidl_typesupport_introspection_cExport-noconfig.cmake
-- Installing: /home/dev/ORobotics/localization_ws/install/ublox_ubx_interfaces/share/ublox_ubx_interfaces/cmake/ublox_ubx_interfaces__rosidl_typesupport_cExport.cmake
-- Installing: /home/dev/ORobotics/localization_ws/install/ublox_ubx_interfaces/share/ublox_ubx_interfaces/cmake/ublox_ubx_interfaces__rosidl_typesupport_cExport-noconfig.cmake
-- Installing: /home/dev/ORobotics/localization_ws/install/ublox_ubx_interfaces/share/ublox_ubx_interfaces/cmake/export_ublox_ubx_interfaces__rosidl_generator_cppExport.cmake
-- Installing: /home/dev/ORobotics/localization_ws/install/ublox_ubx_interfaces/share/ublox_ubx_interfaces/cmake/export_ublox_ubx_interfaces__rosidl_typesupport_fastrtps_cppExport.cmake
-- Installing: /home/dev/ORobotics/localization_ws/install/ublox_ubx_interfaces/share/ublox_ubx_interfaces/cmake/export_ublox_ubx_interfaces__rosidl_typesupport_fastrtps_cppExport-noconfig.cmake
-- Installing: /home/dev/ORobotics/localization_ws/install/ublox_ubx_interfaces/share/ublox_ubx_interfaces/cmake/ublox_ubx_interfaces__rosidl_typesupport_introspection_cppExport.cmake
-- Installing: /home/dev/ORobotics/localization_ws/install/ublox_ubx_interfaces/share/ublox_ubx_interfaces/cmake/ublox_ubx_interfaces__rosidl_typesupport_introspection_cppExport-noconfig.cmake
-- Installing: /home/dev/ORobotics/localization_ws/install/ublox_ubx_interfaces/share/ublox_ubx_interfaces/cmake/ublox_ubx_interfaces__rosidl_typesupport_cppExport.cmake
-- Installing: /home/dev/ORobotics/localization_ws/install/ublox_ubx_interfaces/share/ublox_ubx_interfaces/cmake/ublox_ubx_interfaces__rosidl_typesupport_cppExport-noconfig.cmake
-- Installing: /home/dev/ORobotics/localization_ws/install/ublox_ubx_interfaces/share/ublox_ubx_interfaces/cmake/export_ublox_ubx_interfaces__rosidl_generator_pyExport.cmake
-- Installing: /home/dev/ORobotics/localization_ws/install/ublox_ubx_interfaces/share/ublox_ubx_interfaces/cmake/export_ublox_ubx_interfaces__rosidl_generator_pyExport-noconfig.cmake
-- Installing: /home/dev/ORobotics/localization_ws/install/ublox_ubx_interfaces/share/ublox_ubx_interfaces/cmake/rosidl_cmake-extras.cmake
-- Installing: /home/dev/ORobotics/localization_ws/install/ublox_ubx_interfaces/share/ublox_ubx_interfaces/cmake/ament_cmake_export_include_directories-extras.cmake
-- Installing: /home/dev/ORobotics/localization_ws/install/ublox_ubx_interfaces/share/ublox_ubx_interfaces/cmake/ament_cmake_export_libraries-extras.cmake
-- Installing: /home/dev/ORobotics/localization_ws/install/ublox_ubx_interfaces/share/ublox_ubx_interfaces/cmake/ament_cmake_export_targets-extras.cmake
-- Installing: /home/dev/ORobotics/localization_ws/install/ublox_ubx_interfaces/share/ublox_ubx_interfaces/cmake/rosidl_cmake_export_typesupport_targets-extras.cmake
-- Installing: /home/dev/ORobotics/localization_ws/install/ublox_ubx_interfaces/share/ublox_ubx_interfaces/cmake/ament_cmake_export_dependencies-extras.cmake
-- Installing: /home/dev/ORobotics/localization_ws/install/ublox_ubx_interfaces/share/ublox_ubx_interfaces/cmake/rosidl_cmake_export_typesupport_libraries-extras.cmake
-- Installing: /home/dev/ORobotics/localization_ws/install/ublox_ubx_interfaces/share/ublox_ubx_interfaces/cmake/ublox_ubx_interfacesConfig.cmake
-- Installing: /home/dev/ORobotics/localization_ws/install/ublox_ubx_interfaces/share/ublox_ubx_interfaces/cmake/ublox_ubx_interfacesConfig-version.cmake
-- Installing: /home/dev/ORobotics/localization_ws/install/ublox_ubx_interfaces/share/ublox_ubx_interfaces/package.xml
