[1.970s] Invoking command in '/home/dev/ORobotics/localization_ws/build/ublox_nav_sat_fix_hp_node': AMENT_PREFIX_PATH=/home/dev/ORobotics/localization_ws/install/ublox_ubx_msgs:/home/dev/ORobotics/localization_ws/install/ublox_ubx_interfaces:${AMENT_PREFIX_PATH} CMAKE_PREFIX_PATH=/home/dev/ORobotics/localization_ws/install/ublox_ubx_msgs:/home/dev/ORobotics/localization_ws/install/ublox_ubx_interfaces:/home/dev/ORobotics/localization_ws/install/bag_recorder:/opt/ros/humble LD_LIBRARY_PATH=/home/dev/ORobotics/localization_ws/install/ublox_ubx_msgs/lib:/home/dev/ORobotics/localization_ws/install/ublox_ubx_interfaces/lib:${LD_LIBRARY_PATH} PYTHONPATH=/home/dev/ORobotics/localization_ws/install/ublox_ubx_msgs/local/lib/python3.10/dist-packages:/home/dev/ORobotics/localization_ws/install/ublox_ubx_interfaces/local/lib/python3.10/dist-packages:${PYTHONPATH} /usr/bin/cmake /home/dev/ORobotics/localization_ws/src/ublox_dgnss/ublox_nav_sat_fix_hp_node -DCMAKE_INSTALL_PREFIX=/home/dev/ORobotics/localization_ws/install/ublox_nav_sat_fix_hp_node
[2.641s] -- The C compiler identification is GNU 11.4.0
[3.283s] -- The CXX compiler identification is GNU 11.4.0
[3.395s] -- Detecting C compiler ABI info
[4.239s] -- Detecting C compiler ABI info - done
[4.292s] -- Check for working C compiler: /usr/bin/cc - skipped
[4.293s] -- Detecting C compile features
[4.293s] -- Detecting C compile features - done
[4.312s] -- Detecting CXX compiler ABI info
[5.588s] -- Detecting CXX compiler ABI info - done
[5.696s] -- Check for working CXX compiler: /usr/bin/c++ - skipped
[5.698s] -- Detecting CXX compile features
[5.704s] -- Detecting CXX compile features - done
[5.774s] -- Found ament_cmake: 1.3.11 (/opt/ros/humble/share/ament_cmake/cmake)
[7.752s] -- Found Python3: /usr/bin/python3 (found version "3.10.12") found components: Interpreter 
[9.381s] -- Found rclcpp: 16.0.12 (/opt/ros/humble/share/rclcpp/cmake)
[9.870s] -- Found rosidl_generator_c: 3.1.6 (/opt/ros/humble/share/rosidl_generator_c/cmake)
[9.991s] -- Found rosidl_adapter: 3.1.6 (/opt/ros/humble/share/rosidl_adapter/cmake)
[10.105s] -- Found rosidl_generator_cpp: 3.1.6 (/opt/ros/humble/share/rosidl_generator_cpp/cmake)
[10.304s] -- Using all available rosidl_typesupport_c: rosidl_typesupport_fastrtps_c;rosidl_typesupport_introspection_c
[10.529s] -- Using all available rosidl_typesupport_cpp: rosidl_typesupport_fastrtps_cpp;rosidl_typesupport_introspection_cpp
[11.330s] -- Found rmw_implementation_cmake: 6.1.2 (/opt/ros/humble/share/rmw_implementation_cmake/cmake)
[11.376s] -- Found rmw_fastrtps_cpp: 6.2.7 (/opt/ros/humble/share/rmw_fastrtps_cpp/cmake)
[12.110s] -- Found OpenSSL: /usr/lib/aarch64-linux-gnu/libcrypto.so (found version "3.0.2")  
[12.284s] -- Found FastRTPS: /opt/ros/humble/include  
[12.583s] -- Using RMW implementation 'rmw_fastrtps_cpp' as default
[12.679s] -- Looking for pthread.h
[13.270s] -- Looking for pthread.h - found
[13.271s] -- Performing Test CMAKE_HAVE_LIBC_PTHREAD
[13.883s] -- Performing Test CMAKE_HAVE_LIBC_PTHREAD - Success
[13.897s] -- Found Threads: TRUE  
[14.419s] -- Found rclcpp_components: 16.0.12 (/opt/ros/humble/share/rclcpp_components/cmake)
[14.744s] -- Found sensor_msgs: 4.8.0 (/opt/ros/humble/share/sensor_msgs/cmake)
[15.287s] -- Found ublox_ubx_msgs: 0.5.3 (/home/dev/ORobotics/localization_ws/install/ublox_ubx_msgs/share/ublox_ubx_msgs/cmake)
[15.494s] -- Found ublox_ubx_interfaces: 0.5.3 (/home/dev/ORobotics/localization_ws/install/ublox_ubx_interfaces/share/ublox_ubx_interfaces/cmake)
[15.662s] -- Found ament_lint_auto: 0.12.12 (/opt/ros/humble/share/ament_lint_auto/cmake)
[16.663s] -- Added test 'copyright' to check source files copyright and LICENSE
[16.683s] -- Added test 'cppcheck' to perform static code analysis on C / C++ code
[16.689s] -- Configured cppcheck include dirs: /home/dev/ORobotics/localization_ws/src/ublox_dgnss/ublox_nav_sat_fix_hp_node/include
[16.689s] -- Configured cppcheck exclude dirs and/or files: 
[16.711s] -- Added test 'cpplint' to check C / C++ code against the Google style
[16.712s] -- Configured cpplint exclude dirs and/or files: 
[16.726s] -- Added test 'lint_cmake' to check CMake code style
[16.744s] -- Added test 'uncrustify' to check C / C++ code style
[16.745s] -- Configured uncrustify additional arguments: 
[16.755s] -- Added test 'xmllint' to check XML markup files
[16.797s] -- Configuring done
[17.090s] -- Generating done
[17.190s] -- Build files have been written to: /home/dev/ORobotics/localization_ws/build/ublox_nav_sat_fix_hp_node
[17.312s] Invoked command in '/home/dev/ORobotics/localization_ws/build/ublox_nav_sat_fix_hp_node' returned '0': AMENT_PREFIX_PATH=/home/dev/ORobotics/localization_ws/install/ublox_ubx_msgs:/home/dev/ORobotics/localization_ws/install/ublox_ubx_interfaces:${AMENT_PREFIX_PATH} CMAKE_PREFIX_PATH=/home/dev/ORobotics/localization_ws/install/ublox_ubx_msgs:/home/dev/ORobotics/localization_ws/install/ublox_ubx_interfaces:/home/dev/ORobotics/localization_ws/install/bag_recorder:/opt/ros/humble LD_LIBRARY_PATH=/home/dev/ORobotics/localization_ws/install/ublox_ubx_msgs/lib:/home/dev/ORobotics/localization_ws/install/ublox_ubx_interfaces/lib:${LD_LIBRARY_PATH} PYTHONPATH=/home/dev/ORobotics/localization_ws/install/ublox_ubx_msgs/local/lib/python3.10/dist-packages:/home/dev/ORobotics/localization_ws/install/ublox_ubx_interfaces/local/lib/python3.10/dist-packages:${PYTHONPATH} /usr/bin/cmake /home/dev/ORobotics/localization_ws/src/ublox_dgnss/ublox_nav_sat_fix_hp_node -DCMAKE_INSTALL_PREFIX=/home/dev/ORobotics/localization_ws/install/ublox_nav_sat_fix_hp_node
[17.317s] Invoking command in '/home/dev/ORobotics/localization_ws/build/ublox_nav_sat_fix_hp_node': AMENT_PREFIX_PATH=/home/dev/ORobotics/localization_ws/install/ublox_ubx_msgs:/home/dev/ORobotics/localization_ws/install/ublox_ubx_interfaces:${AMENT_PREFIX_PATH} CMAKE_PREFIX_PATH=/home/dev/ORobotics/localization_ws/install/ublox_ubx_msgs:/home/dev/ORobotics/localization_ws/install/ublox_ubx_interfaces:/home/dev/ORobotics/localization_ws/install/bag_recorder:/opt/ros/humble LD_LIBRARY_PATH=/home/dev/ORobotics/localization_ws/install/ublox_ubx_msgs/lib:/home/dev/ORobotics/localization_ws/install/ublox_ubx_interfaces/lib:${LD_LIBRARY_PATH} PYTHONPATH=/home/dev/ORobotics/localization_ws/install/ublox_ubx_msgs/local/lib/python3.10/dist-packages:/home/dev/ORobotics/localization_ws/install/ublox_ubx_interfaces/local/lib/python3.10/dist-packages:${PYTHONPATH} /usr/bin/cmake --build /home/dev/ORobotics/localization_ws/build/ublox_nav_sat_fix_hp_node -- -j4 -l4
[17.708s] [ 25%] [32mBuilding CXX object CMakeFiles/ublox_nav_sat_fix_hp_components.dir/src/ublox_nav_sat_fix_hp_node.cpp.o[0m
[17.773s] [ 50%] [32mBuilding CXX object CMakeFiles/ublox_nav_sat_fix_hp.dir/rclcpp_components/node_main_ublox_nav_sat_fix_hp.cpp.o[0m
[82.003s] [ 75%] [32m[1mLinking CXX executable ublox_nav_sat_fix_hp[0m
[85.593s] [ 75%] Built target ublox_nav_sat_fix_hp
[199.073s] [100%] [32m[1mLinking CXX shared library libublox_nav_sat_fix_hp_components.so[0m
[207.590s] [100%] Built target ublox_nav_sat_fix_hp_components
[207.681s] Invoked command in '/home/dev/ORobotics/localization_ws/build/ublox_nav_sat_fix_hp_node' returned '0': AMENT_PREFIX_PATH=/home/dev/ORobotics/localization_ws/install/ublox_ubx_msgs:/home/dev/ORobotics/localization_ws/install/ublox_ubx_interfaces:${AMENT_PREFIX_PATH} CMAKE_PREFIX_PATH=/home/dev/ORobotics/localization_ws/install/ublox_ubx_msgs:/home/dev/ORobotics/localization_ws/install/ublox_ubx_interfaces:/home/dev/ORobotics/localization_ws/install/bag_recorder:/opt/ros/humble LD_LIBRARY_PATH=/home/dev/ORobotics/localization_ws/install/ublox_ubx_msgs/lib:/home/dev/ORobotics/localization_ws/install/ublox_ubx_interfaces/lib:${LD_LIBRARY_PATH} PYTHONPATH=/home/dev/ORobotics/localization_ws/install/ublox_ubx_msgs/local/lib/python3.10/dist-packages:/home/dev/ORobotics/localization_ws/install/ublox_ubx_interfaces/local/lib/python3.10/dist-packages:${PYTHONPATH} /usr/bin/cmake --build /home/dev/ORobotics/localization_ws/build/ublox_nav_sat_fix_hp_node -- -j4 -l4
[207.691s] Invoking command in '/home/dev/ORobotics/localization_ws/build/ublox_nav_sat_fix_hp_node': AMENT_PREFIX_PATH=/home/dev/ORobotics/localization_ws/install/ublox_ubx_msgs:/home/dev/ORobotics/localization_ws/install/ublox_ubx_interfaces:${AMENT_PREFIX_PATH} CMAKE_PREFIX_PATH=/home/dev/ORobotics/localization_ws/install/ublox_ubx_msgs:/home/dev/ORobotics/localization_ws/install/ublox_ubx_interfaces:/home/dev/ORobotics/localization_ws/install/bag_recorder:/opt/ros/humble LD_LIBRARY_PATH=/home/dev/ORobotics/localization_ws/install/ublox_ubx_msgs/lib:/home/dev/ORobotics/localization_ws/install/ublox_ubx_interfaces/lib:${LD_LIBRARY_PATH} PYTHONPATH=/home/dev/ORobotics/localization_ws/install/ublox_ubx_msgs/local/lib/python3.10/dist-packages:/home/dev/ORobotics/localization_ws/install/ublox_ubx_interfaces/local/lib/python3.10/dist-packages:${PYTHONPATH} /usr/bin/cmake --install /home/dev/ORobotics/localization_ws/build/ublox_nav_sat_fix_hp_node
[207.768s] -- Install configuration: ""
[207.778s] -- Installing: /home/dev/ORobotics/localization_ws/install/ublox_nav_sat_fix_hp_node/lib/ublox_nav_sat_fix_hp_node/ublox_nav_sat_fix_hp
[207.823s] -- Set runtime path of "/home/dev/ORobotics/localization_ws/install/ublox_nav_sat_fix_hp_node/lib/ublox_nav_sat_fix_hp_node/ublox_nav_sat_fix_hp" to ""
[207.832s] -- Installing: /home/dev/ORobotics/localization_ws/install/ublox_nav_sat_fix_hp_node/lib/libublox_nav_sat_fix_hp_components.so
[208.329s] -- Set runtime path of "/home/dev/ORobotics/localization_ws/install/ublox_nav_sat_fix_hp_node/lib/libublox_nav_sat_fix_hp_components.so" to ""
[208.337s] -- Installing: /home/dev/ORobotics/localization_ws/install/ublox_nav_sat_fix_hp_node/share/ament_index/resource_index/package_run_dependencies/ublox_nav_sat_fix_hp_node
[208.350s] -- Installing: /home/dev/ORobotics/localization_ws/install/ublox_nav_sat_fix_hp_node/share/ament_index/resource_index/parent_prefix_path/ublox_nav_sat_fix_hp_node
[208.356s] -- Installing: /home/dev/ORobotics/localization_ws/install/ublox_nav_sat_fix_hp_node/share/ublox_nav_sat_fix_hp_node/environment/ament_prefix_path.sh
[208.361s] -- Installing: /home/dev/ORobotics/localization_ws/install/ublox_nav_sat_fix_hp_node/share/ublox_nav_sat_fix_hp_node/environment/ament_prefix_path.dsv
[208.364s] -- Installing: /home/dev/ORobotics/localization_ws/install/ublox_nav_sat_fix_hp_node/share/ublox_nav_sat_fix_hp_node/environment/path.sh
[208.368s] -- Installing: /home/dev/ORobotics/localization_ws/install/ublox_nav_sat_fix_hp_node/share/ublox_nav_sat_fix_hp_node/environment/path.dsv
[208.375s] -- Installing: /home/dev/ORobotics/localization_ws/install/ublox_nav_sat_fix_hp_node/share/ublox_nav_sat_fix_hp_node/local_setup.bash
[208.384s] -- Installing: /home/dev/ORobotics/localization_ws/install/ublox_nav_sat_fix_hp_node/share/ublox_nav_sat_fix_hp_node/local_setup.sh
[208.387s] -- Installing: /home/dev/ORobotics/localization_ws/install/ublox_nav_sat_fix_hp_node/share/ublox_nav_sat_fix_hp_node/local_setup.zsh
[208.389s] -- Installing: /home/dev/ORobotics/localization_ws/install/ublox_nav_sat_fix_hp_node/share/ublox_nav_sat_fix_hp_node/local_setup.dsv
[208.391s] -- Installing: /home/dev/ORobotics/localization_ws/install/ublox_nav_sat_fix_hp_node/share/ublox_nav_sat_fix_hp_node/package.dsv
[208.394s] -- Installing: /home/dev/ORobotics/localization_ws/install/ublox_nav_sat_fix_hp_node/share/ament_index/resource_index/packages/ublox_nav_sat_fix_hp_node
[208.398s] -- Installing: /home/dev/ORobotics/localization_ws/install/ublox_nav_sat_fix_hp_node/share/ament_index/resource_index/rclcpp_components/ublox_nav_sat_fix_hp_node
[208.401s] -- Installing: /home/dev/ORobotics/localization_ws/install/ublox_nav_sat_fix_hp_node/share/ublox_nav_sat_fix_hp_node/cmake/ublox_nav_sat_fix_hp_nodeConfig.cmake
[208.408s] -- Installing: /home/dev/ORobotics/localization_ws/install/ublox_nav_sat_fix_hp_node/share/ublox_nav_sat_fix_hp_node/cmake/ublox_nav_sat_fix_hp_nodeConfig-version.cmake
[208.411s] -- Installing: /home/dev/ORobotics/localization_ws/install/ublox_nav_sat_fix_hp_node/share/ublox_nav_sat_fix_hp_node/package.xml
[208.438s] Invoked command in '/home/dev/ORobotics/localization_ws/build/ublox_nav_sat_fix_hp_node' returned '0': AMENT_PREFIX_PATH=/home/dev/ORobotics/localization_ws/install/ublox_ubx_msgs:/home/dev/ORobotics/localization_ws/install/ublox_ubx_interfaces:${AMENT_PREFIX_PATH} CMAKE_PREFIX_PATH=/home/dev/ORobotics/localization_ws/install/ublox_ubx_msgs:/home/dev/ORobotics/localization_ws/install/ublox_ubx_interfaces:/home/dev/ORobotics/localization_ws/install/bag_recorder:/opt/ros/humble LD_LIBRARY_PATH=/home/dev/ORobotics/localization_ws/install/ublox_ubx_msgs/lib:/home/dev/ORobotics/localization_ws/install/ublox_ubx_interfaces/lib:${LD_LIBRARY_PATH} PYTHONPATH=/home/dev/ORobotics/localization_ws/install/ublox_ubx_msgs/local/lib/python3.10/dist-packages:/home/dev/ORobotics/localization_ws/install/ublox_ubx_interfaces/local/lib/python3.10/dist-packages:${PYTHONPATH} /usr/bin/cmake --install /home/dev/ORobotics/localization_ws/build/ublox_nav_sat_fix_hp_node
