running egg_info
creating ../../build/bag_recorder/bag_recorder.egg-info
writing ../../build/bag_recorder/bag_recorder.egg-info/PKG-INFO
writing dependency_links to ../../build/bag_recorder/bag_recorder.egg-info/dependency_links.txt
writing entry points to ../../build/bag_recorder/bag_recorder.egg-info/entry_points.txt
writing requirements to ../../build/bag_recorder/bag_recorder.egg-info/requires.txt
writing top-level names to ../../build/bag_recorder/bag_recorder.egg-info/top_level.txt
writing manifest file '../../build/bag_recorder/bag_recorder.egg-info/SOURCES.txt'
reading manifest file '../../build/bag_recorder/bag_recorder.egg-info/SOURCES.txt'
writing manifest file '../../build/bag_recorder/bag_recorder.egg-info/SOURCES.txt'
running build
running build_py
creating /home/dev/ORobotics/localization_ws/build/bag_recorder/build
creating /home/dev/ORobotics/localization_ws/build/bag_recorder/build/lib
creating /home/dev/ORobotics/localization_ws/build/bag_recorder/build/lib/bag_recorder
copying bag_recorder/__init__.py -> /home/dev/ORobotics/localization_ws/build/bag_recorder/build/lib/bag_recorder
copying bag_recorder/bag_recorder.py -> /home/dev/ORobotics/localization_ws/build/bag_recorder/build/lib/bag_recorder
running install
running install_lib
creating /home/dev/ORobotics/localization_ws/install/bag_recorder/lib/python3.10/site-packages/bag_recorder
copying /home/dev/ORobotics/localization_ws/build/bag_recorder/build/lib/bag_recorder/__init__.py -> /home/dev/ORobotics/localization_ws/install/bag_recorder/lib/python3.10/site-packages/bag_recorder
copying /home/dev/ORobotics/localization_ws/build/bag_recorder/build/lib/bag_recorder/bag_recorder.py -> /home/dev/ORobotics/localization_ws/install/bag_recorder/lib/python3.10/site-packages/bag_recorder
byte-compiling /home/dev/ORobotics/localization_ws/install/bag_recorder/lib/python3.10/site-packages/bag_recorder/__init__.py to __init__.cpython-310.pyc
byte-compiling /home/dev/ORobotics/localization_ws/install/bag_recorder/lib/python3.10/site-packages/bag_recorder/bag_recorder.py to bag_recorder.cpython-310.pyc
running install_data
creating /home/dev/ORobotics/localization_ws/install/bag_recorder/share/ament_index
creating /home/dev/ORobotics/localization_ws/install/bag_recorder/share/ament_index/resource_index
creating /home/dev/ORobotics/localization_ws/install/bag_recorder/share/ament_index/resource_index/packages
copying resource/bag_recorder -> /home/dev/ORobotics/localization_ws/install/bag_recorder/share/ament_index/resource_index/packages
copying package.xml -> /home/dev/ORobotics/localization_ws/install/bag_recorder/share/bag_recorder
creating /home/dev/ORobotics/localization_ws/install/bag_recorder/share/bag_recorder/launch
copying launch/bag_record.launch.py -> /home/dev/ORobotics/localization_ws/install/bag_recorder/share/bag_recorder/launch
running install_egg_info
Copying ../../build/bag_recorder/bag_recorder.egg-info to /home/dev/ORobotics/localization_ws/install/bag_recorder/lib/python3.10/site-packages/bag_recorder-0.0.0-py3.10.egg-info
running install_scripts
Installing bag_recorder script to /home/dev/ORobotics/localization_ws/install/bag_recorder/lib/gnss_imu_bag_recorder
writing list of installed files to '/home/dev/ORobotics/localization_ws/build/bag_recorder/install.log'
