[6.647s] Invoking command in '/home/dev/ORobotics/localization_ws/src/bag_recorder': PYTHONPATH=/home/dev/ORobotics/localization_ws/build/bag_recorder/prefix_override:/usr/lib/python3/dist-packages/colcon_core/task/python/colcon_distutils_commands:/home/dev/ORobotics/localization_ws/install/bag_recorder/lib/python3.10/site-packages:${PYTHONPATH} /usr/bin/python3 -W ignore:setup.py install is deprecated -W ignore:easy_install command is deprecated setup.py egg_info --egg-base ../../build/bag_recorder build --build-base /home/dev/ORobotics/localization_ws/build/bag_recorder/build install --record /home/dev/ORobotics/localization_ws/build/bag_recorder/install.log --single-version-externally-managed install_data
[9.064s] running egg_info
[9.067s] creating ../../build/bag_recorder/bag_recorder.egg-info
[9.068s] writing ../../build/bag_recorder/bag_recorder.egg-info/PKG-INFO
[9.069s] writing dependency_links to ../../build/bag_recorder/bag_recorder.egg-info/dependency_links.txt
[9.071s] writing entry points to ../../build/bag_recorder/bag_recorder.egg-info/entry_points.txt
[9.071s] writing requirements to ../../build/bag_recorder/bag_recorder.egg-info/requires.txt
[9.072s] writing top-level names to ../../build/bag_recorder/bag_recorder.egg-info/top_level.txt
[9.073s] writing manifest file '../../build/bag_recorder/bag_recorder.egg-info/SOURCES.txt'
[9.083s] reading manifest file '../../build/bag_recorder/bag_recorder.egg-info/SOURCES.txt'
[9.088s] writing manifest file '../../build/bag_recorder/bag_recorder.egg-info/SOURCES.txt'
[9.089s] running build
[9.090s] running build_py
[9.091s] creating /home/dev/ORobotics/localization_ws/build/bag_recorder/build
[9.091s] creating /home/dev/ORobotics/localization_ws/build/bag_recorder/build/lib
[9.092s] creating /home/dev/ORobotics/localization_ws/build/bag_recorder/build/lib/bag_recorder
[9.093s] copying bag_recorder/__init__.py -> /home/dev/ORobotics/localization_ws/build/bag_recorder/build/lib/bag_recorder
[9.094s] copying bag_recorder/bag_recorder.py -> /home/dev/ORobotics/localization_ws/build/bag_recorder/build/lib/bag_recorder
[9.095s] running install
[9.095s] running install_lib
[9.099s] creating /home/dev/ORobotics/localization_ws/install/bag_recorder/lib/python3.10/site-packages/bag_recorder
[9.100s] copying /home/dev/ORobotics/localization_ws/build/bag_recorder/build/lib/bag_recorder/__init__.py -> /home/dev/ORobotics/localization_ws/install/bag_recorder/lib/python3.10/site-packages/bag_recorder
[9.100s] copying /home/dev/ORobotics/localization_ws/build/bag_recorder/build/lib/bag_recorder/bag_recorder.py -> /home/dev/ORobotics/localization_ws/install/bag_recorder/lib/python3.10/site-packages/bag_recorder
[9.103s] byte-compiling /home/dev/ORobotics/localization_ws/install/bag_recorder/lib/python3.10/site-packages/bag_recorder/__init__.py to __init__.cpython-310.pyc
[9.105s] byte-compiling /home/dev/ORobotics/localization_ws/install/bag_recorder/lib/python3.10/site-packages/bag_recorder/bag_recorder.py to bag_recorder.cpython-310.pyc
[9.112s] running install_data
[9.113s] creating /home/dev/ORobotics/localization_ws/install/bag_recorder/share/ament_index
[9.114s] creating /home/dev/ORobotics/localization_ws/install/bag_recorder/share/ament_index/resource_index
[9.115s] creating /home/dev/ORobotics/localization_ws/install/bag_recorder/share/ament_index/resource_index/packages
[9.116s] copying resource/bag_recorder -> /home/dev/ORobotics/localization_ws/install/bag_recorder/share/ament_index/resource_index/packages
[9.116s] copying package.xml -> /home/dev/ORobotics/localization_ws/install/bag_recorder/share/bag_recorder
[9.117s] creating /home/dev/ORobotics/localization_ws/install/bag_recorder/share/bag_recorder/launch
[9.117s] copying launch/bag_record.launch.py -> /home/dev/ORobotics/localization_ws/install/bag_recorder/share/bag_recorder/launch
[9.118s] running install_egg_info
[9.125s] Copying ../../build/bag_recorder/bag_recorder.egg-info to /home/dev/ORobotics/localization_ws/install/bag_recorder/lib/python3.10/site-packages/bag_recorder-0.0.0-py3.10.egg-info
[9.133s] running install_scripts
[9.247s] Installing bag_recorder script to /home/dev/ORobotics/localization_ws/install/bag_recorder/lib/gnss_imu_bag_recorder
[9.249s] writing list of installed files to '/home/dev/ORobotics/localization_ws/build/bag_recorder/install.log'
[9.410s] Invoked command in '/home/dev/ORobotics/localization_ws/src/bag_recorder' returned '0': PYTHONPATH=/home/dev/ORobotics/localization_ws/build/bag_recorder/prefix_override:/usr/lib/python3/dist-packages/colcon_core/task/python/colcon_distutils_commands:/home/dev/ORobotics/localization_ws/install/bag_recorder/lib/python3.10/site-packages:${PYTHONPATH} /usr/bin/python3 -W ignore:setup.py install is deprecated -W ignore:easy_install command is deprecated setup.py egg_info --egg-base ../../build/bag_recorder build --build-base /home/dev/ORobotics/localization_ws/build/bag_recorder/build install --record /home/dev/ORobotics/localization_ws/build/bag_recorder/install.log --single-version-externally-managed install_data
